# nnet-combine-fast --use-gpu=no --num-threads=16 --verbose=3 --minibatch-size=512 exp_FG/DNN_tri_8_2000_aligned_layer3_nodes256/14.mdl exp_FG/DNN_tri_8_2000_aligned_layer3_nodes256/15.mdl exp_FG/DNN_tri_8_2000_aligned_layer3_nodes256/16.mdl exp_FG/DNN_tri_8_2000_aligned_layer3_nodes256/17.mdl exp_FG/DNN_tri_8_2000_aligned_layer3_nodes256/18.mdl exp_FG/DNN_tri_8_2000_aligned_layer3_nodes256/19.mdl exp_FG/DNN_tri_8_2000_aligned_layer3_nodes256/20.mdl ark:exp_FG/DNN_tri_8_2000_aligned_layer3_nodes256/egs/combine.egs exp_FG/DNN_tri_8_2000_aligned_layer3_nodes256/final.mdl 
# Started at Sun Apr  1 16:41:56 CST 2018
#
nnet-combine-fast --use-gpu=no --num-threads=16 --verbose=3 --minibatch-size=512 exp_FG/DNN_tri_8_2000_aligned_layer3_nodes256/14.mdl exp_FG/DNN_tri_8_2000_aligned_layer3_nodes256/15.mdl exp_FG/DNN_tri_8_2000_aligned_layer3_nodes256/16.mdl exp_FG/DNN_tri_8_2000_aligned_layer3_nodes256/17.mdl exp_FG/DNN_tri_8_2000_aligned_layer3_nodes256/18.mdl exp_FG/DNN_tri_8_2000_aligned_layer3_nodes256/19.mdl exp_FG/DNN_tri_8_2000_aligned_layer3_nodes256/20.mdl ark:exp_FG/DNN_tri_8_2000_aligned_layer3_nodes256/egs/combine.egs exp_FG/DNN_tri_8_2000_aligned_layer3_nodes256/final.mdl 
LOG (nnet-combine-fast[5.3.76~1-26df3]:main():nnet-combine-fast.cc:108) Read 10000 examples from the validation set.
VLOG[3] (nnet-combine-fast[5.3.76~1-26df3]:Propagate():nnet-update.cc:114) Stddev of data for component 0 for this minibatch is 257.843
VLOG[3] (nnet-combine-fast[5.3.76~1-26df3]:Propagate():nnet-update.cc:114) Stddev of data for component 0 for this minibatch is 264.011
VLOG[3] (nnet-combine-fast[5.3.76~1-26df3]:Propagate():nnet-update.cc:114) Stddev of data for component 1 for this minibatch is 257.843
VLOG[3] (nnet-combine-fast[5.3.76~1-26df3]:Propagate():nnet-update.cc:114) Stddev of data for component 1 for this minibatch is 264.011
VLOG[3] (nnet-combine-fast[5.3.76~1-26df3]:Propagate():nnet-update.cc:114) Stddev of data for component 0 for this minibatch is 260.63
VLOG[3] (nnet-combine-fast[5.3.76~1-26df3]:Propagate():nnet-update.cc:114) Stddev of data for component 2 for this minibatch is 1.02131
VLOG[3] (nnet-combine-fast[5.3.76~1-26df3]:Propagate():nnet-update.cc:114) Stddev of data for component 1 for this minibatch is 260.63
VLOG[3] (nnet-combine-fast[5.3.76~1-26df3]:Propagate():nnet-update.cc:114) Stddev of data for component 2 for this minibatch is 1.03056
VLOG[3] (nnet-combine-fast[5.3.76~1-26df3]:Propagate():nnet-update.cc:114) Stddev of data for component 3 for this minibatch is 2.42527
VLOG[3] (nnet-combine-fast[5.3.76~1-26df3]:Propagate():nnet-update.cc:114) Stddev of data for component 4 for this minibatch is 0.56164
VLOG[3] (nnet-combine-fast[5.3.76~1-26df3]:Propagate():nnet-update.cc:114) Stddev of data for component 0 for this minibatch is 259.982
VLOG[3] (nnet-combine-fast[5.3.76~1-26df3]:Propagate():nnet-update.cc:114) Stddev of data for component 1 for this minibatch is 259.982
VLOG[3] (nnet-combine-fast[5.3.76~1-26df3]:Propagate():nnet-update.cc:114) Stddev of data for component 5 for this minibatch is 7.10453
VLOG[3] (nnet-combine-fast[5.3.76~1-26df3]:Propagate():nnet-update.cc:114) Stddev of data for component 2 for this minibatch is 1.02393
VLOG[3] (nnet-combine-fast[5.3.76~1-26df3]:Propagate():nnet-update.cc:114) Stddev of data for component 2 for this minibatch is 1.02962
VLOG[3] (nnet-combine-fast[5.3.76~1-26df3]:Propagate():nnet-update.cc:114) Stddev of data for component 0 for this minibatch is 259.595
VLOG[3] (nnet-combine-fast[5.3.76~1-26df3]:Propagate():nnet-update.cc:114) Stddev of data for component 1 for this minibatch is 259.596
VLOG[3] (nnet-combine-fast[5.3.76~1-26df3]:Propagate():nnet-update.cc:114) Stddev of data for component 3 for this minibatch is 2.45648
VLOG[3] (nnet-combine-fast[5.3.76~1-26df3]:Propagate():nnet-update.cc:114) Stddev of data for component 2 for this minibatch is 1.01539
VLOG[3] (nnet-combine-fast[5.3.76~1-26df3]:Propagate():nnet-update.cc:114) Stddev of data for component 0 for this minibatch is 260.778
VLOG[3] (nnet-combine-fast[5.3.76~1-26df3]:Propagate():nnet-update.cc:114) Stddev of data for component 3 for this minibatch is 2.43502
VLOG[3] (nnet-combine-fast[5.3.76~1-26df3]:Propagate():nnet-update.cc:114) Stddev of data for component 1 for this minibatch is 260.778
VLOG[3] (nnet-combine-fast[5.3.76~1-26df3]:Propagate():nnet-update.cc:114) Stddev of data for component 0 for this minibatch is 267.163
VLOG[3] (nnet-combine-fast[5.3.76~1-26df3]:Propagate():nnet-update.cc:114) Stddev of data for component 3 for this minibatch is 2.46051
VLOG[3] (nnet-combine-fast[5.3.76~1-26df3]:Propagate():nnet-update.cc:114) Stddev of data for component 1 for this minibatch is 267.163
VLOG[3] (nnet-combine-fast[5.3.76~1-26df3]:Propagate():nnet-update.cc:114) Stddev of data for component 6 for this minibatch is 0.732759
VLOG[3] (nnet-combine-fast[5.3.76~1-26df3]:Propagate():nnet-update.cc:114) Stddev of data for component 4 for this minibatch is 0.560461
VLOG[3] (nnet-combine-fast[5.3.76~1-26df3]:Propagate():nnet-update.cc:114) Stddev of data for component 4 for this minibatch is 0.563613
VLOG[3] (nnet-combine-fast[5.3.76~1-26df3]:Propagate():nnet-update.cc:114) Stddev of data for component 3 for this minibatch is 2.39584
VLOG[3] (nnet-combine-fast[5.3.76~1-26df3]:Propagate():nnet-update.cc:114) Stddev of data for component 4 for this minibatch is 0.563806
VLOG[3] (nnet-combine-fast[5.3.76~1-26df3]:Propagate():nnet-update.cc:114) Stddev of data for component 2 for this minibatch is 1.00189
VLOG[3] (nnet-combine-fast[5.3.76~1-26df3]:Propagate():nnet-update.cc:114) Stddev of data for component 2 for this minibatch is 1.02926
VLOG[3] (nnet-combine-fast[5.3.76~1-26df3]:Propagate():nnet-update.cc:114) Stddev of data for component 0 for this minibatch is 263.665
VLOG[3] (nnet-combine-fast[5.3.76~1-26df3]:Propagate():nnet-update.cc:114) Stddev of data for component 1 for this minibatch is 263.664
VLOG[3] (nnet-combine-fast[5.3.76~1-26df3]:Propagate():nnet-update.cc:114) Stddev of data for component 0 for this minibatch is 251.41
VLOG[3] (nnet-combine-fast[5.3.76~1-26df3]:Propagate():nnet-update.cc:114) Stddev of data for component 1 for this minibatch is 251.41
VLOG[3] (nnet-combine-fast[5.3.76~1-26df3]:Propagate():nnet-update.cc:114) Stddev of data for component 0 for this minibatch is 266.695
VLOG[3] (nnet-combine-fast[5.3.76~1-26df3]:Propagate():nnet-update.cc:114) Stddev of data for component 1 for this minibatch is 266.695
VLOG[3] (nnet-combine-fast[5.3.76~1-26df3]:Propagate():nnet-update.cc:114) Stddev of data for component 0 for this minibatch is 255.47
VLOG[3] (nnet-combine-fast[5.3.76~1-26df3]:Propagate():nnet-update.cc:114) Stddev of data for component 0 for this minibatch is 262.877
VLOG[3] (nnet-combine-fast[5.3.76~1-26df3]:Propagate():nnet-update.cc:114) Stddev of data for component 1 for this minibatch is 262.877
VLOG[3] (nnet-combine-fast[5.3.76~1-26df3]:Propagate():nnet-update.cc:114) Stddev of data for component 5 for this minibatch is 7.07243
VLOG[3] (nnet-combine-fast[5.3.76~1-26df3]:Propagate():nnet-update.cc:114) Stddev of data for component 5 for this minibatch is 7.22701
VLOG[3] (nnet-combine-fast[5.3.76~1-26df3]:Propagate():nnet-update.cc:114) Stddev of data for component 0 for this minibatch is 252.43
VLOG[3] (nnet-combine-fast[5.3.76~1-26df3]:Propagate():nnet-update.cc:114) Stddev of data for component 1 for this minibatch is 255.47
VLOG[3] (nnet-combine-fast[5.3.76~1-26df3]:Propagate():nnet-update.cc:114) Stddev of data for component 0 for this minibatch is 263.943
VLOG[3] (nnet-combine-fast[5.3.76~1-26df3]:Propagate():nnet-update.cc:114) Stddev of data for component 5 for this minibatch is 7.21502
VLOG[3] (nnet-combine-fast[5.3.76~1-26df3]:Propagate():nnet-update.cc:114) Stddev of data for component 0 for this minibatch is 259.86
VLOG[3] (nnet-combine-fast[5.3.76~1-26df3]:Propagate():nnet-update.cc:114) Stddev of data for component 7 for this minibatch is 19.7599
VLOG[3] (nnet-combine-fast[5.3.76~1-26df3]:Propagate():nnet-update.cc:114) Stddev of data for component 3 for this minibatch is 2.46211
VLOG[3] (nnet-combine-fast[5.3.76~1-26df3]:Propagate():nnet-update.cc:114) Stddev of data for component 4 for this minibatch is 0.559505
VLOG[3] (nnet-combine-fast[5.3.76~1-26df3]:Propagate():nnet-update.cc:114) Stddev of data for component 0 for this minibatch is 261.176
VLOG[3] (nnet-combine-fast[5.3.76~1-26df3]:Propagate():nnet-update.cc:114) Stddev of data for component 3 for this minibatch is 2.40668
VLOG[3] (nnet-combine-fast[5.3.76~1-26df3]:Propagate():nnet-update.cc:114) Stddev of data for component 1 for this minibatch is 252.43
VLOG[3] (nnet-combine-fast[5.3.76~1-26df3]:Propagate():nnet-update.cc:114) Stddev of data for component 1 for this minibatch is 263.943
VLOG[3] (nnet-combine-fast[5.3.76~1-26df3]:Propagate():nnet-update.cc:114) Stddev of data for component 1 for this minibatch is 259.86
VLOG[3] (nnet-combine-fast[5.3.76~1-26df3]:Propagate():nnet-update.cc:114) Stddev of data for component 1 for this minibatch is 261.177
VLOG[3] (nnet-combine-fast[5.3.76~1-26df3]:Propagate():nnet-update.cc:114) Stddev of data for component 2 for this minibatch is 1.00028
VLOG[3] (nnet-combine-fast[5.3.76~1-26df3]:Propagate():nnet-update.cc:114) Stddev of data for component 2 for this minibatch is 1.01503
VLOG[3] (nnet-combine-fast[5.3.76~1-26df3]:Propagate():nnet-update.cc:114) Stddev of data for component 3 for this minibatch is 2.39339
VLOG[3] (nnet-combine-fast[5.3.76~1-26df3]:Propagate():nnet-update.cc:114) Stddev of data for component 2 for this minibatch is 1.02005
VLOG[3] (nnet-combine-fast[5.3.76~1-26df3]:Propagate():nnet-update.cc:114) Stddev of data for component 4 for this minibatch is 0.563023
VLOG[3] (nnet-combine-fast[5.3.76~1-26df3]:Propagate():nnet-update.cc:114) Stddev of data for component 6 for this minibatch is 0.732749
VLOG[3] (nnet-combine-fast[5.3.76~1-26df3]:Propagate():nnet-update.cc:114) Stddev of data for component 2 for this minibatch is 1.03358
VLOG[3] (nnet-combine-fast[5.3.76~1-26df3]:Propagate():nnet-update.cc:114) Stddev of data for component 6 for this minibatch is 0.735279
VLOG[3] (nnet-combine-fast[5.3.76~1-26df3]:Propagate():nnet-update.cc:114) Stddev of data for component 2 for this minibatch is 1.03524
VLOG[3] (nnet-combine-fast[5.3.76~1-26df3]:Propagate():nnet-update.cc:114) Stddev of data for component 3 for this minibatch is 2.42308
VLOG[3] (nnet-combine-fast[5.3.76~1-26df3]:Propagate():nnet-update.cc:114) Stddev of data for component 6 for this minibatch is 0.736246
VLOG[3] (nnet-combine-fast[5.3.76~1-26df3]:Propagate():nnet-update.cc:114) Stddev of data for component 2 for this minibatch is 1.05182
VLOG[3] (nnet-combine-fast[5.3.76~1-26df3]:Propagate():nnet-update.cc:114) Stddev of data for component 2 for this minibatch is 0.982013
VLOG[3] (nnet-combine-fast[5.3.76~1-26df3]:Propagate():nnet-update.cc:114) Stddev of data for component 2 for this minibatch is 1.03891
VLOG[3] (nnet-combine-fast[5.3.76~1-26df3]:Propagate():nnet-update.cc:114) Stddev of data for component 2 for this minibatch is 1.01176
VLOG[3] (nnet-combine-fast[5.3.76~1-26df3]:Propagate():nnet-update.cc:114) Stddev of data for component 7 for this minibatch is 20.0192
VLOG[3] (nnet-combine-fast[5.3.76~1-26df3]:Propagate():nnet-update.cc:114) Stddev of data for component 4 for this minibatch is 0.559012
VLOG[3] (nnet-combine-fast[5.3.76~1-26df3]:Propagate():nnet-update.cc:114) Stddev of data for component 7 for this minibatch is 20.0005
VLOG[3] (nnet-combine-fast[5.3.76~1-26df3]:Propagate():nnet-update.cc:114) Stddev of data for component 4 for this minibatch is 0.558839
VLOG[3] (nnet-combine-fast[5.3.76~1-26df3]:Propagate():nnet-update.cc:114) Stddev of data for component 5 for this minibatch is 7.03131
VLOG[3] (nnet-combine-fast[5.3.76~1-26df3]:Propagate():nnet-update.cc:114) Stddev of data for component 3 for this minibatch is 2.3967
VLOG[3] (nnet-combine-fast[5.3.76~1-26df3]:Propagate():nnet-update.cc:114) Stddev of data for component 3 for this minibatch is 2.45321
VLOG[3] (nnet-combine-fast[5.3.76~1-26df3]:Propagate():nnet-update.cc:114) Stddev of data for component 5 for this minibatch is 7.05545
VLOG[3] (nnet-combine-fast[5.3.76~1-26df3]:Propagate():nnet-update.cc:114) Stddev of data for component 8 for this minibatch is 0.852766
VLOG[3] (nnet-combine-fast[5.3.76~1-26df3]:Propagate():nnet-update.cc:114) Stddev of data for component 3 for this minibatch is 2.34789
VLOG[3] (nnet-combine-fast[5.3.76~1-26df3]:Propagate():nnet-update.cc:114) Stddev of data for component 3 for this minibatch is 2.41047
VLOG[3] (nnet-combine-fast[5.3.76~1-26df3]:Propagate():nnet-update.cc:114) Stddev of data for component 5 for this minibatch is 7.13076
VLOG[3] (nnet-combine-fast[5.3.76~1-26df3]:Propagate():nnet-update.cc:114) Stddev of data for component 3 for this minibatch is 2.51287
VLOG[3] (nnet-combine-fast[5.3.76~1-26df3]:Propagate():nnet-update.cc:114) Stddev of data for component 3 for this minibatch is 2.46369
VLOG[3] (nnet-combine-fast[5.3.76~1-26df3]:Propagate():nnet-update.cc:114) Stddev of data for component 3 for this minibatch is 2.45837
VLOG[3] (nnet-combine-fast[5.3.76~1-26df3]:Propagate():nnet-update.cc:114) Stddev of data for component 8 for this minibatch is 0.851001
VLOG[3] (nnet-combine-fast[5.3.76~1-26df3]:Propagate():nnet-update.cc:114) Stddev of data for component 4 for this minibatch is 0.563048
VLOG[3] (nnet-combine-fast[5.3.76~1-26df3]:Propagate():nnet-update.cc:114) Stddev of data for component 4 for this minibatch is 0.56041
VLOG[3] (nnet-combine-fast[5.3.76~1-26df3]:Propagate():nnet-update.cc:114) Stddev of data for component 4 for this minibatch is 0.560797
VLOG[3] (nnet-combine-fast[5.3.76~1-26df3]:Propagate():nnet-update.cc:114) Stddev of data for component 5 for this minibatch is 7.20655
VLOG[3] (nnet-combine-fast[5.3.76~1-26df3]:Propagate():nnet-update.cc:114) Stddev of data for component 4 for this minibatch is 0.561365
VLOG[3] (nnet-combine-fast[5.3.76~1-26df3]:Propagate():nnet-update.cc:114) Stddev of data for component 4 for this minibatch is 0.567876
VLOG[3] (nnet-combine-fast[5.3.76~1-26df3]:Propagate():nnet-update.cc:114) Stddev of data for component 7 for this minibatch is 19.8437
VLOG[3] (nnet-combine-fast[5.3.76~1-26df3]:Propagate():nnet-update.cc:114) Stddev of data for component 4 for this minibatch is 0.562385
VLOG[3] (nnet-combine-fast[5.3.76~1-26df3]:Propagate():nnet-update.cc:114) Stddev of data for component 6 for this minibatch is 0.732499
VLOG[3] (nnet-combine-fast[5.3.76~1-26df3]:Propagate():nnet-update.cc:114) Stddev of data for component 5 for this minibatch is 7.16673
VLOG[3] (nnet-combine-fast[5.3.76~1-26df3]:Propagate():nnet-update.cc:114) Stddev of data for component 8 for this minibatch is 0.851131
VLOG[3] (nnet-combine-fast[5.3.76~1-26df3]:Propagate():nnet-update.cc:114) Stddev of data for component 4 for this minibatch is 0.566256
VLOG[2] (nnet-combine-fast[5.3.76~1-26df3]:DoBackpropParallel():nnet-update-parallel.cc:264) Did backprop on 10000 examples, average log-prob per frame is -0.761296
VLOG[2] (nnet-combine-fast[5.3.76~1-26df3]:DoBackpropParallel():nnet-update-parallel.cc:264) Did backprop on 10000 examples, average log-prob per frame is -0.580208
VLOG[2] (nnet-combine-fast[5.3.76~1-26df3]:DoBackpropParallel():nnet-update-parallel.cc:264) Did backprop on 10000 examples, average log-prob per frame is -0.483499
VLOG[2] (nnet-combine-fast[5.3.76~1-26df3]:DoBackpropParallel():nnet-update-parallel.cc:264) Did backprop on 10000 examples, average log-prob per frame is -0.659831
VLOG[2] (nnet-combine-fast[5.3.76~1-26df3]:DoBackpropParallel():nnet-update-parallel.cc:264) Did backprop on 10000 examples, average log-prob per frame is -0.521247
VLOG[2] (nnet-combine-fast[5.3.76~1-26df3]:DoBackpropParallel():nnet-update-parallel.cc:264) Did backprop on 10000 examples, average log-prob per frame is -0.733444
VLOG[2] (nnet-combine-fast[5.3.76~1-26df3]:DoBackpropParallel():nnet-update-parallel.cc:264) Did backprop on 10000 examples, average log-prob per frame is -0.427898
LOG (nnet-combine-fast[5.3.76~1-26df3]:GetInitialModel():combine-nnet-fast.cc:403) Objective functions for the source neural nets are  [ -0.761296 -0.580208 -0.483499 -0.659831 -0.521247 -0.733444 -0.427898 ]
VLOG[2] (nnet-combine-fast[5.3.76~1-26df3]:DoBackpropParallel():nnet-update-parallel.cc:264) Did backprop on 10000 examples, average log-prob per frame is -0.502629
LOG (nnet-combine-fast[5.3.76~1-26df3]:GetInitialModel():combine-nnet-fast.cc:419) Objf with all neural nets averaged is -0.502629
LOG (nnet-combine-fast[5.3.76~1-26df3]:GetInitialParams():combine-nnet-fast.cc:282) Initializing with neural net with index 6
VLOG[2] (nnet-combine-fast[5.3.76~1-26df3]:DoBackpropParallel():nnet-update-parallel.cc:264) Did backprop on 10000 examples, average log-prob per frame is -0.427898
VLOG[2] (nnet-combine-fast[5.3.76~1-26df3]:ComputeObjfAndGradient():combine-nnet-fast.cc:347) Objf is -0.427898, raw gradient is  [ -0.0543265 -0.000601859 0.00973628 0.0605217 -0.0334077 0.00364778 0.0105427 0.0643217 -0.0266087 0.00848792 0.0174255 0.0965793 -0.0562044 0.00691073 0.0145983 0.10023 -0.0458041 0.0068905 0.0148992 0.103682 -0.0866468 0.0018022 0.0149468 0.106629 -0.0225464 0.0109109 0.0162405 0.110678 ]
VLOG[2] (nnet-combine-fast[5.3.76~1-26df3]:DoBackpropParallel():nnet-update-parallel.cc:264) Did backprop on 10000 examples, average log-prob per frame is -0.418647
VLOG[2] (nnet-combine-fast[5.3.76~1-26df3]:ComputeObjfAndGradient():combine-nnet-fast.cc:347) Objf is -0.418647, raw gradient is  [ -0.056355 -0.00200289 0.00592707 0.0485619 -0.0362342 0.00204083 0.00666381 0.0521757 -0.0303304 0.00609584 0.0113274 0.0790291 -0.0568891 0.00469396 0.00969219 0.0825819 -0.0484517 0.00446778 0.00997546 0.0859591 -0.0864853 -0.000411945 0.0100377 0.0888429 -0.0261101 0.00822651 0.0112419 0.0927716 ]
VLOG[3] (nnet-combine-fast[5.3.76~1-26df3]:StepSizeIteration():optimization.cc:240) In step size iteration, function value changed -0.427898 to -0.418647
VLOG[3] (nnet-combine-fast[5.3.76~1-26df3]:StepSizeIteration():optimization.cc:323) d = 2, iter = 0, action = accept
VLOG[3] (nnet-combine-fast[5.3.76~1-26df3]:AcceptStep():optimization.cc:194) Accepted step; length was 0.111059, prod was -0.00143914
VLOG[2] (nnet-combine-fast[5.3.76~1-26df3]:DoBackpropParallel():nnet-update-parallel.cc:264) Did backprop on 10000 examples, average log-prob per frame is -1.08039
VLOG[2] (nnet-combine-fast[5.3.76~1-26df3]:ComputeObjfAndGradient():combine-nnet-fast.cc:347) Objf is -1.08039, raw gradient is  [ 0.234114 0.147957 2.52531 -0.0354381 0.103221 0.126269 2.52278 -0.0374559 0.089557 0.164112 3.90777 -0.0546565 -0.0500069 0.138494 2.91867 -0.0567231 0.038344 0.14836 2.91233 -0.0576871 0.00286086 0.139102 2.90657 -0.0590517 0.0524731 0.139645 2.90553 -0.0599514 ]
VLOG[3] (nnet-combine-fast[5.3.76~1-26df3]:StepSizeIteration():optimization.cc:240) In step size iteration, function value changed -0.418647 to -1.08039
VLOG[3] (nnet-combine-fast[5.3.76~1-26df3]:StepSizeIteration():optimization.cc:323) d = 2, iter = 1, action = decrease
VLOG[2] (nnet-combine-fast[5.3.76~1-26df3]:DoBackpropParallel():nnet-update-parallel.cc:264) Did backprop on 10000 examples, average log-prob per frame is -0.386632
VLOG[2] (nnet-combine-fast[5.3.76~1-26df3]:ComputeObjfAndGradient():combine-nnet-fast.cc:347) Objf is -0.386632, raw gradient is  [ -0.0386983 0.0035435 0.0466198 0.0104172 -0.0319451 0.00512618 0.047124 0.0126782 -0.0324909 0.00787804 0.0737069 0.021022 -0.04515 0.00671932 0.0505316 0.023366 -0.0435482 0.00565833 0.0506444 0.0258476 -0.0618882 0.00246443 0.0506917 0.0280007 -0.0296952 0.00707102 0.0516623 0.0307501 ]
VLOG[3] (nnet-combine-fast[5.3.76~1-26df3]:StepSizeIteration():optimization.cc:240) In step size iteration, function value changed -0.418647 to -0.386632
VLOG[3] (nnet-combine-fast[5.3.76~1-26df3]:StepSizeIteration():optimization.cc:323) d = 2, iter = 1, action = accept
VLOG[3] (nnet-combine-fast[5.3.76~1-26df3]:AcceptStep():optimization.cc:194) Accepted step; length was 0.691278, prod was -0.0675215
VLOG[2] (nnet-combine-fast[5.3.76~1-26df3]:DoBackpropParallel():nnet-update-parallel.cc:264) Did backprop on 10000 examples, average log-prob per frame is -0.387836
VLOG[2] (nnet-combine-fast[5.3.76~1-26df3]:ComputeObjfAndGradient():combine-nnet-fast.cc:347) Objf is -0.387836, raw gradient is  [ 0.0433292 0.0901529 -0.00426842 -0.0413729 -0.0124125 0.080835 -0.00482761 -0.0409706 -0.02682 0.103195 -0.00755295 -0.0577037 -0.0364168 0.0977674 -0.00774791 -0.0570615 -0.0256207 0.0987955 -0.00737503 -0.0554359 -0.00821966 0.099816 -0.00716952 -0.0540966 -0.0185186 0.0961261 -0.00723819 -0.0530256 ]
VLOG[3] (nnet-combine-fast[5.3.76~1-26df3]:StepSizeIteration():optimization.cc:240) In step size iteration, function value changed -0.386632 to -0.387836
VLOG[3] (nnet-combine-fast[5.3.76~1-26df3]:StepSizeIteration():optimization.cc:323) d = 2, iter = 2, action = decrease
VLOG[2] (nnet-combine-fast[5.3.76~1-26df3]:DoBackpropParallel():nnet-update-parallel.cc:264) Did backprop on 10000 examples, average log-prob per frame is -0.370278
VLOG[2] (nnet-combine-fast[5.3.76~1-26df3]:ComputeObjfAndGradient():combine-nnet-fast.cc:347) Objf is -0.370278, raw gradient is  [ -0.00332351 0.0259763 -0.000184164 -0.0203654 -0.0209161 0.0232958 -0.000192079 -0.0190175 -0.0279216 0.0295888 -5.03311e-06 -0.0253282 -0.033108 0.0277223 -0.00117045 -0.0237978 -0.0317144 0.0269342 -0.000945592 -0.0217407 -0.030418 0.0259587 -0.000768914 -0.0199677 -0.0228934 0.0261881 -0.000367868 -0.0180669 ]
VLOG[3] (nnet-combine-fast[5.3.76~1-26df3]:StepSizeIteration():optimization.cc:240) In step size iteration, function value changed -0.386632 to -0.370278
VLOG[3] (nnet-combine-fast[5.3.76~1-26df3]:StepSizeIteration():optimization.cc:323) d = 2, iter = 2, action = accept
VLOG[3] (nnet-combine-fast[5.3.76~1-26df3]:AcceptStep():optimization.cc:194) Accepted step; length was 0.634267, prod was -0.0585324
VLOG[2] (nnet-combine-fast[5.3.76~1-26df3]:DoBackpropParallel():nnet-update-parallel.cc:264) Did backprop on 10000 examples, average log-prob per frame is -0.368649
VLOG[2] (nnet-combine-fast[5.3.76~1-26df3]:ComputeObjfAndGradient():combine-nnet-fast.cc:347) Objf is -0.368649, raw gradient is  [ -0.0145889 0.014235 -0.000442296 -0.0179306 -0.0226331 0.0131042 -0.000304987 -0.0164349 -0.0281945 0.0165616 -0.000107114 -0.0215007 -0.03076 0.015515 -0.00119371 -0.0198384 -0.0327667 0.0142525 -0.0010001 -0.0177444 -0.034237 0.0130346 -0.000817244 -0.0159168 -0.0241578 0.0138656 -0.000325977 -0.0139002 ]
VLOG[3] (nnet-combine-fast[5.3.76~1-26df3]:StepSizeIteration():optimization.cc:240) In step size iteration, function value changed -0.370278 to -0.368649
VLOG[3] (nnet-combine-fast[5.3.76~1-26df3]:StepSizeIteration():optimization.cc:323) d = 2, iter = 3, action = accept
VLOG[3] (nnet-combine-fast[5.3.76~1-26df3]:AcceptStep():optimization.cc:194) Accepted step; length was 0.0641648, prod was -0.000923536
VLOG[2] (nnet-combine-fast[5.3.76~1-26df3]:DoBackpropParallel():nnet-update-parallel.cc:264) Did backprop on 10000 examples, average log-prob per frame is -0.363766
VLOG[2] (nnet-combine-fast[5.3.76~1-26df3]:ComputeObjfAndGradient():combine-nnet-fast.cc:347) Objf is -0.363766, raw gradient is  [ -0.0215808 0.000866806 -0.00120957 -0.016312 -0.0176193 0.00140363 -0.000914561 -0.0148794 -0.0216405 0.00143257 -0.000993426 -0.0194144 -0.0179963 0.00164889 -0.00195684 -0.0178781 -0.0248518 7.27959e-05 -0.00179009 -0.015958 -0.0264672 -0.000793737 -0.00155789 -0.0142359 -0.0194943 -0.000130139 -0.00105173 -0.0123681 ]
VLOG[3] (nnet-combine-fast[5.3.76~1-26df3]:StepSizeIteration():optimization.cc:240) In step size iteration, function value changed -0.368649 to -0.363766
VLOG[3] (nnet-combine-fast[5.3.76~1-26df3]:StepSizeIteration():optimization.cc:323) d = 2, iter = 4, action = accept
VLOG[3] (nnet-combine-fast[5.3.76~1-26df3]:AcceptStep():optimization.cc:194) Accepted step; length was 0.0755861, prod was -0.00182207
VLOG[2] (nnet-combine-fast[5.3.76~1-26df3]:DoBackpropParallel():nnet-update-parallel.cc:264) Did backprop on 10000 examples, average log-prob per frame is -0.354457
VLOG[2] (nnet-combine-fast[5.3.76~1-26df3]:ComputeObjfAndGradient():combine-nnet-fast.cc:347) Objf is -0.354457, raw gradient is  [ -0.00869306 -0.00760377 0.00478632 -0.00804779 0.00237207 -0.0063966 0.00511729 -0.00724542 -1.96335e-05 -0.00865009 0.00832576 -0.00933537 0.0110258 -0.0072456 0.0070458 -0.00869676 0.00161333 -0.00819323 0.00700764 -0.00753254 0.00473051 -0.00775565 0.00733703 -0.00636068 -0.000670154 -0.00820116 0.00737059 -0.00530694 ]
VLOG[3] (nnet-combine-fast[5.3.76~1-26df3]:StepSizeIteration():optimization.cc:240) In step size iteration, function value changed -0.363766 to -0.354457
VLOG[3] (nnet-combine-fast[5.3.76~1-26df3]:StepSizeIteration():optimization.cc:323) d = 2, iter = 5, action = accept
VLOG[3] (nnet-combine-fast[5.3.76~1-26df3]:AcceptStep():optimization.cc:194) Accepted step; length was 0.297601, prod was -0.0106467
VLOG[2] (nnet-combine-fast[5.3.76~1-26df3]:DoBackpropParallel():nnet-update-parallel.cc:264) Did backprop on 10000 examples, average log-prob per frame is -0.352335
VLOG[2] (nnet-combine-fast[5.3.76~1-26df3]:ComputeObjfAndGradient():combine-nnet-fast.cc:347) Objf is -0.352335, raw gradient is  [ -0.0117368 -0.0143155 -0.00485756 -0.00213163 0.0113615 -0.0117804 -0.00453893 -0.00191457 0.0123393 -0.015152 -0.00668925 -0.00240733 0.0262387 -0.0131368 -0.00742815 -0.00264191 0.0168284 -0.0136505 -0.00729059 -0.00212222 0.0178891 -0.0130237 -0.00701888 -0.00151022 0.00868007 -0.0135186 -0.00689481 -0.0010997 ]
VLOG[3] (nnet-combine-fast[5.3.76~1-26df3]:StepSizeIteration():optimization.cc:240) In step size iteration, function value changed -0.354457 to -0.352335
VLOG[3] (nnet-combine-fast[5.3.76~1-26df3]:StepSizeIteration():optimization.cc:323) d = 2, iter = 6, action = accept
VLOG[3] (nnet-combine-fast[5.3.76~1-26df3]:AcceptStep():optimization.cc:194) Accepted step; length was 0.234936, prod was -0.0105986
LOG (nnet-combine-fast[5.3.76~1-26df3]:ComputeCurrentNnet():combine-nnet-fast.cc:373) Scale parameters are  [
  0.179035 -1.42831 -9.02514 -2.56752 
  0.15496 -1.87986 -1.03519 -1.50516 
  -0.383109 1.56146 6.46259 -0.360025 
  -0.444633 1.70484 -7.735 0.0740977 
  0.0107449 0.99441 -2.59761 0.680092 
  -0.11545 -1.87151 2.47682 1.1471 
  1.70226 1.31111 9.08537 2.63167 ]
LOG (nnet-combine-fast[5.3.76~1-26df3]:FastNnetCombiner():combine-nnet-fast.cc:152) Combining nnets, objf per frame changed from -0.427898 to -0.352335
LOG (nnet-combine-fast[5.3.76~1-26df3]:main():nnet-combine-fast.cc:124) Finished combining neural nets, wrote model to exp_FG/DNN_tri_8_2000_aligned_layer3_nodes256/final.mdl
# Accounting: time=16 threads=1
# Ended (code 0) at Sun Apr  1 16:42:12 CST 2018, elapsed time 16 seconds
