# nnet-subset-egs --n=2000 --randomize-order=true --srand=15 ark:exp_FG/DNN_tri_8_2000_aligned_layer3_nodes256/egs/train_diagnostic.egs ark:- | nnet-combine-fast --use-gpu=no --num-threads=16 --verbose=3 --minibatch-size=125 exp_FG/DNN_tri_8_2000_aligned_layer3_nodes256/16.mdl ark:- exp_FG/DNN_tri_8_2000_aligned_layer3_nodes256/16.mdl 
# Started at Sun Apr  1 16:40:33 CST 2018
#
nnet-subset-egs --n=2000 --randomize-order=true --srand=15 ark:exp_FG/DNN_tri_8_2000_aligned_layer3_nodes256/egs/train_diagnostic.egs ark:- 
nnet-combine-fast --use-gpu=no --num-threads=16 --verbose=3 --minibatch-size=125 exp_FG/DNN_tri_8_2000_aligned_layer3_nodes256/16.mdl ark:- exp_FG/DNN_tri_8_2000_aligned_layer3_nodes256/16.mdl 
LOG (nnet-subset-egs[5.3.76~1-26df3]:main():nnet-subset-egs.cc:92) Selected a subset of 2000 out of 4000 neural-network training examples 
LOG (nnet-combine-fast[5.3.76~1-26df3]:main():nnet-combine-fast.cc:108) Read 2000 examples from the validation set.
VLOG[3] (nnet-combine-fast[5.3.76~1-26df3]:Propagate():nnet-update.cc:114) Stddev of data for component 0 for this minibatch is 273.61
VLOG[3] (nnet-combine-fast[5.3.76~1-26df3]:Propagate():nnet-update.cc:114) Stddev of data for component 0 for this minibatch is 267.179
VLOG[3] (nnet-combine-fast[5.3.76~1-26df3]:Propagate():nnet-update.cc:114) Stddev of data for component 1 for this minibatch is 267.179
VLOG[3] (nnet-combine-fast[5.3.76~1-26df3]:Propagate():nnet-update.cc:114) Stddev of data for component 1 for this minibatch is 273.61
VLOG[3] (nnet-combine-fast[5.3.76~1-26df3]:Propagate():nnet-update.cc:114) Stddev of data for component 2 for this minibatch is 1.04487
VLOG[3] (nnet-combine-fast[5.3.76~1-26df3]:Propagate():nnet-update.cc:114) Stddev of data for component 2 for this minibatch is 1.03718
VLOG[3] (nnet-combine-fast[5.3.76~1-26df3]:Propagate():nnet-update.cc:114) Stddev of data for component 3 for this minibatch is 2.49697
VLOG[3] (nnet-combine-fast[5.3.76~1-26df3]:Propagate():nnet-update.cc:114) Stddev of data for component 0 for this minibatch is 265.283
VLOG[3] (nnet-combine-fast[5.3.76~1-26df3]:Propagate():nnet-update.cc:114) Stddev of data for component 1 for this minibatch is 265.283
VLOG[3] (nnet-combine-fast[5.3.76~1-26df3]:Propagate():nnet-update.cc:114) Stddev of data for component 4 for this minibatch is 0.567389
VLOG[3] (nnet-combine-fast[5.3.76~1-26df3]:Propagate():nnet-update.cc:114) Stddev of data for component 2 for this minibatch is 1.02627
VLOG[3] (nnet-combine-fast[5.3.76~1-26df3]:Propagate():nnet-update.cc:114) Stddev of data for component 5 for this minibatch is 7.26876
VLOG[3] (nnet-combine-fast[5.3.76~1-26df3]:Propagate():nnet-update.cc:114) Stddev of data for component 3 for this minibatch is 2.4529
VLOG[3] (nnet-combine-fast[5.3.76~1-26df3]:Propagate():nnet-update.cc:114) Stddev of data for component 3 for this minibatch is 2.5341
VLOG[3] (nnet-combine-fast[5.3.76~1-26df3]:Propagate():nnet-update.cc:114) Stddev of data for component 4 for this minibatch is 0.562872
VLOG[3] (nnet-combine-fast[5.3.76~1-26df3]:Propagate():nnet-update.cc:114) Stddev of data for component 6 for this minibatch is 0.735608
VLOG[3] (nnet-combine-fast[5.3.76~1-26df3]:Propagate():nnet-update.cc:114) Stddev of data for component 5 for this minibatch is 7.17581
VLOG[3] (nnet-combine-fast[5.3.76~1-26df3]:Propagate():nnet-update.cc:114) Stddev of data for component 7 for this minibatch is 20.1744
VLOG[3] (nnet-combine-fast[5.3.76~1-26df3]:Propagate():nnet-update.cc:114) Stddev of data for component 0 for this minibatch is 270.121
VLOG[3] (nnet-combine-fast[5.3.76~1-26df3]:Propagate():nnet-update.cc:114) Stddev of data for component 1 for this minibatch is 270.121
VLOG[3] (nnet-combine-fast[5.3.76~1-26df3]:Propagate():nnet-update.cc:114) Stddev of data for component 4 for this minibatch is 0.563315
VLOG[3] (nnet-combine-fast[5.3.76~1-26df3]:Propagate():nnet-update.cc:114) Stddev of data for component 2 for this minibatch is 1.06538
VLOG[3] (nnet-combine-fast[5.3.76~1-26df3]:Propagate():nnet-update.cc:114) Stddev of data for component 0 for this minibatch is 266.605
VLOG[3] (nnet-combine-fast[5.3.76~1-26df3]:Propagate():nnet-update.cc:114) Stddev of data for component 1 for this minibatch is 266.605
VLOG[3] (nnet-combine-fast[5.3.76~1-26df3]:Propagate():nnet-update.cc:114) Stddev of data for component 3 for this minibatch is 2.57533
VLOG[3] (nnet-combine-fast[5.3.76~1-26df3]:Propagate():nnet-update.cc:114) Stddev of data for component 2 for this minibatch is 0.994491
VLOG[3] (nnet-combine-fast[5.3.76~1-26df3]:Propagate():nnet-update.cc:114) Stddev of data for component 0 for this minibatch is 259.908
VLOG[3] (nnet-combine-fast[5.3.76~1-26df3]:Propagate():nnet-update.cc:114) Stddev of data for component 1 for this minibatch is 259.908
VLOG[3] (nnet-combine-fast[5.3.76~1-26df3]:Propagate():nnet-update.cc:114) Stddev of data for component 0 for this minibatch is 236.83
VLOG[3] (nnet-combine-fast[5.3.76~1-26df3]:Propagate():nnet-update.cc:114) Stddev of data for component 2 for this minibatch is 1.02477
VLOG[3] (nnet-combine-fast[5.3.76~1-26df3]:Propagate():nnet-update.cc:114) Stddev of data for component 3 for this minibatch is 2.48791
VLOG[3] (nnet-combine-fast[5.3.76~1-26df3]:Propagate():nnet-update.cc:114) Stddev of data for component 5 for this minibatch is 7.23665
VLOG[3] (nnet-combine-fast[5.3.76~1-26df3]:Propagate():nnet-update.cc:114) Stddev of data for component 3 for this minibatch is 2.41481
VLOG[3] (nnet-combine-fast[5.3.76~1-26df3]:Propagate():nnet-update.cc:114) Stddev of data for component 0 for this minibatch is 278.286
VLOG[3] (nnet-combine-fast[5.3.76~1-26df3]:Propagate():nnet-update.cc:114) Stddev of data for component 1 for this minibatch is 278.285
VLOG[3] (nnet-combine-fast[5.3.76~1-26df3]:Propagate():nnet-update.cc:114) Stddev of data for component 0 for this minibatch is 270.585
VLOG[3] (nnet-combine-fast[5.3.76~1-26df3]:Propagate():nnet-update.cc:114) Stddev of data for component 0 for this minibatch is 264.654
VLOG[3] (nnet-combine-fast[5.3.76~1-26df3]:Propagate():nnet-update.cc:114) Stddev of data for component 1 for this minibatch is 236.83
VLOG[3] (nnet-combine-fast[5.3.76~1-26df3]:Propagate():nnet-update.cc:114) Stddev of data for component 2 for this minibatch is 0.965362
VLOG[3] (nnet-combine-fast[5.3.76~1-26df3]:Propagate():nnet-update.cc:114) Stddev of data for component 0 for this minibatch is 267.4
VLOG[3] (nnet-combine-fast[5.3.76~1-26df3]:Propagate():nnet-update.cc:114) Stddev of data for component 3 for this minibatch is 2.32946
VLOG[3] (nnet-combine-fast[5.3.76~1-26df3]:Propagate():nnet-update.cc:114) Stddev of data for component 1 for this minibatch is 267.4
VLOG[3] (nnet-combine-fast[5.3.76~1-26df3]:Propagate():nnet-update.cc:114) Stddev of data for component 0 for this minibatch is 244.214
VLOG[3] (nnet-combine-fast[5.3.76~1-26df3]:Propagate():nnet-update.cc:114) Stddev of data for component 1 for this minibatch is 264.654
VLOG[3] (nnet-combine-fast[5.3.76~1-26df3]:Propagate():nnet-update.cc:114) Stddev of data for component 1 for this minibatch is 244.214
VLOG[3] (nnet-combine-fast[5.3.76~1-26df3]:Propagate():nnet-update.cc:114) Stddev of data for component 2 for this minibatch is 1.01144
VLOG[3] (nnet-combine-fast[5.3.76~1-26df3]:Propagate():nnet-update.cc:114) Stddev of data for component 2 for this minibatch is 0.994201
VLOG[3] (nnet-combine-fast[5.3.76~1-26df3]:Propagate():nnet-update.cc:114) Stddev of data for component 3 for this minibatch is 2.51181
VLOG[3] (nnet-combine-fast[5.3.76~1-26df3]:Propagate():nnet-update.cc:114) Stddev of data for component 2 for this minibatch is 1.05339
VLOG[3] (nnet-combine-fast[5.3.76~1-26df3]:Propagate():nnet-update.cc:114) Stddev of data for component 3 for this minibatch is 2.52378
VLOG[3] (nnet-combine-fast[5.3.76~1-26df3]:Propagate():nnet-update.cc:114) Stddev of data for component 3 for this minibatch is 2.46308
VLOG[3] (nnet-combine-fast[5.3.76~1-26df3]:Propagate():nnet-update.cc:114) Stddev of data for component 2 for this minibatch is 1.09679
VLOG[3] (nnet-combine-fast[5.3.76~1-26df3]:Propagate():nnet-update.cc:114) Stddev of data for component 1 for this minibatch is 270.585
VLOG[3] (nnet-combine-fast[5.3.76~1-26df3]:Propagate():nnet-update.cc:114) Stddev of data for component 2 for this minibatch is 1.04251
VLOG[3] (nnet-combine-fast[5.3.76~1-26df3]:Propagate():nnet-update.cc:114) Stddev of data for component 4 for this minibatch is 0.551712
VLOG[3] (nnet-combine-fast[5.3.76~1-26df3]:Propagate():nnet-update.cc:114) Stddev of data for component 6 for this minibatch is 0.732295
VLOG[3] (nnet-combine-fast[5.3.76~1-26df3]:Propagate():nnet-update.cc:114) Stddev of data for component 5 for this minibatch is 6.73276
VLOG[3] (nnet-combine-fast[5.3.76~1-26df3]:Propagate():nnet-update.cc:114) Stddev of data for component 7 for this minibatch is 19.9865
VLOG[3] (nnet-combine-fast[5.3.76~1-26df3]:Propagate():nnet-update.cc:114) Stddev of data for component 3 for this minibatch is 2.51895
VLOG[3] (nnet-combine-fast[5.3.76~1-26df3]:Propagate():nnet-update.cc:114) Stddev of data for component 3 for this minibatch is 2.62046
VLOG[3] (nnet-combine-fast[5.3.76~1-26df3]:Propagate():nnet-update.cc:114) Stddev of data for component 0 for this minibatch is 254.084
VLOG[3] (nnet-combine-fast[5.3.76~1-26df3]:Propagate():nnet-update.cc:114) Stddev of data for component 6 for this minibatch is 0.732176
VLOG[3] (nnet-combine-fast[5.3.76~1-26df3]:Propagate():nnet-update.cc:114) Stddev of data for component 7 for this minibatch is 19.8081
VLOG[3] (nnet-combine-fast[5.3.76~1-26df3]:Propagate():nnet-update.cc:114) Stddev of data for component 0 for this minibatch is 273.009
VLOG[3] (nnet-combine-fast[5.3.76~1-26df3]:Propagate():nnet-update.cc:114) Stddev of data for component 4 for this minibatch is 0.569608
VLOG[3] (nnet-combine-fast[5.3.76~1-26df3]:Propagate():nnet-update.cc:114) Stddev of data for component 1 for this minibatch is 254.084
VLOG[3] (nnet-combine-fast[5.3.76~1-26df3]:Propagate():nnet-update.cc:114) Stddev of data for component 1 for this minibatch is 273.009
VLOG[3] (nnet-combine-fast[5.3.76~1-26df3]:Propagate():nnet-update.cc:114) Stddev of data for component 5 for this minibatch is 7.41318
VLOG[3] (nnet-combine-fast[5.3.76~1-26df3]:Propagate():nnet-update.cc:114) Stddev of data for component 2 for this minibatch is 1.06175
VLOG[3] (nnet-combine-fast[5.3.76~1-26df3]:Propagate():nnet-update.cc:114) Stddev of data for component 4 for this minibatch is 0.567528
VLOG[3] (nnet-combine-fast[5.3.76~1-26df3]:Propagate():nnet-update.cc:114) Stddev of data for component 4 for this minibatch is 0.571095
VLOG[3] (nnet-combine-fast[5.3.76~1-26df3]:Propagate():nnet-update.cc:114) Stddev of data for component 2 for this minibatch is 0.999945
VLOG[3] (nnet-combine-fast[5.3.76~1-26df3]:Propagate():nnet-update.cc:114) Stddev of data for component 5 for this minibatch is 7.34834
VLOG[3] (nnet-combine-fast[5.3.76~1-26df3]:Propagate():nnet-update.cc:114) Stddev of data for component 5 for this minibatch is 7.29879
VLOG[3] (nnet-combine-fast[5.3.76~1-26df3]:Propagate():nnet-update.cc:114) Stddev of data for component 6 for this minibatch is 0.734535
VLOG[3] (nnet-combine-fast[5.3.76~1-26df3]:Propagate():nnet-update.cc:114) Stddev of data for component 4 for this minibatch is 0.565876
VLOG[3] (nnet-combine-fast[5.3.76~1-26df3]:Propagate():nnet-update.cc:114) Stddev of data for component 5 for this minibatch is 7.1865
VLOG[3] (nnet-combine-fast[5.3.76~1-26df3]:Propagate():nnet-update.cc:114) Stddev of data for component 4 for this minibatch is 0.566191
VLOG[3] (nnet-combine-fast[5.3.76~1-26df3]:Propagate():nnet-update.cc:114) Stddev of data for component 5 for this minibatch is 7.30141
VLOG[3] (nnet-combine-fast[5.3.76~1-26df3]:Propagate():nnet-update.cc:114) Stddev of data for component 7 for this minibatch is 20.2
VLOG[3] (nnet-combine-fast[5.3.76~1-26df3]:Propagate():nnet-update.cc:114) Stddev of data for component 0 for this minibatch is 260.251
VLOG[3] (nnet-combine-fast[5.3.76~1-26df3]:Propagate():nnet-update.cc:114) Stddev of data for component 1 for this minibatch is 260.251
VLOG[3] (nnet-combine-fast[5.3.76~1-26df3]:Propagate():nnet-update.cc:114) Stddev of data for component 3 for this minibatch is 2.48829
VLOG[3] (nnet-combine-fast[5.3.76~1-26df3]:Propagate():nnet-update.cc:114) Stddev of data for component 4 for this minibatch is 0.558559
VLOG[3] (nnet-combine-fast[5.3.76~1-26df3]:Propagate():nnet-update.cc:114) Stddev of data for component 2 for this minibatch is 1.04778
VLOG[3] (nnet-combine-fast[5.3.76~1-26df3]:Propagate():nnet-update.cc:114) Stddev of data for component 4 for this minibatch is 0.563893
VLOG[3] (nnet-combine-fast[5.3.76~1-26df3]:Propagate():nnet-update.cc:114) Stddev of data for component 5 for this minibatch is 6.99472
VLOG[3] (nnet-combine-fast[5.3.76~1-26df3]:Propagate():nnet-update.cc:114) Stddev of data for component 5 for this minibatch is 7.11953
VLOG[3] (nnet-combine-fast[5.3.76~1-26df3]:Propagate():nnet-update.cc:114) Stddev of data for component 4 for this minibatch is 0.560555
VLOG[3] (nnet-combine-fast[5.3.76~1-26df3]:Propagate():nnet-update.cc:114) Stddev of data for component 5 for this minibatch is 7.03882
VLOG[3] (nnet-combine-fast[5.3.76~1-26df3]:Propagate():nnet-update.cc:114) Stddev of data for component 4 for this minibatch is 0.561219
VLOG[3] (nnet-combine-fast[5.3.76~1-26df3]:Propagate():nnet-update.cc:114) Stddev of data for component 3 for this minibatch is 2.53986
VLOG[3] (nnet-combine-fast[5.3.76~1-26df3]:Propagate():nnet-update.cc:114) Stddev of data for component 5 for this minibatch is 7.11261
VLOG[3] (nnet-combine-fast[5.3.76~1-26df3]:Propagate():nnet-update.cc:114) Stddev of data for component 6 for this minibatch is 0.732313
VLOG[3] (nnet-combine-fast[5.3.76~1-26df3]:Propagate():nnet-update.cc:114) Stddev of data for component 7 for this minibatch is 19.6348
VLOG[3] (nnet-combine-fast[5.3.76~1-26df3]:Propagate():nnet-update.cc:114) Stddev of data for component 6 for this minibatch is 0.729565
VLOG[3] (nnet-combine-fast[5.3.76~1-26df3]:Propagate():nnet-update.cc:114) Stddev of data for component 6 for this minibatch is 0.734654
VLOG[3] (nnet-combine-fast[5.3.76~1-26df3]:Propagate():nnet-update.cc:114) Stddev of data for component 7 for this minibatch is 19.5928
VLOG[3] (nnet-combine-fast[5.3.76~1-26df3]:Propagate():nnet-update.cc:114) Stddev of data for component 7 for this minibatch is 19.9265
VLOG[3] (nnet-combine-fast[5.3.76~1-26df3]:Propagate():nnet-update.cc:114) Stddev of data for component 3 for this minibatch is 2.59585
VLOG[3] (nnet-combine-fast[5.3.76~1-26df3]:Propagate():nnet-update.cc:114) Stddev of data for component 6 for this minibatch is 0.736063
VLOG[2] (nnet-combine-fast[5.3.76~1-26df3]:DoBackpropParallel():nnet-update-parallel.cc:264) Did backprop on 2000 examples, average log-prob per frame is -0.531961
LOG (nnet-combine-fast[5.3.76~1-26df3]:GetInitialModel():combine-nnet-fast.cc:403) Objective functions for the source neural nets are  [ -0.531961 ]
LOG (nnet-combine-fast[5.3.76~1-26df3]:GetInitialParams():combine-nnet-fast.cc:282) Initializing with neural net with index 0
VLOG[2] (nnet-combine-fast[5.3.76~1-26df3]:DoBackpropParallel():nnet-update-parallel.cc:264) Did backprop on 2000 examples, average log-prob per frame is -0.531961
VLOG[2] (nnet-combine-fast[5.3.76~1-26df3]:ComputeObjfAndGradient():combine-nnet-fast.cc:347) Objf is -0.531961, raw gradient is  [ 0.0850742 0.0435009 0.0497247 0.319983 ]
VLOG[2] (nnet-combine-fast[5.3.76~1-26df3]:DoBackpropParallel():nnet-update-parallel.cc:264) Did backprop on 2000 examples, average log-prob per frame is -0.522843
VLOG[2] (nnet-combine-fast[5.3.76~1-26df3]:ComputeObjfAndGradient():combine-nnet-fast.cc:347) Objf is -0.522843, raw gradient is  [ 0.0773833 0.0313227 0.0406629 0.297528 ]
VLOG[3] (nnet-combine-fast[5.3.76~1-26df3]:StepSizeIteration():optimization.cc:240) In step size iteration, function value changed -0.531961 to -0.522843
VLOG[3] (nnet-combine-fast[5.3.76~1-26df3]:StepSizeIteration():optimization.cc:323) d = 2, iter = 0, action = accept
VLOG[3] (nnet-combine-fast[5.3.76~1-26df3]:AcceptStep():optimization.cc:194) Accepted step; length was 0.0574805, prod was -0.00169869
VLOG[2] (nnet-combine-fast[5.3.76~1-26df3]:DoBackpropParallel():nnet-update-parallel.cc:264) Did backprop on 2000 examples, average log-prob per frame is -0.472727
VLOG[2] (nnet-combine-fast[5.3.76~1-26df3]:ComputeObjfAndGradient():combine-nnet-fast.cc:347) Objf is -0.472727, raw gradient is  [ -0.0278195 0.0172712 0.0157059 0.068752 ]
VLOG[3] (nnet-combine-fast[5.3.76~1-26df3]:StepSizeIteration():optimization.cc:240) In step size iteration, function value changed -0.522843 to -0.472727
VLOG[3] (nnet-combine-fast[5.3.76~1-26df3]:StepSizeIteration():optimization.cc:323) d = 2, iter = 1, action = accept
VLOG[3] (nnet-combine-fast[5.3.76~1-26df3]:AcceptStep():optimization.cc:194) Accepted step; length was 0.598789, prod was -0.0783251
VLOG[2] (nnet-combine-fast[5.3.76~1-26df3]:DoBackpropParallel():nnet-update-parallel.cc:264) Did backprop on 2000 examples, average log-prob per frame is -0.492833
VLOG[2] (nnet-combine-fast[5.3.76~1-26df3]:ComputeObjfAndGradient():combine-nnet-fast.cc:347) Objf is -0.492833, raw gradient is  [ 0.323536 0.00243548 0.00419052 -0.00855049 ]
VLOG[3] (nnet-combine-fast[5.3.76~1-26df3]:StepSizeIteration():optimization.cc:240) In step size iteration, function value changed -0.472727 to -0.492833
VLOG[3] (nnet-combine-fast[5.3.76~1-26df3]:StepSizeIteration():optimization.cc:323) d = 2, iter = 2, action = decrease
VLOG[2] (nnet-combine-fast[5.3.76~1-26df3]:DoBackpropParallel():nnet-update-parallel.cc:264) Did backprop on 2000 examples, average log-prob per frame is -0.466276
VLOG[2] (nnet-combine-fast[5.3.76~1-26df3]:ComputeObjfAndGradient():combine-nnet-fast.cc:347) Objf is -0.466276, raw gradient is  [ 0.0708734 0.0065834 0.00877688 0.0336523 ]
VLOG[3] (nnet-combine-fast[5.3.76~1-26df3]:StepSizeIteration():optimization.cc:240) In step size iteration, function value changed -0.472727 to -0.466276
VLOG[3] (nnet-combine-fast[5.3.76~1-26df3]:StepSizeIteration():optimization.cc:323) d = 2, iter = 2, action = accept
VLOG[3] (nnet-combine-fast[5.3.76~1-26df3]:AcceptStep():optimization.cc:194) Accepted step; length was 0.183733, prod was -0.0228714
VLOG[2] (nnet-combine-fast[5.3.76~1-26df3]:DoBackpropParallel():nnet-update-parallel.cc:264) Did backprop on 2000 examples, average log-prob per frame is -0.462176
VLOG[2] (nnet-combine-fast[5.3.76~1-26df3]:ComputeObjfAndGradient():combine-nnet-fast.cc:347) Objf is -0.462176, raw gradient is  [ 0.0050262 0.00409186 0.00550601 0.017035 ]
VLOG[3] (nnet-combine-fast[5.3.76~1-26df3]:StepSizeIteration():optimization.cc:240) In step size iteration, function value changed -0.466276 to -0.462176
VLOG[3] (nnet-combine-fast[5.3.76~1-26df3]:StepSizeIteration():optimization.cc:323) d = 2, iter = 3, action = accept
VLOG[3] (nnet-combine-fast[5.3.76~1-26df3]:AcceptStep():optimization.cc:194) Accepted step; length was 0.122732, prod was -0.0058457
VLOG[2] (nnet-combine-fast[5.3.76~1-26df3]:DoBackpropParallel():nnet-update-parallel.cc:264) Did backprop on 2000 examples, average log-prob per frame is -0.461238
VLOG[2] (nnet-combine-fast[5.3.76~1-26df3]:ComputeObjfAndGradient():combine-nnet-fast.cc:347) Objf is -0.461238, raw gradient is  [ -0.000780151 0.00206986 0.00278637 0.00272688 ]
VLOG[3] (nnet-combine-fast[5.3.76~1-26df3]:StepSizeIteration():optimization.cc:240) In step size iteration, function value changed -0.462176 to -0.461238
VLOG[3] (nnet-combine-fast[5.3.76~1-26df3]:StepSizeIteration():optimization.cc:323) d = 2, iter = 4, action = accept
VLOG[3] (nnet-combine-fast[5.3.76~1-26df3]:AcceptStep():optimization.cc:194) Accepted step; length was 0.110378, prod was -0.000924706
VLOG[2] (nnet-combine-fast[5.3.76~1-26df3]:DoBackpropParallel():nnet-update-parallel.cc:264) Did backprop on 2000 examples, average log-prob per frame is -0.480638
VLOG[2] (nnet-combine-fast[5.3.76~1-26df3]:ComputeObjfAndGradient():combine-nnet-fast.cc:347) Objf is -0.480638, raw gradient is  [ 0.0221232 -0.00695224 -0.00127988 0.140594 ]
VLOG[3] (nnet-combine-fast[5.3.76~1-26df3]:StepSizeIteration():optimization.cc:240) In step size iteration, function value changed -0.461238 to -0.480638
VLOG[3] (nnet-combine-fast[5.3.76~1-26df3]:StepSizeIteration():optimization.cc:323) d = 2, iter = 5, action = decrease
VLOG[2] (nnet-combine-fast[5.3.76~1-26df3]:DoBackpropParallel():nnet-update-parallel.cc:264) Did backprop on 2000 examples, average log-prob per frame is -0.465077
VLOG[2] (nnet-combine-fast[5.3.76~1-26df3]:ComputeObjfAndGradient():combine-nnet-fast.cc:347) Objf is -0.465077, raw gradient is  [ 0.00860287 -0.00362552 -0.00100514 0.0543932 ]
VLOG[3] (nnet-combine-fast[5.3.76~1-26df3]:StepSizeIteration():optimization.cc:240) In step size iteration, function value changed -0.461238 to -0.465077
VLOG[3] (nnet-combine-fast[5.3.76~1-26df3]:StepSizeIteration():optimization.cc:323) d = 2, iter = 5, action = decrease
VLOG[2] (nnet-combine-fast[5.3.76~1-26df3]:DoBackpropParallel():nnet-update-parallel.cc:264) Did backprop on 2000 examples, average log-prob per frame is -0.461772
VLOG[2] (nnet-combine-fast[5.3.76~1-26df3]:ComputeObjfAndGradient():combine-nnet-fast.cc:347) Objf is -0.461772, raw gradient is  [ 0.00304389 -0.00122674 -7.62539e-05 0.0251583 ]
VLOG[3] (nnet-combine-fast[5.3.76~1-26df3]:StepSizeIteration():optimization.cc:240) In step size iteration, function value changed -0.461238 to -0.461772
VLOG[3] (nnet-combine-fast[5.3.76~1-26df3]:StepSizeIteration():optimization.cc:323) d = 2, iter = 5, action = decrease
LOG (nnet-combine-fast[5.3.76~1-26df3]:ComputeCurrentNnet():combine-nnet-fast.cc:373) Scale parameters are  [
  1.05801 1.33543 1.54885 1.42501 ]
LOG (nnet-combine-fast[5.3.76~1-26df3]:FastNnetCombiner():combine-nnet-fast.cc:152) Combining nnets, objf per frame changed from -0.531961 to -0.461238
LOG (nnet-combine-fast[5.3.76~1-26df3]:main():nnet-combine-fast.cc:124) Finished combining neural nets, wrote model to exp_FG/DNN_tri_8_2000_aligned_layer3_nodes256/16.mdl
# Accounting: time=4 threads=1
# Ended (code 0) at Sun Apr  1 16:40:37 CST 2018, elapsed time 4 seconds
