# nnet-shuffle-egs --buffer-size=5000 --srand=0 ark:exp_FG/DNN_tri_8_2000_aligned_layer3_nodes256/egs/egs.4.0.ark ark:- | nnet-train-parallel --num-threads=16 --minibatch-size=128 --srand=0 exp_FG/DNN_tri_8_2000_aligned_layer3_nodes256/0.mdl ark:- exp_FG/DNN_tri_8_2000_aligned_layer3_nodes256/1.4.mdl 
# Started at Sun Apr  1 16:34:53 CST 2018
#
nnet-train-parallel --num-threads=16 --minibatch-size=128 --srand=0 exp_FG/DNN_tri_8_2000_aligned_layer3_nodes256/0.mdl ark:- exp_FG/DNN_tri_8_2000_aligned_layer3_nodes256/1.4.mdl 
nnet-shuffle-egs --buffer-size=5000 --srand=0 ark:exp_FG/DNN_tri_8_2000_aligned_layer3_nodes256/egs/egs.4.0.ark ark:- 
LOG (nnet-train-parallel[5.3.76~1-26df3]:GetScalingFactor():nnet-component.cc:1535) Limiting step size to 10 using scaling factor 0.616094, for component index 4
LOG (nnet-train-parallel[5.3.76~1-26df3]:GetScalingFactor():nnet-component.cc:1535) Limiting step size to 10 using scaling factor 0.61503, for component index 4
LOG (nnet-train-parallel[5.3.76~1-26df3]:GetScalingFactor():nnet-component.cc:1535) Limiting step size to 10 using scaling factor 0.601603, for component index 4
LOG (nnet-train-parallel[5.3.76~1-26df3]:GetScalingFactor():nnet-component.cc:1535) Limiting step size to 10 using scaling factor 0.606783, for component index 4
LOG (nnet-train-parallel[5.3.76~1-26df3]:GetScalingFactor():nnet-component.cc:1535) Limiting step size to 10 using scaling factor 0.610208, for component index 4
LOG (nnet-train-parallel[5.3.76~1-26df3]:GetScalingFactor():nnet-component.cc:1535) Limiting step size to 10 using scaling factor 0.604851, for component index 4
LOG (nnet-train-parallel[5.3.76~1-26df3]:GetScalingFactor():nnet-component.cc:1535) Limiting step size to 10 using scaling factor 0.609976, for component index 4
LOG (nnet-train-parallel[5.3.76~1-26df3]:GetScalingFactor():nnet-component.cc:1535) Limiting step size to 10 using scaling factor 0.607807, for component index 4
LOG (nnet-train-parallel[5.3.76~1-26df3]:GetScalingFactor():nnet-component.cc:1535) Limiting step size to 10 using scaling factor 0.616088, for component index 4
LOG (nnet-train-parallel[5.3.76~1-26df3]:GetScalingFactor():nnet-component.cc:1535) Limiting step size to 10 using scaling factor 0.617174, for component index 4
LOG (nnet-shuffle-egs[5.3.76~1-26df3]:main():nnet-shuffle-egs.cc:102) Shuffled order of 4055 neural-network training examples using a buffer (partial randomization)
LOG (nnet-train-parallel[5.3.76~1-26df3]:DoBackpropParallel():nnet-update-parallel.cc:194) Did backprop on 4055 examples, average log-prob per frame is -4.19794
LOG (nnet-train-parallel[5.3.76~1-26df3]:DoBackpropParallel():nnet-update-parallel.cc:196) [this line is to be parsed by a script:] log-prob-per-frame=-4.19794
LOG (nnet-train-parallel[5.3.76~1-26df3]:main():nnet-train-parallel.cc:102) Finished training, processed 4055 training examples (weighted).  Wrote model to exp_FG/DNN_tri_8_2000_aligned_layer3_nodes256/1.4.mdl
# Accounting: time=2 threads=1
# Ended (code 0) at Sun Apr  1 16:34:55 CST 2018, elapsed time 2 seconds
