# gunzip -c exp_FG/DNN_tri_8_2000_aligned_layer3_nodes256/decode/depth_stats_tmp.*.gz | steps/diagnostic/analyze_lattice_depth_stats.py exp_FG/tri_8_2000/graph 
# Started at Sun Apr  1 16:43:01 CST 2018
#
The total amount of data analyzed assuming 100 frames per second is 0.1 hours
Overall, lattice depth (10,50,90-percentile)=(1,1,5) and mean=1.9
Nonsilence phones as a group account for 99.5% of frames, with lattice depth (10,50,90-percentile)=(1,1,5) and mean=1.9
Phone ao4_E accounts for 10.6% of frames, with lattice depth (10,50,90-percentile)=(3,5,6) and mean=4.6
Phone iang1_E accounts for 5.7% of frames, with lattice depth (10,50,90-percentile)=(1,4,6) and mean=3.5
Phone ang2_E accounts for 5.6% of frames, with lattice depth (10,50,90-percentile)=(1,2,2) and mean=1.6
Phone h_B accounts for 4.8% of frames, with lattice depth (10,50,90-percentile)=(1,1,1) and mean=1.0
Phone uan1_I accounts for 3.7% of frames, with lattice depth (10,50,90-percentile)=(1,1,2) and mean=1.6
Phone in2_I accounts for 3.7% of frames, with lattice depth (10,50,90-percentile)=(1,1,1) and mean=1.0
Phone y_B accounts for 3.4% of frames, with lattice depth (10,50,90-percentile)=(1,1,4) and mean=2.0
Phone iu2_I accounts for 3.4% of frames, with lattice depth (10,50,90-percentile)=(1,1,1) and mean=1.0
Phone iao2_E accounts for 3.3% of frames, with lattice depth (10,50,90-percentile)=(1,1,1) and mean=1.0
Phone ai3_E accounts for 3.3% of frames, with lattice depth (10,50,90-percentile)=(1,2,3) and mean=1.8
Phone n_B accounts for 2.7% of frames, with lattice depth (10,50,90-percentile)=(1,1,1) and mean=1.0
Phone ao3_E accounts for 2.5% of frames, with lattice depth (10,50,90-percentile)=(1,1,2) and mean=1.3
Phone a3_I accounts for 2.5% of frames, with lattice depth (10,50,90-percentile)=(1,2,3) and mean=1.8
Phone q_I accounts for 2.4% of frames, with lattice depth (10,50,90-percentile)=(1,1,1) and mean=1.0
Phone en2_E accounts for 2.4% of frames, with lattice depth (10,50,90-percentile)=(1,1,1) and mean=1.0
Phone j_B accounts for 2.3% of frames, with lattice depth (10,50,90-percentile)=(1,2,2) and mean=1.6
Phone k_B accounts for 2.2% of frames, with lattice depth (10,50,90-percentile)=(1,1,1) and mean=1.0
Phone eng4_E accounts for 2.0% of frames, with lattice depth (10,50,90-percentile)=(1,1,1) and mean=1.0
Phone eng1_E accounts for 1.9% of frames, with lattice depth (10,50,90-percentile)=(2,2,2) and mean=1.9
Phone ian2_E accounts for 1.8% of frames, with lattice depth (10,50,90-percentile)=(1,1,1) and mean=1.0
Phone e2_I accounts for 1.8% of frames, with lattice depth (10,50,90-percentile)=(1,1,1) and mean=1.0
Phone iao4_E accounts for 1.7% of frames, with lattice depth (10,50,90-percentile)=(5,5,5) and mean=5.0
Phone d_B accounts for 1.6% of frames, with lattice depth (10,50,90-percentile)=(1,2,5) and mean=3.2
Phone x_B accounts for 1.4% of frames, with lattice depth (10,50,90-percentile)=(3,4,6) and mean=4.2
Phone n_I accounts for 1.4% of frames, with lattice depth (10,50,90-percentile)=(1,1,2) and mean=1.4
Phone ai1_E accounts for 1.3% of frames, with lattice depth (10,50,90-percentile)=(1,1,1) and mean=1.0
Phone ong2_I accounts for 1.3% of frames, with lattice depth (10,50,90-percentile)=(1,1,1) and mean=1.0
Phone uo1_E accounts for 1.1% of frames, with lattice depth (10,50,90-percentile)=(1,1,2) and mean=1.4
Phone ia1_I accounts for 1.1% of frames, with lattice depth (10,50,90-percentile)=(1,2,2) and mean=1.6
Phone i4_E accounts for 1.1% of frames, with lattice depth (10,50,90-percentile)=(1,1,1) and mean=1.0
Phone u3_E accounts for 1.1% of frames, with lattice depth (10,50,90-percentile)=(1,1,1) and mean=1.0
Phone ao2_E accounts for 1.1% of frames, with lattice depth (10,50,90-percentile)=(1,1,1) and mean=1.0
Phone a2_I accounts for 1.0% of frames, with lattice depth (10,50,90-percentile)=(1,1,1) and mean=1.0
Phone t_I accounts for 0.9% of frames, with lattice depth (10,50,90-percentile)=(1,1,2) and mean=1.5
Phone u4_E accounts for 0.9% of frames, with lattice depth (10,50,90-percentile)=(2,3,3) and mean=2.9
Phone l_I accounts for 0.8% of frames, with lattice depth (10,50,90-percentile)=(1,1,1) and mean=1.0
Phone sh_B accounts for 0.8% of frames, with lattice depth (10,50,90-percentile)=(1,1,1) and mean=1.0
Phone ua1_I accounts for 0.8% of frames, with lattice depth (10,50,90-percentile)=(1,1,1) and mean=1.0
Phone b_B accounts for 0.8% of frames, with lattice depth (10,50,90-percentile)=(1,1,3) and mean=1.4
Phone f_B accounts for 0.8% of frames, with lattice depth (10,50,90-percentile)=(1,1,1) and mean=1.0
Phone g_B accounts for 0.7% of frames, with lattice depth (10,50,90-percentile)=(1,2,2) and mean=1.8
Phone uang1_I accounts for 0.7% of frames, with lattice depth (10,50,90-percentile)=(1,1,1) and mean=1.0
Phone i3_E accounts for 0.7% of frames, with lattice depth (10,50,90-percentile)=(1,1,1) and mean=1.0
Phone z_I accounts for 0.6% of frames, with lattice depth (10,50,90-percentile)=(1,1,1) and mean=1.0
Phone sh_I accounts for 0.6% of frames, with lattice depth (10,50,90-percentile)=(1,1,1) and mean=1.0
Phone ch_B accounts for 0.5% of frames, with lattice depth (10,50,90-percentile)=(1,1,1) and mean=1.0
Phone ei1_I accounts for 0.5% of frames, with lattice depth (10,50,90-percentile)=(1,1,1) and mean=1.0
Phone ai1_I accounts for 0.5% of frames, with lattice depth (10,50,90-percentile)=(1,1,1) and mean=1.0
# Accounting: time=0 threads=1
# Ended (code 0) at Sun Apr  1 16:43:01 CST 2018, elapsed time 0 seconds
