# build-tree --verbose=1 --max-leaves=2000 --cluster-thresh=-1 exp_FG/tri_8_2000/treeacc data/lang_bigram/phones/roots.int exp_FG/tri_8_2000/questions.qst data/lang_bigram/topo exp_FG/tri_8_2000/tree 
# Started at Sun Apr  1 16:30:49 CST 2018
#
build-tree --verbose=1 --max-leaves=2000 --cluster-thresh=-1 exp_FG/tri_8_2000/treeacc data/lang_bigram/phones/roots.int exp_FG/tri_8_2000/questions.qst data/lang_bigram/topo exp_FG/tri_8_2000/tree 
LOG (build-tree[5.3.76~1-26df3]:main():build-tree.cc:104) Number of separate statistics is 351
LOG (build-tree[5.3.76~1-26df3]:BuildTree():build-tree.cc:161) BuildTree: before building trees, map has 53 leaves.
LOG (build-tree[5.3.76~1-26df3]:SplitDecisionTree():build-tree-utils.cc:577) DoDecisionTreeSplit: split 297 times, #leaves now 350
LOG (build-tree[5.3.76~1-26df3]:BuildTree():build-tree.cc:187) Setting clustering threshold to smallest split 458.672
VLOG[1] (build-tree[5.3.76~1-26df3]:BuildTree():build-tree.cc:196) After decision tree split, num-leaves = 350, like-impr = 9.73037 per frame over 159786 frames.
VLOG[1] (build-tree[5.3.76~1-26df3]:BuildTree():build-tree.cc:200) Including just phones that were split, improvement is 9.73037 per frame over 159786 frames.
LOG (build-tree[5.3.76~1-26df3]:BuildTree():build-tree.cc:215) BuildTree: removed 1 leaves.
VLOG[1] (build-tree[5.3.76~1-26df3]:ClusterEventMapToNClustersRestrictedByMap():build-tree-utils.cc:916) Number of non-empty clusters in map = 53
VLOG[1] (build-tree[5.3.76~1-26df3]:ClusterEventMapToNClustersRestrictedByMap():build-tree-utils.cc:917) Number of non-empty clusters = 349
LOG (build-tree[5.3.76~1-26df3]:BuildTree():build-tree.cc:231) BuildTree: Rounded num leaves to multiple of 8 by removing 5 leaves.
VLOG[1] (build-tree[5.3.76~1-26df3]:BuildTree():build-tree.cc:256) Objf change due to clustering -0.0209155 per frame.
VLOG[1] (build-tree[5.3.76~1-26df3]:BuildTree():build-tree.cc:259) Normalizing over only split phones, this is: -0.0209155 per frame.
VLOG[1] (build-tree[5.3.76~1-26df3]:BuildTree():build-tree.cc:262) Num-leaves is now 344
VLOG[1] (build-tree[5.3.76~1-26df3]:main():build-tree.cc:143) For pdf-id 3, low count 72
VLOG[1] (build-tree[5.3.76~1-26df3]:main():build-tree.cc:143) For pdf-id 5, low count 54
VLOG[1] (build-tree[5.3.76~1-26df3]:main():build-tree.cc:143) For pdf-id 10, low count 72
VLOG[1] (build-tree[5.3.76~1-26df3]:main():build-tree.cc:143) For pdf-id 15, low count 90
VLOG[1] (build-tree[5.3.76~1-26df3]:main():build-tree.cc:143) For pdf-id 18, low count 72
VLOG[1] (build-tree[5.3.76~1-26df3]:main():build-tree.cc:143) For pdf-id 19, low count 72
VLOG[1] (build-tree[5.3.76~1-26df3]:main():build-tree.cc:143) For pdf-id 20, low count 54
VLOG[1] (build-tree[5.3.76~1-26df3]:main():build-tree.cc:143) For pdf-id 32, low count 72
VLOG[1] (build-tree[5.3.76~1-26df3]:main():build-tree.cc:143) For pdf-id 34, low count 72
VLOG[1] (build-tree[5.3.76~1-26df3]:main():build-tree.cc:143) For pdf-id 40, low count 90
VLOG[1] (build-tree[5.3.76~1-26df3]:main():build-tree.cc:143) For pdf-id 48, low count 54
VLOG[1] (build-tree[5.3.76~1-26df3]:main():build-tree.cc:143) For pdf-id 49, low count 72
VLOG[1] (build-tree[5.3.76~1-26df3]:main():build-tree.cc:143) For pdf-id 51, low count 54
VLOG[1] (build-tree[5.3.76~1-26df3]:main():build-tree.cc:143) For pdf-id 55, low count 54
VLOG[1] (build-tree[5.3.76~1-26df3]:main():build-tree.cc:143) For pdf-id 67, low count 72
VLOG[1] (build-tree[5.3.76~1-26df3]:main():build-tree.cc:143) For pdf-id 68, low count 72
VLOG[1] (build-tree[5.3.76~1-26df3]:main():build-tree.cc:143) For pdf-id 73, low count 54
VLOG[1] (build-tree[5.3.76~1-26df3]:main():build-tree.cc:143) For pdf-id 76, low count 18
VLOG[1] (build-tree[5.3.76~1-26df3]:main():build-tree.cc:143) For pdf-id 89, low count 72
VLOG[1] (build-tree[5.3.76~1-26df3]:main():build-tree.cc:143) For pdf-id 95, low count 18
VLOG[1] (build-tree[5.3.76~1-26df3]:main():build-tree.cc:143) For pdf-id 96, low count 72
VLOG[1] (build-tree[5.3.76~1-26df3]:main():build-tree.cc:143) For pdf-id 101, low count 72
VLOG[1] (build-tree[5.3.76~1-26df3]:main():build-tree.cc:143) For pdf-id 103, low count 90
VLOG[1] (build-tree[5.3.76~1-26df3]:main():build-tree.cc:143) For pdf-id 109, low count 72
VLOG[1] (build-tree[5.3.76~1-26df3]:main():build-tree.cc:143) For pdf-id 118, low count 36
VLOG[1] (build-tree[5.3.76~1-26df3]:main():build-tree.cc:143) For pdf-id 123, low count 18
VLOG[1] (build-tree[5.3.76~1-26df3]:main():build-tree.cc:143) For pdf-id 127, low count 54
VLOG[1] (build-tree[5.3.76~1-26df3]:main():build-tree.cc:143) For pdf-id 130, low count 72
VLOG[1] (build-tree[5.3.76~1-26df3]:main():build-tree.cc:143) For pdf-id 131, low count 72
VLOG[1] (build-tree[5.3.76~1-26df3]:main():build-tree.cc:143) For pdf-id 138, low count 72
VLOG[1] (build-tree[5.3.76~1-26df3]:main():build-tree.cc:143) For pdf-id 141, low count 90
VLOG[1] (build-tree[5.3.76~1-26df3]:main():build-tree.cc:143) For pdf-id 142, low count 72
VLOG[1] (build-tree[5.3.76~1-26df3]:main():build-tree.cc:143) For pdf-id 152, low count 72
VLOG[1] (build-tree[5.3.76~1-26df3]:main():build-tree.cc:143) For pdf-id 155, low count 18
VLOG[1] (build-tree[5.3.76~1-26df3]:main():build-tree.cc:143) For pdf-id 158, low count 54
VLOG[1] (build-tree[5.3.76~1-26df3]:main():build-tree.cc:143) For pdf-id 160, low count 72
VLOG[1] (build-tree[5.3.76~1-26df3]:main():build-tree.cc:143) For pdf-id 164, low count 72
VLOG[1] (build-tree[5.3.76~1-26df3]:main():build-tree.cc:143) For pdf-id 170, low count 54
VLOG[1] (build-tree[5.3.76~1-26df3]:main():build-tree.cc:143) For pdf-id 174, low count 72
VLOG[1] (build-tree[5.3.76~1-26df3]:main():build-tree.cc:143) For pdf-id 177, low count 54
VLOG[1] (build-tree[5.3.76~1-26df3]:main():build-tree.cc:143) For pdf-id 178, low count 18
VLOG[1] (build-tree[5.3.76~1-26df3]:main():build-tree.cc:143) For pdf-id 183, low count 18
VLOG[1] (build-tree[5.3.76~1-26df3]:main():build-tree.cc:143) For pdf-id 189, low count 72
VLOG[1] (build-tree[5.3.76~1-26df3]:main():build-tree.cc:143) For pdf-id 190, low count 90
VLOG[1] (build-tree[5.3.76~1-26df3]:main():build-tree.cc:143) For pdf-id 191, low count 36
VLOG[1] (build-tree[5.3.76~1-26df3]:main():build-tree.cc:143) For pdf-id 205, low count 18
VLOG[1] (build-tree[5.3.76~1-26df3]:main():build-tree.cc:143) For pdf-id 206, low count 90
VLOG[1] (build-tree[5.3.76~1-26df3]:main():build-tree.cc:143) For pdf-id 208, low count 90
VLOG[1] (build-tree[5.3.76~1-26df3]:main():build-tree.cc:143) For pdf-id 210, low count 72
VLOG[1] (build-tree[5.3.76~1-26df3]:main():build-tree.cc:143) For pdf-id 211, low count 90
VLOG[1] (build-tree[5.3.76~1-26df3]:main():build-tree.cc:143) For pdf-id 220, low count 18
VLOG[1] (build-tree[5.3.76~1-26df3]:main():build-tree.cc:143) For pdf-id 221, low count 36
VLOG[1] (build-tree[5.3.76~1-26df3]:main():build-tree.cc:143) For pdf-id 222, low count 36
VLOG[1] (build-tree[5.3.76~1-26df3]:main():build-tree.cc:143) For pdf-id 223, low count 54
VLOG[1] (build-tree[5.3.76~1-26df3]:main():build-tree.cc:143) For pdf-id 224, low count 54
VLOG[1] (build-tree[5.3.76~1-26df3]:main():build-tree.cc:143) For pdf-id 234, low count 18
VLOG[1] (build-tree[5.3.76~1-26df3]:main():build-tree.cc:143) For pdf-id 235, low count 18
VLOG[1] (build-tree[5.3.76~1-26df3]:main():build-tree.cc:143) For pdf-id 236, low count 36
VLOG[1] (build-tree[5.3.76~1-26df3]:main():build-tree.cc:143) For pdf-id 239, low count 18
VLOG[1] (build-tree[5.3.76~1-26df3]:main():build-tree.cc:143) For pdf-id 241, low count 18
VLOG[1] (build-tree[5.3.76~1-26df3]:main():build-tree.cc:143) For pdf-id 243, low count 54
VLOG[1] (build-tree[5.3.76~1-26df3]:main():build-tree.cc:143) For pdf-id 245, low count 54
VLOG[1] (build-tree[5.3.76~1-26df3]:main():build-tree.cc:143) For pdf-id 248, low count 36
VLOG[1] (build-tree[5.3.76~1-26df3]:main():build-tree.cc:143) For pdf-id 249, low count 72
VLOG[1] (build-tree[5.3.76~1-26df3]:main():build-tree.cc:143) For pdf-id 250, low count 90
VLOG[1] (build-tree[5.3.76~1-26df3]:main():build-tree.cc:143) For pdf-id 251, low count 36
VLOG[1] (build-tree[5.3.76~1-26df3]:main():build-tree.cc:143) For pdf-id 252, low count 72
VLOG[1] (build-tree[5.3.76~1-26df3]:main():build-tree.cc:143) For pdf-id 253, low count 54
VLOG[1] (build-tree[5.3.76~1-26df3]:main():build-tree.cc:143) For pdf-id 254, low count 72
VLOG[1] (build-tree[5.3.76~1-26df3]:main():build-tree.cc:143) For pdf-id 264, low count 72
VLOG[1] (build-tree[5.3.76~1-26df3]:main():build-tree.cc:143) For pdf-id 271, low count 90
VLOG[1] (build-tree[5.3.76~1-26df3]:main():build-tree.cc:143) For pdf-id 273, low count 18
VLOG[1] (build-tree[5.3.76~1-26df3]:main():build-tree.cc:143) For pdf-id 276, low count 72
VLOG[1] (build-tree[5.3.76~1-26df3]:main():build-tree.cc:143) For pdf-id 281, low count 90
VLOG[1] (build-tree[5.3.76~1-26df3]:main():build-tree.cc:143) For pdf-id 283, low count 72
VLOG[1] (build-tree[5.3.76~1-26df3]:main():build-tree.cc:143) For pdf-id 284, low count 54
VLOG[1] (build-tree[5.3.76~1-26df3]:main():build-tree.cc:143) For pdf-id 287, low count 72
VLOG[1] (build-tree[5.3.76~1-26df3]:main():build-tree.cc:143) For pdf-id 288, low count 90
VLOG[1] (build-tree[5.3.76~1-26df3]:main():build-tree.cc:143) For pdf-id 292, low count 54
VLOG[1] (build-tree[5.3.76~1-26df3]:main():build-tree.cc:143) For pdf-id 293, low count 90
VLOG[1] (build-tree[5.3.76~1-26df3]:main():build-tree.cc:143) For pdf-id 297, low count 72
VLOG[1] (build-tree[5.3.76~1-26df3]:main():build-tree.cc:143) For pdf-id 299, low count 72
VLOG[1] (build-tree[5.3.76~1-26df3]:main():build-tree.cc:143) For pdf-id 300, low count 90
VLOG[1] (build-tree[5.3.76~1-26df3]:main():build-tree.cc:143) For pdf-id 302, low count 72
VLOG[1] (build-tree[5.3.76~1-26df3]:main():build-tree.cc:143) For pdf-id 311, low count 90
VLOG[1] (build-tree[5.3.76~1-26df3]:main():build-tree.cc:143) For pdf-id 313, low count 90
VLOG[1] (build-tree[5.3.76~1-26df3]:main():build-tree.cc:143) For pdf-id 315, low count 72
VLOG[1] (build-tree[5.3.76~1-26df3]:main():build-tree.cc:143) For pdf-id 317, low count 54
VLOG[1] (build-tree[5.3.76~1-26df3]:main():build-tree.cc:143) For pdf-id 323, low count 54
VLOG[1] (build-tree[5.3.76~1-26df3]:main():build-tree.cc:143) For pdf-id 324, low count 90
VLOG[1] (build-tree[5.3.76~1-26df3]:main():build-tree.cc:143) For pdf-id 326, low count 72
VLOG[1] (build-tree[5.3.76~1-26df3]:main():build-tree.cc:143) For pdf-id 336, low count 54
WARNING (build-tree[5.3.76~1-26df3]:main():build-tree.cc:185) Saw no stats for following phones: 2 3 4 5 6 7 9 10 11 13 14 17 18 20 21 22 24 25 26 28 29 30 32 33 34 36 37 38 40 41 43 45 47 48 49 51 53 54 55 57 58 59 61 62 64 65 66 68 69 70 72 73 74 75 76 79 80 81 83 85 87 88 89 90 92 93 94 96 97 98 99 101 102 104 105 106 108 109 110 112 113 114 116 117 118 119 121 122 123 125 127 128 129 131 133 134 135 137 138 139 141 143 145 146 147 149 150 151 153 155 156 157 159 161 162 163 164 166 167 169 170 172 173 174 176 177 178 179 181 182 183 185 186 187 189 190 192 193 194 195 196 199 200 201 203 204 205 206 207 208 210 211 213 
LOG (build-tree[5.3.76~1-26df3]:main():build-tree.cc:189) Wrote tree
# Accounting: time=1 threads=1
# Ended (code 0) at Sun Apr  1 16:30:50 CST 2018, elapsed time 1 seconds
