# gmm-init-model --write-occs=exp_FG/tri_8_2000/1.occs exp_FG/tri_8_2000/tree exp_FG/tri_8_2000/treeacc data/lang_bigram/topo exp_FG/tri_8_2000/1.mdl 
# Started at Sun Apr  1 16:30:50 CST 2018
#
gmm-init-model --write-occs=exp_FG/tri_8_2000/1.occs exp_FG/tri_8_2000/tree exp_FG/tri_8_2000/treeacc data/lang_bigram/topo exp_FG/tri_8_2000/1.mdl 
LOG (gmm-init-model[5.3.76~1-26df3]:main():gmm-init-model.cc:271) Number of separate statistics is 351
WARNING (gmm-init-model[5.3.76~1-26df3]:InitAmGmm():gmm-init-model.cc:83) Very small count for state 3: 72; corresponding phone list: 14 15 16 17 
WARNING (gmm-init-model[5.3.76~1-26df3]:InitAmGmm():gmm-init-model.cc:83) Very small count for state 5: 54; corresponding phone list: 22 23 24 25 
WARNING (gmm-init-model[5.3.76~1-26df3]:InitAmGmm():gmm-init-model.cc:83) Very small count for state 10: 72; corresponding phone list: 42 43 44 45 
WARNING (gmm-init-model[5.3.76~1-26df3]:InitAmGmm():gmm-init-model.cc:83) Very small count for state 15: 90; corresponding phone list: 62 63 64 65 
WARNING (gmm-init-model[5.3.76~1-26df3]:InitAmGmm():gmm-init-model.cc:83) Very small count for state 18: 72; corresponding phone list: 74 75 76 77 
WARNING (gmm-init-model[5.3.76~1-26df3]:InitAmGmm():gmm-init-model.cc:83) Very small count for state 19: 72; corresponding phone list: 78 79 80 81 
WARNING (gmm-init-model[5.3.76~1-26df3]:InitAmGmm():gmm-init-model.cc:83) Very small count for state 20: 54; corresponding phone list: 82 83 84 85 
WARNING (gmm-init-model[5.3.76~1-26df3]:InitAmGmm():gmm-init-model.cc:83) Very small count for state 32: 72; corresponding phone list: 130 131 132 133 
WARNING (gmm-init-model[5.3.76~1-26df3]:InitAmGmm():gmm-init-model.cc:83) Very small count for state 34: 72; corresponding phone list: 138 139 140 141 
WARNING (gmm-init-model[5.3.76~1-26df3]:InitAmGmm():gmm-init-model.cc:83) Very small count for state 40: 90; corresponding phone list: 162 163 164 165 
WARNING (gmm-init-model[5.3.76~1-26df3]:InitAmGmm():gmm-init-model.cc:83) Very small count for state 48: 54; corresponding phone list: 194 195 196 197 
WARNING (gmm-init-model[5.3.76~1-26df3]:InitAmGmm():gmm-init-model.cc:83) Very small count for state 49: 72; corresponding phone list: 198 199 200 201 
WARNING (gmm-init-model[5.3.76~1-26df3]:InitAmGmm():gmm-init-model.cc:83) Very small count for state 51: 54; corresponding phone list: 206 207 208 209 
WARNING (gmm-init-model[5.3.76~1-26df3]:InitAmGmm():gmm-init-model.cc:83) Very small count for state 55: 54; corresponding phone list: 86 87 88 89 
WARNING (gmm-init-model[5.3.76~1-26df3]:InitAmGmm():gmm-init-model.cc:83) Very small count for state 67: 72; corresponding phone list: 182 183 184 185 
WARNING (gmm-init-model[5.3.76~1-26df3]:InitAmGmm():gmm-init-model.cc:83) Very small count for state 68: 72; corresponding phone list: 18 19 20 21 
WARNING (gmm-init-model[5.3.76~1-26df3]:InitAmGmm():gmm-init-model.cc:83) Very small count for state 73: 54; corresponding phone list: 66 67 68 69 
WARNING (gmm-init-model[5.3.76~1-26df3]:InitAmGmm():gmm-init-model.cc:83) Very small count for state 76: 18; corresponding phone list: 50 51 52 53 
WARNING (gmm-init-model[5.3.76~1-26df3]:InitAmGmm():gmm-init-model.cc:83) Very small count for state 89: 72; corresponding phone list: 42 43 44 45 
WARNING (gmm-init-model[5.3.76~1-26df3]:InitAmGmm():gmm-init-model.cc:83) Very small count for state 95: 18; corresponding phone list: 90 91 92 93 
WARNING (gmm-init-model[5.3.76~1-26df3]:InitAmGmm():gmm-init-model.cc:83) Very small count for state 96: 72; corresponding phone list: 50 51 52 53 
WARNING (gmm-init-model[5.3.76~1-26df3]:InitAmGmm():gmm-init-model.cc:83) Very small count for state 101: 72; corresponding phone list: 14 15 16 17 
WARNING (gmm-init-model[5.3.76~1-26df3]:InitAmGmm():gmm-init-model.cc:83) Very small count for state 103: 90; corresponding phone list: 14 15 16 17 
WARNING (gmm-init-model[5.3.76~1-26df3]:InitAmGmm():gmm-init-model.cc:83) Very small count for state 109: 72; corresponding phone list: 78 79 80 81 
WARNING (gmm-init-model[5.3.76~1-26df3]:InitAmGmm():gmm-init-model.cc:83) Very small count for state 118: 36; corresponding phone list: 14 15 16 17 
WARNING (gmm-init-model[5.3.76~1-26df3]:InitAmGmm():gmm-init-model.cc:83) Very small count for state 123: 18; corresponding phone list: 94 95 96 97 
WARNING (gmm-init-model[5.3.76~1-26df3]:InitAmGmm():gmm-init-model.cc:83) Very small count for state 127: 54; corresponding phone list: 110 111 112 113 
WARNING (gmm-init-model[5.3.76~1-26df3]:InitAmGmm():gmm-init-model.cc:83) Very small count for state 130: 72; corresponding phone list: 50 51 52 53 
WARNING (gmm-init-model[5.3.76~1-26df3]:InitAmGmm():gmm-init-model.cc:83) Very small count for state 131: 72; corresponding phone list: 130 131 132 133 
WARNING (gmm-init-model[5.3.76~1-26df3]:InitAmGmm():gmm-init-model.cc:83) Very small count for state 138: 72; corresponding phone list: 150 151 152 153 
WARNING (gmm-init-model[5.3.76~1-26df3]:InitAmGmm():gmm-init-model.cc:83) Very small count for state 141: 90; corresponding phone list: 18 19 20 21 
WARNING (gmm-init-model[5.3.76~1-26df3]:InitAmGmm():gmm-init-model.cc:83) Very small count for state 142: 72; corresponding phone list: 34 35 36 37 
WARNING (gmm-init-model[5.3.76~1-26df3]:InitAmGmm():gmm-init-model.cc:83) Very small count for state 152: 72; corresponding phone list: 50 51 52 53 
WARNING (gmm-init-model[5.3.76~1-26df3]:InitAmGmm():gmm-init-model.cc:83) Very small count for state 155: 18; corresponding phone list: 90 91 92 93 
WARNING (gmm-init-model[5.3.76~1-26df3]:InitAmGmm():gmm-init-model.cc:83) Very small count for state 158: 54; corresponding phone list: 34 35 36 37 
WARNING (gmm-init-model[5.3.76~1-26df3]:InitAmGmm():gmm-init-model.cc:83) Very small count for state 160: 72; corresponding phone list: 162 163 164 165 
WARNING (gmm-init-model[5.3.76~1-26df3]:InitAmGmm():gmm-init-model.cc:83) Very small count for state 164: 72; corresponding phone list: 10 11 12 13 
WARNING (gmm-init-model[5.3.76~1-26df3]:InitAmGmm():gmm-init-model.cc:83) Very small count for state 170: 54; corresponding phone list: 198 199 200 201 
WARNING (gmm-init-model[5.3.76~1-26df3]:InitAmGmm():gmm-init-model.cc:83) Very small count for state 174: 72; corresponding phone list: 50 51 52 53 
WARNING (gmm-init-model[5.3.76~1-26df3]:InitAmGmm():gmm-init-model.cc:83) Very small count for state 177: 54; corresponding phone list: 14 15 16 17 
WARNING (gmm-init-model[5.3.76~1-26df3]:InitAmGmm():gmm-init-model.cc:83) Very small count for state 178: 18; corresponding phone list: 42 43 44 45 
WARNING (gmm-init-model[5.3.76~1-26df3]:InitAmGmm():gmm-init-model.cc:83) Very small count for state 183: 18; corresponding phone list: 14 15 16 17 
WARNING (gmm-init-model[5.3.76~1-26df3]:InitAmGmm():gmm-init-model.cc:83) Very small count for state 189: 72; corresponding phone list: 50 51 52 53 
WARNING (gmm-init-model[5.3.76~1-26df3]:InitAmGmm():gmm-init-model.cc:83) Very small count for state 190: 90; corresponding phone list: 50 51 52 53 
WARNING (gmm-init-model[5.3.76~1-26df3]:InitAmGmm():gmm-init-model.cc:83) Very small count for state 191: 36; corresponding phone list: 50 51 52 53 
WARNING (gmm-init-model[5.3.76~1-26df3]:InitAmGmm():gmm-init-model.cc:83) Very small count for state 205: 18; corresponding phone list: 46 47 48 49 
WARNING (gmm-init-model[5.3.76~1-26df3]:InitAmGmm():gmm-init-model.cc:83) Very small count for state 206: 90; corresponding phone list: 198 199 200 201 
WARNING (gmm-init-model[5.3.76~1-26df3]:InitAmGmm():gmm-init-model.cc:83) Very small count for state 208: 90; corresponding phone list: 154 155 156 157 
WARNING (gmm-init-model[5.3.76~1-26df3]:InitAmGmm():gmm-init-model.cc:83) Very small count for state 210: 72; corresponding phone list: 42 43 44 45 
WARNING (gmm-init-model[5.3.76~1-26df3]:InitAmGmm():gmm-init-model.cc:83) Very small count for state 211: 90; corresponding phone list: 42 43 44 45 
WARNING (gmm-init-model[5.3.76~1-26df3]:InitAmGmm():gmm-init-model.cc:83) Very small count for state 220: 18; corresponding phone list: 46 47 48 49 
WARNING (gmm-init-model[5.3.76~1-26df3]:InitAmGmm():gmm-init-model.cc:83) Very small count for state 221: 36; corresponding phone list: 46 47 48 49 
WARNING (gmm-init-model[5.3.76~1-26df3]:InitAmGmm():gmm-init-model.cc:83) Very small count for state 222: 36; corresponding phone list: 46 47 48 49 
WARNING (gmm-init-model[5.3.76~1-26df3]:InitAmGmm():gmm-init-model.cc:83) Very small count for state 223: 54; corresponding phone list: 50 51 52 53 
WARNING (gmm-init-model[5.3.76~1-26df3]:InitAmGmm():gmm-init-model.cc:83) Very small count for state 224: 54; corresponding phone list: 198 199 200 201 
WARNING (gmm-init-model[5.3.76~1-26df3]:InitAmGmm():gmm-init-model.cc:83) Very small count for state 234: 18; corresponding phone list: 42 43 44 45 
WARNING (gmm-init-model[5.3.76~1-26df3]:InitAmGmm():gmm-init-model.cc:83) Very small count for state 235: 18; corresponding phone list: 42 43 44 45 
WARNING (gmm-init-model[5.3.76~1-26df3]:InitAmGmm():gmm-init-model.cc:83) Very small count for state 236: 36; corresponding phone list: 50 51 52 53 
WARNING (gmm-init-model[5.3.76~1-26df3]:InitAmGmm():gmm-init-model.cc:83) Very small count for state 239: 18; corresponding phone list: 42 43 44 45 
WARNING (gmm-init-model[5.3.76~1-26df3]:InitAmGmm():gmm-init-model.cc:83) Very small count for state 241: 18; corresponding phone list: 42 43 44 45 
WARNING (gmm-init-model[5.3.76~1-26df3]:InitAmGmm():gmm-init-model.cc:83) Very small count for state 243: 54; corresponding phone list: 206 207 208 209 
WARNING (gmm-init-model[5.3.76~1-26df3]:InitAmGmm():gmm-init-model.cc:83) Very small count for state 245: 54; corresponding phone list: 22 23 24 25 
WARNING (gmm-init-model[5.3.76~1-26df3]:InitAmGmm():gmm-init-model.cc:83) Very small count for state 248: 36; corresponding phone list: 46 47 48 49 
WARNING (gmm-init-model[5.3.76~1-26df3]:InitAmGmm():gmm-init-model.cc:83) Very small count for state 249: 72; corresponding phone list: 46 47 48 49 
WARNING (gmm-init-model[5.3.76~1-26df3]:InitAmGmm():gmm-init-model.cc:83) Very small count for state 250: 90; corresponding phone list: 46 47 48 49 
WARNING (gmm-init-model[5.3.76~1-26df3]:InitAmGmm():gmm-init-model.cc:83) Very small count for state 251: 36; corresponding phone list: 50 51 52 53 
WARNING (gmm-init-model[5.3.76~1-26df3]:InitAmGmm():gmm-init-model.cc:83) Very small count for state 252: 72; corresponding phone list: 74 75 76 77 
WARNING (gmm-init-model[5.3.76~1-26df3]:InitAmGmm():gmm-init-model.cc:83) Very small count for state 253: 54; corresponding phone list: 194 195 196 197 
WARNING (gmm-init-model[5.3.76~1-26df3]:InitAmGmm():gmm-init-model.cc:83) Very small count for state 254: 72; corresponding phone list: 42 43 44 45 
WARNING (gmm-init-model[5.3.76~1-26df3]:InitAmGmm():gmm-init-model.cc:83) Very small count for state 264: 72; corresponding phone list: 182 183 184 185 
WARNING (gmm-init-model[5.3.76~1-26df3]:InitAmGmm():gmm-init-model.cc:83) Very small count for state 271: 90; corresponding phone list: 14 15 16 17 
WARNING (gmm-init-model[5.3.76~1-26df3]:InitAmGmm():gmm-init-model.cc:83) Very small count for state 273: 18; corresponding phone list: 50 51 52 53 
WARNING (gmm-init-model[5.3.76~1-26df3]:InitAmGmm():gmm-init-model.cc:83) Very small count for state 276: 72; corresponding phone list: 130 131 132 133 
WARNING (gmm-init-model[5.3.76~1-26df3]:InitAmGmm():gmm-init-model.cc:83) Very small count for state 281: 90; corresponding phone list: 50 51 52 53 
WARNING (gmm-init-model[5.3.76~1-26df3]:InitAmGmm():gmm-init-model.cc:83) Very small count for state 283: 72; corresponding phone list: 198 199 200 201 
WARNING (gmm-init-model[5.3.76~1-26df3]:InitAmGmm():gmm-init-model.cc:83) Very small count for state 284: 54; corresponding phone list: 198 199 200 201 
WARNING (gmm-init-model[5.3.76~1-26df3]:InitAmGmm():gmm-init-model.cc:83) Very small count for state 287: 72; corresponding phone list: 42 43 44 45 
WARNING (gmm-init-model[5.3.76~1-26df3]:InitAmGmm():gmm-init-model.cc:83) Very small count for state 288: 90; corresponding phone list: 46 47 48 49 
WARNING (gmm-init-model[5.3.76~1-26df3]:InitAmGmm():gmm-init-model.cc:83) Very small count for state 292: 54; corresponding phone list: 206 207 208 209 
WARNING (gmm-init-model[5.3.76~1-26df3]:InitAmGmm():gmm-init-model.cc:83) Very small count for state 293: 90; corresponding phone list: 198 199 200 201 
WARNING (gmm-init-model[5.3.76~1-26df3]:InitAmGmm():gmm-init-model.cc:83) Very small count for state 297: 72; corresponding phone list: 194 195 196 197 
WARNING (gmm-init-model[5.3.76~1-26df3]:InitAmGmm():gmm-init-model.cc:83) Very small count for state 299: 72; corresponding phone list: 78 79 80 81 
WARNING (gmm-init-model[5.3.76~1-26df3]:InitAmGmm():gmm-init-model.cc:83) Very small count for state 300: 90; corresponding phone list: 18 19 20 21 
WARNING (gmm-init-model[5.3.76~1-26df3]:InitAmGmm():gmm-init-model.cc:83) Very small count for state 302: 72; corresponding phone list: 66 67 68 69 
WARNING (gmm-init-model[5.3.76~1-26df3]:InitAmGmm():gmm-init-model.cc:83) Very small count for state 311: 90; corresponding phone list: 198 199 200 201 
WARNING (gmm-init-model[5.3.76~1-26df3]:InitAmGmm():gmm-init-model.cc:83) Very small count for state 313: 90; corresponding phone list: 138 139 140 141 
WARNING (gmm-init-model[5.3.76~1-26df3]:InitAmGmm():gmm-init-model.cc:83) Very small count for state 315: 72; corresponding phone list: 22 23 24 25 
WARNING (gmm-init-model[5.3.76~1-26df3]:InitAmGmm():gmm-init-model.cc:83) Very small count for state 317: 54; corresponding phone list: 74 75 76 77 
WARNING (gmm-init-model[5.3.76~1-26df3]:InitAmGmm():gmm-init-model.cc:83) Very small count for state 323: 54; corresponding phone list: 154 155 156 157 
WARNING (gmm-init-model[5.3.76~1-26df3]:InitAmGmm():gmm-init-model.cc:83) Very small count for state 324: 90; corresponding phone list: 182 183 184 185 
WARNING (gmm-init-model[5.3.76~1-26df3]:InitAmGmm():gmm-init-model.cc:83) Very small count for state 326: 72; corresponding phone list: 10 11 12 13 
WARNING (gmm-init-model[5.3.76~1-26df3]:InitAmGmm():gmm-init-model.cc:83) Very small count for state 336: 54; corresponding phone list: 66 67 68 69 
LOG (gmm-init-model[5.3.76~1-26df3]:main():gmm-init-model.cc:306) Wrote model.
# Accounting: time=0 threads=1
# Ended (code 0) at Sun Apr  1 16:30:50 CST 2018, elapsed time 0 seconds
