# gmm-est --mix-up=12080 --power=0.25 --write-occs=exp_FG/tri_8_2000/20.occs exp_FG/tri_8_2000/19.mdl "gmm-sum-accs - exp_FG/tri_8_2000/19.*.acc |" exp_FG/tri_8_2000/20.mdl 
# Started at Sun Apr  1 16:32:02 CST 2018
#
gmm-est --mix-up=12080 --power=0.25 --write-occs=exp_FG/tri_8_2000/20.occs exp_FG/tri_8_2000/19.mdl 'gmm-sum-accs - exp_FG/tri_8_2000/19.*.acc |' exp_FG/tri_8_2000/20.mdl 
gmm-sum-accs - exp_FG/tri_8_2000/19.1.acc exp_FG/tri_8_2000/19.10.acc exp_FG/tri_8_2000/19.11.acc exp_FG/tri_8_2000/19.12.acc exp_FG/tri_8_2000/19.13.acc exp_FG/tri_8_2000/19.14.acc exp_FG/tri_8_2000/19.15.acc exp_FG/tri_8_2000/19.16.acc exp_FG/tri_8_2000/19.17.acc exp_FG/tri_8_2000/19.18.acc exp_FG/tri_8_2000/19.2.acc exp_FG/tri_8_2000/19.3.acc exp_FG/tri_8_2000/19.4.acc exp_FG/tri_8_2000/19.5.acc exp_FG/tri_8_2000/19.6.acc exp_FG/tri_8_2000/19.7.acc exp_FG/tri_8_2000/19.8.acc exp_FG/tri_8_2000/19.9.acc 
LOG (gmm-sum-accs[5.3.76~1-26df3]:main():gmm-sum-accs.cc:63) Summed 18 stats, total count 159786, avg like/frame 2.23565
LOG (gmm-sum-accs[5.3.76~1-26df3]:main():gmm-sum-accs.cc:66) Total count of stats is 159786
LOG (gmm-sum-accs[5.3.76~1-26df3]:main():gmm-sum-accs.cc:67) Written stats to -
LOG (gmm-est[5.3.76~1-26df3]:MleUpdate():transition-model.cc:517) TransitionModel::Update, objf change is 0 per frame over 159786 frames. 
LOG (gmm-est[5.3.76~1-26df3]:MleUpdate():transition-model.cc:520) 57 probabilities floored, 1044 out of 1391 transition-states skipped due to insuffient data (it is normal to have some skipped.)
LOG (gmm-est[5.3.76~1-26df3]:main():gmm-est.cc:102) Transition model update: Overall 0 log-like improvement per frame over 159786 frames.
LOG (gmm-est[5.3.76~1-26df3]:MleAmDiagGmmUpdate():mle-am-diag-gmm.cc:225) 38700 variance elements floored in 6789 Gaussians, out of 7818
LOG (gmm-est[5.3.76~1-26df3]:MleAmDiagGmmUpdate():mle-am-diag-gmm.cc:229) Removed 0 Gaussians due to counts < --min-gaussian-occupancy=10 and --remove-low-count-gaussians=true
LOG (gmm-est[5.3.76~1-26df3]:main():gmm-est.cc:113) GMM update: Overall 0.00415556 objective function improvement per frame over 159786 frames
LOG (gmm-est[5.3.76~1-26df3]:main():gmm-est.cc:116) GMM update: Overall avg like per frame = 2.23565 over 159786 frames.
WARNING (gmm-est[5.3.76~1-26df3]:GetSplitTargets():model-common.cc:134) Could not split up to 12080 due to min-count = 20 (or no counts at all)
LOG (gmm-est[5.3.76~1-26df3]:SplitByCount():am-diag-gmm.cc:116) Split 344 states with target = 12080, power = 0.25, perturb_factor = 0.01 and min_count = 20, split #Gauss from 7818 to 7818
LOG (gmm-est[5.3.76~1-26df3]:main():gmm-est.cc:146) Written model to exp_FG/tri_8_2000/20.mdl
# Accounting: time=0 threads=1
# Ended (code 0) at Sun Apr  1 16:32:02 CST 2018, elapsed time 0 seconds
