# gmm-est --mix-up=9280 --power=0.25 --write-occs=exp_FG/tri_8_2000/15.occs exp_FG/tri_8_2000/14.mdl "gmm-sum-accs - exp_FG/tri_8_2000/14.*.acc |" exp_FG/tri_8_2000/15.mdl 
# Started at Sun Apr  1 16:31:46 CST 2018
#
gmm-est --mix-up=9280 --power=0.25 --write-occs=exp_FG/tri_8_2000/15.occs exp_FG/tri_8_2000/14.mdl 'gmm-sum-accs - exp_FG/tri_8_2000/14.*.acc |' exp_FG/tri_8_2000/15.mdl 
gmm-sum-accs - exp_FG/tri_8_2000/14.1.acc exp_FG/tri_8_2000/14.10.acc exp_FG/tri_8_2000/14.11.acc exp_FG/tri_8_2000/14.12.acc exp_FG/tri_8_2000/14.13.acc exp_FG/tri_8_2000/14.14.acc exp_FG/tri_8_2000/14.15.acc exp_FG/tri_8_2000/14.16.acc exp_FG/tri_8_2000/14.17.acc exp_FG/tri_8_2000/14.18.acc exp_FG/tri_8_2000/14.2.acc exp_FG/tri_8_2000/14.3.acc exp_FG/tri_8_2000/14.4.acc exp_FG/tri_8_2000/14.5.acc exp_FG/tri_8_2000/14.6.acc exp_FG/tri_8_2000/14.7.acc exp_FG/tri_8_2000/14.8.acc exp_FG/tri_8_2000/14.9.acc 
LOG (gmm-sum-accs[5.3.76~1-26df3]:main():gmm-sum-accs.cc:63) Summed 18 stats, total count 159786, avg like/frame -2.95425
LOG (gmm-sum-accs[5.3.76~1-26df3]:main():gmm-sum-accs.cc:66) Total count of stats is 159786
LOG (gmm-sum-accs[5.3.76~1-26df3]:main():gmm-sum-accs.cc:67) Written stats to -
LOG (gmm-est[5.3.76~1-26df3]:MleUpdate():transition-model.cc:517) TransitionModel::Update, objf change is 0 per frame over 159786 frames. 
LOG (gmm-est[5.3.76~1-26df3]:MleUpdate():transition-model.cc:520) 57 probabilities floored, 1044 out of 1391 transition-states skipped due to insuffient data (it is normal to have some skipped.)
LOG (gmm-est[5.3.76~1-26df3]:main():gmm-est.cc:102) Transition model update: Overall 0 log-like improvement per frame over 159786 frames.
WARNING (gmm-est[5.3.76~1-26df3]:MleDiagGmmUpdate():mle-diag-gmm.cc:359) Too little data - removing Gaussian (weight 0.001149, occupation count 5.377508, vector size 39)
WARNING (gmm-est[5.3.76~1-26df3]:MleDiagGmmUpdate():mle-diag-gmm.cc:359) Too little data - removing Gaussian (weight 0.001901, occupation count 8.897244, vector size 39)
WARNING (gmm-est[5.3.76~1-26df3]:MleDiagGmmUpdate():mle-diag-gmm.cc:359) Too little data - removing Gaussian (weight 0.001291, occupation count 6.041599, vector size 39)
WARNING (gmm-est[5.3.76~1-26df3]:MleDiagGmmUpdate():mle-diag-gmm.cc:359) Too little data - removing Gaussian (weight 0.001746, occupation count 8.173490, vector size 39)
WARNING (gmm-est[5.3.76~1-26df3]:MleDiagGmmUpdate():mle-diag-gmm.cc:359) Too little data - removing Gaussian (weight 0.000494, occupation count 2.311345, vector size 39)
WARNING (gmm-est[5.3.76~1-26df3]:MleDiagGmmUpdate():mle-diag-gmm.cc:359) Too little data - removing Gaussian (weight 0.001424, occupation count 6.665780, vector size 39)
WARNING (gmm-est[5.3.76~1-26df3]:MleDiagGmmUpdate():mle-diag-gmm.cc:359) Too little data - removing Gaussian (weight 0.000642, occupation count 3.002319, vector size 39)
WARNING (gmm-est[5.3.76~1-26df3]:MleDiagGmmUpdate():mle-diag-gmm.cc:359) Too little data - removing Gaussian (weight 0.001931, occupation count 9.035921, vector size 39)
WARNING (gmm-est[5.3.76~1-26df3]:MleDiagGmmUpdate():mle-diag-gmm.cc:359) Too little data - removing Gaussian (weight 0.001304, occupation count 6.102929, vector size 39)
WARNING (gmm-est[5.3.76~1-26df3]:MleDiagGmmUpdate():mle-diag-gmm.cc:359) Too little data - removing Gaussian (weight 0.001959, occupation count 7.005001, vector size 39)
WARNING (gmm-est[5.3.76~1-26df3]:MleDiagGmmUpdate():mle-diag-gmm.cc:359) Too little data - removing Gaussian (weight 0.002517, occupation count 9.000000, vector size 39)
WARNING (gmm-est[5.3.76~1-26df3]:MleDiagGmmUpdate():mle-diag-gmm.cc:359) Too little data - removing Gaussian (weight 0.000859, occupation count 2.921427, vector size 39)
WARNING (gmm-est[5.3.76~1-26df3]:MleDiagGmmUpdate():mle-diag-gmm.cc:359) Too little data - removing Gaussian (weight 0.001089, occupation count 3.703625, vector size 39)
WARNING (gmm-est[5.3.76~1-26df3]:MleDiagGmmUpdate():mle-diag-gmm.cc:359) Too little data - removing Gaussian (weight 0.000009, occupation count 0.031700, vector size 39)
WARNING (gmm-est[5.3.76~1-26df3]:MleDiagGmmUpdate():mle-diag-gmm.cc:359) Too little data - removing Gaussian (weight 0.001971, occupation count 8.301911, vector size 39)
WARNING (gmm-est[5.3.76~1-26df3]:MleDiagGmmUpdate():mle-diag-gmm.cc:359) Too little data - removing Gaussian (weight 0.000061, occupation count 0.257783, vector size 39)
WARNING (gmm-est[5.3.76~1-26df3]:MleDiagGmmUpdate():mle-diag-gmm.cc:359) Too little data - removing Gaussian (weight 0.002302, occupation count 9.698089, vector size 39)
WARNING (gmm-est[5.3.76~1-26df3]:MleDiagGmmUpdate():mle-diag-gmm.cc:359) Too little data - removing Gaussian (weight 0.000560, occupation count 3.178248, vector size 39)
WARNING (gmm-est[5.3.76~1-26df3]:MleDiagGmmUpdate():mle-diag-gmm.cc:359) Too little data - removing Gaussian (weight 0.000927, occupation count 5.260287, vector size 39)
WARNING (gmm-est[5.3.76~1-26df3]:MleDiagGmmUpdate():mle-diag-gmm.cc:359) Too little data - removing Gaussian (weight 0.001086, occupation count 6.163650, vector size 39)
WARNING (gmm-est[5.3.76~1-26df3]:MleDiagGmmUpdate():mle-diag-gmm.cc:359) Too little data - removing Gaussian (weight 0.001502, occupation count 8.523430, vector size 39)
WARNING (gmm-est[5.3.76~1-26df3]:MleDiagGmmUpdate():mle-diag-gmm.cc:359) Too little data - removing Gaussian (weight 0.001094, occupation count 6.208155, vector size 39)
WARNING (gmm-est[5.3.76~1-26df3]:MleDiagGmmUpdate():mle-diag-gmm.cc:359) Too little data - removing Gaussian (weight 0.001351, occupation count 7.666208, vector size 39)
WARNING (gmm-est[5.3.76~1-26df3]:MleDiagGmmUpdate():mle-diag-gmm.cc:359) Too little data - removing Gaussian (weight 0.000451, occupation count 2.559347, vector size 39)
WARNING (gmm-est[5.3.76~1-26df3]:MleDiagGmmUpdate():mle-diag-gmm.cc:359) Too little data - removing Gaussian (weight 0.001394, occupation count 7.909461, vector size 39)
WARNING (gmm-est[5.3.76~1-26df3]:MleDiagGmmUpdate():mle-diag-gmm.cc:359) Too little data - removing Gaussian (weight 0.001742, occupation count 9.888608, vector size 39)
WARNING (gmm-est[5.3.76~1-26df3]:MleDiagGmmUpdate():mle-diag-gmm.cc:359) Too little data - removing Gaussian (weight 0.000960, occupation count 5.450810, vector size 39)
WARNING (gmm-est[5.3.76~1-26df3]:MleDiagGmmUpdate():mle-diag-gmm.cc:359) Too little data - removing Gaussian (weight 0.000402, occupation count 2.279345, vector size 39)
WARNING (gmm-est[5.3.76~1-26df3]:MleDiagGmmUpdate():mle-diag-gmm.cc:359) Too little data - removing Gaussian (weight 0.001324, occupation count 7.512317, vector size 39)
WARNING (gmm-est[5.3.76~1-26df3]:MleDiagGmmUpdate():mle-diag-gmm.cc:359) Too little data - removing Gaussian (weight 0.000757, occupation count 4.293863, vector size 39)
WARNING (gmm-est[5.3.76~1-26df3]:MleDiagGmmUpdate():mle-diag-gmm.cc:359) Too little data - removing Gaussian (weight 0.000161, occupation count 0.911486, vector size 39)
WARNING (gmm-est[5.3.76~1-26df3]:MleDiagGmmUpdate():mle-diag-gmm.cc:359) Too little data - removing Gaussian (weight 0.000883, occupation count 5.010607, vector size 39)
WARNING (gmm-est[5.3.76~1-26df3]:MleDiagGmmUpdate():mle-diag-gmm.cc:359) Too little data - removing Gaussian (weight 0.001596, occupation count 7.036568, vector size 39)
WARNING (gmm-est[5.3.76~1-26df3]:MleDiagGmmUpdate():mle-diag-gmm.cc:359) Too little data - removing Gaussian (weight 0.002117, occupation count 9.335782, vector size 39)
WARNING (gmm-est[5.3.76~1-26df3]:MleDiagGmmUpdate():mle-diag-gmm.cc:359) Too little data - removing Gaussian (weight 0.001871, occupation count 8.252934, vector size 39)
WARNING (gmm-est[5.3.76~1-26df3]:MleDiagGmmUpdate():mle-diag-gmm.cc:359) Too little data - removing Gaussian (weight 0.002022, occupation count 8.917643, vector size 39)
WARNING (gmm-est[5.3.76~1-26df3]:MleDiagGmmUpdate():mle-diag-gmm.cc:359) Too little data - removing Gaussian (weight 0.001816, occupation count 8.007672, vector size 39)
WARNING (gmm-est[5.3.76~1-26df3]:MleDiagGmmUpdate():mle-diag-gmm.cc:359) Too little data - removing Gaussian (weight 0.001812, occupation count 7.990765, vector size 39)
WARNING (gmm-est[5.3.76~1-26df3]:MleDiagGmmUpdate():mle-diag-gmm.cc:359) Too little data - removing Gaussian (weight 0.001920, occupation count 8.465611, vector size 39)
WARNING (gmm-est[5.3.76~1-26df3]:MleDiagGmmUpdate():mle-diag-gmm.cc:359) Too little data - removing Gaussian (weight 0.001726, occupation count 7.610496, vector size 39)
WARNING (gmm-est[5.3.76~1-26df3]:MleDiagGmmUpdate():mle-diag-gmm.cc:359) Too little data - removing Gaussian (weight 0.002232, occupation count 9.844788, vector size 39)
WARNING (gmm-est[5.3.76~1-26df3]:MleDiagGmmUpdate():mle-diag-gmm.cc:359) Too little data - removing Gaussian (weight 0.002207, occupation count 9.734420, vector size 39)
WARNING (gmm-est[5.3.76~1-26df3]:MleDiagGmmUpdate():mle-diag-gmm.cc:359) Too little data - removing Gaussian (weight 0.002250, occupation count 9.920406, vector size 39)
WARNING (gmm-est[5.3.76~1-26df3]:MleDiagGmmUpdate():mle-diag-gmm.cc:359) Too little data - removing Gaussian (weight 0.002100, occupation count 9.450118, vector size 39)
WARNING (gmm-est[5.3.76~1-26df3]:MleDiagGmmUpdate():mle-diag-gmm.cc:359) Too little data - removing Gaussian (weight 0.000977, occupation count 4.395224, vector size 39)
WARNING (gmm-est[5.3.76~1-26df3]:MleDiagGmmUpdate():mle-diag-gmm.cc:359) Too little data - removing Gaussian (weight 0.000981, occupation count 4.415736, vector size 39)
WARNING (gmm-est[5.3.76~1-26df3]:MleDiagGmmUpdate():mle-diag-gmm.cc:359) Too little data - removing Gaussian (weight 0.000144, occupation count 0.648056, vector size 39)
WARNING (gmm-est[5.3.76~1-26df3]:MleDiagGmmUpdate():mle-diag-gmm.cc:359) Too little data - removing Gaussian (weight 0.001739, occupation count 7.827529, vector size 39)
WARNING (gmm-est[5.3.76~1-26df3]:MleDiagGmmUpdate():mle-diag-gmm.cc:359) Too little data - removing Gaussian (weight 0.001932, occupation count 8.692170, vector size 39)
LOG (gmm-est[5.3.76~1-26df3]:MleAmDiagGmmUpdate():mle-am-diag-gmm.cc:225) 36789 variance elements floored in 6399 Gaussians, out of 7769
LOG (gmm-est[5.3.76~1-26df3]:MleAmDiagGmmUpdate():mle-am-diag-gmm.cc:229) Removed 49 Gaussians due to counts < --min-gaussian-occupancy=10 and --remove-low-count-gaussians=true
LOG (gmm-est[5.3.76~1-26df3]:main():gmm-est.cc:113) GMM update: Overall 2.98722 objective function improvement per frame over 159786 frames
LOG (gmm-est[5.3.76~1-26df3]:main():gmm-est.cc:116) GMM update: Overall avg like per frame = -2.95425 over 159786 frames.
WARNING (gmm-est[5.3.76~1-26df3]:GetSplitTargets():model-common.cc:134) Could not split up to 9280 due to min-count = 20 (or no counts at all)
LOG (gmm-est[5.3.76~1-26df3]:SplitByCount():am-diag-gmm.cc:116) Split 344 states with target = 9280, power = 0.25, perturb_factor = 0.01 and min_count = 20, split #Gauss from 7769 to 7818
LOG (gmm-est[5.3.76~1-26df3]:main():gmm-est.cc:146) Written model to exp_FG/tri_8_2000/15.mdl
# Accounting: time=1 threads=1
# Ended (code 0) at Sun Apr  1 16:31:47 CST 2018, elapsed time 1 seconds
