# gmm-est --mix-up=6480 --power=0.25 --write-occs=exp_FG/tri_8_2000/10.occs exp_FG/tri_8_2000/9.mdl "gmm-sum-accs - exp_FG/tri_8_2000/9.*.acc |" exp_FG/tri_8_2000/10.mdl 
# Started at Sun Apr  1 16:31:16 CST 2018
#
gmm-est --mix-up=6480 --power=0.25 --write-occs=exp_FG/tri_8_2000/10.occs exp_FG/tri_8_2000/9.mdl 'gmm-sum-accs - exp_FG/tri_8_2000/9.*.acc |' exp_FG/tri_8_2000/10.mdl 
gmm-sum-accs - exp_FG/tri_8_2000/9.1.acc exp_FG/tri_8_2000/9.10.acc exp_FG/tri_8_2000/9.11.acc exp_FG/tri_8_2000/9.12.acc exp_FG/tri_8_2000/9.13.acc exp_FG/tri_8_2000/9.14.acc exp_FG/tri_8_2000/9.15.acc exp_FG/tri_8_2000/9.16.acc exp_FG/tri_8_2000/9.17.acc exp_FG/tri_8_2000/9.18.acc exp_FG/tri_8_2000/9.2.acc exp_FG/tri_8_2000/9.3.acc exp_FG/tri_8_2000/9.4.acc exp_FG/tri_8_2000/9.5.acc exp_FG/tri_8_2000/9.6.acc exp_FG/tri_8_2000/9.7.acc exp_FG/tri_8_2000/9.8.acc exp_FG/tri_8_2000/9.9.acc 
LOG (gmm-sum-accs[5.3.76~1-26df3]:main():gmm-sum-accs.cc:63) Summed 18 stats, total count 159786, avg like/frame -35.5721
LOG (gmm-sum-accs[5.3.76~1-26df3]:main():gmm-sum-accs.cc:66) Total count of stats is 159786
LOG (gmm-sum-accs[5.3.76~1-26df3]:main():gmm-sum-accs.cc:67) Written stats to -
LOG (gmm-est[5.3.76~1-26df3]:MleUpdate():transition-model.cc:517) TransitionModel::Update, objf change is 0 per frame over 159786 frames. 
LOG (gmm-est[5.3.76~1-26df3]:MleUpdate():transition-model.cc:520) 57 probabilities floored, 1044 out of 1391 transition-states skipped due to insuffient data (it is normal to have some skipped.)
LOG (gmm-est[5.3.76~1-26df3]:main():gmm-est.cc:102) Transition model update: Overall 0 log-like improvement per frame over 159786 frames.
WARNING (gmm-est[5.3.76~1-26df3]:MleDiagGmmUpdate():mle-diag-gmm.cc:359) Too little data - removing Gaussian (weight 0.009269, occupation count 8.675498, vector size 39)
WARNING (gmm-est[5.3.76~1-26df3]:MleDiagGmmUpdate():mle-diag-gmm.cc:359) Too little data - removing Gaussian (weight 0.004837, occupation count 4.266183, vector size 39)
WARNING (gmm-est[5.3.76~1-26df3]:MleDiagGmmUpdate():mle-diag-gmm.cc:359) Too little data - removing Gaussian (weight 0.009457, occupation count 9.873468, vector size 39)
WARNING (gmm-est[5.3.76~1-26df3]:MleDiagGmmUpdate():mle-diag-gmm.cc:359) Too little data - removing Gaussian (weight 0.005474, occupation count 5.715232, vector size 39)
WARNING (gmm-est[5.3.76~1-26df3]:MleDiagGmmUpdate():mle-diag-gmm.cc:359) Too little data - removing Gaussian (weight 0.008808, occupation count 9.987921, vector size 39)
WARNING (gmm-est[5.3.76~1-26df3]:MleDiagGmmUpdate():mle-diag-gmm.cc:359) Too little data - removing Gaussian (weight 0.008672, occupation count 5.931917, vector size 39)
WARNING (gmm-est[5.3.76~1-26df3]:MleDiagGmmUpdate():mle-diag-gmm.cc:359) Too little data - removing Gaussian (weight 0.000771, occupation count 0.804658, vector size 39)
WARNING (gmm-est[5.3.76~1-26df3]:MleDiagGmmUpdate():mle-diag-gmm.cc:359) Too little data - removing Gaussian (weight 0.008538, occupation count 8.452783, vector size 39)
WARNING (gmm-est[5.3.76~1-26df3]:MleDiagGmmUpdate():mle-diag-gmm.cc:359) Too little data - removing Gaussian (weight 0.009689, occupation count 8.545360, vector size 39)
WARNING (gmm-est[5.3.76~1-26df3]:MleDiagGmmUpdate():mle-diag-gmm.cc:359) Too little data - removing Gaussian (weight 0.010804, occupation count 9.529236, vector size 39)
WARNING (gmm-est[5.3.76~1-26df3]:MleDiagGmmUpdate():mle-diag-gmm.cc:359) Too little data - removing Gaussian (weight 0.002994, occupation count 5.712173, vector size 39)
LOG (gmm-est[5.3.76~1-26df3]:MleAmDiagGmmUpdate():mle-am-diag-gmm.cc:225) 15098 variance elements floored in 3193 Gaussians, out of 5909
LOG (gmm-est[5.3.76~1-26df3]:MleAmDiagGmmUpdate():mle-am-diag-gmm.cc:229) Removed 11 Gaussians due to counts < --min-gaussian-occupancy=10 and --remove-low-count-gaussians=true
LOG (gmm-est[5.3.76~1-26df3]:main():gmm-est.cc:113) GMM update: Overall 6.00119 objective function improvement per frame over 159786 frames
LOG (gmm-est[5.3.76~1-26df3]:main():gmm-est.cc:116) GMM update: Overall avg like per frame = -35.5721 over 159786 frames.
LOG (gmm-est[5.3.76~1-26df3]:SplitByCount():am-diag-gmm.cc:116) Split 344 states with target = 6480, power = 0.25, perturb_factor = 0.01 and min_count = 20, split #Gauss from 5909 to 6480
LOG (gmm-est[5.3.76~1-26df3]:main():gmm-est.cc:146) Written model to exp_FG/tri_8_2000/10.mdl
# Accounting: time=0 threads=1
# Ended (code 0) at Sun Apr  1 16:31:16 CST 2018, elapsed time 0 seconds
