# gmm-est --mix-up=7040 --power=0.25 --write-occs=exp_FG/tri_8_2000/11.occs exp_FG/tri_8_2000/10.mdl "gmm-sum-accs - exp_FG/tri_8_2000/10.*.acc |" exp_FG/tri_8_2000/11.mdl 
# Started at Sun Apr  1 16:31:32 CST 2018
#
gmm-est --mix-up=7040 --power=0.25 --write-occs=exp_FG/tri_8_2000/11.occs exp_FG/tri_8_2000/10.mdl 'gmm-sum-accs - exp_FG/tri_8_2000/10.*.acc |' exp_FG/tri_8_2000/11.mdl 
gmm-sum-accs - exp_FG/tri_8_2000/10.1.acc exp_FG/tri_8_2000/10.10.acc exp_FG/tri_8_2000/10.11.acc exp_FG/tri_8_2000/10.12.acc exp_FG/tri_8_2000/10.13.acc exp_FG/tri_8_2000/10.14.acc exp_FG/tri_8_2000/10.15.acc exp_FG/tri_8_2000/10.16.acc exp_FG/tri_8_2000/10.17.acc exp_FG/tri_8_2000/10.18.acc exp_FG/tri_8_2000/10.2.acc exp_FG/tri_8_2000/10.3.acc exp_FG/tri_8_2000/10.4.acc exp_FG/tri_8_2000/10.5.acc exp_FG/tri_8_2000/10.6.acc exp_FG/tri_8_2000/10.7.acc exp_FG/tri_8_2000/10.8.acc exp_FG/tri_8_2000/10.9.acc 
LOG (gmm-sum-accs[5.3.76~1-26df3]:main():gmm-sum-accs.cc:63) Summed 18 stats, total count 159786, avg like/frame -28.2735
LOG (gmm-sum-accs[5.3.76~1-26df3]:main():gmm-sum-accs.cc:66) Total count of stats is 159786
LOG (gmm-sum-accs[5.3.76~1-26df3]:main():gmm-sum-accs.cc:67) Written stats to -
LOG (gmm-est[5.3.76~1-26df3]:MleUpdate():transition-model.cc:517) TransitionModel::Update, objf change is 9.94534e-07 per frame over 159786 frames. 
LOG (gmm-est[5.3.76~1-26df3]:MleUpdate():transition-model.cc:520) 57 probabilities floored, 1044 out of 1391 transition-states skipped due to insuffient data (it is normal to have some skipped.)
LOG (gmm-est[5.3.76~1-26df3]:main():gmm-est.cc:102) Transition model update: Overall 9.94534e-07 log-like improvement per frame over 159786 frames.
WARNING (gmm-est[5.3.76~1-26df3]:MleDiagGmmUpdate():mle-diag-gmm.cc:359) Too little data - removing Gaussian (weight 0.000318, occupation count 0.297767, vector size 39)
WARNING (gmm-est[5.3.76~1-26df3]:MleDiagGmmUpdate():mle-diag-gmm.cc:359) Too little data - removing Gaussian (weight 0.004591, occupation count 7.933150, vector size 39)
WARNING (gmm-est[5.3.76~1-26df3]:MleDiagGmmUpdate():mle-diag-gmm.cc:359) Too little data - removing Gaussian (weight 0.005956, occupation count 8.255022, vector size 39)
WARNING (gmm-est[5.3.76~1-26df3]:MleDiagGmmUpdate():mle-diag-gmm.cc:359) Too little data - removing Gaussian (weight 0.006296, occupation count 8.726130, vector size 39)
WARNING (gmm-est[5.3.76~1-26df3]:MleDiagGmmUpdate():mle-diag-gmm.cc:359) Too little data - removing Gaussian (weight 0.006428, occupation count 9.487517, vector size 39)
WARNING (gmm-est[5.3.76~1-26df3]:MleDiagGmmUpdate():mle-diag-gmm.cc:359) Too little data - removing Gaussian (weight 0.005767, occupation count 8.512740, vector size 39)
WARNING (gmm-est[5.3.76~1-26df3]:MleDiagGmmUpdate():mle-diag-gmm.cc:359) Too little data - removing Gaussian (weight 0.000000, occupation count 0.000354, vector size 39)
WARNING (gmm-est[5.3.76~1-26df3]:MleDiagGmmUpdate():mle-diag-gmm.cc:359) Too little data - removing Gaussian (weight 0.005284, occupation count 7.323172, vector size 39)
WARNING (gmm-est[5.3.76~1-26df3]:MleDiagGmmUpdate():mle-diag-gmm.cc:359) Too little data - removing Gaussian (weight 0.010815, occupation count 9.149675, vector size 39)
WARNING (gmm-est[5.3.76~1-26df3]:MleDiagGmmUpdate():mle-diag-gmm.cc:359) Too little data - removing Gaussian (weight 0.010461, occupation count 8.850325, vector size 39)
WARNING (gmm-est[5.3.76~1-26df3]:MleDiagGmmUpdate():mle-diag-gmm.cc:359) Too little data - removing Gaussian (weight 0.003676, occupation count 4.632388, vector size 39)
WARNING (gmm-est[5.3.76~1-26df3]:MleDiagGmmUpdate():mle-diag-gmm.cc:359) Too little data - removing Gaussian (weight 0.004103, occupation count 5.096303, vector size 39)
LOG (gmm-est[5.3.76~1-26df3]:MleAmDiagGmmUpdate():mle-am-diag-gmm.cc:225) 19033 variance elements floored in 3872 Gaussians, out of 6468
LOG (gmm-est[5.3.76~1-26df3]:MleAmDiagGmmUpdate():mle-am-diag-gmm.cc:229) Removed 12 Gaussians due to counts < --min-gaussian-occupancy=10 and --remove-low-count-gaussians=true
LOG (gmm-est[5.3.76~1-26df3]:main():gmm-est.cc:113) GMM update: Overall 5.59159 objective function improvement per frame over 159786 frames
LOG (gmm-est[5.3.76~1-26df3]:main():gmm-est.cc:116) GMM update: Overall avg like per frame = -28.2735 over 159786 frames.
LOG (gmm-est[5.3.76~1-26df3]:SplitByCount():am-diag-gmm.cc:116) Split 344 states with target = 7040, power = 0.25, perturb_factor = 0.01 and min_count = 20, split #Gauss from 6468 to 7041
LOG (gmm-est[5.3.76~1-26df3]:main():gmm-est.cc:146) Written model to exp_FG/tri_8_2000/11.mdl
# Accounting: time=1 threads=1
# Ended (code 0) at Sun Apr  1 16:31:33 CST 2018, elapsed time 1 seconds
