# lattice-scale --inv-acoustic-scale=8 "ark:gunzip -c exp_FG/tri_8_2000/decode/lat.*.gz|" ark:- | lattice-add-penalty --word-ins-penalty=0.0 ark:- ark:- | lattice-best-path --word-symbol-table=exp_FG/tri_8_2000/graph/words.txt ark:- ark,t:exp_FG/tri_8_2000/decode/scoring/8.tra 
# Started at Sun Apr  1 16:33:55 CST 2018
#
lattice-best-path --word-symbol-table=exp_FG/tri_8_2000/graph/words.txt ark:- ark,t:exp_FG/tri_8_2000/decode/scoring/8.tra 
lattice-add-penalty --word-ins-penalty=0.0 ark:- ark:- 
lattice-scale --inv-acoustic-scale=8 'ark:gunzip -c exp_FG/tri_8_2000/decode/lat.*.gz|' ark:- 
LOG (lattice-best-path[5.3.76~1-26df3]:main():lattice-best-path.cc:99) For utterance zh1101M0001, best cost 29.1469 + 30494.4 = 30523.5 over 343 frames.
zh1101M0001 要 五 箱 银桥 牛奶 多 加糖 
LOG (lattice-best-path[5.3.76~1-26df3]:main():lattice-best-path.cc:99) For utterance zh1101M0002, best cost 29.5437 + 32353.1 = 32382.6 over 381 frames.
zh1101M0002 要 三 箱 加糖 
LOG (lattice-best-path[5.3.76~1-26df3]:main():lattice-best-path.cc:99) For utterance zh1101M0003, best cost 42.678 + 31572.1 = 31614.7 over 362 frames.
zh1101M0003 要 要 五 箱 银桥 牛奶 多 加糖 
LOG (lattice-best-path[5.3.76~1-26df3]:main():lattice-best-path.cc:99) For utterance zh1101M0004, best cost 42.4356 + 34677.8 = 34720.3 over 410 frames.
zh1101M0004 要 要 三 箱 银桥 牛奶 多 加糖 
LOG (lattice-best-path[5.3.76~1-26df3]:main():lattice-best-path.cc:99) For utterance zh1101M0005, best cost 40.6472 + 32740.4 = 32781.1 over 372 frames.
zh1101M0005 要 要 三 箱 银桥 牛奶 多 加糖 
LOG (lattice-best-path[5.3.76~1-26df3]:main():lattice-best-path.cc:99) For utterance zh1101M0006, best cost 26.2308 + 9867.38 = 9893.61 over 180 frames.
zh1101M0006 要 三 箱 加糖 
LOG (lattice-best-path[5.3.76~1-26df3]:main():lattice-best-path.cc:99) For utterance zh1101M0007, best cost 51.8971 + 13624 = 13675.9 over 209 frames.
zh1101M0007 要 多 要 多 阀门 
LOG (lattice-best-path[5.3.76~1-26df3]:main():lattice-best-path.cc:99) For utterance zh1101M0008, best cost 25.5133 + 14684.9 = 14710.4 over 199 frames.
zh1101M0008 开启 箱 加糖 
LOG (lattice-best-path[5.3.76~1-26df3]:main():lattice-best-path.cc:99) For utterance zh1101M0009, best cost 25.8871 + 10118.6 = 10144.5 over 180 frames.
zh1101M0009 要 三 箱 加糖 
LOG (lattice-best-path[5.3.76~1-26df3]:main():lattice-best-path.cc:99) For utterance zh1110M0001, best cost 29.3017 + 30493.8 = 30523.1 over 343 frames.
zh1110M0001 要 五 箱 银桥 牛奶 多 加糖 
LOG (lattice-best-path[5.3.76~1-26df3]:main():lattice-best-path.cc:99) For utterance zh1110M0002, best cost 37.9497 + 32298.1 = 32336 over 381 frames.
zh1110M0002 要 要 三 箱 加糖 
LOG (lattice-best-path[5.3.76~1-26df3]:main():lattice-best-path.cc:99) For utterance zh1110M0003, best cost 31.1276 + 31762.3 = 31793.4 over 362 frames.
zh1110M0003 要 五 箱 银桥 牛奶 多 加糖 
LOG (lattice-best-path[5.3.76~1-26df3]:main():lattice-best-path.cc:99) For utterance zh1110M0004, best cost 50.3942 + 34746.5 = 34796.9 over 410 frames.
zh1110M0004 要 要 要 三 箱 银桥 牛奶 多 加糖 
LOG (lattice-best-path[5.3.76~1-26df3]:main():lattice-best-path.cc:99) For utterance zh1110M0005, best cost 41.2695 + 32649.1 = 32690.4 over 372 frames.
zh1110M0005 要 要 三 箱 银桥 牛奶 多 加糖 
LOG (lattice-best-path[5.3.76~1-26df3]:main():lattice-best-path.cc:99) For utterance zh1110M0006, best cost 25.9468 + 9853.68 = 9879.62 over 180 frames.
zh1110M0006 要 三 箱 加糖 
LOG (lattice-best-path[5.3.76~1-26df3]:main():lattice-best-path.cc:99) For utterance zh1110M0007, best cost 52.2123 + 13638.4 = 13690.6 over 209 frames.
zh1110M0007 要 多 要 多 阀门 
LOG (lattice-best-path[5.3.76~1-26df3]:main():lattice-best-path.cc:99) For utterance zh1110M0008, best cost 25.9109 + 14586.1 = 14612 over 199 frames.
zh1110M0008 开启 箱 加糖 
LOG (lattice-best-path[5.3.76~1-26df3]:main():lattice-best-path.cc:99) For utterance zh1110M0009, best cost 26.0424 + 10091.8 = 10117.8 over 180 frames.
zh1110M0009 要 三 箱 加糖 
LOG (lattice-best-path[5.3.76~1-26df3]:main():lattice-best-path.cc:99) For utterance zh1111M0001, best cost 29.3418 + 30475.3 = 30504.7 over 343 frames.
zh1111M0001 要 五 箱 银桥 牛奶 多 加糖 
LOG (lattice-best-path[5.3.76~1-26df3]:main():lattice-best-path.cc:99) For utterance zh1111M0002, best cost 29.5437 + 32347.2 = 32376.8 over 381 frames.
zh1111M0002 要 三 箱 加糖 
LOG (lattice-best-path[5.3.76~1-26df3]:main():lattice-best-path.cc:99) For utterance zh1111M0003, best cost 30.7165 + 31721.9 = 31752.6 over 362 frames.
zh1111M0003 要 五 箱 银桥 牛奶 多 加糖 
LOG (lattice-best-path[5.3.76~1-26df3]:main():lattice-best-path.cc:99) For utterance zh1111M0004, best cost 42.8748 + 34876.4 = 34919.2 over 410 frames.
zh1111M0004 要 要 三 箱 银桥 牛奶 多 加糖 
LOG (lattice-best-path[5.3.76~1-26df3]:main():lattice-best-path.cc:99) For utterance zh1111M0005, best cost 42.4073 + 32659.2 = 32701.6 over 372 frames.
zh1111M0005 要 要 三 箱 银桥 牛奶 多 加糖 
LOG (lattice-best-path[5.3.76~1-26df3]:main():lattice-best-path.cc:99) For utterance zh1111M0006, best cost 26.5977 + 9799.8 = 9826.4 over 180 frames.
zh1111M0006 要 三 箱 加糖 
LOG (lattice-best-path[5.3.76~1-26df3]:main():lattice-best-path.cc:99) For utterance zh1111M0007, best cost 51.5513 + 13647.7 = 13699.3 over 209 frames.
zh1111M0007 要 多 要 多 阀门 
LOG (lattice-best-path[5.3.76~1-26df3]:main():lattice-best-path.cc:99) For utterance zh1111M0008, best cost 25.5 + 14645.6 = 14671.1 over 199 frames.
zh1111M0008 开启 箱 加糖 
LOG (lattice-best-path[5.3.76~1-26df3]:main():lattice-best-path.cc:99) For utterance zh1111M0009, best cost 25.9116 + 10122 = 10147.9 over 180 frames.
zh1111M0009 要 三 箱 加糖 
LOG (lattice-best-path[5.3.76~1-26df3]:main():lattice-best-path.cc:99) For utterance zh1112M0001, best cost 29.3296 + 30471.1 = 30500.5 over 343 frames.
zh1112M0001 要 五 箱 银桥 牛奶 多 加糖 
LOG (lattice-best-path[5.3.76~1-26df3]:main():lattice-best-path.cc:99) For utterance zh1112M0002, best cost 29.5304 + 32305.7 = 32335.2 over 381 frames.
zh1112M0002 要 三 箱 加糖 
LOG (lattice-best-path[5.3.76~1-26df3]:main():lattice-best-path.cc:99) For utterance zh1112M0003, best cost 43.4493 + 31608.6 = 31652 over 362 frames.
zh1112M0003 要 要 五 箱 银桥 牛奶 多 加糖 
LOG (lattice-best-path[5.3.76~1-26df3]:main():lattice-best-path.cc:99) For utterance zh1112M0004, best cost 42.5582 + 34803.9 = 34846.5 over 410 frames.
zh1112M0004 要 要 三 箱 银桥 牛奶 多 加糖 
LOG (lattice-best-path[5.3.76~1-26df3]:main():lattice-best-path.cc:99) For utterance zh1112M0005, best cost 41.4846 + 32664.7 = 32706.2 over 372 frames.
zh1112M0005 要 要 三 箱 银桥 牛奶 多 加糖 
LOG (lattice-best-path[5.3.76~1-26df3]:main():lattice-best-path.cc:99) For utterance zh1112M0006, best cost 25.5798 + 9833.57 = 9859.15 over 180 frames.
zh1112M0006 要 三 箱 加糖 
LOG (lattice-best-path[5.3.76~1-26df3]:main():lattice-best-path.cc:99) For utterance zh1112M0007, best cost 52.1907 + 13689.1 = 13741.3 over 209 frames.
zh1112M0007 要 多 要 多 阀门 
LOG (lattice-best-path[5.3.76~1-26df3]:main():lattice-best-path.cc:99) For utterance zh1112M0008, best cost 25.0711 + 14644.9 = 14669.9 over 199 frames.
zh1112M0008 开启 箱 加糖 
LOG (lattice-best-path[5.3.76~1-26df3]:main():lattice-best-path.cc:99) For utterance zh1112M0009, best cost 25.9116 + 10134.4 = 10160.3 over 180 frames.
zh1112M0009 要 三 箱 加糖 
LOG (lattice-best-path[5.3.76~1-26df3]:main():lattice-best-path.cc:99) For utterance zh1113M0001, best cost 30.6037 + 30426.3 = 30456.9 over 343 frames.
zh1113M0001 要 五 箱 银桥 牛奶 多 加糖 
LOG (lattice-best-path[5.3.76~1-26df3]:main():lattice-best-path.cc:99) For utterance zh1113M0002, best cost 36.9732 + 32237.1 = 32274.1 over 381 frames.
zh1113M0002 要 要 三 箱 加糖 
LOG (lattice-best-path[5.3.76~1-26df3]:main():lattice-best-path.cc:99) For utterance zh1113M0003, best cost 42.7987 + 31641 = 31683.8 over 362 frames.
zh1113M0003 要 要 三 箱 银桥 牛奶 多 加糖 
LOG (lattice-best-path[5.3.76~1-26df3]:main():lattice-best-path.cc:99) For utterance zh1113M0004, best cost 43.4567 + 34777.9 = 34821.3 over 410 frames.
zh1113M0004 要 要 三 箱 银桥 牛奶 多 加糖 
LOG (lattice-best-path[5.3.76~1-26df3]:main():lattice-best-path.cc:99) For utterance zh1113M0005, best cost 40.9844 + 32764.2 = 32805.1 over 372 frames.
zh1113M0005 要 要 三 箱 银桥 牛奶 多 加糖 
LOG (lattice-best-path[5.3.76~1-26df3]:main():lattice-best-path.cc:99) For utterance zh1113M0006, best cost 27.0948 + 9854.25 = 9881.34 over 180 frames.
zh1113M0006 要 三 箱 加糖 
LOG (lattice-best-path[5.3.76~1-26df3]:main():lattice-best-path.cc:99) For utterance zh1113M0007, best cost 52.0858 + 13591.3 = 13643.4 over 209 frames.
zh1113M0007 要 多 要 多 阀门 
LOG (lattice-best-path[5.3.76~1-26df3]:main():lattice-best-path.cc:99) For utterance zh1113M0008, best cost 25.5133 + 14661.6 = 14687.1 over 199 frames.
zh1113M0008 开启 箱 加糖 
LOG (lattice-best-path[5.3.76~1-26df3]:main():lattice-best-path.cc:99) For utterance zh1113M0009, best cost 25.8983 + 10083 = 10108.9 over 180 frames.
zh1113M0009 要 三 箱 加糖 
LOG (lattice-best-path[5.3.76~1-26df3]:main():lattice-best-path.cc:99) For utterance zh1114M0001, best cost 29.1697 + 30492.7 = 30521.8 over 343 frames.
zh1114M0001 要 五 箱 银桥 牛奶 多 加糖 
LOG (lattice-best-path[5.3.76~1-26df3]:main():lattice-best-path.cc:99) For utterance zh1114M0002, best cost 29.5014 + 32286.8 = 32316.3 over 381 frames.
zh1114M0002 要 三 箱 加糖 
LOG (lattice-best-path[5.3.76~1-26df3]:main():lattice-best-path.cc:99) For utterance zh1114M0003, best cost 42.5034 + 31676.2 = 31718.7 over 362 frames.
zh1114M0003 要 要 五 箱 银桥 牛奶 多 加糖 
LOG (lattice-best-path[5.3.76~1-26df3]:main():lattice-best-path.cc:99) For utterance zh1114M0004, best cost 42.6018 + 34721.1 = 34763.7 over 410 frames.
zh1114M0004 要 要 三 箱 银桥 牛奶 多 加糖 
LOG (lattice-best-path[5.3.76~1-26df3]:main():lattice-best-path.cc:99) For utterance zh1114M0005, best cost 41.9882 + 32664.1 = 32706.1 over 372 frames.
zh1114M0005 要 要 三 箱 银桥 牛奶 多 加糖 
LOG (lattice-best-path[5.3.76~1-26df3]:main():lattice-best-path.cc:99) For utterance zh1114M0006, best cost 25.5932 + 9850.08 = 9875.67 over 180 frames.
zh1114M0006 要 三 箱 加糖 
LOG (lattice-best-path[5.3.76~1-26df3]:main():lattice-best-path.cc:99) For utterance zh1114M0007, best cost 52.2096 + 13617.5 = 13669.7 over 209 frames.
zh1114M0007 要 多 要 多 阀门 
LOG (lattice-best-path[5.3.76~1-26df3]:main():lattice-best-path.cc:99) For utterance zh1114M0008, best cost 25.9588 + 14636.5 = 14662.5 over 199 frames.
zh1114M0008 开启 箱 加糖 
LOG (lattice-best-path[5.3.76~1-26df3]:main():lattice-best-path.cc:99) For utterance zh1114M0009, best cost 25.9596 + 10132.6 = 10158.6 over 180 frames.
zh1114M0009 要 三 箱 加糖 
LOG (lattice-best-path[5.3.76~1-26df3]:main():lattice-best-path.cc:99) For utterance zh1115M0001, best cost 30.6951 + 30402.9 = 30433.6 over 343 frames.
zh1115M0001 要 五 箱 银桥 牛奶 多 加糖 
LOG (lattice-best-path[5.3.76~1-26df3]:main():lattice-best-path.cc:99) For utterance zh1115M0002, best cost 29.5437 + 32280.8 = 32310.3 over 381 frames.
zh1115M0002 要 三 箱 加糖 
LOG (lattice-best-path[5.3.76~1-26df3]:main():lattice-best-path.cc:99) For utterance zh1115M0003, best cost 42.5936 + 31691.7 = 31734.3 over 362 frames.
zh1115M0003 要 要 五 箱 银桥 牛奶 多 加糖 
LOG (lattice-best-path[5.3.76~1-26df3]:main():lattice-best-path.cc:99) For utterance zh1115M0004, best cost 42.5245 + 34670 = 34712.5 over 410 frames.
zh1115M0004 要 要 三 箱 银桥 牛奶 多 加糖 
LOG (lattice-best-path[5.3.76~1-26df3]:main():lattice-best-path.cc:99) For utterance zh1115M0005, best cost 42.0668 + 32727.9 = 32770 over 372 frames.
zh1115M0005 要 要 三 箱 银桥 牛奶 多 加糖 
LOG (lattice-best-path[5.3.76~1-26df3]:main():lattice-best-path.cc:99) For utterance zh1115M0006, best cost 33.8394 + 9836.1 = 9869.94 over 180 frames.
zh1115M0006 要 要 三 箱 加糖 
LOG (lattice-best-path[5.3.76~1-26df3]:main():lattice-best-path.cc:99) For utterance zh1115M0007, best cost 52.084 + 13653.9 = 13706 over 209 frames.
zh1115M0007 要 多 要 多 阀门 
LOG (lattice-best-path[5.3.76~1-26df3]:main():lattice-best-path.cc:99) For utterance zh1115M0008, best cost 25.998 + 14677.3 = 14703.3 over 199 frames.
zh1115M0008 开启 箱 加糖 
LOG (lattice-best-path[5.3.76~1-26df3]:main():lattice-best-path.cc:99) For utterance zh1115M0009, best cost 25.9116 + 10095.9 = 10121.8 over 180 frames.
zh1115M0009 要 三 箱 加糖 
LOG (lattice-best-path[5.3.76~1-26df3]:main():lattice-best-path.cc:99) For utterance zh1116M0001, best cost 32.3191 + 30489.4 = 30521.7 over 343 frames.
zh1116M0001 要 五 箱 银桥 牛奶 多 加糖 
LOG (lattice-best-path[5.3.76~1-26df3]:main():lattice-best-path.cc:99) For utterance zh1116M0002, best cost 29.5304 + 32266.2 = 32295.7 over 381 frames.
zh1116M0002 要 三 箱 加糖 
LOG (lattice-best-path[5.3.76~1-26df3]:main():lattice-best-path.cc:99) For utterance zh1116M0003, best cost 42.9757 + 31660.6 = 31703.6 over 362 frames.
zh1116M0003 要 要 五 箱 银桥 牛奶 多 加糖 
LOG (lattice-best-path[5.3.76~1-26df3]:main():lattice-best-path.cc:99) For utterance zh1116M0004, best cost 50.7205 + 34795.1 = 34845.8 over 410 frames.
zh1116M0004 要 要 要 三 箱 银桥 牛奶 多 加糖 
LOG (lattice-best-path[5.3.76~1-26df3]:main():lattice-best-path.cc:99) For utterance zh1116M0005, best cost 40.9334 + 32721.6 = 32762.5 over 372 frames.
zh1116M0005 要 要 三 箱 银桥 牛奶 多 加糖 
LOG (lattice-best-path[5.3.76~1-26df3]:main():lattice-best-path.cc:99) For utterance zh1116M0006, best cost 33.718 + 9800.11 = 9833.83 over 180 frames.
zh1116M0006 要 要 三 箱 加糖 
LOG (lattice-best-path[5.3.76~1-26df3]:main():lattice-best-path.cc:99) For utterance zh1116M0007, best cost 52.2096 + 13633.5 = 13685.7 over 209 frames.
zh1116M0007 要 多 要 多 阀门 
LOG (lattice-best-path[5.3.76~1-26df3]:main():lattice-best-path.cc:99) For utterance zh1116M0008, best cost 25.9109 + 14652 = 14677.9 over 199 frames.
zh1116M0008 开启 箱 加糖 
LOG (lattice-best-path[5.3.76~1-26df3]:main():lattice-best-path.cc:99) For utterance zh1116M0009, best cost 25.925 + 10107.3 = 10133.2 over 180 frames.
zh1116M0009 要 三 箱 加糖 
LOG (lattice-best-path[5.3.76~1-26df3]:main():lattice-best-path.cc:99) For utterance zh1117M0001, best cost 32.147 + 30458.1 = 30490.2 over 343 frames.
zh1117M0001 要 五 箱 银桥 牛奶 多 加糖 
LOG (lattice-best-path[5.3.76~1-26df3]:main():lattice-best-path.cc:99) For utterance zh1117M0002, best cost 29.5437 + 32334.5 = 32364 over 381 frames.
zh1117M0002 要 三 箱 加糖 
LOG (lattice-best-path[5.3.76~1-26df3]:main():lattice-best-path.cc:99) For utterance zh1117M0003, best cost 43.2552 + 31629.9 = 31673.2 over 362 frames.
zh1117M0003 要 要 五 箱 银桥 牛奶 多 加糖 
LOG (lattice-best-path[5.3.76~1-26df3]:main():lattice-best-path.cc:99) For utterance zh1117M0004, best cost 42.6575 + 34795.7 = 34838.4 over 410 frames.
zh1117M0004 要 要 三 箱 银桥 牛奶 多 加糖 
LOG (lattice-best-path[5.3.76~1-26df3]:main():lattice-best-path.cc:99) For utterance zh1117M0005, best cost 42.2522 + 32818.3 = 32860.5 over 372 frames.
zh1117M0005 要 要 三 箱 银桥 牛奶 多 加糖 
LOG (lattice-best-path[5.3.76~1-26df3]:main():lattice-best-path.cc:99) For utterance zh1117M0006, best cost 25.9627 + 9755.85 = 9781.82 over 180 frames.
zh1117M0006 要 三 箱 加糖 
LOG (lattice-best-path[5.3.76~1-26df3]:main():lattice-best-path.cc:99) For utterance zh1117M0007, best cost 52.2683 + 13588.9 = 13641.1 over 209 frames.
zh1117M0007 要 多 要 多 阀门 
LOG (lattice-best-path[5.3.76~1-26df3]:main():lattice-best-path.cc:99) For utterance zh1117M0008, best cost 25.5 + 14607 = 14632.5 over 199 frames.
zh1117M0008 开启 箱 加糖 
LOG (lattice-best-path[5.3.76~1-26df3]:main():lattice-best-path.cc:99) For utterance zh1117M0009, best cost 25.922 + 10098.9 = 10124.8 over 180 frames.
zh1117M0009 要 三 箱 加糖 
LOG (lattice-best-path[5.3.76~1-26df3]:main():lattice-best-path.cc:99) For utterance zh1118M0001, best cost 32.1347 + 30497 = 30529.1 over 343 frames.
zh1118M0001 要 五 箱 银桥 牛奶 多 加糖 
LOG (lattice-best-path[5.3.76~1-26df3]:main():lattice-best-path.cc:99) For utterance zh1118M0002, best cost 29.5014 + 32316.2 = 32345.7 over 381 frames.
zh1118M0002 要 三 箱 加糖 
LOG (lattice-best-path[5.3.76~1-26df3]:main():lattice-best-path.cc:99) For utterance zh1118M0003, best cost 42.8618 + 31589.3 = 31632.1 over 362 frames.
zh1118M0003 要 要 五 箱 银桥 牛奶 多 加糖 
LOG (lattice-best-path[5.3.76~1-26df3]:main():lattice-best-path.cc:99) For utterance zh1118M0004, best cost 42.754 + 34846.7 = 34889.4 over 410 frames.
zh1118M0004 要 要 三 箱 银桥 牛奶 多 加糖 
LOG (lattice-best-path[5.3.76~1-26df3]:main():lattice-best-path.cc:99) For utterance zh1118M0005, best cost 41.6436 + 32775.3 = 32816.9 over 372 frames.
zh1118M0005 要 要 三 箱 银桥 牛奶 多 加糖 
LOG (lattice-best-path[5.3.76~1-26df3]:main():lattice-best-path.cc:99) For utterance zh1118M0006, best cost 26.9867 + 9861.42 = 9888.4 over 180 frames.
zh1118M0006 要 三 箱 加糖 
LOG (lattice-best-path[5.3.76~1-26df3]:main():lattice-best-path.cc:99) For utterance zh1118M0007, best cost 52.2123 + 13634.7 = 13686.9 over 209 frames.
zh1118M0007 要 多 要 多 阀门 
LOG (lattice-best-path[5.3.76~1-26df3]:main():lattice-best-path.cc:99) For utterance zh1118M0008, best cost 25.0577 + 14702.3 = 14727.3 over 199 frames.
zh1118M0008 开启 箱 加糖 
LOG (lattice-best-path[5.3.76~1-26df3]:main():lattice-best-path.cc:99) For utterance zh1118M0009, best cost 27.5391 + 10104.9 = 10132.5 over 180 frames.
zh1118M0009 要 三 箱 加糖 
LOG (lattice-best-path[5.3.76~1-26df3]:main():lattice-best-path.cc:99) For utterance zh1102M0001, best cost 29.1697 + 30505.5 = 30534.7 over 343 frames.
zh1102M0001 要 五 箱 银桥 牛奶 多 加糖 
LOG (lattice-best-path[5.3.76~1-26df3]:main():lattice-best-path.cc:99) For utterance zh1102M0002, best cost 29.5437 + 32323.6 = 32353.1 over 381 frames.
zh1102M0002 要 三 箱 加糖 
LOG (lattice-best-path[5.3.76~1-26df3]:main():lattice-best-path.cc:99) For utterance zh1102M0003, best cost 30.6969 + 31663.1 = 31693.8 over 362 frames.
zh1102M0003 要 五 箱 银桥 牛奶 多 加糖 
LOG (lattice-best-path[5.3.76~1-26df3]:main():lattice-best-path.cc:99) For utterance zh1102M0004, best cost 42.705 + 34703 = 34745.7 over 410 frames.
zh1102M0004 要 要 三 箱 银桥 牛奶 多 加糖 
LOG (lattice-best-path[5.3.76~1-26df3]:main():lattice-best-path.cc:99) For utterance zh1102M0005, best cost 41.467 + 32735.2 = 32776.7 over 372 frames.
zh1102M0005 要 要 三 箱 银桥 牛奶 多 加糖 
LOG (lattice-best-path[5.3.76~1-26df3]:main():lattice-best-path.cc:99) For utterance zh1102M0006, best cost 25.6381 + 9894.64 = 9920.28 over 180 frames.
zh1102M0006 要 三 箱 加糖 
LOG (lattice-best-path[5.3.76~1-26df3]:main():lattice-best-path.cc:99) For utterance zh1102M0007, best cost 51.3822 + 13694 = 13745.4 over 209 frames.
zh1102M0007 要 多 要 多 阀门 
LOG (lattice-best-path[5.3.76~1-26df3]:main():lattice-best-path.cc:99) For utterance zh1102M0008, best cost 25.9722 + 14657.4 = 14683.3 over 199 frames.
zh1102M0008 开启 箱 加糖 
LOG (lattice-best-path[5.3.76~1-26df3]:main():lattice-best-path.cc:99) For utterance zh1102M0009, best cost 25.9116 + 10122 = 10147.9 over 180 frames.
zh1102M0009 要 三 箱 加糖 
LOG (lattice-best-path[5.3.76~1-26df3]:main():lattice-best-path.cc:99) For utterance zh1103M0001, best cost 29.3296 + 30471.1 = 30500.5 over 343 frames.
zh1103M0001 要 五 箱 银桥 牛奶 多 加糖 
LOG (lattice-best-path[5.3.76~1-26df3]:main():lattice-best-path.cc:99) For utterance zh1103M0002, best cost 29.5304 + 32305.7 = 32335.2 over 381 frames.
zh1103M0002 要 三 箱 加糖 
LOG (lattice-scale[5.3.76~1-26df3]:main():lattice-scale.cc:90) Done 162 lattices.
LOG (lattice-best-path[5.3.76~1-26df3]:main():lattice-best-path.cc:99) For utterance zh1103M0003, best cost 43.4493 + 31608.6 = 31652 over 362 frames.
zh1103M0003 要 要 五 箱 银桥 牛奶 多 加糖 
LOG (lattice-best-path[5.3.76~1-26df3]:main():lattice-best-path.cc:99) For utterance zh1103M0004, best cost 42.5582 + 34803.9 = 34846.5 over 410 frames.
zh1103M0004 要 要 三 箱 银桥 牛奶 多 加糖 
LOG (lattice-best-path[5.3.76~1-26df3]:main():lattice-best-path.cc:99) For utterance zh1103M0005, best cost 41.4846 + 32664.7 = 32706.2 over 372 frames.
zh1103M0005 要 要 三 箱 银桥 牛奶 多 加糖 
LOG (lattice-best-path[5.3.76~1-26df3]:main():lattice-best-path.cc:99) For utterance zh1103M0006, best cost 25.5798 + 9833.57 = 9859.15 over 180 frames.
zh1103M0006 要 三 箱 加糖 
LOG (lattice-best-path[5.3.76~1-26df3]:main():lattice-best-path.cc:99) For utterance zh1103M0007, best cost 52.1907 + 13689.1 = 13741.3 over 209 frames.
zh1103M0007 要 多 要 多 阀门 
LOG (lattice-best-path[5.3.76~1-26df3]:main():lattice-best-path.cc:99) For utterance zh1103M0008, best cost 25.0711 + 14644.9 = 14669.9 over 199 frames.
zh1103M0008 开启 箱 加糖 
LOG (lattice-best-path[5.3.76~1-26df3]:main():lattice-best-path.cc:99) For utterance zh1103M0009, best cost 25.9116 + 10134.4 = 10160.3 over 180 frames.
zh1103M0009 要 三 箱 加糖 
LOG (lattice-best-path[5.3.76~1-26df3]:main():lattice-best-path.cc:99) For utterance zh1104M0001, best cost 30.6037 + 30427.6 = 30458.2 over 343 frames.
zh1104M0001 要 五 箱 银桥 牛奶 多 加糖 
LOG (lattice-best-path[5.3.76~1-26df3]:main():lattice-best-path.cc:99) For utterance zh1104M0002, best cost 36.9732 + 32233.4 = 32270.4 over 381 frames.
zh1104M0002 要 要 三 箱 加糖 
LOG (lattice-best-path[5.3.76~1-26df3]:main():lattice-best-path.cc:99) For utterance zh1104M0003, best cost 42.7987 + 31638.7 = 31681.5 over 362 frames.
zh1104M0003 要 要 三 箱 银桥 牛奶 多 加糖 
LOG (lattice-best-path[5.3.76~1-26df3]:main():lattice-best-path.cc:99) For utterance zh1104M0004, best cost 43.4567 + 34775.2 = 34818.7 over 410 frames.
zh1104M0004 要 要 三 箱 银桥 牛奶 多 加糖 
LOG (lattice-best-path[5.3.76~1-26df3]:main():lattice-best-path.cc:99) For utterance zh1104M0005, best cost 40.9844 + 32764.3 = 32805.3 over 372 frames.
zh1104M0005 要 要 三 箱 银桥 牛奶 多 加糖 
LOG (lattice-best-path[5.3.76~1-26df3]:main():lattice-best-path.cc:99) For utterance zh1104M0006, best cost 27.0948 + 9852.7 = 9879.79 over 180 frames.
zh1104M0006 要 三 箱 加糖 
LOG (lattice-best-path[5.3.76~1-26df3]:main():lattice-best-path.cc:99) For utterance zh1104M0007, best cost 52.2123 + 13620.5 = 13672.7 over 209 frames.
zh1104M0007 要 多 要 多 阀门 
LOG (lattice-best-path[5.3.76~1-26df3]:main():lattice-best-path.cc:99) For utterance zh1104M0008, best cost 25.9722 + 14633.1 = 14659 over 199 frames.
zh1104M0008 开启 箱 加糖 
LOG (lattice-best-path[5.3.76~1-26df3]:main():lattice-best-path.cc:99) For utterance zh1104M0009, best cost 27.4176 + 10083.8 = 10111.2 over 180 frames.
zh1104M0009 要 三 箱 加糖 
LOG (lattice-best-path[5.3.76~1-26df3]:main():lattice-best-path.cc:99) For utterance zh1105M0001, best cost 32.1347 + 30489 = 30521.2 over 343 frames.
zh1105M0001 要 五 箱 银桥 牛奶 多 加糖 
LOG (lattice-best-path[5.3.76~1-26df3]:main():lattice-best-path.cc:99) For utterance zh1105M0002, best cost 29.5304 + 32316.7 = 32346.3 over 381 frames.
zh1105M0002 要 三 箱 加糖 
LOG (lattice-best-path[5.3.76~1-26df3]:main():lattice-best-path.cc:99) For utterance zh1105M0003, best cost 30.7549 + 31736.1 = 31766.9 over 362 frames.
zh1105M0003 要 五 箱 银桥 牛奶 多 加糖 
LOG (lattice-best-path[5.3.76~1-26df3]:main():lattice-best-path.cc:99) For utterance zh1105M0004, best cost 42.6047 + 34734.4 = 34777 over 410 frames.
zh1105M0004 要 要 三 箱 银桥 牛奶 多 加糖 
LOG (lattice-best-path[5.3.76~1-26df3]:main():lattice-best-path.cc:99) For utterance zh1105M0005, best cost 41.2357 + 32739.9 = 32781.1 over 372 frames.
zh1105M0005 要 要 三 箱 银桥 牛奶 多 加糖 
LOG (lattice-best-path[5.3.76~1-26df3]:main():lattice-best-path.cc:99) For utterance zh1105M0006, best cost 25.9627 + 9841.01 = 9866.98 over 180 frames.
zh1105M0006 要 三 箱 加糖 
LOG (lattice-best-path[5.3.76~1-26df3]:main():lattice-best-path.cc:99) For utterance zh1105M0007, best cost 52.1907 + 13541.9 = 13594.1 over 209 frames.
zh1105M0007 要 多 要 多 阀门 
LOG (lattice-best-path[5.3.76~1-26df3]:main():lattice-best-path.cc:99) For utterance zh1105M0008, best cost 25.5133 + 14690.1 = 14715.6 over 199 frames.
zh1105M0008 开启 箱 加糖 
LOG (lattice-best-path[5.3.76~1-26df3]:main():lattice-best-path.cc:99) For utterance zh1105M0009, best cost 27.4901 + 10100.1 = 10127.6 over 180 frames.
zh1105M0009 要 三 箱 加糖 
LOG (lattice-best-path[5.3.76~1-26df3]:main():lattice-best-path.cc:99) For utterance zh1106M0001, best cost 31.2753 + 30469.1 = 30500.4 over 343 frames.
zh1106M0001 要 五 箱 银桥 牛奶 多 加糖 
LOG (lattice-best-path[5.3.76~1-26df3]:main():lattice-best-path.cc:99) For utterance zh1106M0002, best cost 29.5437 + 32295 = 32324.5 over 381 frames.
zh1106M0002 要 三 箱 加糖 
LOG (lattice-best-path[5.3.76~1-26df3]:main():lattice-best-path.cc:99) For utterance zh1106M0003, best cost 42.5226 + 31547.3 = 31589.8 over 362 frames.
zh1106M0003 要 要 五 箱 银桥 牛奶 多 加糖 
LOG (lattice-best-path[5.3.76~1-26df3]:main():lattice-best-path.cc:99) For utterance zh1106M0004, best cost 42.6976 + 34795.3 = 34838 over 410 frames.
zh1106M0004 要 要 三 箱 银桥 牛奶 多 加糖 
LOG (lattice-best-path[5.3.76~1-26df3]:main():lattice-best-path.cc:99) For utterance zh1106M0005, best cost 42.4669 + 32791.6 = 32834.1 over 372 frames.
zh1106M0005 要 要 三 箱 银桥 牛奶 多 加糖 
LOG (lattice-add-penalty[5.3.76~1-26df3]:main():lattice-add-penalty.cc:62) Done adding word insertion penalty to 162 lattices.
LOG (lattice-best-path[5.3.76~1-26df3]:main():lattice-best-path.cc:99) For utterance zh1106M0006, best cost 25.7597 + 9792.69 = 9818.45 over 180 frames.
zh1106M0006 要 三 箱 加糖 
LOG (lattice-best-path[5.3.76~1-26df3]:main():lattice-best-path.cc:99) For utterance zh1106M0007, best cost 30.9642 + 13639.9 = 13670.9 over 209 frames.
zh1106M0007 关闭 不 阀门 
LOG (lattice-best-path[5.3.76~1-26df3]:main():lattice-best-path.cc:99) For utterance zh1106M0008, best cost 26.5587 + 14622.2 = 14648.7 over 199 frames.
zh1106M0008 开启 箱 加糖 
LOG (lattice-best-path[5.3.76~1-26df3]:main():lattice-best-path.cc:99) For utterance zh1106M0009, best cost 25.9384 + 10118.2 = 10144.1 over 180 frames.
zh1106M0009 要 三 箱 加糖 
LOG (lattice-best-path[5.3.76~1-26df3]:main():lattice-best-path.cc:99) For utterance zh1107M0001, best cost 29.2881 + 30507.1 = 30536.4 over 343 frames.
zh1107M0001 要 五 箱 银桥 牛奶 多 加糖 
LOG (lattice-best-path[5.3.76~1-26df3]:main():lattice-best-path.cc:99) For utterance zh1107M0002, best cost 36.6611 + 32329.9 = 32366.6 over 381 frames.
zh1107M0002 要 要 三 箱 加糖 
LOG (lattice-best-path[5.3.76~1-26df3]:main():lattice-best-path.cc:99) For utterance zh1107M0003, best cost 42.4308 + 31557 = 31599.4 over 362 frames.
zh1107M0003 要 要 五 箱 银桥 牛奶 多 加糖 
LOG (lattice-best-path[5.3.76~1-26df3]:main():lattice-best-path.cc:99) For utterance zh1107M0004, best cost 42.4088 + 34687.7 = 34730.1 over 410 frames.
zh1107M0004 要 要 三 箱 银桥 牛奶 多 加糖 
LOG (lattice-best-path[5.3.76~1-26df3]:main():lattice-best-path.cc:99) For utterance zh1107M0005, best cost 42.832 + 32745.3 = 32788.1 over 372 frames.
zh1107M0005 要 要 三 箱 银桥 牛奶 多 加糖 
LOG (lattice-best-path[5.3.76~1-26df3]:main():lattice-best-path.cc:99) For utterance zh1107M0006, best cost 25.6381 + 9803.78 = 9829.42 over 180 frames.
zh1107M0006 要 三 箱 加糖 
LOG (lattice-best-path[5.3.76~1-26df3]:main():lattice-best-path.cc:99) For utterance zh1107M0007, best cost 51.3013 + 13628 = 13679.3 over 209 frames.
zh1107M0007 要 多 要 多 阀门 
LOG (lattice-best-path[5.3.76~1-26df3]:main():lattice-best-path.cc:99) For utterance zh1107M0008, best cost 25.5 + 14678.6 = 14704.1 over 199 frames.
zh1107M0008 开启 箱 加糖 
LOG (lattice-best-path[5.3.76~1-26df3]:main():lattice-best-path.cc:99) For utterance zh1107M0009, best cost 27.4176 + 10125.2 = 10152.7 over 180 frames.
zh1107M0009 要 三 箱 加糖 
LOG (lattice-best-path[5.3.76~1-26df3]:main():lattice-best-path.cc:99) For utterance zh1108M0001, best cost 29.1697 + 30428.6 = 30457.8 over 343 frames.
zh1108M0001 要 五 箱 银桥 牛奶 多 加糖 
LOG (lattice-best-path[5.3.76~1-26df3]:main():lattice-best-path.cc:99) For utterance zh1108M0002, best cost 29.5014 + 32292.7 = 32322.2 over 381 frames.
zh1108M0002 要 三 箱 加糖 
LOG (lattice-best-path[5.3.76~1-26df3]:main():lattice-best-path.cc:99) For utterance zh1108M0003, best cost 43.4216 + 31556.5 = 31599.9 over 362 frames.
zh1108M0003 要 要 五 箱 银桥 牛奶 多 加糖 
LOG (lattice-best-path[5.3.76~1-26df3]:main():lattice-best-path.cc:99) For utterance zh1108M0004, best cost 42.9904 + 34827.4 = 34870.4 over 410 frames.
zh1108M0004 要 要 三 箱 银桥 牛奶 多 加糖 
LOG (lattice-best-path[5.3.76~1-26df3]:main():lattice-best-path.cc:99) For utterance zh1108M0005, best cost 41.82 + 32810.5 = 32852.4 over 372 frames.
zh1108M0005 要 要 三 箱 银桥 牛奶 多 加糖 
LOG (lattice-best-path[5.3.76~1-26df3]:main():lattice-best-path.cc:99) For utterance zh1108M0006, best cost 25.6211 + 9790.65 = 9816.27 over 180 frames.
zh1108M0006 要 三 箱 加糖 
LOG (lattice-best-path[5.3.76~1-26df3]:main():lattice-best-path.cc:99) For utterance zh1108M0007, best cost 51.1595 + 13586.4 = 13637.5 over 209 frames.
zh1108M0007 要 多 要 多 阀门 
LOG (lattice-best-path[5.3.76~1-26df3]:main():lattice-best-path.cc:99) For utterance zh1108M0008, best cost 26.4702 + 14620.1 = 14646.6 over 199 frames.
zh1108M0008 开启 箱 加糖 
LOG (lattice-best-path[5.3.76~1-26df3]:main():lattice-best-path.cc:99) For utterance zh1108M0009, best cost 26.0179 + 10138.6 = 10164.7 over 180 frames.
zh1108M0009 要 三 箱 加糖 
LOG (lattice-best-path[5.3.76~1-26df3]:main():lattice-best-path.cc:99) For utterance zh1109M0001, best cost 32.5873 + 30475.1 = 30507.6 over 343 frames.
zh1109M0001 要 五 箱 银桥 牛奶 多 加糖 
LOG (lattice-best-path[5.3.76~1-26df3]:main():lattice-best-path.cc:99) For utterance zh1109M0002, best cost 37.758 + 32340.3 = 32378.1 over 381 frames.
zh1109M0002 要 要 三 箱 加糖 
LOG (lattice-best-path[5.3.76~1-26df3]:main():lattice-best-path.cc:99) For utterance zh1109M0003, best cost 43.2289 + 31617.9 = 31661.1 over 362 frames.
zh1109M0003 要 要 五 箱 银桥 牛奶 多 加糖 
LOG (lattice-best-path[5.3.76~1-26df3]:main():lattice-best-path.cc:99) For utterance zh1109M0004, best cost 42.5193 + 34753.8 = 34796.3 over 410 frames.
zh1109M0004 要 要 三 箱 银桥 牛奶 多 加糖 
LOG (lattice-best-path[5.3.76~1-26df3]:main():lattice-best-path.cc:99) For utterance zh1109M0005, best cost 40.4749 + 32816.2 = 32856.6 over 372 frames.
zh1109M0005 要 要 三 箱 银桥 牛奶 多 加糖 
LOG (lattice-best-path[5.3.76~1-26df3]:main():lattice-best-path.cc:99) For utterance zh1109M0006, best cost 33.3333 + 9845.3 = 9878.64 over 180 frames.
zh1109M0006 要 要 三 箱 加糖 
LOG (lattice-best-path[5.3.76~1-26df3]:main():lattice-best-path.cc:99) For utterance zh1109M0007, best cost 51.5677 + 13621.6 = 13673.1 over 209 frames.
zh1109M0007 要 多 要 多 阀门 
LOG (lattice-best-path[5.3.76~1-26df3]:main():lattice-best-path.cc:99) For utterance zh1109M0008, best cost 25.9109 + 14590 = 14615.9 over 199 frames.
zh1109M0008 开启 箱 加糖 
LOG (lattice-best-path[5.3.76~1-26df3]:main():lattice-best-path.cc:99) For utterance zh1109M0009, best cost 26.0424 + 10138.6 = 10164.7 over 180 frames.
zh1109M0009 要 三 箱 加糖 
LOG (lattice-best-path[5.3.76~1-26df3]:main():lattice-best-path.cc:124) Overall cost per frame is 79.8383 = 0.120502 [graph] + 79.7178 [acoustic] over 47448 frames.
LOG (lattice-best-path[5.3.76~1-26df3]:main():lattice-best-path.cc:128) Done 162 lattices, failed for 0
# Accounting: time=0 threads=1
# Ended (code 0) at Sun Apr  1 16:33:55 CST 2018, elapsed time 0 seconds
