# lattice-scale --inv-acoustic-scale=13 "ark:gunzip -c exp_FG/tri_8_2000/decode/lat.*.gz|" ark:- | lattice-add-penalty --word-ins-penalty=0.0 ark:- ark:- | lattice-best-path --word-symbol-table=exp_FG/tri_8_2000/graph/words.txt ark:- ark,t:exp_FG/tri_8_2000/decode/scoring/13.tra 
# Started at Sun Apr  1 16:33:55 CST 2018
#
lattice-add-penalty --word-ins-penalty=0.0 ark:- ark:- 
lattice-scale --inv-acoustic-scale=13 'ark:gunzip -c exp_FG/tri_8_2000/decode/lat.*.gz|' ark:- 
lattice-best-path --word-symbol-table=exp_FG/tri_8_2000/graph/words.txt ark:- ark,t:exp_FG/tri_8_2000/decode/scoring/13.tra 
LOG (lattice-best-path[5.3.76~1-26df3]:main():lattice-best-path.cc:99) For utterance zh1101M0001, best cost 29.1469 + 18765.8 = 18794.9 over 343 frames.
zh1101M0001 要 五 箱 银桥 牛奶 多 加糖 
LOG (lattice-best-path[5.3.76~1-26df3]:main():lattice-best-path.cc:99) For utterance zh1101M0002, best cost 29.5437 + 19909.6 = 19939.1 over 381 frames.
zh1101M0002 要 三 箱 加糖 
LOG (lattice-best-path[5.3.76~1-26df3]:main():lattice-best-path.cc:99) For utterance zh1101M0003, best cost 42.678 + 19429 = 19471.6 over 362 frames.
zh1101M0003 要 要 五 箱 银桥 牛奶 多 加糖 
LOG (lattice-best-path[5.3.76~1-26df3]:main():lattice-best-path.cc:99) For utterance zh1101M0004, best cost 42.4356 + 21340.2 = 21382.6 over 410 frames.
zh1101M0004 要 要 三 箱 银桥 牛奶 多 加糖 
LOG (lattice-best-path[5.3.76~1-26df3]:main():lattice-best-path.cc:99) For utterance zh1101M0005, best cost 40.6472 + 20147.9 = 20188.6 over 372 frames.
zh1101M0005 要 要 三 箱 银桥 牛奶 多 加糖 
LOG (lattice-best-path[5.3.76~1-26df3]:main():lattice-best-path.cc:99) For utterance zh1101M0006, best cost 26.2308 + 6072.23 = 6098.46 over 180 frames.
zh1101M0006 要 三 箱 加糖 
LOG (lattice-best-path[5.3.76~1-26df3]:main():lattice-best-path.cc:99) For utterance zh1101M0007, best cost 51.8971 + 8384 = 8435.9 over 209 frames.
zh1101M0007 要 多 要 多 阀门 
LOG (lattice-best-path[5.3.76~1-26df3]:main():lattice-best-path.cc:99) For utterance zh1101M0008, best cost 25.5133 + 9036.86 = 9062.37 over 199 frames.
zh1101M0008 开启 箱 加糖 
LOG (lattice-best-path[5.3.76~1-26df3]:main():lattice-best-path.cc:99) For utterance zh1101M0009, best cost 25.8871 + 6226.84 = 6252.73 over 180 frames.
zh1101M0009 要 三 箱 加糖 
LOG (lattice-best-path[5.3.76~1-26df3]:main():lattice-best-path.cc:99) For utterance zh1110M0001, best cost 29.3017 + 18765.4 = 18794.7 over 343 frames.
zh1110M0001 要 五 箱 银桥 牛奶 多 加糖 
LOG (lattice-best-path[5.3.76~1-26df3]:main():lattice-best-path.cc:99) For utterance zh1110M0002, best cost 29.5304 + 19883.4 = 19912.9 over 381 frames.
zh1110M0002 要 三 箱 加糖 
LOG (lattice-best-path[5.3.76~1-26df3]:main():lattice-best-path.cc:99) For utterance zh1110M0003, best cost 31.1276 + 19546 = 19577.1 over 362 frames.
zh1110M0003 要 五 箱 银桥 牛奶 多 加糖 
LOG (lattice-best-path[5.3.76~1-26df3]:main():lattice-best-path.cc:99) For utterance zh1110M0004, best cost 50.3942 + 21382.5 = 21432.9 over 410 frames.
zh1110M0004 要 要 要 三 箱 银桥 牛奶 多 加糖 
LOG (lattice-best-path[5.3.76~1-26df3]:main():lattice-best-path.cc:99) For utterance zh1110M0005, best cost 41.2695 + 20091.8 = 20133 over 372 frames.
zh1110M0005 要 要 三 箱 银桥 牛奶 多 加糖 
LOG (lattice-best-path[5.3.76~1-26df3]:main():lattice-best-path.cc:99) For utterance zh1110M0006, best cost 25.9468 + 6063.8 = 6089.75 over 180 frames.
zh1110M0006 要 三 箱 加糖 
LOG (lattice-best-path[5.3.76~1-26df3]:main():lattice-best-path.cc:99) For utterance zh1110M0007, best cost 52.2123 + 8392.88 = 8445.09 over 209 frames.
zh1110M0007 要 多 要 多 阀门 
LOG (lattice-best-path[5.3.76~1-26df3]:main():lattice-best-path.cc:99) For utterance zh1110M0008, best cost 25.9109 + 8976.03 = 9001.94 over 199 frames.
zh1110M0008 开启 箱 加糖 
LOG (lattice-best-path[5.3.76~1-26df3]:main():lattice-best-path.cc:99) For utterance zh1110M0009, best cost 26.0424 + 6210.33 = 6236.37 over 180 frames.
zh1110M0009 要 三 箱 加糖 
LOG (lattice-best-path[5.3.76~1-26df3]:main():lattice-best-path.cc:99) For utterance zh1111M0001, best cost 29.3418 + 18754 = 18783.4 over 343 frames.
zh1111M0001 要 五 箱 银桥 牛奶 多 加糖 
LOG (lattice-best-path[5.3.76~1-26df3]:main():lattice-best-path.cc:99) For utterance zh1111M0002, best cost 29.5437 + 19906 = 19935.5 over 381 frames.
zh1111M0002 要 三 箱 加糖 
LOG (lattice-best-path[5.3.76~1-26df3]:main():lattice-best-path.cc:99) For utterance zh1111M0003, best cost 30.7165 + 19521.1 = 19551.9 over 362 frames.
zh1111M0003 要 五 箱 银桥 牛奶 多 加糖 
LOG (lattice-best-path[5.3.76~1-26df3]:main():lattice-best-path.cc:99) For utterance zh1111M0004, best cost 42.8748 + 21462.4 = 21505.2 over 410 frames.
zh1111M0004 要 要 三 箱 银桥 牛奶 多 加糖 
LOG (lattice-best-path[5.3.76~1-26df3]:main():lattice-best-path.cc:99) For utterance zh1111M0005, best cost 42.4073 + 20098 = 20140.4 over 372 frames.
zh1111M0005 要 要 三 箱 银桥 牛奶 多 加糖 
LOG (lattice-best-path[5.3.76~1-26df3]:main():lattice-best-path.cc:99) For utterance zh1111M0006, best cost 26.5977 + 6030.65 = 6057.25 over 180 frames.
zh1111M0006 要 三 箱 加糖 
LOG (lattice-best-path[5.3.76~1-26df3]:main():lattice-best-path.cc:99) For utterance zh1111M0007, best cost 51.5513 + 8398.59 = 8450.14 over 209 frames.
zh1111M0007 要 多 要 多 阀门 
LOG (lattice-best-path[5.3.76~1-26df3]:main():lattice-best-path.cc:99) For utterance zh1111M0008, best cost 25.5 + 9012.67 = 9038.17 over 199 frames.
zh1111M0008 开启 箱 加糖 
LOG (lattice-best-path[5.3.76~1-26df3]:main():lattice-best-path.cc:99) For utterance zh1111M0009, best cost 25.9116 + 6228.91 = 6254.83 over 180 frames.
zh1111M0009 要 三 箱 加糖 
LOG (lattice-best-path[5.3.76~1-26df3]:main():lattice-best-path.cc:99) For utterance zh1112M0001, best cost 29.3296 + 18751.5 = 18780.8 over 343 frames.
zh1112M0001 要 五 箱 银桥 牛奶 多 加糖 
LOG (lattice-best-path[5.3.76~1-26df3]:main():lattice-best-path.cc:99) For utterance zh1112M0002, best cost 29.5304 + 19880.4 = 19910 over 381 frames.
zh1112M0002 要 三 箱 加糖 
LOG (lattice-best-path[5.3.76~1-26df3]:main():lattice-best-path.cc:99) For utterance zh1112M0003, best cost 43.4493 + 19451.4 = 19494.9 over 362 frames.
zh1112M0003 要 要 五 箱 银桥 牛奶 多 加糖 
LOG (lattice-best-path[5.3.76~1-26df3]:main():lattice-best-path.cc:99) For utterance zh1112M0004, best cost 42.5582 + 21417.8 = 21460.3 over 410 frames.
zh1112M0004 要 要 三 箱 银桥 牛奶 多 加糖 
LOG (lattice-best-path[5.3.76~1-26df3]:main():lattice-best-path.cc:99) For utterance zh1112M0005, best cost 41.4846 + 20101.4 = 20142.9 over 372 frames.
zh1112M0005 要 要 三 箱 银桥 牛奶 多 加糖 
LOG (lattice-best-path[5.3.76~1-26df3]:main():lattice-best-path.cc:99) For utterance zh1112M0006, best cost 25.5798 + 6051.43 = 6077.01 over 180 frames.
zh1112M0006 要 三 箱 加糖 
LOG (lattice-best-path[5.3.76~1-26df3]:main():lattice-best-path.cc:99) For utterance zh1112M0007, best cost 52.1907 + 8424.05 = 8476.24 over 209 frames.
zh1112M0007 要 多 要 多 阀门 
LOG (lattice-best-path[5.3.76~1-26df3]:main():lattice-best-path.cc:99) For utterance zh1112M0008, best cost 25.0711 + 9012.22 = 9037.29 over 199 frames.
zh1112M0008 开启 箱 加糖 
LOG (lattice-best-path[5.3.76~1-26df3]:main():lattice-best-path.cc:99) For utterance zh1112M0009, best cost 25.9116 + 6236.55 = 6262.46 over 180 frames.
zh1112M0009 要 三 箱 加糖 
LOG (lattice-best-path[5.3.76~1-26df3]:main():lattice-best-path.cc:99) For utterance zh1113M0001, best cost 30.6037 + 18723.9 = 18754.5 over 343 frames.
zh1113M0001 要 五 箱 银桥 牛奶 多 加糖 
LOG (lattice-best-path[5.3.76~1-26df3]:main():lattice-best-path.cc:99) For utterance zh1113M0002, best cost 29.5304 + 19842.9 = 19872.4 over 381 frames.
zh1113M0002 要 三 箱 加糖 
LOG (lattice-best-path[5.3.76~1-26df3]:main():lattice-best-path.cc:99) For utterance zh1113M0003, best cost 29.9528 + 19479.7 = 19509.6 over 362 frames.
zh1113M0003 要 五 箱 银桥 牛奶 多 加糖 
LOG (lattice-best-path[5.3.76~1-26df3]:main():lattice-best-path.cc:99) For utterance zh1113M0004, best cost 43.4567 + 21401.8 = 21445.2 over 410 frames.
zh1113M0004 要 要 三 箱 银桥 牛奶 多 加糖 
LOG (lattice-best-path[5.3.76~1-26df3]:main():lattice-best-path.cc:99) For utterance zh1113M0005, best cost 40.9844 + 20162.6 = 20203.5 over 372 frames.
zh1113M0005 要 要 三 箱 银桥 牛奶 多 加糖 
LOG (lattice-best-path[5.3.76~1-26df3]:main():lattice-best-path.cc:99) For utterance zh1113M0006, best cost 27.0948 + 6064.15 = 6091.25 over 180 frames.
zh1113M0006 要 三 箱 加糖 
LOG (lattice-best-path[5.3.76~1-26df3]:main():lattice-best-path.cc:99) For utterance zh1113M0007, best cost 52.0858 + 8363.9 = 8415.99 over 209 frames.
zh1113M0007 要 多 要 多 阀门 
LOG (lattice-best-path[5.3.76~1-26df3]:main():lattice-best-path.cc:99) For utterance zh1113M0008, best cost 25.5133 + 9022.5 = 9048.02 over 199 frames.
zh1113M0008 开启 箱 加糖 
LOG (lattice-best-path[5.3.76~1-26df3]:main():lattice-best-path.cc:99) For utterance zh1113M0009, best cost 25.8983 + 6204.92 = 6230.82 over 180 frames.
zh1113M0009 要 三 箱 加糖 
LOG (lattice-best-path[5.3.76~1-26df3]:main():lattice-best-path.cc:99) For utterance zh1114M0001, best cost 29.1697 + 18764.7 = 18793.9 over 343 frames.
zh1114M0001 要 五 箱 银桥 牛奶 多 加糖 
LOG (lattice-best-path[5.3.76~1-26df3]:main():lattice-best-path.cc:99) For utterance zh1114M0002, best cost 29.5014 + 19868.8 = 19898.3 over 381 frames.
zh1114M0002 要 三 箱 加糖 
LOG (lattice-best-path[5.3.76~1-26df3]:main():lattice-best-path.cc:99) For utterance zh1114M0003, best cost 42.5034 + 19493 = 19535.6 over 362 frames.
zh1114M0003 要 要 五 箱 银桥 牛奶 多 加糖 
LOG (lattice-best-path[5.3.76~1-26df3]:main():lattice-best-path.cc:99) For utterance zh1114M0004, best cost 42.6018 + 21366.8 = 21409.4 over 410 frames.
zh1114M0004 要 要 三 箱 银桥 牛奶 多 加糖 
LOG (lattice-best-path[5.3.76~1-26df3]:main():lattice-best-path.cc:99) For utterance zh1114M0005, best cost 41.9882 + 20101 = 20143 over 372 frames.
zh1114M0005 要 要 三 箱 银桥 牛奶 多 加糖 
LOG (lattice-best-path[5.3.76~1-26df3]:main():lattice-best-path.cc:99) For utterance zh1114M0006, best cost 25.5932 + 6061.59 = 6087.18 over 180 frames.
zh1114M0006 要 三 箱 加糖 
LOG (lattice-best-path[5.3.76~1-26df3]:main():lattice-best-path.cc:99) For utterance zh1114M0007, best cost 52.2096 + 8380.01 = 8432.22 over 209 frames.
zh1114M0007 要 多 要 多 阀门 
LOG (lattice-best-path[5.3.76~1-26df3]:main():lattice-best-path.cc:99) For utterance zh1114M0008, best cost 25.9588 + 9007.09 = 9033.04 over 199 frames.
zh1114M0008 开启 箱 加糖 
LOG (lattice-best-path[5.3.76~1-26df3]:main():lattice-best-path.cc:99) For utterance zh1114M0009, best cost 25.9596 + 6235.45 = 6261.41 over 180 frames.
zh1114M0009 要 三 箱 加糖 
LOG (lattice-best-path[5.3.76~1-26df3]:main():lattice-best-path.cc:99) For utterance zh1115M0001, best cost 30.6951 + 18709.5 = 18740.2 over 343 frames.
zh1115M0001 要 五 箱 银桥 牛奶 多 加糖 
LOG (lattice-best-path[5.3.76~1-26df3]:main():lattice-best-path.cc:99) For utterance zh1115M0002, best cost 29.5437 + 19865.1 = 19894.7 over 381 frames.
zh1115M0002 要 三 箱 加糖 
LOG (lattice-best-path[5.3.76~1-26df3]:main():lattice-best-path.cc:99) For utterance zh1115M0003, best cost 42.5936 + 19502.6 = 19545.2 over 362 frames.
zh1115M0003 要 要 五 箱 银桥 牛奶 多 加糖 
LOG (lattice-best-path[5.3.76~1-26df3]:main():lattice-best-path.cc:99) For utterance zh1115M0004, best cost 42.5245 + 21335.4 = 21377.9 over 410 frames.
zh1115M0004 要 要 三 箱 银桥 牛奶 多 加糖 
LOG (lattice-best-path[5.3.76~1-26df3]:main():lattice-best-path.cc:99) For utterance zh1115M0005, best cost 42.0668 + 20140.3 = 20182.3 over 372 frames.
zh1115M0005 要 要 三 箱 银桥 牛奶 多 加糖 
LOG (lattice-best-path[5.3.76~1-26df3]:main():lattice-best-path.cc:99) For utterance zh1115M0006, best cost 25.8008 + 6058.92 = 6084.72 over 180 frames.
zh1115M0006 要 三 箱 加糖 
LOG (lattice-best-path[5.3.76~1-26df3]:main():lattice-best-path.cc:99) For utterance zh1115M0007, best cost 52.084 + 8402.39 = 8454.47 over 209 frames.
zh1115M0007 要 多 要 多 阀门 
LOG (lattice-best-path[5.3.76~1-26df3]:main():lattice-best-path.cc:99) For utterance zh1115M0008, best cost 25.998 + 9032.2 = 9058.2 over 199 frames.
zh1115M0008 开启 箱 加糖 
LOG (lattice-best-path[5.3.76~1-26df3]:main():lattice-best-path.cc:99) For utterance zh1115M0009, best cost 25.9116 + 6212.85 = 6238.76 over 180 frames.
zh1115M0009 要 三 箱 加糖 
LOG (lattice-best-path[5.3.76~1-26df3]:main():lattice-best-path.cc:99) For utterance zh1116M0001, best cost 32.3191 + 18762.7 = 18795 over 343 frames.
zh1116M0001 要 五 箱 银桥 牛奶 多 加糖 
LOG (lattice-best-path[5.3.76~1-26df3]:main():lattice-best-path.cc:99) For utterance zh1116M0002, best cost 29.5304 + 19856.1 = 19885.6 over 381 frames.
zh1116M0002 要 三 箱 加糖 
LOG (lattice-best-path[5.3.76~1-26df3]:main():lattice-best-path.cc:99) For utterance zh1116M0003, best cost 42.9757 + 19483.5 = 19526.5 over 362 frames.
zh1116M0003 要 要 五 箱 银桥 牛奶 多 加糖 
LOG (lattice-best-path[5.3.76~1-26df3]:main():lattice-best-path.cc:99) For utterance zh1116M0004, best cost 42.5762 + 21417.5 = 21460.1 over 410 frames.
zh1116M0004 要 要 三 箱 银桥 牛奶 多 加糖 
LOG (lattice-best-path[5.3.76~1-26df3]:main():lattice-best-path.cc:99) For utterance zh1116M0005, best cost 40.9334 + 20136.3 = 20177.3 over 372 frames.
zh1116M0005 要 要 三 箱 银桥 牛奶 多 加糖 
LOG (lattice-best-path[5.3.76~1-26df3]:main():lattice-best-path.cc:99) For utterance zh1116M0006, best cost 26.2891 + 6035.51 = 6061.8 over 180 frames.
zh1116M0006 要 三 箱 加糖 
LOG (lattice-best-path[5.3.76~1-26df3]:main():lattice-best-path.cc:99) For utterance zh1116M0007, best cost 52.2096 + 8389.85 = 8442.06 over 209 frames.
zh1116M0007 要 多 要 多 阀门 
LOG (lattice-best-path[5.3.76~1-26df3]:main():lattice-best-path.cc:99) For utterance zh1116M0008, best cost 25.9109 + 9016.63 = 9042.54 over 199 frames.
zh1116M0008 开启 箱 加糖 
LOG (lattice-best-path[5.3.76~1-26df3]:main():lattice-best-path.cc:99) For utterance zh1116M0009, best cost 25.925 + 6219.89 = 6245.82 over 180 frames.
zh1116M0009 要 三 箱 加糖 
LOG (lattice-best-path[5.3.76~1-26df3]:main():lattice-best-path.cc:99) For utterance zh1117M0001, best cost 32.147 + 18743.4 = 18775.6 over 343 frames.
zh1117M0001 要 五 箱 银桥 牛奶 多 加糖 
LOG (lattice-best-path[5.3.76~1-26df3]:main():lattice-best-path.cc:99) For utterance zh1117M0002, best cost 29.5437 + 19898.1 = 19927.7 over 381 frames.
zh1117M0002 要 三 箱 加糖 
LOG (lattice-best-path[5.3.76~1-26df3]:main():lattice-best-path.cc:99) For utterance zh1117M0003, best cost 43.2552 + 19464.6 = 19507.8 over 362 frames.
zh1117M0003 要 要 五 箱 银桥 牛奶 多 加糖 
LOG (lattice-best-path[5.3.76~1-26df3]:main():lattice-best-path.cc:99) For utterance zh1117M0004, best cost 42.6575 + 21412.7 = 21455.4 over 410 frames.
zh1117M0004 要 要 三 箱 银桥 牛奶 多 加糖 
LOG (lattice-best-path[5.3.76~1-26df3]:main():lattice-best-path.cc:99) For utterance zh1117M0005, best cost 42.2522 + 20195.9 = 20238.1 over 372 frames.
zh1117M0005 要 要 三 箱 银桥 牛奶 多 加糖 
LOG (lattice-best-path[5.3.76~1-26df3]:main():lattice-best-path.cc:99) For utterance zh1117M0006, best cost 25.9627 + 6003.6 = 6029.57 over 180 frames.
zh1117M0006 要 三 箱 加糖 
LOG (lattice-best-path[5.3.76~1-26df3]:main():lattice-best-path.cc:99) For utterance zh1117M0007, best cost 52.2683 + 8362.37 = 8414.64 over 209 frames.
zh1117M0007 要 多 要 多 阀门 
LOG (lattice-best-path[5.3.76~1-26df3]:main():lattice-best-path.cc:99) For utterance zh1117M0008, best cost 25.5 + 8988.92 = 9014.42 over 199 frames.
zh1117M0008 开启 箱 加糖 
LOG (lattice-best-path[5.3.76~1-26df3]:main():lattice-best-path.cc:99) For utterance zh1117M0009, best cost 25.922 + 6214.7 = 6240.62 over 180 frames.
zh1117M0009 要 三 箱 加糖 
LOG (lattice-best-path[5.3.76~1-26df3]:main():lattice-best-path.cc:99) For utterance zh1118M0001, best cost 32.1347 + 18767.4 = 18799.5 over 343 frames.
zh1118M0001 要 五 箱 银桥 牛奶 多 加糖 
LOG (lattice-best-path[5.3.76~1-26df3]:main():lattice-best-path.cc:99) For utterance zh1118M0002, best cost 29.5014 + 19886.9 = 19916.4 over 381 frames.
zh1118M0002 要 三 箱 加糖 
LOG (lattice-best-path[5.3.76~1-26df3]:main():lattice-best-path.cc:99) For utterance zh1118M0003, best cost 42.8618 + 19439.6 = 19482.4 over 362 frames.
zh1118M0003 要 要 五 箱 银桥 牛奶 多 加糖 
LOG (lattice-best-path[5.3.76~1-26df3]:main():lattice-best-path.cc:99) For utterance zh1118M0004, best cost 42.754 + 21444.1 = 21486.9 over 410 frames.
zh1118M0004 要 要 三 箱 银桥 牛奶 多 加糖 
LOG (lattice-best-path[5.3.76~1-26df3]:main():lattice-best-path.cc:99) For utterance zh1118M0005, best cost 41.6436 + 20169.4 = 20211 over 372 frames.
zh1118M0005 要 要 三 箱 银桥 牛奶 多 加糖 
LOG (lattice-best-path[5.3.76~1-26df3]:main():lattice-best-path.cc:99) For utterance zh1118M0006, best cost 26.9867 + 6068.56 = 6095.55 over 180 frames.
zh1118M0006 要 三 箱 加糖 
LOG (lattice-best-path[5.3.76~1-26df3]:main():lattice-best-path.cc:99) For utterance zh1118M0007, best cost 52.2123 + 8390.56 = 8442.78 over 209 frames.
zh1118M0007 要 多 要 多 阀门 
LOG (lattice-best-path[5.3.76~1-26df3]:main():lattice-best-path.cc:99) For utterance zh1118M0008, best cost 25.0577 + 9047.55 = 9072.61 over 199 frames.
zh1118M0008 开启 箱 加糖 
LOG (lattice-best-path[5.3.76~1-26df3]:main():lattice-best-path.cc:99) For utterance zh1118M0009, best cost 27.5391 + 6218.41 = 6245.95 over 180 frames.
zh1118M0009 要 三 箱 加糖 
LOG (lattice-best-path[5.3.76~1-26df3]:main():lattice-best-path.cc:99) For utterance zh1102M0001, best cost 29.1697 + 18772.6 = 18801.8 over 343 frames.
zh1102M0001 要 五 箱 银桥 牛奶 多 加糖 
LOG (lattice-best-path[5.3.76~1-26df3]:main():lattice-best-path.cc:99) For utterance zh1102M0002, best cost 29.5437 + 19891.4 = 19921 over 381 frames.
zh1102M0002 要 三 箱 加糖 
LOG (lattice-best-path[5.3.76~1-26df3]:main():lattice-best-path.cc:99) For utterance zh1102M0003, best cost 30.6969 + 19485 = 19515.7 over 362 frames.
zh1102M0003 要 五 箱 银桥 牛奶 多 加糖 
LOG (lattice-best-path[5.3.76~1-26df3]:main():lattice-best-path.cc:99) For utterance zh1102M0004, best cost 42.705 + 21355.7 = 21398.4 over 410 frames.
zh1102M0004 要 要 三 箱 银桥 牛奶 多 加糖 
LOG (lattice-best-path[5.3.76~1-26df3]:main():lattice-best-path.cc:99) For utterance zh1102M0005, best cost 41.467 + 20144.8 = 20186.2 over 372 frames.
zh1102M0005 要 要 三 箱 银桥 牛奶 多 加糖 
LOG (lattice-best-path[5.3.76~1-26df3]:main():lattice-best-path.cc:99) For utterance zh1102M0006, best cost 25.6381 + 6089.01 = 6114.65 over 180 frames.
zh1102M0006 要 三 箱 加糖 
LOG (lattice-best-path[5.3.76~1-26df3]:main():lattice-best-path.cc:99) For utterance zh1102M0007, best cost 51.3822 + 8427.07 = 8478.45 over 209 frames.
zh1102M0007 要 多 要 多 阀门 
LOG (lattice-best-path[5.3.76~1-26df3]:main():lattice-best-path.cc:99) For utterance zh1102M0008, best cost 25.9722 + 9019.92 = 9045.89 over 199 frames.
zh1102M0008 开启 箱 加糖 
LOG (lattice-best-path[5.3.76~1-26df3]:main():lattice-best-path.cc:99) For utterance zh1102M0009, best cost 25.9116 + 6228.94 = 6254.85 over 180 frames.
zh1102M0009 要 三 箱 加糖 
LOG (lattice-best-path[5.3.76~1-26df3]:main():lattice-best-path.cc:99) For utterance zh1103M0001, best cost 29.3296 + 18751.5 = 18780.8 over 343 frames.
zh1103M0001 要 五 箱 银桥 牛奶 多 加糖 
LOG (lattice-best-path[5.3.76~1-26df3]:main():lattice-best-path.cc:99) For utterance zh1103M0002, best cost 29.5304 + 19880.4 = 19910 over 381 frames.
zh1103M0002 要 三 箱 加糖 
LOG (lattice-scale[5.3.76~1-26df3]:main():lattice-scale.cc:90) Done 162 lattices.
LOG (lattice-best-path[5.3.76~1-26df3]:main():lattice-best-path.cc:99) For utterance zh1103M0003, best cost 43.4493 + 19451.4 = 19494.9 over 362 frames.
zh1103M0003 要 要 五 箱 银桥 牛奶 多 加糖 
LOG (lattice-best-path[5.3.76~1-26df3]:main():lattice-best-path.cc:99) For utterance zh1103M0004, best cost 42.5582 + 21417.8 = 21460.3 over 410 frames.
zh1103M0004 要 要 三 箱 银桥 牛奶 多 加糖 
LOG (lattice-best-path[5.3.76~1-26df3]:main():lattice-best-path.cc:99) For utterance zh1103M0005, best cost 41.4846 + 20101.4 = 20142.9 over 372 frames.
zh1103M0005 要 要 三 箱 银桥 牛奶 多 加糖 
LOG (lattice-best-path[5.3.76~1-26df3]:main():lattice-best-path.cc:99) For utterance zh1103M0006, best cost 25.5798 + 6051.43 = 6077.01 over 180 frames.
zh1103M0006 要 三 箱 加糖 
LOG (lattice-best-path[5.3.76~1-26df3]:main():lattice-best-path.cc:99) For utterance zh1103M0007, best cost 52.1907 + 8424.05 = 8476.24 over 209 frames.
zh1103M0007 要 多 要 多 阀门 
LOG (lattice-best-path[5.3.76~1-26df3]:main():lattice-best-path.cc:99) For utterance zh1103M0008, best cost 25.0711 + 9012.22 = 9037.29 over 199 frames.
zh1103M0008 开启 箱 加糖 
LOG (lattice-best-path[5.3.76~1-26df3]:main():lattice-best-path.cc:99) For utterance zh1103M0009, best cost 25.9116 + 6236.55 = 6262.46 over 180 frames.
zh1103M0009 要 三 箱 加糖 
LOG (lattice-best-path[5.3.76~1-26df3]:main():lattice-best-path.cc:99) For utterance zh1104M0001, best cost 30.6037 + 18724.7 = 18755.3 over 343 frames.
zh1104M0001 要 五 箱 银桥 牛奶 多 加糖 
LOG (lattice-best-path[5.3.76~1-26df3]:main():lattice-best-path.cc:99) For utterance zh1104M0002, best cost 29.5304 + 19840.6 = 19870.2 over 381 frames.
zh1104M0002 要 三 箱 加糖 
LOG (lattice-best-path[5.3.76~1-26df3]:main():lattice-best-path.cc:99) For utterance zh1104M0003, best cost 29.9528 + 19478 = 19508 over 362 frames.
zh1104M0003 要 五 箱 银桥 牛奶 多 加糖 
LOG (lattice-best-path[5.3.76~1-26df3]:main():lattice-best-path.cc:99) For utterance zh1104M0004, best cost 43.4567 + 21400.2 = 21443.6 over 410 frames.
zh1104M0004 要 要 三 箱 银桥 牛奶 多 加糖 
LOG (lattice-best-path[5.3.76~1-26df3]:main():lattice-best-path.cc:99) For utterance zh1104M0005, best cost 40.9844 + 20162.6 = 20203.6 over 372 frames.
zh1104M0005 要 要 三 箱 银桥 牛奶 多 加糖 
LOG (lattice-best-path[5.3.76~1-26df3]:main():lattice-best-path.cc:99) For utterance zh1104M0006, best cost 27.0948 + 6063.2 = 6090.29 over 180 frames.
zh1104M0006 要 三 箱 加糖 
LOG (lattice-best-path[5.3.76~1-26df3]:main():lattice-best-path.cc:99) For utterance zh1104M0007, best cost 52.2123 + 8381.83 = 8434.04 over 209 frames.
zh1104M0007 要 多 要 多 阀门 
LOG (lattice-best-path[5.3.76~1-26df3]:main():lattice-best-path.cc:99) For utterance zh1104M0008, best cost 25.9722 + 9004.96 = 9030.93 over 199 frames.
zh1104M0008 开启 箱 加糖 
LOG (lattice-best-path[5.3.76~1-26df3]:main():lattice-best-path.cc:99) For utterance zh1104M0009, best cost 27.4176 + 6205.43 = 6232.85 over 180 frames.
zh1104M0009 要 三 箱 加糖 
LOG (lattice-best-path[5.3.76~1-26df3]:main():lattice-best-path.cc:99) For utterance zh1105M0001, best cost 32.1347 + 18762.5 = 18794.6 over 343 frames.
zh1105M0001 要 五 箱 银桥 牛奶 多 加糖 
LOG (lattice-best-path[5.3.76~1-26df3]:main():lattice-best-path.cc:99) For utterance zh1105M0002, best cost 29.5304 + 19887.2 = 19916.8 over 381 frames.
zh1105M0002 要 三 箱 加糖 
LOG (lattice-best-path[5.3.76~1-26df3]:main():lattice-best-path.cc:99) For utterance zh1105M0003, best cost 30.7549 + 19529.9 = 19560.7 over 362 frames.
zh1105M0003 要 五 箱 银桥 牛奶 多 加糖 
LOG (lattice-best-path[5.3.76~1-26df3]:main():lattice-best-path.cc:99) For utterance zh1105M0004, best cost 42.6047 + 21375 = 21417.6 over 410 frames.
zh1105M0004 要 要 三 箱 银桥 牛奶 多 加糖 
LOG (lattice-best-path[5.3.76~1-26df3]:main():lattice-best-path.cc:99) For utterance zh1105M0005, best cost 41.2357 + 20147.6 = 20188.9 over 372 frames.
zh1105M0005 要 要 三 箱 银桥 牛奶 多 加糖 
LOG (lattice-best-path[5.3.76~1-26df3]:main():lattice-best-path.cc:99) For utterance zh1105M0006, best cost 25.9627 + 6056.01 = 6081.97 over 180 frames.
zh1105M0006 要 三 箱 加糖 
LOG (lattice-best-path[5.3.76~1-26df3]:main():lattice-best-path.cc:99) For utterance zh1105M0007, best cost 52.1907 + 8333.46 = 8385.65 over 209 frames.
zh1105M0007 要 多 要 多 阀门 
LOG (lattice-best-path[5.3.76~1-26df3]:main():lattice-best-path.cc:99) For utterance zh1105M0008, best cost 25.5133 + 9040.05 = 9065.57 over 199 frames.
zh1105M0008 开启 箱 加糖 
LOG (lattice-best-path[5.3.76~1-26df3]:main():lattice-best-path.cc:99) For utterance zh1105M0009, best cost 27.4901 + 6215.45 = 6242.94 over 180 frames.
zh1105M0009 要 三 箱 加糖 
LOG (lattice-best-path[5.3.76~1-26df3]:main():lattice-best-path.cc:99) For utterance zh1106M0001, best cost 31.2753 + 18750.2 = 18781.5 over 343 frames.
zh1106M0001 要 五 箱 银桥 牛奶 多 加糖 
LOG (lattice-best-path[5.3.76~1-26df3]:main():lattice-best-path.cc:99) For utterance zh1106M0002, best cost 29.5437 + 19873.8 = 19903.4 over 381 frames.
zh1106M0002 要 三 箱 加糖 
LOG (lattice-best-path[5.3.76~1-26df3]:main():lattice-best-path.cc:99) For utterance zh1106M0003, best cost 42.5226 + 19413.7 = 19456.2 over 362 frames.
zh1106M0003 要 要 五 箱 银桥 牛奶 多 加糖 
LOG (lattice-best-path[5.3.76~1-26df3]:main():lattice-best-path.cc:99) For utterance zh1106M0004, best cost 42.6976 + 21412.5 = 21455.2 over 410 frames.
zh1106M0004 要 要 三 箱 银桥 牛奶 多 加糖 
LOG (lattice-best-path[5.3.76~1-26df3]:main():lattice-best-path.cc:99) For utterance zh1106M0005, best cost 42.4669 + 20179.5 = 20221.9 over 372 frames.
zh1106M0005 要 要 三 箱 银桥 牛奶 多 加糖 
LOG (lattice-add-penalty[5.3.76~1-26df3]:main():lattice-add-penalty.cc:62) Done adding word insertion penalty to 162 lattices.
LOG (lattice-best-path[5.3.76~1-26df3]:main():lattice-best-path.cc:99) For utterance zh1106M0006, best cost 25.7597 + 6026.27 = 6052.03 over 180 frames.
zh1106M0006 要 三 箱 加糖 
LOG (lattice-best-path[5.3.76~1-26df3]:main():lattice-best-path.cc:99) For utterance zh1106M0007, best cost 30.9642 + 8393.81 = 8424.77 over 209 frames.
zh1106M0007 关闭 不 阀门 
LOG (lattice-best-path[5.3.76~1-26df3]:main():lattice-best-path.cc:99) For utterance zh1106M0008, best cost 26.5587 + 8998.25 = 9024.81 over 199 frames.
zh1106M0008 开启 箱 加糖 
LOG (lattice-best-path[5.3.76~1-26df3]:main():lattice-best-path.cc:99) For utterance zh1106M0009, best cost 25.9384 + 6226.56 = 6252.5 over 180 frames.
zh1106M0009 要 三 箱 加糖 
LOG (lattice-best-path[5.3.76~1-26df3]:main():lattice-best-path.cc:99) For utterance zh1107M0001, best cost 29.2881 + 18773.6 = 18802.9 over 343 frames.
zh1107M0001 要 五 箱 银桥 牛奶 多 加糖 
LOG (lattice-best-path[5.3.76~1-26df3]:main():lattice-best-path.cc:99) For utterance zh1107M0002, best cost 36.6611 + 19895.3 = 19932 over 381 frames.
zh1107M0002 要 要 三 箱 加糖 
LOG (lattice-best-path[5.3.76~1-26df3]:main():lattice-best-path.cc:99) For utterance zh1107M0003, best cost 42.4308 + 19419.7 = 19462.1 over 362 frames.
zh1107M0003 要 要 五 箱 银桥 牛奶 多 加糖 
LOG (lattice-best-path[5.3.76~1-26df3]:main():lattice-best-path.cc:99) For utterance zh1107M0004, best cost 42.4088 + 21346.3 = 21388.7 over 410 frames.
zh1107M0004 要 要 三 箱 银桥 牛奶 多 加糖 
LOG (lattice-best-path[5.3.76~1-26df3]:main():lattice-best-path.cc:99) For utterance zh1107M0005, best cost 42.832 + 20150.9 = 20193.8 over 372 frames.
zh1107M0005 要 要 三 箱 银桥 牛奶 多 加糖 
LOG (lattice-best-path[5.3.76~1-26df3]:main():lattice-best-path.cc:99) For utterance zh1107M0006, best cost 25.6381 + 6033.1 = 6058.73 over 180 frames.
zh1107M0006 要 三 箱 加糖 
LOG (lattice-best-path[5.3.76~1-26df3]:main():lattice-best-path.cc:99) For utterance zh1107M0007, best cost 51.3013 + 8386.43 = 8437.74 over 209 frames.
zh1107M0007 要 多 要 多 阀门 
LOG (lattice-best-path[5.3.76~1-26df3]:main():lattice-best-path.cc:99) For utterance zh1107M0008, best cost 25.5 + 9032.96 = 9058.46 over 199 frames.
zh1107M0008 开启 箱 加糖 
LOG (lattice-best-path[5.3.76~1-26df3]:main():lattice-best-path.cc:99) For utterance zh1107M0009, best cost 27.4176 + 6230.91 = 6258.33 over 180 frames.
zh1107M0009 要 三 箱 加糖 
LOG (lattice-best-path[5.3.76~1-26df3]:main():lattice-best-path.cc:99) For utterance zh1108M0001, best cost 29.1697 + 18725.3 = 18754.5 over 343 frames.
zh1108M0001 要 五 箱 银桥 牛奶 多 加糖 
LOG (lattice-best-path[5.3.76~1-26df3]:main():lattice-best-path.cc:99) For utterance zh1108M0002, best cost 29.5014 + 19872.4 = 19901.9 over 381 frames.
zh1108M0002 要 三 箱 加糖 
LOG (lattice-best-path[5.3.76~1-26df3]:main():lattice-best-path.cc:99) For utterance zh1108M0003, best cost 30.5146 + 19431.5 = 19462 over 362 frames.
zh1108M0003 要 五 箱 银桥 牛奶 多 加糖 
LOG (lattice-best-path[5.3.76~1-26df3]:main():lattice-best-path.cc:99) For utterance zh1108M0004, best cost 42.9904 + 21432.2 = 21475.2 over 410 frames.
zh1108M0004 要 要 三 箱 银桥 牛奶 多 加糖 
LOG (lattice-best-path[5.3.76~1-26df3]:main():lattice-best-path.cc:99) For utterance zh1108M0005, best cost 41.82 + 20191.1 = 20232.9 over 372 frames.
zh1108M0005 要 要 三 箱 银桥 牛奶 多 加糖 
LOG (lattice-best-path[5.3.76~1-26df3]:main():lattice-best-path.cc:99) For utterance zh1108M0006, best cost 25.6211 + 6025.01 = 6050.63 over 180 frames.
zh1108M0006 要 三 箱 加糖 
LOG (lattice-best-path[5.3.76~1-26df3]:main():lattice-best-path.cc:99) For utterance zh1108M0007, best cost 51.1595 + 8360.85 = 8412.01 over 209 frames.
zh1108M0007 要 多 要 多 阀门 
LOG (lattice-best-path[5.3.76~1-26df3]:main():lattice-best-path.cc:99) For utterance zh1108M0008, best cost 26.4702 + 8996.99 = 9023.46 over 199 frames.
zh1108M0008 开启 箱 加糖 
LOG (lattice-best-path[5.3.76~1-26df3]:main():lattice-best-path.cc:99) For utterance zh1108M0009, best cost 26.0179 + 6239.17 = 6265.18 over 180 frames.
zh1108M0009 要 三 箱 加糖 
LOG (lattice-best-path[5.3.76~1-26df3]:main():lattice-best-path.cc:99) For utterance zh1109M0001, best cost 32.5873 + 18753.9 = 18786.5 over 343 frames.
zh1109M0001 要 五 箱 银桥 牛奶 多 加糖 
LOG (lattice-best-path[5.3.76~1-26df3]:main():lattice-best-path.cc:99) For utterance zh1109M0002, best cost 29.5014 + 19907.9 = 19937.4 over 381 frames.
zh1109M0002 要 三 箱 加糖 
LOG (lattice-best-path[5.3.76~1-26df3]:main():lattice-best-path.cc:99) For utterance zh1109M0003, best cost 29.9972 + 19467.6 = 19497.6 over 362 frames.
zh1109M0003 要 五 箱 银桥 牛奶 多 加糖 
LOG (lattice-best-path[5.3.76~1-26df3]:main():lattice-best-path.cc:99) For utterance zh1109M0004, best cost 42.5193 + 21386.9 = 21429.5 over 410 frames.
zh1109M0004 要 要 三 箱 银桥 牛奶 多 加糖 
LOG (lattice-best-path[5.3.76~1-26df3]:main():lattice-best-path.cc:99) For utterance zh1109M0005, best cost 40.4749 + 20194.6 = 20235 over 372 frames.
zh1109M0005 要 要 三 箱 银桥 牛奶 多 加糖 
LOG (lattice-best-path[5.3.76~1-26df3]:main():lattice-best-path.cc:99) For utterance zh1109M0006, best cost 25.9044 + 6064.41 = 6090.31 over 180 frames.
zh1109M0006 要 三 箱 加糖 
LOG (lattice-best-path[5.3.76~1-26df3]:main():lattice-best-path.cc:99) For utterance zh1109M0007, best cost 51.5677 + 8382.5 = 8434.07 over 209 frames.
zh1109M0007 要 多 要 多 阀门 
LOG (lattice-best-path[5.3.76~1-26df3]:main():lattice-best-path.cc:99) For utterance zh1109M0008, best cost 25.9109 + 8978.45 = 9004.36 over 199 frames.
zh1109M0008 开启 箱 加糖 
LOG (lattice-best-path[5.3.76~1-26df3]:main():lattice-best-path.cc:99) For utterance zh1109M0009, best cost 26.0424 + 6239.17 = 6265.21 over 180 frames.
zh1109M0009 要 三 箱 加糖 
LOG (lattice-best-path[5.3.76~1-26df3]:main():lattice-best-path.cc:124) Overall cost per frame is 49.177 = 0.118091 [graph] + 49.0589 [acoustic] over 47448 frames.
LOG (lattice-best-path[5.3.76~1-26df3]:main():lattice-best-path.cc:128) Done 162 lattices, failed for 0
# Accounting: time=1 threads=1
# Ended (code 0) at Sun Apr  1 16:33:56 CST 2018, elapsed time 1 seconds
