# lattice-scale --inv-acoustic-scale=7 "ark:gunzip -c exp_FG/tri_8_2000/decode/lat.*.gz|" ark:- | lattice-add-penalty --word-ins-penalty=0.0 ark:- ark:- | lattice-best-path --word-symbol-table=exp_FG/tri_8_2000/graph/words.txt ark:- ark,t:exp_FG/tri_8_2000/decode/scoring/7.tra 
# Started at Sun Apr  1 16:33:54 CST 2018
#
lattice-add-penalty --word-ins-penalty=0.0 ark:- ark:- 
lattice-scale --inv-acoustic-scale=7 'ark:gunzip -c exp_FG/tri_8_2000/decode/lat.*.gz|' ark:- 
lattice-best-path --word-symbol-table=exp_FG/tri_8_2000/graph/words.txt ark:- ark,t:exp_FG/tri_8_2000/decode/scoring/7.tra 
LOG (lattice-best-path[5.3.76~1-26df3]:main():lattice-best-path.cc:99) For utterance zh1101M0001, best cost 29.1469 + 34850.7 = 34879.9 over 343 frames.
zh1101M0001 要 五 箱 银桥 牛奶 多 加糖 
LOG (lattice-best-path[5.3.76~1-26df3]:main():lattice-best-path.cc:99) For utterance zh1101M0002, best cost 29.5437 + 36974.9 = 37004.5 over 381 frames.
zh1101M0002 要 三 箱 加糖 
LOG (lattice-best-path[5.3.76~1-26df3]:main():lattice-best-path.cc:99) For utterance zh1101M0003, best cost 42.678 + 36082.4 = 36125 over 362 frames.
zh1101M0003 要 要 五 箱 银桥 牛奶 多 加糖 
LOG (lattice-best-path[5.3.76~1-26df3]:main():lattice-best-path.cc:99) For utterance zh1101M0004, best cost 42.4356 + 39631.8 = 39674.2 over 410 frames.
zh1101M0004 要 要 三 箱 银桥 牛奶 多 加糖 
LOG (lattice-best-path[5.3.76~1-26df3]:main():lattice-best-path.cc:99) For utterance zh1101M0005, best cost 40.6472 + 37417.6 = 37458.2 over 372 frames.
zh1101M0005 要 要 三 箱 银桥 牛奶 多 加糖 
LOG (lattice-best-path[5.3.76~1-26df3]:main():lattice-best-path.cc:99) For utterance zh1101M0006, best cost 26.2308 + 11277 = 11303.2 over 180 frames.
zh1101M0006 要 三 箱 加糖 
LOG (lattice-best-path[5.3.76~1-26df3]:main():lattice-best-path.cc:99) For utterance zh1101M0007, best cost 51.8971 + 15570.3 = 15622.2 over 209 frames.
zh1101M0007 要 多 要 多 阀门 
LOG (lattice-best-path[5.3.76~1-26df3]:main():lattice-best-path.cc:99) For utterance zh1101M0008, best cost 25.5133 + 16782.7 = 16808.3 over 199 frames.
zh1101M0008 开启 箱 加糖 
LOG (lattice-best-path[5.3.76~1-26df3]:main():lattice-best-path.cc:99) For utterance zh1101M0009, best cost 25.8871 + 11564.1 = 11590 over 180 frames.
zh1101M0009 要 三 箱 加糖 
LOG (lattice-best-path[5.3.76~1-26df3]:main():lattice-best-path.cc:99) For utterance zh1110M0001, best cost 29.3017 + 34850 = 34879.3 over 343 frames.
zh1110M0001 要 五 箱 银桥 牛奶 多 加糖 
LOG (lattice-best-path[5.3.76~1-26df3]:main():lattice-best-path.cc:99) For utterance zh1110M0002, best cost 37.9497 + 36912.1 = 36950.1 over 381 frames.
zh1110M0002 要 要 三 箱 加糖 
LOG (lattice-best-path[5.3.76~1-26df3]:main():lattice-best-path.cc:99) For utterance zh1110M0003, best cost 43.7286 + 36286.6 = 36330.3 over 362 frames.
zh1110M0003 要 要 五 箱 银桥 牛奶 多 加糖 
LOG (lattice-best-path[5.3.76~1-26df3]:main():lattice-best-path.cc:99) For utterance zh1110M0004, best cost 50.3942 + 39710.3 = 39760.7 over 410 frames.
zh1110M0004 要 要 要 三 箱 银桥 牛奶 多 加糖 
LOG (lattice-best-path[5.3.76~1-26df3]:main():lattice-best-path.cc:99) For utterance zh1110M0005, best cost 41.2695 + 37313.2 = 37354.5 over 372 frames.
zh1110M0005 要 要 三 箱 银桥 牛奶 多 加糖 
LOG (lattice-best-path[5.3.76~1-26df3]:main():lattice-best-path.cc:99) For utterance zh1110M0006, best cost 32.9581 + 11253.8 = 11286.7 over 180 frames.
zh1110M0006 要 要 三 箱 加糖 
LOG (lattice-best-path[5.3.76~1-26df3]:main():lattice-best-path.cc:99) For utterance zh1110M0007, best cost 52.2123 + 15586.8 = 15639 over 209 frames.
zh1110M0007 要 多 要 多 阀门 
LOG (lattice-best-path[5.3.76~1-26df3]:main():lattice-best-path.cc:99) For utterance zh1110M0008, best cost 25.9109 + 16669.8 = 16695.7 over 199 frames.
zh1110M0008 开启 箱 加糖 
LOG (lattice-best-path[5.3.76~1-26df3]:main():lattice-best-path.cc:99) For utterance zh1110M0009, best cost 26.0424 + 11533.5 = 11559.5 over 180 frames.
zh1110M0009 要 三 箱 加糖 
LOG (lattice-best-path[5.3.76~1-26df3]:main():lattice-best-path.cc:99) For utterance zh1111M0001, best cost 29.3418 + 34828.9 = 34858.3 over 343 frames.
zh1111M0001 要 五 箱 银桥 牛奶 多 加糖 
LOG (lattice-best-path[5.3.76~1-26df3]:main():lattice-best-path.cc:99) For utterance zh1111M0002, best cost 29.5437 + 36968.2 = 36997.8 over 381 frames.
zh1111M0002 要 三 箱 加糖 
LOG (lattice-best-path[5.3.76~1-26df3]:main():lattice-best-path.cc:99) For utterance zh1111M0003, best cost 30.7165 + 36253.6 = 36284.3 over 362 frames.
zh1111M0003 要 五 箱 银桥 牛奶 多 加糖 
LOG (lattice-best-path[5.3.76~1-26df3]:main():lattice-best-path.cc:99) For utterance zh1111M0004, best cost 42.8748 + 39858.7 = 39901.6 over 410 frames.
zh1111M0004 要 要 三 箱 银桥 牛奶 多 加糖 
LOG (lattice-best-path[5.3.76~1-26df3]:main():lattice-best-path.cc:99) For utterance zh1111M0005, best cost 42.4073 + 37324.8 = 37367.2 over 372 frames.
zh1111M0005 要 要 三 箱 银桥 牛奶 多 加糖 
LOG (lattice-best-path[5.3.76~1-26df3]:main():lattice-best-path.cc:99) For utterance zh1111M0006, best cost 26.5977 + 11199.8 = 11226.4 over 180 frames.
zh1111M0006 要 三 箱 加糖 
LOG (lattice-best-path[5.3.76~1-26df3]:main():lattice-best-path.cc:99) For utterance zh1111M0007, best cost 51.5513 + 15597.4 = 15648.9 over 209 frames.
zh1111M0007 要 多 要 多 阀门 
LOG (lattice-best-path[5.3.76~1-26df3]:main():lattice-best-path.cc:99) For utterance zh1111M0008, best cost 25.5 + 16737.8 = 16763.3 over 199 frames.
zh1111M0008 开启 箱 加糖 
LOG (lattice-best-path[5.3.76~1-26df3]:main():lattice-best-path.cc:99) For utterance zh1111M0009, best cost 25.9116 + 11568 = 11593.9 over 180 frames.
zh1111M0009 要 三 箱 加糖 
LOG (lattice-best-path[5.3.76~1-26df3]:main():lattice-best-path.cc:99) For utterance zh1112M0001, best cost 29.3296 + 34824.1 = 34853.5 over 343 frames.
zh1112M0001 要 五 箱 银桥 牛奶 多 加糖 
LOG (lattice-best-path[5.3.76~1-26df3]:main():lattice-best-path.cc:99) For utterance zh1112M0002, best cost 36.6478 + 36913.4 = 36950.1 over 381 frames.
zh1112M0002 要 要 三 箱 加糖 
LOG (lattice-best-path[5.3.76~1-26df3]:main():lattice-best-path.cc:99) For utterance zh1112M0003, best cost 43.4493 + 36124.1 = 36167.5 over 362 frames.
zh1112M0003 要 要 五 箱 银桥 牛奶 多 加糖 
LOG (lattice-best-path[5.3.76~1-26df3]:main():lattice-best-path.cc:99) For utterance zh1112M0004, best cost 42.5582 + 39775.9 = 39818.5 over 410 frames.
zh1112M0004 要 要 三 箱 银桥 牛奶 多 加糖 
LOG (lattice-best-path[5.3.76~1-26df3]:main():lattice-best-path.cc:99) For utterance zh1112M0005, best cost 41.4846 + 37331.1 = 37372.6 over 372 frames.
zh1112M0005 要 要 三 箱 银桥 牛奶 多 加糖 
LOG (lattice-best-path[5.3.76~1-26df3]:main():lattice-best-path.cc:99) For utterance zh1112M0006, best cost 25.5798 + 11238.4 = 11263.9 over 180 frames.
zh1112M0006 要 三 箱 加糖 
LOG (lattice-best-path[5.3.76~1-26df3]:main():lattice-best-path.cc:99) For utterance zh1112M0007, best cost 52.1907 + 15644.7 = 15696.9 over 209 frames.
zh1112M0007 要 多 要 多 阀门 
LOG (lattice-best-path[5.3.76~1-26df3]:main():lattice-best-path.cc:99) For utterance zh1112M0008, best cost 25.0711 + 16737 = 16762 over 199 frames.
zh1112M0008 开启 箱 加糖 
LOG (lattice-best-path[5.3.76~1-26df3]:main():lattice-best-path.cc:99) For utterance zh1112M0009, best cost 25.9116 + 11582.2 = 11608.1 over 180 frames.
zh1112M0009 要 三 箱 加糖 
LOG (lattice-best-path[5.3.76~1-26df3]:main():lattice-best-path.cc:99) For utterance zh1113M0001, best cost 30.6037 + 34772.9 = 34803.6 over 343 frames.
zh1113M0001 要 五 箱 银桥 牛奶 多 加糖 
LOG (lattice-best-path[5.3.76~1-26df3]:main():lattice-best-path.cc:99) For utterance zh1113M0002, best cost 36.9732 + 36842.4 = 36879.4 over 381 frames.
zh1113M0002 要 要 三 箱 加糖 
LOG (lattice-best-path[5.3.76~1-26df3]:main():lattice-best-path.cc:99) For utterance zh1113M0003, best cost 42.7987 + 36161.2 = 36204 over 362 frames.
zh1113M0003 要 要 三 箱 银桥 牛奶 多 加糖 
LOG (lattice-best-path[5.3.76~1-26df3]:main():lattice-best-path.cc:99) For utterance zh1113M0004, best cost 43.4567 + 39746.1 = 39789.6 over 410 frames.
zh1113M0004 要 要 三 箱 银桥 牛奶 多 加糖 
LOG (lattice-best-path[5.3.76~1-26df3]:main():lattice-best-path.cc:99) For utterance zh1113M0005, best cost 40.9844 + 37444.8 = 37485.7 over 372 frames.
zh1113M0005 要 要 三 箱 银桥 牛奶 多 加糖 
LOG (lattice-best-path[5.3.76~1-26df3]:main():lattice-best-path.cc:99) For utterance zh1113M0006, best cost 27.0948 + 11262 = 11289.1 over 180 frames.
zh1113M0006 要 三 箱 加糖 
LOG (lattice-best-path[5.3.76~1-26df3]:main():lattice-best-path.cc:99) For utterance zh1113M0007, best cost 52.0858 + 15533 = 15585.1 over 209 frames.
zh1113M0007 要 多 要 多 阀门 
LOG (lattice-best-path[5.3.76~1-26df3]:main():lattice-best-path.cc:99) For utterance zh1113M0008, best cost 25.5133 + 16756.1 = 16781.6 over 199 frames.
zh1113M0008 开启 箱 加糖 
LOG (lattice-best-path[5.3.76~1-26df3]:main():lattice-best-path.cc:99) For utterance zh1113M0009, best cost 25.8983 + 11523.4 = 11549.3 over 180 frames.
zh1113M0009 要 三 箱 加糖 
LOG (lattice-best-path[5.3.76~1-26df3]:main():lattice-best-path.cc:99) For utterance zh1114M0001, best cost 29.1697 + 34848.8 = 34877.9 over 343 frames.
zh1114M0001 要 五 箱 银桥 牛奶 多 加糖 
LOG (lattice-best-path[5.3.76~1-26df3]:main():lattice-best-path.cc:99) For utterance zh1114M0002, best cost 29.5014 + 36899.1 = 36928.6 over 381 frames.
zh1114M0002 要 三 箱 加糖 
LOG (lattice-best-path[5.3.76~1-26df3]:main():lattice-best-path.cc:99) For utterance zh1114M0003, best cost 42.5034 + 36201.4 = 36243.9 over 362 frames.
zh1114M0003 要 要 五 箱 银桥 牛奶 多 加糖 
LOG (lattice-best-path[5.3.76~1-26df3]:main():lattice-best-path.cc:99) For utterance zh1114M0004, best cost 42.6018 + 39681.3 = 39723.9 over 410 frames.
zh1114M0004 要 要 三 箱 银桥 牛奶 多 加糖 
LOG (lattice-best-path[5.3.76~1-26df3]:main():lattice-best-path.cc:99) For utterance zh1114M0005, best cost 41.9882 + 37330.4 = 37372.4 over 372 frames.
zh1114M0005 要 要 三 箱 银桥 牛奶 多 加糖 
LOG (lattice-best-path[5.3.76~1-26df3]:main():lattice-best-path.cc:99) For utterance zh1114M0006, best cost 25.5932 + 11257.2 = 11282.8 over 180 frames.
zh1114M0006 要 三 箱 加糖 
LOG (lattice-best-path[5.3.76~1-26df3]:main():lattice-best-path.cc:99) For utterance zh1114M0007, best cost 52.2096 + 15562.9 = 15615.1 over 209 frames.
zh1114M0007 要 多 要 多 阀门 
LOG (lattice-best-path[5.3.76~1-26df3]:main():lattice-best-path.cc:99) For utterance zh1114M0008, best cost 25.9588 + 16727.4 = 16753.4 over 199 frames.
zh1114M0008 开启 箱 加糖 
LOG (lattice-best-path[5.3.76~1-26df3]:main():lattice-best-path.cc:99) For utterance zh1114M0009, best cost 25.9596 + 11580.1 = 11606.1 over 180 frames.
zh1114M0009 要 三 箱 加糖 
LOG (lattice-best-path[5.3.76~1-26df3]:main():lattice-best-path.cc:99) For utterance zh1115M0001, best cost 30.6951 + 34746.2 = 34776.9 over 343 frames.
zh1115M0001 要 五 箱 银桥 牛奶 多 加糖 
LOG (lattice-best-path[5.3.76~1-26df3]:main():lattice-best-path.cc:99) For utterance zh1115M0002, best cost 29.5437 + 36892.3 = 36921.9 over 381 frames.
zh1115M0002 要 三 箱 加糖 
LOG (lattice-best-path[5.3.76~1-26df3]:main():lattice-best-path.cc:99) For utterance zh1115M0003, best cost 42.5936 + 36219.1 = 36261.7 over 362 frames.
zh1115M0003 要 要 五 箱 银桥 牛奶 多 加糖 
LOG (lattice-best-path[5.3.76~1-26df3]:main():lattice-best-path.cc:99) For utterance zh1115M0004, best cost 42.5245 + 39622.9 = 39665.4 over 410 frames.
zh1115M0004 要 要 三 箱 银桥 牛奶 多 加糖 
LOG (lattice-best-path[5.3.76~1-26df3]:main():lattice-best-path.cc:99) For utterance zh1115M0005, best cost 42.0668 + 37403.4 = 37445.4 over 372 frames.
zh1115M0005 要 要 三 箱 银桥 牛奶 多 加糖 
LOG (lattice-best-path[5.3.76~1-26df3]:main():lattice-best-path.cc:99) For utterance zh1115M0006, best cost 33.8394 + 11241.3 = 11275.1 over 180 frames.
zh1115M0006 要 要 三 箱 加糖 
LOG (lattice-best-path[5.3.76~1-26df3]:main():lattice-best-path.cc:99) For utterance zh1115M0007, best cost 52.084 + 15604.4 = 15656.5 over 209 frames.
zh1115M0007 要 多 要 多 阀门 
LOG (lattice-best-path[5.3.76~1-26df3]:main():lattice-best-path.cc:99) For utterance zh1115M0008, best cost 25.998 + 16774.1 = 16800.1 over 199 frames.
zh1115M0008 开启 箱 加糖 
LOG (lattice-best-path[5.3.76~1-26df3]:main():lattice-best-path.cc:99) For utterance zh1115M0009, best cost 25.9116 + 11538.2 = 11564.1 over 180 frames.
zh1115M0009 要 三 箱 加糖 
LOG (lattice-best-path[5.3.76~1-26df3]:main():lattice-best-path.cc:99) For utterance zh1116M0001, best cost 32.3191 + 34845.1 = 34877.4 over 343 frames.
zh1116M0001 要 五 箱 银桥 牛奶 多 加糖 
LOG (lattice-best-path[5.3.76~1-26df3]:main():lattice-best-path.cc:99) For utterance zh1116M0002, best cost 29.5304 + 36875.6 = 36905.2 over 381 frames.
zh1116M0002 要 三 箱 加糖 
LOG (lattice-best-path[5.3.76~1-26df3]:main():lattice-best-path.cc:99) For utterance zh1116M0003, best cost 42.9757 + 36183.6 = 36226.6 over 362 frames.
zh1116M0003 要 要 五 箱 银桥 牛奶 多 加糖 
LOG (lattice-best-path[5.3.76~1-26df3]:main():lattice-best-path.cc:99) For utterance zh1116M0004, best cost 50.7205 + 39765.8 = 39816.5 over 410 frames.
zh1116M0004 要 要 要 三 箱 银桥 牛奶 多 加糖 
LOG (lattice-best-path[5.3.76~1-26df3]:main():lattice-best-path.cc:99) For utterance zh1116M0005, best cost 40.9334 + 37396.1 = 37437 over 372 frames.
zh1116M0005 要 要 三 箱 银桥 牛奶 多 加糖 
LOG (lattice-best-path[5.3.76~1-26df3]:main():lattice-best-path.cc:99) For utterance zh1116M0006, best cost 33.718 + 11200.1 = 11233.8 over 180 frames.
zh1116M0006 要 要 三 箱 加糖 
LOG (lattice-best-path[5.3.76~1-26df3]:main():lattice-best-path.cc:99) For utterance zh1116M0007, best cost 52.2096 + 15581.1 = 15633.4 over 209 frames.
zh1116M0007 要 多 要 多 阀门 
LOG (lattice-best-path[5.3.76~1-26df3]:main():lattice-best-path.cc:99) For utterance zh1116M0008, best cost 25.9109 + 16745.2 = 16771.1 over 199 frames.
zh1116M0008 开启 箱 加糖 
LOG (lattice-best-path[5.3.76~1-26df3]:main():lattice-best-path.cc:99) For utterance zh1116M0009, best cost 25.925 + 11551.2 = 11577.2 over 180 frames.
zh1116M0009 要 三 箱 加糖 
LOG (lattice-best-path[5.3.76~1-26df3]:main():lattice-best-path.cc:99) For utterance zh1117M0001, best cost 32.147 + 34809.2 = 34841.4 over 343 frames.
zh1117M0001 要 五 箱 银桥 牛奶 多 加糖 
LOG (lattice-best-path[5.3.76~1-26df3]:main():lattice-best-path.cc:99) For utterance zh1117M0002, best cost 29.5437 + 36953.7 = 36983.2 over 381 frames.
zh1117M0002 要 三 箱 加糖 
LOG (lattice-best-path[5.3.76~1-26df3]:main():lattice-best-path.cc:99) For utterance zh1117M0003, best cost 43.2552 + 36148.5 = 36191.7 over 362 frames.
zh1117M0003 要 要 五 箱 银桥 牛奶 多 加糖 
LOG (lattice-best-path[5.3.76~1-26df3]:main():lattice-best-path.cc:99) For utterance zh1117M0004, best cost 42.6575 + 39766.5 = 39809.2 over 410 frames.
zh1117M0004 要 要 三 箱 银桥 牛奶 多 加糖 
LOG (lattice-best-path[5.3.76~1-26df3]:main():lattice-best-path.cc:99) For utterance zh1117M0005, best cost 42.2522 + 37506.6 = 37548.9 over 372 frames.
zh1117M0005 要 要 三 箱 银桥 牛奶 多 加糖 
LOG (lattice-best-path[5.3.76~1-26df3]:main():lattice-best-path.cc:99) For utterance zh1117M0006, best cost 25.9627 + 11149.5 = 11175.5 over 180 frames.
zh1117M0006 要 三 箱 加糖 
LOG (lattice-best-path[5.3.76~1-26df3]:main():lattice-best-path.cc:99) For utterance zh1117M0007, best cost 52.2683 + 15530.1 = 15582.4 over 209 frames.
zh1117M0007 要 多 要 多 阀门 
LOG (lattice-best-path[5.3.76~1-26df3]:main():lattice-best-path.cc:99) For utterance zh1117M0008, best cost 25.5 + 16693.7 = 16719.2 over 199 frames.
zh1117M0008 开启 箱 加糖 
LOG (lattice-best-path[5.3.76~1-26df3]:main():lattice-best-path.cc:99) For utterance zh1117M0009, best cost 25.922 + 11541.6 = 11567.5 over 180 frames.
zh1117M0009 要 三 箱 加糖 
LOG (lattice-best-path[5.3.76~1-26df3]:main():lattice-best-path.cc:99) For utterance zh1118M0001, best cost 32.1347 + 34853.7 = 34885.9 over 343 frames.
zh1118M0001 要 五 箱 银桥 牛奶 多 加糖 
LOG (lattice-best-path[5.3.76~1-26df3]:main():lattice-best-path.cc:99) For utterance zh1118M0002, best cost 29.5014 + 36932.8 = 36962.3 over 381 frames.
zh1118M0002 要 三 箱 加糖 
LOG (lattice-best-path[5.3.76~1-26df3]:main():lattice-best-path.cc:99) For utterance zh1118M0003, best cost 42.8618 + 36102 = 36144.9 over 362 frames.
zh1118M0003 要 要 五 箱 银桥 牛奶 多 加糖 
LOG (lattice-best-path[5.3.76~1-26df3]:main():lattice-best-path.cc:99) For utterance zh1118M0004, best cost 42.754 + 39824.8 = 39867.5 over 410 frames.
zh1118M0004 要 要 三 箱 银桥 牛奶 多 加糖 
LOG (lattice-best-path[5.3.76~1-26df3]:main():lattice-best-path.cc:99) For utterance zh1118M0005, best cost 41.6436 + 37457.5 = 37499.1 over 372 frames.
zh1118M0005 要 要 三 箱 银桥 牛奶 多 加糖 
LOG (lattice-best-path[5.3.76~1-26df3]:main():lattice-best-path.cc:99) For utterance zh1118M0006, best cost 26.9867 + 11270.2 = 11297.2 over 180 frames.
zh1118M0006 要 三 箱 加糖 
LOG (lattice-best-path[5.3.76~1-26df3]:main():lattice-best-path.cc:99) For utterance zh1118M0007, best cost 52.2123 + 15582.5 = 15634.7 over 209 frames.
zh1118M0007 要 多 要 多 阀门 
LOG (lattice-best-path[5.3.76~1-26df3]:main():lattice-best-path.cc:99) For utterance zh1118M0008, best cost 25.0577 + 16802.6 = 16827.7 over 199 frames.
zh1118M0008 开启 箱 加糖 
LOG (lattice-best-path[5.3.76~1-26df3]:main():lattice-best-path.cc:99) For utterance zh1118M0009, best cost 27.5391 + 11548.5 = 11576 over 180 frames.
zh1118M0009 要 三 箱 加糖 
LOG (lattice-best-path[5.3.76~1-26df3]:main():lattice-best-path.cc:99) For utterance zh1102M0001, best cost 29.1697 + 34863.4 = 34892.6 over 343 frames.
zh1102M0001 要 五 箱 银桥 牛奶 多 加糖 
LOG (lattice-best-path[5.3.76~1-26df3]:main():lattice-best-path.cc:99) For utterance zh1102M0002, best cost 29.5437 + 36941.2 = 36970.8 over 381 frames.
zh1102M0002 要 三 箱 加糖 
LOG (lattice-best-path[5.3.76~1-26df3]:main():lattice-best-path.cc:99) For utterance zh1102M0003, best cost 42.522 + 36173 = 36215.5 over 362 frames.
zh1102M0003 要 要 五 箱 银桥 牛奶 多 加糖 
LOG (lattice-best-path[5.3.76~1-26df3]:main():lattice-best-path.cc:99) For utterance zh1102M0004, best cost 42.705 + 39660.6 = 39703.3 over 410 frames.
zh1102M0004 要 要 三 箱 银桥 牛奶 多 加糖 
LOG (lattice-best-path[5.3.76~1-26df3]:main():lattice-best-path.cc:99) For utterance zh1102M0005, best cost 41.467 + 37411.7 = 37453.2 over 372 frames.
zh1102M0005 要 要 三 箱 银桥 牛奶 多 加糖 
LOG (lattice-best-path[5.3.76~1-26df3]:main():lattice-best-path.cc:99) For utterance zh1102M0006, best cost 25.6381 + 11308.2 = 11333.8 over 180 frames.
zh1102M0006 要 三 箱 加糖 
LOG (lattice-best-path[5.3.76~1-26df3]:main():lattice-best-path.cc:99) For utterance zh1102M0007, best cost 51.3822 + 15650.3 = 15701.6 over 209 frames.
zh1102M0007 要 多 要 多 阀门 
LOG (lattice-best-path[5.3.76~1-26df3]:main():lattice-best-path.cc:99) For utterance zh1102M0008, best cost 25.9722 + 16751.3 = 16777.3 over 199 frames.
zh1102M0008 开启 箱 加糖 
LOG (lattice-best-path[5.3.76~1-26df3]:main():lattice-best-path.cc:99) For utterance zh1102M0009, best cost 25.9116 + 11568 = 11593.9 over 180 frames.
zh1102M0009 要 三 箱 加糖 
LOG (lattice-best-path[5.3.76~1-26df3]:main():lattice-best-path.cc:99) For utterance zh1103M0001, best cost 29.3296 + 34824.1 = 34853.5 over 343 frames.
zh1103M0001 要 五 箱 银桥 牛奶 多 加糖 
LOG (lattice-scale[5.3.76~1-26df3]:main():lattice-scale.cc:90) Done 162 lattices.
LOG (lattice-best-path[5.3.76~1-26df3]:main():lattice-best-path.cc:99) For utterance zh1103M0002, best cost 36.6478 + 36913.4 = 36950.1 over 381 frames.
zh1103M0002 要 要 三 箱 加糖 
LOG (lattice-best-path[5.3.76~1-26df3]:main():lattice-best-path.cc:99) For utterance zh1103M0003, best cost 43.4493 + 36124.1 = 36167.5 over 362 frames.
zh1103M0003 要 要 五 箱 银桥 牛奶 多 加糖 
LOG (lattice-best-path[5.3.76~1-26df3]:main():lattice-best-path.cc:99) For utterance zh1103M0004, best cost 42.5582 + 39775.9 = 39818.5 over 410 frames.
zh1103M0004 要 要 三 箱 银桥 牛奶 多 加糖 
LOG (lattice-best-path[5.3.76~1-26df3]:main():lattice-best-path.cc:99) For utterance zh1103M0005, best cost 41.4846 + 37331.1 = 37372.6 over 372 frames.
zh1103M0005 要 要 三 箱 银桥 牛奶 多 加糖 
LOG (lattice-best-path[5.3.76~1-26df3]:main():lattice-best-path.cc:99) For utterance zh1103M0006, best cost 25.5798 + 11238.4 = 11263.9 over 180 frames.
zh1103M0006 要 三 箱 加糖 
LOG (lattice-best-path[5.3.76~1-26df3]:main():lattice-best-path.cc:99) For utterance zh1103M0007, best cost 52.1907 + 15644.7 = 15696.9 over 209 frames.
zh1103M0007 要 多 要 多 阀门 
LOG (lattice-best-path[5.3.76~1-26df3]:main():lattice-best-path.cc:99) For utterance zh1103M0008, best cost 25.0711 + 16737 = 16762 over 199 frames.
zh1103M0008 开启 箱 加糖 
LOG (lattice-best-path[5.3.76~1-26df3]:main():lattice-best-path.cc:99) For utterance zh1103M0009, best cost 25.9116 + 11582.2 = 11608.1 over 180 frames.
zh1103M0009 要 三 箱 加糖 
LOG (lattice-best-path[5.3.76~1-26df3]:main():lattice-best-path.cc:99) For utterance zh1104M0001, best cost 30.6037 + 34774.4 = 34805 over 343 frames.
zh1104M0001 要 五 箱 银桥 牛奶 多 加糖 
LOG (lattice-best-path[5.3.76~1-26df3]:main():lattice-best-path.cc:99) For utterance zh1104M0002, best cost 36.9732 + 36838.2 = 36875.2 over 381 frames.
zh1104M0002 要 要 三 箱 加糖 
LOG (lattice-best-path[5.3.76~1-26df3]:main():lattice-best-path.cc:99) For utterance zh1104M0003, best cost 42.7987 + 36158.6 = 36201.3 over 362 frames.
zh1104M0003 要 要 三 箱 银桥 牛奶 多 加糖 
LOG (lattice-best-path[5.3.76~1-26df3]:main():lattice-best-path.cc:99) For utterance zh1104M0004, best cost 43.4567 + 39743.1 = 39786.6 over 410 frames.
zh1104M0004 要 要 三 箱 银桥 牛奶 多 加糖 
LOG (lattice-best-path[5.3.76~1-26df3]:main():lattice-best-path.cc:99) For utterance zh1104M0005, best cost 40.9844 + 37444.9 = 37485.9 over 372 frames.
zh1104M0005 要 要 三 箱 银桥 牛奶 多 加糖 
LOG (lattice-best-path[5.3.76~1-26df3]:main():lattice-best-path.cc:99) For utterance zh1104M0006, best cost 27.0948 + 11260.2 = 11287.3 over 180 frames.
zh1104M0006 要 三 箱 加糖 
LOG (lattice-best-path[5.3.76~1-26df3]:main():lattice-best-path.cc:99) For utterance zh1104M0007, best cost 52.2123 + 15566.3 = 15618.5 over 209 frames.
zh1104M0007 要 多 要 多 阀门 
LOG (lattice-best-path[5.3.76~1-26df3]:main():lattice-best-path.cc:99) For utterance zh1104M0008, best cost 25.9722 + 16723.5 = 16749.5 over 199 frames.
zh1104M0008 开启 箱 加糖 
LOG (lattice-best-path[5.3.76~1-26df3]:main():lattice-best-path.cc:99) For utterance zh1104M0009, best cost 27.4176 + 11524.4 = 11551.8 over 180 frames.
zh1104M0009 要 三 箱 加糖 
LOG (lattice-best-path[5.3.76~1-26df3]:main():lattice-best-path.cc:99) For utterance zh1105M0001, best cost 32.1347 + 34844.6 = 34876.7 over 343 frames.
zh1105M0001 要 五 箱 银桥 牛奶 多 加糖 
LOG (lattice-best-path[5.3.76~1-26df3]:main():lattice-best-path.cc:99) For utterance zh1105M0002, best cost 29.5304 + 36933.4 = 36962.9 over 381 frames.
zh1105M0002 要 三 箱 加糖 
LOG (lattice-best-path[5.3.76~1-26df3]:main():lattice-best-path.cc:99) For utterance zh1105M0003, best cost 30.7549 + 36269.9 = 36300.6 over 362 frames.
zh1105M0003 要 五 箱 银桥 牛奶 多 加糖 
LOG (lattice-best-path[5.3.76~1-26df3]:main():lattice-best-path.cc:99) For utterance zh1105M0004, best cost 42.6047 + 39696.4 = 39739 over 410 frames.
zh1105M0004 要 要 三 箱 银桥 牛奶 多 加糖 
LOG (lattice-best-path[5.3.76~1-26df3]:main():lattice-best-path.cc:99) For utterance zh1105M0005, best cost 41.2357 + 37417 = 37458.3 over 372 frames.
zh1105M0005 要 要 三 箱 银桥 牛奶 多 加糖 
LOG (lattice-best-path[5.3.76~1-26df3]:main():lattice-best-path.cc:99) For utterance zh1105M0006, best cost 33.3355 + 11238.7 = 11272.1 over 180 frames.
zh1105M0006 要 要 三 箱 加糖 
LOG (lattice-best-path[5.3.76~1-26df3]:main():lattice-best-path.cc:99) For utterance zh1105M0007, best cost 52.1907 + 15476.4 = 15528.6 over 209 frames.
zh1105M0007 要 多 要 多 阀门 
LOG (lattice-best-path[5.3.76~1-26df3]:main():lattice-best-path.cc:99) For utterance zh1105M0008, best cost 25.5133 + 16788.7 = 16814.2 over 199 frames.
zh1105M0008 开启 箱 加糖 
LOG (lattice-best-path[5.3.76~1-26df3]:main():lattice-best-path.cc:99) For utterance zh1105M0009, best cost 27.4901 + 11543 = 11570.5 over 180 frames.
zh1105M0009 要 三 箱 加糖 
LOG (lattice-best-path[5.3.76~1-26df3]:main():lattice-best-path.cc:99) For utterance zh1106M0001, best cost 31.2753 + 34821.9 = 34853.2 over 343 frames.
zh1106M0001 要 五 箱 银桥 牛奶 多 加糖 
LOG (lattice-best-path[5.3.76~1-26df3]:main():lattice-best-path.cc:99) For utterance zh1106M0002, best cost 29.5437 + 36908.5 = 36938.1 over 381 frames.
zh1106M0002 要 三 箱 加糖 
LOG (lattice-best-path[5.3.76~1-26df3]:main():lattice-best-path.cc:99) For utterance zh1106M0003, best cost 42.5226 + 36054 = 36096.6 over 362 frames.
zh1106M0003 要 要 五 箱 银桥 牛奶 多 加糖 
LOG (lattice-best-path[5.3.76~1-26df3]:main():lattice-best-path.cc:99) For utterance zh1106M0004, best cost 42.6976 + 39766.1 = 39808.8 over 410 frames.
zh1106M0004 要 要 三 箱 银桥 牛奶 多 加糖 
LOG (lattice-add-penalty[5.3.76~1-26df3]:main():lattice-add-penalty.cc:62) Done adding word insertion penalty to 162 lattices.
LOG (lattice-best-path[5.3.76~1-26df3]:main():lattice-best-path.cc:99) For utterance zh1106M0005, best cost 42.4669 + 37476.1 = 37518.6 over 372 frames.
zh1106M0005 要 要 三 箱 银桥 牛奶 多 加糖 
LOG (lattice-best-path[5.3.76~1-26df3]:main():lattice-best-path.cc:99) For utterance zh1106M0006, best cost 25.7597 + 11191.6 = 11217.4 over 180 frames.
zh1106M0006 要 三 箱 加糖 
LOG (lattice-best-path[5.3.76~1-26df3]:main():lattice-best-path.cc:99) For utterance zh1106M0007, best cost 30.9642 + 15588.5 = 15619.5 over 209 frames.
zh1106M0007 关闭 不 阀门 
LOG (lattice-best-path[5.3.76~1-26df3]:main():lattice-best-path.cc:99) For utterance zh1106M0008, best cost 26.5587 + 16711 = 16737.6 over 199 frames.
zh1106M0008 开启 箱 加糖 
LOG (lattice-best-path[5.3.76~1-26df3]:main():lattice-best-path.cc:99) For utterance zh1106M0009, best cost 25.9384 + 11563.6 = 11589.6 over 180 frames.
zh1106M0009 要 三 箱 加糖 
LOG (lattice-best-path[5.3.76~1-26df3]:main():lattice-best-path.cc:99) For utterance zh1107M0001, best cost 29.2881 + 34865.2 = 34894.5 over 343 frames.
zh1107M0001 要 五 箱 银桥 牛奶 多 加糖 
LOG (lattice-best-path[5.3.76~1-26df3]:main():lattice-best-path.cc:99) For utterance zh1107M0002, best cost 36.6611 + 36948.5 = 36985.1 over 381 frames.
zh1107M0002 要 要 三 箱 加糖 
LOG (lattice-best-path[5.3.76~1-26df3]:main():lattice-best-path.cc:99) For utterance zh1107M0003, best cost 42.4308 + 36065.1 = 36107.5 over 362 frames.
zh1107M0003 要 要 五 箱 银桥 牛奶 多 加糖 
LOG (lattice-best-path[5.3.76~1-26df3]:main():lattice-best-path.cc:99) For utterance zh1107M0004, best cost 42.4088 + 39643.1 = 39685.5 over 410 frames.
zh1107M0004 要 要 三 箱 银桥 牛奶 多 加糖 
LOG (lattice-best-path[5.3.76~1-26df3]:main():lattice-best-path.cc:99) For utterance zh1107M0005, best cost 42.832 + 37423.2 = 37466 over 372 frames.
zh1107M0005 要 要 三 箱 银桥 牛奶 多 加糖 
LOG (lattice-best-path[5.3.76~1-26df3]:main():lattice-best-path.cc:99) For utterance zh1107M0006, best cost 25.6381 + 11204.3 = 11230 over 180 frames.
zh1107M0006 要 三 箱 加糖 
LOG (lattice-best-path[5.3.76~1-26df3]:main():lattice-best-path.cc:99) For utterance zh1107M0007, best cost 51.3013 + 15574.8 = 15626.1 over 209 frames.
zh1107M0007 要 多 要 多 阀门 
LOG (lattice-best-path[5.3.76~1-26df3]:main():lattice-best-path.cc:99) For utterance zh1107M0008, best cost 25.5 + 16775.5 = 16801 over 199 frames.
zh1107M0008 开启 箱 加糖 
LOG (lattice-best-path[5.3.76~1-26df3]:main():lattice-best-path.cc:99) For utterance zh1107M0009, best cost 27.4176 + 11571.7 = 11599.1 over 180 frames.
zh1107M0009 要 三 箱 加糖 
LOG (lattice-best-path[5.3.76~1-26df3]:main():lattice-best-path.cc:99) For utterance zh1108M0001, best cost 29.1697 + 34775.6 = 34804.8 over 343 frames.
zh1108M0001 要 五 箱 银桥 牛奶 多 加糖 
LOG (lattice-best-path[5.3.76~1-26df3]:main():lattice-best-path.cc:99) For utterance zh1108M0002, best cost 29.5014 + 36905.9 = 36935.4 over 381 frames.
zh1108M0002 要 三 箱 加糖 
LOG (lattice-best-path[5.3.76~1-26df3]:main():lattice-best-path.cc:99) For utterance zh1108M0003, best cost 43.4216 + 36064.5 = 36108 over 362 frames.
zh1108M0003 要 要 五 箱 银桥 牛奶 多 加糖 
LOG (lattice-best-path[5.3.76~1-26df3]:main():lattice-best-path.cc:99) For utterance zh1108M0004, best cost 42.9904 + 39802.7 = 39845.7 over 410 frames.
zh1108M0004 要 要 三 箱 银桥 牛奶 多 加糖 
LOG (lattice-best-path[5.3.76~1-26df3]:main():lattice-best-path.cc:99) For utterance zh1108M0005, best cost 41.82 + 37497.8 = 37539.6 over 372 frames.
zh1108M0005 要 要 三 箱 银桥 牛奶 多 加糖 
LOG (lattice-best-path[5.3.76~1-26df3]:main():lattice-best-path.cc:99) For utterance zh1108M0006, best cost 25.6211 + 11189.3 = 11214.9 over 180 frames.
zh1108M0006 要 三 箱 加糖 
LOG (lattice-best-path[5.3.76~1-26df3]:main():lattice-best-path.cc:99) For utterance zh1108M0007, best cost 51.1595 + 15527.3 = 15578.5 over 209 frames.
zh1108M0007 要 多 要 多 阀门 
LOG (lattice-best-path[5.3.76~1-26df3]:main():lattice-best-path.cc:99) For utterance zh1108M0008, best cost 26.4702 + 16708.7 = 16735.2 over 199 frames.
zh1108M0008 开启 箱 加糖 
LOG (lattice-best-path[5.3.76~1-26df3]:main():lattice-best-path.cc:99) For utterance zh1108M0009, best cost 26.0179 + 11587 = 11613 over 180 frames.
zh1108M0009 要 三 箱 加糖 
LOG (lattice-best-path[5.3.76~1-26df3]:main():lattice-best-path.cc:99) For utterance zh1109M0001, best cost 32.5873 + 34828.6 = 34861.2 over 343 frames.
zh1109M0001 要 五 箱 银桥 牛奶 多 加糖 
LOG (lattice-best-path[5.3.76~1-26df3]:main():lattice-best-path.cc:99) For utterance zh1109M0002, best cost 37.758 + 36960.4 = 36998.1 over 381 frames.
zh1109M0002 要 要 三 箱 加糖 
LOG (lattice-best-path[5.3.76~1-26df3]:main():lattice-best-path.cc:99) For utterance zh1109M0003, best cost 43.2289 + 36134.7 = 36177.9 over 362 frames.
zh1109M0003 要 要 五 箱 银桥 牛奶 多 加糖 
LOG (lattice-best-path[5.3.76~1-26df3]:main():lattice-best-path.cc:99) For utterance zh1109M0004, best cost 42.5193 + 39718.6 = 39761.1 over 410 frames.
zh1109M0004 要 要 三 箱 银桥 牛奶 多 加糖 
LOG (lattice-best-path[5.3.76~1-26df3]:main():lattice-best-path.cc:99) For utterance zh1109M0005, best cost 40.4749 + 37504.2 = 37544.7 over 372 frames.
zh1109M0005 要 要 三 箱 银桥 牛奶 多 加糖 
LOG (lattice-best-path[5.3.76~1-26df3]:main():lattice-best-path.cc:99) For utterance zh1109M0006, best cost 33.3333 + 11251.8 = 11285.1 over 180 frames.
zh1109M0006 要 要 三 箱 加糖 
LOG (lattice-best-path[5.3.76~1-26df3]:main():lattice-best-path.cc:99) For utterance zh1109M0007, best cost 51.5677 + 15567.5 = 15619.1 over 209 frames.
zh1109M0007 要 多 要 多 阀门 
LOG (lattice-best-path[5.3.76~1-26df3]:main():lattice-best-path.cc:99) For utterance zh1109M0008, best cost 25.9109 + 16674.3 = 16700.2 over 199 frames.
zh1109M0008 开启 箱 加糖 
LOG (lattice-best-path[5.3.76~1-26df3]:main():lattice-best-path.cc:99) For utterance zh1109M0009, best cost 26.0424 + 11587 = 11613.1 over 180 frames.
zh1109M0009 要 三 箱 加糖 
LOG (lattice-best-path[5.3.76~1-26df3]:main():lattice-best-path.cc:124) Overall cost per frame is 91.2265 = 0.12162 [graph] + 91.1049 [acoustic] over 47448 frames.
LOG (lattice-best-path[5.3.76~1-26df3]:main():lattice-best-path.cc:128) Done 162 lattices, failed for 0
# Accounting: time=1 threads=1
# Ended (code 0) at Sun Apr  1 16:33:55 CST 2018, elapsed time 1 seconds
