# lattice-scale --inv-acoustic-scale=15 "ark:gunzip -c exp_FG/mono/decode/lat.*.gz|" ark:- | lattice-add-penalty --word-ins-penalty=0.0 ark:- ark:- | lattice-best-path --word-symbol-table=exp_FG/mono/graph/words.txt ark:- ark,t:exp_FG/mono/decode/scoring/15.tra 
# Started at Sun Apr  1 16:30:29 CST 2018
#
lattice-scale --inv-acoustic-scale=15 'ark:gunzip -c exp_FG/mono/decode/lat.*.gz|' ark:- 
lattice-add-penalty --word-ins-penalty=0.0 ark:- ark:- 
lattice-best-path --word-symbol-table=exp_FG/mono/graph/words.txt ark:- ark,t:exp_FG/mono/decode/scoring/15.tra 
LOG (lattice-best-path[5.3.76~1-26df3]:main():lattice-best-path.cc:99) For utterance zh1101M0001, best cost 38.5854 + 2161.47 = 2200.06 over 343 frames.
zh1101M0001 要 灯 箱 银桥 核桃 牛奶 多 加糖 
LOG (lattice-best-path[5.3.76~1-26df3]:main():lattice-best-path.cc:99) For utterance zh1101M0002, best cost 30.6429 + 2315.78 = 2346.43 over 381 frames.
zh1101M0002 要 箱 银桥 花生 牛奶 少 加糖 
LOG (lattice-best-path[5.3.76~1-26df3]:main():lattice-best-path.cc:99) For utterance zh1101M0003, best cost 30.9246 + 2332.5 = 2363.43 over 362 frames.
zh1101M0003 要 箱 银桥 红枣 牛奶 不 加糖 
LOG (lattice-best-path[5.3.76~1-26df3]:main():lattice-best-path.cc:99) For utterance zh1101M0004, best cost 43.311 + 2726.99 = 2770.3 over 410 frames.
zh1101M0004 要 箱 银桥 箱 牛奶 少 加糖 
LOG (lattice-best-path[5.3.76~1-26df3]:main():lattice-best-path.cc:99) For utterance zh1101M0005, best cost 29.1085 + 2433.46 = 2462.57 over 372 frames.
zh1101M0005 要 箱 银桥 核桃 牛奶 少 加糖 
LOG (lattice-best-path[5.3.76~1-26df3]:main():lattice-best-path.cc:99) For utterance zh1101M0006, best cost 9.41048 + 1068.33 = 1077.74 over 180 frames.
zh1101M0006 打开 泵 
LOG (lattice-best-path[5.3.76~1-26df3]:main():lattice-best-path.cc:99) For utterance zh1101M0007, best cost 11.4213 + 1270.64 = 1282.06 over 209 frames.
zh1101M0007 关闭 阀门 
LOG (lattice-best-path[5.3.76~1-26df3]:main():lattice-best-path.cc:99) For utterance zh1101M0008, best cost 20.4279 + 1358.32 = 1378.75 over 199 frames.
zh1101M0008 开启 窗帘 灯 
LOG (lattice-best-path[5.3.76~1-26df3]:main():lattice-best-path.cc:99) For utterance zh1101M0009, best cost 9.07021 + 1072.14 = 1081.21 over 180 frames.
zh1101M0009 关掉 灯 
LOG (lattice-best-path[5.3.76~1-26df3]:main():lattice-best-path.cc:99) For utterance zh1110M0001, best cost 38.6396 + 2162.81 = 2201.45 over 343 frames.
zh1110M0001 要 灯 箱 银桥 核桃 牛奶 多 加糖 
LOG (lattice-best-path[5.3.76~1-26df3]:main():lattice-best-path.cc:99) For utterance zh1110M0002, best cost 30.6214 + 2322.32 = 2352.94 over 381 frames.
zh1110M0002 要 箱 银桥 花生 牛奶 少 加糖 
LOG (lattice-best-path[5.3.76~1-26df3]:main():lattice-best-path.cc:99) For utterance zh1110M0003, best cost 30.8393 + 2335.32 = 2366.16 over 362 frames.
zh1110M0003 要 箱 银桥 红枣 牛奶 不 加糖 
LOG (lattice-best-path[5.3.76~1-26df3]:main():lattice-best-path.cc:99) For utterance zh1110M0004, best cost 42.7849 + 2729.85 = 2772.64 over 410 frames.
zh1110M0004 要 箱 银桥 箱 牛奶 少 加糖 
LOG (lattice-best-path[5.3.76~1-26df3]:main():lattice-best-path.cc:99) For utterance zh1110M0005, best cost 29.5604 + 2431.94 = 2461.5 over 372 frames.
zh1110M0005 要 箱 银桥 核桃 牛奶 少 加糖 
LOG (lattice-best-path[5.3.76~1-26df3]:main():lattice-best-path.cc:99) For utterance zh1110M0006, best cost 9.41048 + 1070.23 = 1079.64 over 180 frames.
zh1110M0006 打开 泵 
LOG (lattice-best-path[5.3.76~1-26df3]:main():lattice-best-path.cc:99) For utterance zh1110M0007, best cost 11.4213 + 1250.64 = 1262.06 over 209 frames.
zh1110M0007 关闭 阀门 
LOG (lattice-best-path[5.3.76~1-26df3]:main():lattice-best-path.cc:99) For utterance zh1110M0008, best cost 20.3914 + 1351.97 = 1372.36 over 199 frames.
zh1110M0008 开启 窗帘 灯 
LOG (lattice-best-path[5.3.76~1-26df3]:main():lattice-best-path.cc:99) For utterance zh1110M0009, best cost 9.00938 + 1068.41 = 1077.42 over 180 frames.
zh1110M0009 关掉 灯 
LOG (lattice-best-path[5.3.76~1-26df3]:main():lattice-best-path.cc:99) For utterance zh1111M0001, best cost 38.6228 + 2162.55 = 2201.17 over 343 frames.
zh1111M0001 要 灯 箱 银桥 核桃 牛奶 多 加糖 
LOG (lattice-best-path[5.3.76~1-26df3]:main():lattice-best-path.cc:99) For utterance zh1111M0002, best cost 30.6853 + 2317.8 = 2348.49 over 381 frames.
zh1111M0002 要 箱 银桥 花生 牛奶 少 加糖 
LOG (lattice-best-path[5.3.76~1-26df3]:main():lattice-best-path.cc:99) For utterance zh1111M0003, best cost 30.7058 + 2334.74 = 2365.45 over 362 frames.
zh1111M0003 要 箱 银桥 红枣 牛奶 不 加糖 
LOG (lattice-best-path[5.3.76~1-26df3]:main():lattice-best-path.cc:99) For utterance zh1111M0004, best cost 43.3098 + 2733 = 2776.31 over 410 frames.
zh1111M0004 要 箱 银桥 箱 牛奶 少 加糖 
LOG (lattice-best-path[5.3.76~1-26df3]:main():lattice-best-path.cc:99) For utterance zh1111M0005, best cost 29.28 + 2432.37 = 2461.65 over 372 frames.
zh1111M0005 要 箱 银桥 核桃 牛奶 少 加糖 
LOG (lattice-best-path[5.3.76~1-26df3]:main():lattice-best-path.cc:99) For utterance zh1111M0006, best cost 9.27374 + 1068.46 = 1077.73 over 180 frames.
zh1111M0006 打开 泵 
LOG (lattice-best-path[5.3.76~1-26df3]:main():lattice-best-path.cc:99) For utterance zh1111M0007, best cost 11.4213 + 1257.29 = 1268.71 over 209 frames.
zh1111M0007 关闭 阀门 
LOG (lattice-best-path[5.3.76~1-26df3]:main():lattice-best-path.cc:99) For utterance zh1111M0008, best cost 20.4279 + 1352.61 = 1373.04 over 199 frames.
zh1111M0008 开启 窗帘 灯 
LOG (lattice-best-path[5.3.76~1-26df3]:main():lattice-best-path.cc:99) For utterance zh1111M0009, best cost 9.00938 + 1068.27 = 1077.28 over 180 frames.
zh1111M0009 关掉 灯 
LOG (lattice-best-path[5.3.76~1-26df3]:main():lattice-best-path.cc:99) For utterance zh1112M0001, best cost 38.6395 + 2165.78 = 2204.42 over 343 frames.
zh1112M0001 要 灯 箱 银桥 核桃 牛奶 多 加糖 
LOG (lattice-best-path[5.3.76~1-26df3]:main():lattice-best-path.cc:99) For utterance zh1112M0002, best cost 30.628 + 2318.72 = 2349.35 over 381 frames.
zh1112M0002 要 箱 银桥 花生 牛奶 少 加糖 
LOG (lattice-best-path[5.3.76~1-26df3]:main():lattice-best-path.cc:99) For utterance zh1112M0003, best cost 30.7199 + 2332.1 = 2362.82 over 362 frames.
zh1112M0003 要 箱 银桥 红枣 牛奶 不 加糖 
LOG (lattice-best-path[5.3.76~1-26df3]:main():lattice-best-path.cc:99) For utterance zh1112M0004, best cost 43.2401 + 2730.02 = 2773.26 over 410 frames.
zh1112M0004 要 箱 银桥 箱 牛奶 少 加糖 
LOG (lattice-best-path[5.3.76~1-26df3]:main():lattice-best-path.cc:99) For utterance zh1112M0005, best cost 29.0472 + 2435.14 = 2464.19 over 372 frames.
zh1112M0005 要 箱 银桥 核桃 牛奶 少 加糖 
LOG (lattice-best-path[5.3.76~1-26df3]:main():lattice-best-path.cc:99) For utterance zh1112M0006, best cost 9.41048 + 1062.23 = 1071.64 over 180 frames.
zh1112M0006 打开 泵 
LOG (lattice-best-path[5.3.76~1-26df3]:main():lattice-best-path.cc:99) For utterance zh1112M0007, best cost 11.4213 + 1256.76 = 1268.18 over 209 frames.
zh1112M0007 关闭 阀门 
LOG (lattice-best-path[5.3.76~1-26df3]:main():lattice-best-path.cc:99) For utterance zh1112M0008, best cost 20.3914 + 1355.45 = 1375.84 over 199 frames.
zh1112M0008 开启 窗帘 灯 
LOG (lattice-best-path[5.3.76~1-26df3]:main():lattice-best-path.cc:99) For utterance zh1112M0009, best cost 9.00938 + 1071.37 = 1080.38 over 180 frames.
zh1112M0009 关掉 灯 
LOG (lattice-best-path[5.3.76~1-26df3]:main():lattice-best-path.cc:99) For utterance zh1113M0001, best cost 38.6331 + 2162.56 = 2201.2 over 343 frames.
zh1113M0001 要 灯 箱 银桥 核桃 牛奶 多 加糖 
LOG (lattice-best-path[5.3.76~1-26df3]:main():lattice-best-path.cc:99) For utterance zh1113M0002, best cost 30.6584 + 2315.56 = 2346.22 over 381 frames.
zh1113M0002 要 箱 银桥 花生 牛奶 少 加糖 
LOG (lattice-best-path[5.3.76~1-26df3]:main():lattice-best-path.cc:99) For utterance zh1113M0003, best cost 30.8286 + 2327.98 = 2358.81 over 362 frames.
zh1113M0003 要 箱 银桥 红枣 牛奶 不 加糖 
LOG (lattice-best-path[5.3.76~1-26df3]:main():lattice-best-path.cc:99) For utterance zh1113M0004, best cost 43.3366 + 2726.46 = 2769.79 over 410 frames.
zh1113M0004 要 箱 银桥 箱 牛奶 少 加糖 
LOG (lattice-best-path[5.3.76~1-26df3]:main():lattice-best-path.cc:99) For utterance zh1113M0005, best cost 29.6624 + 2439.75 = 2469.41 over 372 frames.
zh1113M0005 要 箱 银桥 核桃 牛奶 少 加糖 
LOG (lattice-best-path[5.3.76~1-26df3]:main():lattice-best-path.cc:99) For utterance zh1113M0006, best cost 9.27374 + 1067.02 = 1076.3 over 180 frames.
zh1113M0006 打开 泵 
LOG (lattice-best-path[5.3.76~1-26df3]:main():lattice-best-path.cc:99) For utterance zh1113M0007, best cost 11.4213 + 1249.43 = 1260.85 over 209 frames.
zh1113M0007 关闭 阀门 
LOG (lattice-best-path[5.3.76~1-26df3]:main():lattice-best-path.cc:99) For utterance zh1113M0008, best cost 20.4279 + 1349.3 = 1369.73 over 199 frames.
zh1113M0008 开启 窗帘 灯 
LOG (lattice-best-path[5.3.76~1-26df3]:main():lattice-best-path.cc:99) For utterance zh1113M0009, best cost 9.00938 + 1067.67 = 1076.68 over 180 frames.
zh1113M0009 关掉 灯 
LOG (lattice-best-path[5.3.76~1-26df3]:main():lattice-best-path.cc:99) For utterance zh1114M0001, best cost 38.5674 + 2164.33 = 2202.89 over 343 frames.
zh1114M0001 要 灯 箱 银桥 核桃 牛奶 多 加糖 
LOG (lattice-best-path[5.3.76~1-26df3]:main():lattice-best-path.cc:99) For utterance zh1114M0002, best cost 30.6356 + 2314.86 = 2345.5 over 381 frames.
zh1114M0002 要 箱 银桥 花生 牛奶 少 加糖 
LOG (lattice-best-path[5.3.76~1-26df3]:main():lattice-best-path.cc:99) For utterance zh1114M0003, best cost 30.9246 + 2332.21 = 2363.14 over 362 frames.
zh1114M0003 要 箱 银桥 红枣 牛奶 不 加糖 
LOG (lattice-best-path[5.3.76~1-26df3]:main():lattice-best-path.cc:99) For utterance zh1114M0004, best cost 42.8445 + 2723.75 = 2766.59 over 410 frames.
zh1114M0004 要 箱 银桥 箱 牛奶 少 加糖 
LOG (lattice-best-path[5.3.76~1-26df3]:main():lattice-best-path.cc:99) For utterance zh1114M0005, best cost 29.5683 + 2435.64 = 2465.21 over 372 frames.
zh1114M0005 要 箱 银桥 核桃 牛奶 少 加糖 
LOG (lattice-best-path[5.3.76~1-26df3]:main():lattice-best-path.cc:99) For utterance zh1114M0006, best cost 17.8005 + 1062.95 = 1080.75 over 180 frames.
zh1114M0006 要 打开 泵 
LOG (lattice-best-path[5.3.76~1-26df3]:main():lattice-best-path.cc:99) For utterance zh1114M0007, best cost 11.4357 + 1248.73 = 1260.16 over 209 frames.
zh1114M0007 关闭 阀门 
LOG (lattice-best-path[5.3.76~1-26df3]:main():lattice-best-path.cc:99) For utterance zh1114M0008, best cost 20.3914 + 1355.12 = 1375.51 over 199 frames.
zh1114M0008 开启 窗帘 灯 
LOG (lattice-best-path[5.3.76~1-26df3]:main():lattice-best-path.cc:99) For utterance zh1114M0009, best cost 9.00938 + 1072.66 = 1081.67 over 180 frames.
zh1114M0009 关掉 灯 
LOG (lattice-best-path[5.3.76~1-26df3]:main():lattice-best-path.cc:99) For utterance zh1115M0001, best cost 38.5311 + 2162.14 = 2200.67 over 343 frames.
zh1115M0001 要 灯 箱 银桥 核桃 牛奶 多 加糖 
LOG (lattice-best-path[5.3.76~1-26df3]:main():lattice-best-path.cc:99) For utterance zh1115M0002, best cost 30.6303 + 2316.72 = 2347.35 over 381 frames.
zh1115M0002 要 箱 银桥 花生 牛奶 少 加糖 
LOG (lattice-best-path[5.3.76~1-26df3]:main():lattice-best-path.cc:99) For utterance zh1115M0003, best cost 30.7109 + 2335.99 = 2366.7 over 362 frames.
zh1115M0003 要 箱 银桥 红枣 牛奶 不 加糖 
LOG (lattice-best-path[5.3.76~1-26df3]:main():lattice-best-path.cc:99) For utterance zh1115M0004, best cost 42.8609 + 2728.28 = 2771.14 over 410 frames.
zh1115M0004 要 箱 银桥 箱 牛奶 少 加糖 
LOG (lattice-best-path[5.3.76~1-26df3]:main():lattice-best-path.cc:99) For utterance zh1115M0005, best cost 29.5764 + 2431.21 = 2460.78 over 372 frames.
zh1115M0005 要 箱 银桥 核桃 牛奶 少 加糖 
LOG (lattice-best-path[5.3.76~1-26df3]:main():lattice-best-path.cc:99) For utterance zh1115M0006, best cost 9.86945 + 1070.3 = 1080.17 over 180 frames.
zh1115M0006 打开 泵 
LOG (lattice-best-path[5.3.76~1-26df3]:main():lattice-best-path.cc:99) For utterance zh1115M0007, best cost 11.4093 + 1250.98 = 1262.39 over 209 frames.
zh1115M0007 关闭 阀门 
LOG (lattice-best-path[5.3.76~1-26df3]:main():lattice-best-path.cc:99) For utterance zh1115M0008, best cost 20.3914 + 1355.64 = 1376.03 over 199 frames.
zh1115M0008 开启 窗帘 灯 
LOG (lattice-best-path[5.3.76~1-26df3]:main():lattice-best-path.cc:99) For utterance zh1115M0009, best cost 9.00938 + 1072.19 = 1081.2 over 180 frames.
zh1115M0009 关掉 灯 
LOG (lattice-best-path[5.3.76~1-26df3]:main():lattice-best-path.cc:99) For utterance zh1116M0001, best cost 38.582 + 2168.46 = 2207.04 over 343 frames.
zh1116M0001 要 灯 箱 银桥 核桃 牛奶 多 加糖 
LOG (lattice-best-path[5.3.76~1-26df3]:main():lattice-best-path.cc:99) For utterance zh1116M0002, best cost 30.6906 + 2314.3 = 2344.99 over 381 frames.
zh1116M0002 要 箱 银桥 花生 牛奶 少 加糖 
LOG (lattice-best-path[5.3.76~1-26df3]:main():lattice-best-path.cc:99) For utterance zh1116M0003, best cost 30.8313 + 2335 = 2365.83 over 362 frames.
zh1116M0003 要 箱 银桥 红枣 牛奶 不 加糖 
LOG (lattice-best-path[5.3.76~1-26df3]:main():lattice-best-path.cc:99) For utterance zh1116M0004, best cost 43.319 + 2727.22 = 2770.54 over 410 frames.
zh1116M0004 要 箱 银桥 箱 牛奶 少 加糖 
LOG (lattice-best-path[5.3.76~1-26df3]:main():lattice-best-path.cc:99) For utterance zh1116M0005, best cost 29.5396 + 2433.75 = 2463.29 over 372 frames.
zh1116M0005 要 箱 银桥 核桃 牛奶 少 加糖 
LOG (lattice-best-path[5.3.76~1-26df3]:main():lattice-best-path.cc:99) For utterance zh1116M0006, best cost 9.41048 + 1062.33 = 1071.74 over 180 frames.
zh1116M0006 打开 泵 
LOG (lattice-best-path[5.3.76~1-26df3]:main():lattice-best-path.cc:99) For utterance zh1116M0007, best cost 11.4213 + 1247.44 = 1258.87 over 209 frames.
zh1116M0007 关闭 阀门 
LOG (lattice-best-path[5.3.76~1-26df3]:main():lattice-best-path.cc:99) For utterance zh1116M0008, best cost 20.3914 + 1350.51 = 1370.9 over 199 frames.
zh1116M0008 开启 窗帘 灯 
LOG (lattice-best-path[5.3.76~1-26df3]:main():lattice-best-path.cc:99) For utterance zh1116M0009, best cost 9.00938 + 1064.67 = 1073.68 over 180 frames.
zh1116M0009 关掉 灯 
LOG (lattice-best-path[5.3.76~1-26df3]:main():lattice-best-path.cc:99) For utterance zh1117M0001, best cost 38.6 + 2166.31 = 2204.91 over 343 frames.
zh1117M0001 要 灯 箱 银桥 核桃 牛奶 多 加糖 
LOG (lattice-best-path[5.3.76~1-26df3]:main():lattice-best-path.cc:99) For utterance zh1117M0002, best cost 30.6375 + 2317.65 = 2348.29 over 381 frames.
zh1117M0002 要 箱 银桥 花生 牛奶 少 加糖 
LOG (lattice-best-path[5.3.76~1-26df3]:main():lattice-best-path.cc:99) For utterance zh1117M0003, best cost 30.718 + 2327.16 = 2357.88 over 362 frames.
zh1117M0003 要 箱 银桥 红枣 牛奶 不 加糖 
LOG (lattice-best-path[5.3.76~1-26df3]:main():lattice-best-path.cc:99) For utterance zh1117M0004, best cost 43.3456 + 2730.43 = 2773.78 over 410 frames.
zh1117M0004 要 箱 银桥 箱 牛奶 少 加糖 
LOG (lattice-best-path[5.3.76~1-26df3]:main():lattice-best-path.cc:99) For utterance zh1117M0005, best cost 29.5353 + 2435.42 = 2464.96 over 372 frames.
zh1117M0005 要 箱 银桥 核桃 牛奶 少 加糖 
LOG (lattice-best-path[5.3.76~1-26df3]:main():lattice-best-path.cc:99) For utterance zh1117M0006, best cost 9.27374 + 1058.31 = 1067.58 over 180 frames.
zh1117M0006 打开 泵 
LOG (lattice-best-path[5.3.76~1-26df3]:main():lattice-best-path.cc:99) For utterance zh1117M0007, best cost 11.4333 + 1246.95 = 1258.38 over 209 frames.
zh1117M0007 关闭 阀门 
LOG (lattice-best-path[5.3.76~1-26df3]:main():lattice-best-path.cc:99) For utterance zh1117M0008, best cost 20.3914 + 1349.26 = 1369.65 over 199 frames.
zh1117M0008 开启 窗帘 灯 
LOG (lattice-best-path[5.3.76~1-26df3]:main():lattice-best-path.cc:99) For utterance zh1117M0009, best cost 9.07021 + 1072.57 = 1081.64 over 180 frames.
zh1117M0009 关掉 灯 
LOG (lattice-best-path[5.3.76~1-26df3]:main():lattice-best-path.cc:99) For utterance zh1118M0001, best cost 38.6121 + 2168.92 = 2207.53 over 343 frames.
zh1118M0001 要 灯 箱 银桥 核桃 牛奶 多 加糖 
LOG (lattice-best-path[5.3.76~1-26df3]:main():lattice-best-path.cc:99) For utterance zh1118M0002, best cost 30.6308 + 2319.44 = 2350.07 over 381 frames.
zh1118M0002 要 箱 银桥 花生 牛奶 少 加糖 
LOG (lattice-best-path[5.3.76~1-26df3]:main():lattice-best-path.cc:99) For utterance zh1118M0003, best cost 30.7172 + 2332.74 = 2363.46 over 362 frames.
zh1118M0003 要 箱 银桥 红枣 牛奶 不 加糖 
LOG (lattice-best-path[5.3.76~1-26df3]:main():lattice-best-path.cc:99) For utterance zh1118M0004, best cost 43.3506 + 2730.37 = 2773.72 over 410 frames.
zh1118M0004 要 箱 银桥 箱 牛奶 少 加糖 
LOG (lattice-best-path[5.3.76~1-26df3]:main():lattice-best-path.cc:99) For utterance zh1118M0005, best cost 29.5604 + 2435.63 = 2465.19 over 372 frames.
zh1118M0005 要 箱 银桥 核桃 牛奶 少 加糖 
LOG (lattice-best-path[5.3.76~1-26df3]:main():lattice-best-path.cc:99) For utterance zh1118M0006, best cost 9.32265 + 1065.9 = 1075.22 over 180 frames.
zh1118M0006 打开 泵 
LOG (lattice-best-path[5.3.76~1-26df3]:main():lattice-best-path.cc:99) For utterance zh1118M0007, best cost 11.4637 + 1243.99 = 1255.45 over 209 frames.
zh1118M0007 关闭 阀门 
LOG (lattice-best-path[5.3.76~1-26df3]:main():lattice-best-path.cc:99) For utterance zh1118M0008, best cost 20.4279 + 1355.09 = 1375.52 over 199 frames.
zh1118M0008 开启 窗帘 灯 
LOG (lattice-best-path[5.3.76~1-26df3]:main():lattice-best-path.cc:99) For utterance zh1118M0009, best cost 9.00938 + 1073.16 = 1082.17 over 180 frames.
zh1118M0009 关掉 灯 
LOG (lattice-best-path[5.3.76~1-26df3]:main():lattice-best-path.cc:99) For utterance zh1102M0001, best cost 38.5612 + 2169.32 = 2207.88 over 343 frames.
zh1102M0001 要 灯 箱 银桥 核桃 牛奶 多 加糖 
LOG (lattice-best-path[5.3.76~1-26df3]:main():lattice-best-path.cc:99) For utterance zh1102M0002, best cost 30.6233 + 2322.8 = 2353.42 over 381 frames.
zh1102M0002 要 箱 银桥 花生 牛奶 少 加糖 
LOG (lattice-best-path[5.3.76~1-26df3]:main():lattice-best-path.cc:99) For utterance zh1102M0003, best cost 30.7855 + 2335.05 = 2365.84 over 362 frames.
zh1102M0003 要 箱 银桥 红枣 牛奶 不 加糖 
LOG (lattice-best-path[5.3.76~1-26df3]:main():lattice-best-path.cc:99) For utterance zh1102M0004, best cost 43.291 + 2727.55 = 2770.84 over 410 frames.
zh1102M0004 要 箱 银桥 箱 牛奶 少 加糖 
LOG (lattice-best-path[5.3.76~1-26df3]:main():lattice-best-path.cc:99) For utterance zh1102M0005, best cost 29.1407 + 2431.43 = 2460.57 over 372 frames.
zh1102M0005 要 箱 银桥 核桃 牛奶 少 加糖 
LOG (lattice-best-path[5.3.76~1-26df3]:main():lattice-best-path.cc:99) For utterance zh1102M0006, best cost 9.2632 + 1072.58 = 1081.84 over 180 frames.
zh1102M0006 打开 泵 
LOG (lattice-best-path[5.3.76~1-26df3]:main():lattice-best-path.cc:99) For utterance zh1102M0007, best cost 11.4213 + 1260.7 = 1272.12 over 209 frames.
zh1102M0007 关闭 阀门 
LOG (lattice-best-path[5.3.76~1-26df3]:main():lattice-best-path.cc:99) For utterance zh1102M0008, best cost 9.98309 + 1362.36 = 1372.35 over 199 frames.
zh1102M0008 开启 泵 
LOG (lattice-best-path[5.3.76~1-26df3]:main():lattice-best-path.cc:99) For utterance zh1102M0009, best cost 9.00938 + 1068.37 = 1077.38 over 180 frames.
zh1102M0009 关掉 灯 
LOG (lattice-best-path[5.3.76~1-26df3]:main():lattice-best-path.cc:99) For utterance zh1103M0001, best cost 38.6395 + 2165.78 = 2204.42 over 343 frames.
zh1103M0001 要 灯 箱 银桥 核桃 牛奶 多 加糖 
LOG (lattice-best-path[5.3.76~1-26df3]:main():lattice-best-path.cc:99) For utterance zh1103M0002, best cost 30.628 + 2318.72 = 2349.35 over 381 frames.
zh1103M0002 要 箱 银桥 花生 牛奶 少 加糖 
LOG (lattice-best-path[5.3.76~1-26df3]:main():lattice-best-path.cc:99) For utterance zh1103M0003, best cost 30.7199 + 2332.1 = 2362.82 over 362 frames.
zh1103M0003 要 箱 银桥 红枣 牛奶 不 加糖 
LOG (lattice-scale[5.3.76~1-26df3]:main():lattice-scale.cc:90) Done 162 lattices.
LOG (lattice-best-path[5.3.76~1-26df3]:main():lattice-best-path.cc:99) For utterance zh1103M0004, best cost 43.2401 + 2730.02 = 2773.26 over 410 frames.
zh1103M0004 要 箱 银桥 箱 牛奶 少 加糖 
LOG (lattice-best-path[5.3.76~1-26df3]:main():lattice-best-path.cc:99) For utterance zh1103M0005, best cost 29.0472 + 2435.14 = 2464.19 over 372 frames.
zh1103M0005 要 箱 银桥 核桃 牛奶 少 加糖 
LOG (lattice-best-path[5.3.76~1-26df3]:main():lattice-best-path.cc:99) For utterance zh1103M0006, best cost 9.41048 + 1062.23 = 1071.64 over 180 frames.
zh1103M0006 打开 泵 
LOG (lattice-best-path[5.3.76~1-26df3]:main():lattice-best-path.cc:99) For utterance zh1103M0007, best cost 11.4213 + 1256.76 = 1268.18 over 209 frames.
zh1103M0007 关闭 阀门 
LOG (lattice-best-path[5.3.76~1-26df3]:main():lattice-best-path.cc:99) For utterance zh1103M0008, best cost 20.3914 + 1355.45 = 1375.84 over 199 frames.
zh1103M0008 开启 窗帘 灯 
LOG (lattice-best-path[5.3.76~1-26df3]:main():lattice-best-path.cc:99) For utterance zh1103M0009, best cost 9.00938 + 1071.37 = 1080.38 over 180 frames.
zh1103M0009 关掉 灯 
LOG (lattice-best-path[5.3.76~1-26df3]:main():lattice-best-path.cc:99) For utterance zh1104M0001, best cost 38.6331 + 2162.63 = 2201.26 over 343 frames.
zh1104M0001 要 灯 箱 银桥 核桃 牛奶 多 加糖 
LOG (lattice-best-path[5.3.76~1-26df3]:main():lattice-best-path.cc:99) For utterance zh1104M0002, best cost 30.6584 + 2315.48 = 2346.14 over 381 frames.
zh1104M0002 要 箱 银桥 花生 牛奶 少 加糖 
LOG (lattice-best-path[5.3.76~1-26df3]:main():lattice-best-path.cc:99) For utterance zh1104M0003, best cost 30.8286 + 2327.92 = 2358.75 over 362 frames.
zh1104M0003 要 箱 银桥 红枣 牛奶 不 加糖 
LOG (lattice-best-path[5.3.76~1-26df3]:main():lattice-best-path.cc:99) For utterance zh1104M0004, best cost 43.3366 + 2726.41 = 2769.75 over 410 frames.
zh1104M0004 要 箱 银桥 箱 牛奶 少 加糖 
LOG (lattice-best-path[5.3.76~1-26df3]:main():lattice-best-path.cc:99) For utterance zh1104M0005, best cost 29.6624 + 2439.73 = 2469.39 over 372 frames.
zh1104M0005 要 箱 银桥 核桃 牛奶 少 加糖 
LOG (lattice-best-path[5.3.76~1-26df3]:main():lattice-best-path.cc:99) For utterance zh1104M0006, best cost 9.27374 + 1066.96 = 1076.24 over 180 frames.
zh1104M0006 打开 泵 
LOG (lattice-best-path[5.3.76~1-26df3]:main():lattice-best-path.cc:99) For utterance zh1104M0007, best cost 11.4477 + 1259 = 1270.45 over 209 frames.
zh1104M0007 关闭 阀门 
LOG (lattice-best-path[5.3.76~1-26df3]:main():lattice-best-path.cc:99) For utterance zh1104M0008, best cost 20.4279 + 1349.14 = 1369.57 over 199 frames.
zh1104M0008 开启 窗帘 灯 
LOG (lattice-best-path[5.3.76~1-26df3]:main():lattice-best-path.cc:99) For utterance zh1104M0009, best cost 9.00938 + 1069.22 = 1078.23 over 180 frames.
zh1104M0009 关掉 灯 
LOG (lattice-best-path[5.3.76~1-26df3]:main():lattice-best-path.cc:99) For utterance zh1105M0001, best cost 38.6396 + 2161.03 = 2199.67 over 343 frames.
zh1105M0001 要 灯 箱 银桥 核桃 牛奶 多 加糖 
LOG (lattice-best-path[5.3.76~1-26df3]:main():lattice-best-path.cc:99) For utterance zh1105M0002, best cost 30.5798 + 2320.27 = 2350.85 over 381 frames.
zh1105M0002 要 箱 银桥 花生 牛奶 少 加糖 
LOG (lattice-best-path[5.3.76~1-26df3]:main():lattice-best-path.cc:99) For utterance zh1105M0003, best cost 30.8289 + 2331.71 = 2362.54 over 362 frames.
zh1105M0003 要 箱 银桥 红枣 牛奶 不 加糖 
LOG (lattice-best-path[5.3.76~1-26df3]:main():lattice-best-path.cc:99) For utterance zh1105M0004, best cost 43.308 + 2731.01 = 2774.32 over 410 frames.
zh1105M0004 要 箱 银桥 箱 牛奶 少 加糖 
LOG (lattice-best-path[5.3.76~1-26df3]:main():lattice-best-path.cc:99) For utterance zh1105M0005, best cost 29.2275 + 2430.81 = 2460.04 over 372 frames.
zh1105M0005 要 箱 银桥 核桃 牛奶 少 加糖 
LOG (lattice-best-path[5.3.76~1-26df3]:main():lattice-best-path.cc:99) For utterance zh1105M0006, best cost 9.41048 + 1067.15 = 1076.56 over 180 frames.
zh1105M0006 打开 泵 
LOG (lattice-best-path[5.3.76~1-26df3]:main():lattice-best-path.cc:99) For utterance zh1105M0007, best cost 11.4637 + 1243.66 = 1255.13 over 209 frames.
zh1105M0007 关闭 阀门 
LOG (lattice-best-path[5.3.76~1-26df3]:main():lattice-best-path.cc:99) For utterance zh1105M0008, best cost 9.98309 + 1364.12 = 1374.1 over 199 frames.
zh1105M0008 开启 泵 
LOG (lattice-best-path[5.3.76~1-26df3]:main():lattice-best-path.cc:99) For utterance zh1105M0009, best cost 9.00938 + 1066.8 = 1075.81 over 180 frames.
zh1105M0009 关掉 灯 
LOG (lattice-best-path[5.3.76~1-26df3]:main():lattice-best-path.cc:99) For utterance zh1106M0001, best cost 38.5701 + 2160.7 = 2199.27 over 343 frames.
zh1106M0001 要 灯 箱 银桥 核桃 牛奶 多 加糖 
LOG (lattice-best-path[5.3.76~1-26df3]:main():lattice-best-path.cc:99) For utterance zh1106M0002, best cost 30.6214 + 2316.09 = 2346.71 over 381 frames.
zh1106M0002 要 箱 银桥 花生 牛奶 少 加糖 
LOG (lattice-best-path[5.3.76~1-26df3]:main():lattice-best-path.cc:99) For utterance zh1106M0003, best cost 30.7094 + 2327.58 = 2358.29 over 362 frames.
zh1106M0003 要 箱 银桥 红枣 牛奶 不 加糖 
LOG (lattice-best-path[5.3.76~1-26df3]:main():lattice-best-path.cc:99) For utterance zh1106M0004, best cost 43.3396 + 2730.52 = 2773.86 over 410 frames.
zh1106M0004 要 箱 银桥 箱 牛奶 少 加糖 
LOG (lattice-best-path[5.3.76~1-26df3]:main():lattice-best-path.cc:99) For utterance zh1106M0005, best cost 29.5353 + 2438.38 = 2467.91 over 372 frames.
zh1106M0005 要 箱 银桥 核桃 牛奶 少 加糖 
LOG (lattice-add-penalty[5.3.76~1-26df3]:main():lattice-add-penalty.cc:62) Done adding word insertion penalty to 162 lattices.
LOG (lattice-best-path[5.3.76~1-26df3]:main():lattice-best-path.cc:99) For utterance zh1106M0006, best cost 9.27374 + 1063.06 = 1072.33 over 180 frames.
zh1106M0006 打开 泵 
LOG (lattice-best-path[5.3.76~1-26df3]:main():lattice-best-path.cc:99) For utterance zh1106M0007, best cost 11.4525 + 1252.98 = 1264.44 over 209 frames.
zh1106M0007 关闭 阀门 
LOG (lattice-best-path[5.3.76~1-26df3]:main():lattice-best-path.cc:99) For utterance zh1106M0008, best cost 20.3914 + 1348.53 = 1368.92 over 199 frames.
zh1106M0008 开启 窗帘 灯 
LOG (lattice-best-path[5.3.76~1-26df3]:main():lattice-best-path.cc:99) For utterance zh1106M0009, best cost 9.07021 + 1068.38 = 1077.45 over 180 frames.
zh1106M0009 关掉 灯 
LOG (lattice-best-path[5.3.76~1-26df3]:main():lattice-best-path.cc:99) For utterance zh1107M0001, best cost 38.5922 + 2163.41 = 2202.01 over 343 frames.
zh1107M0001 要 灯 箱 银桥 核桃 牛奶 多 加糖 
LOG (lattice-best-path[5.3.76~1-26df3]:main():lattice-best-path.cc:99) For utterance zh1107M0002, best cost 30.5809 + 2321.55 = 2352.13 over 381 frames.
zh1107M0002 要 箱 银桥 花生 牛奶 少 加糖 
LOG (lattice-best-path[5.3.76~1-26df3]:main():lattice-best-path.cc:99) For utterance zh1107M0003, best cost 30.7166 + 2335.52 = 2366.24 over 362 frames.
zh1107M0003 要 箱 银桥 红枣 牛奶 不 加糖 
LOG (lattice-best-path[5.3.76~1-26df3]:main():lattice-best-path.cc:99) For utterance zh1107M0004, best cost 43.3285 + 2724.66 = 2767.99 over 410 frames.
zh1107M0004 要 箱 银桥 箱 牛奶 少 加糖 
LOG (lattice-best-path[5.3.76~1-26df3]:main():lattice-best-path.cc:99) For utterance zh1107M0005, best cost 29.5353 + 2434.28 = 2463.82 over 372 frames.
zh1107M0005 要 箱 银桥 核桃 牛奶 少 加糖 
LOG (lattice-best-path[5.3.76~1-26df3]:main():lattice-best-path.cc:99) For utterance zh1107M0006, best cost 9.32265 + 1064.93 = 1074.25 over 180 frames.
zh1107M0006 打开 泵 
LOG (lattice-best-path[5.3.76~1-26df3]:main():lattice-best-path.cc:99) For utterance zh1107M0007, best cost 11.4356 + 1253.85 = 1265.29 over 209 frames.
zh1107M0007 关闭 阀门 
LOG (lattice-best-path[5.3.76~1-26df3]:main():lattice-best-path.cc:99) For utterance zh1107M0008, best cost 9.98309 + 1365.18 = 1375.16 over 199 frames.
zh1107M0008 开启 泵 
LOG (lattice-best-path[5.3.76~1-26df3]:main():lattice-best-path.cc:99) For utterance zh1107M0009, best cost 9.00938 + 1069.04 = 1078.05 over 180 frames.
zh1107M0009 关掉 灯 
LOG (lattice-best-path[5.3.76~1-26df3]:main():lattice-best-path.cc:99) For utterance zh1108M0001, best cost 38.5711 + 2165.2 = 2203.78 over 343 frames.
zh1108M0001 要 灯 箱 银桥 核桃 牛奶 多 加糖 
LOG (lattice-best-path[5.3.76~1-26df3]:main():lattice-best-path.cc:99) For utterance zh1108M0002, best cost 30.6437 + 2318.21 = 2348.86 over 381 frames.
zh1108M0002 要 箱 银桥 花生 牛奶 少 加糖 
LOG (lattice-best-path[5.3.76~1-26df3]:main():lattice-best-path.cc:99) For utterance zh1108M0003, best cost 30.7031 + 2333.4 = 2364.1 over 362 frames.
zh1108M0003 要 箱 银桥 红枣 牛奶 不 加糖 
LOG (lattice-best-path[5.3.76~1-26df3]:main():lattice-best-path.cc:99) For utterance zh1108M0004, best cost 43.2502 + 2733.08 = 2776.33 over 410 frames.
zh1108M0004 要 箱 银桥 箱 牛奶 少 加糖 
LOG (lattice-best-path[5.3.76~1-26df3]:main():lattice-best-path.cc:99) For utterance zh1108M0005, best cost 29.5353 + 2438.18 = 2467.71 over 372 frames.
zh1108M0005 要 箱 银桥 核桃 牛奶 少 加糖 
LOG (lattice-best-path[5.3.76~1-26df3]:main():lattice-best-path.cc:99) For utterance zh1108M0006, best cost 9.41048 + 1068.21 = 1077.62 over 180 frames.
zh1108M0006 打开 泵 
LOG (lattice-best-path[5.3.76~1-26df3]:main():lattice-best-path.cc:99) For utterance zh1108M0007, best cost 11.4333 + 1247.23 = 1258.66 over 209 frames.
zh1108M0007 关闭 阀门 
LOG (lattice-best-path[5.3.76~1-26df3]:main():lattice-best-path.cc:99) For utterance zh1108M0008, best cost 20.3914 + 1350.46 = 1370.85 over 199 frames.
zh1108M0008 开启 窗帘 灯 
LOG (lattice-best-path[5.3.76~1-26df3]:main():lattice-best-path.cc:99) For utterance zh1108M0009, best cost 9.00938 + 1072.51 = 1081.52 over 180 frames.
zh1108M0009 关掉 灯 
LOG (lattice-best-path[5.3.76~1-26df3]:main():lattice-best-path.cc:99) For utterance zh1109M0001, best cost 38.6268 + 2160.96 = 2199.58 over 343 frames.
zh1109M0001 要 灯 箱 银桥 核桃 牛奶 多 加糖 
LOG (lattice-best-path[5.3.76~1-26df3]:main():lattice-best-path.cc:99) For utterance zh1109M0002, best cost 31.0513 + 2321.15 = 2352.2 over 381 frames.
zh1109M0002 要 箱 银桥 花生 牛奶 少 加糖 
LOG (lattice-best-path[5.3.76~1-26df3]:main():lattice-best-path.cc:99) For utterance zh1109M0003, best cost 30.8847 + 2334.35 = 2365.24 over 362 frames.
zh1109M0003 要 箱 银桥 红枣 牛奶 不 加糖 
LOG (lattice-best-path[5.3.76~1-26df3]:main():lattice-best-path.cc:99) For utterance zh1109M0004, best cost 43.3113 + 2729.24 = 2772.56 over 410 frames.
zh1109M0004 要 箱 银桥 箱 牛奶 少 加糖 
LOG (lattice-best-path[5.3.76~1-26df3]:main():lattice-best-path.cc:99) For utterance zh1109M0005, best cost 29.5396 + 2435.01 = 2464.55 over 372 frames.
zh1109M0005 要 箱 银桥 核桃 牛奶 少 加糖 
LOG (lattice-best-path[5.3.76~1-26df3]:main():lattice-best-path.cc:99) For utterance zh1109M0006, best cost 9.27374 + 1064.3 = 1073.58 over 180 frames.
zh1109M0006 打开 泵 
LOG (lattice-best-path[5.3.76~1-26df3]:main():lattice-best-path.cc:99) For utterance zh1109M0007, best cost 11.4213 + 1254.95 = 1266.37 over 209 frames.
zh1109M0007 关闭 阀门 
LOG (lattice-best-path[5.3.76~1-26df3]:main():lattice-best-path.cc:99) For utterance zh1109M0008, best cost 9.98309 + 1362.53 = 1372.51 over 199 frames.
zh1109M0008 开启 泵 
LOG (lattice-best-path[5.3.76~1-26df3]:main():lattice-best-path.cc:99) For utterance zh1109M0009, best cost 9.00938 + 1075.37 = 1084.38 over 180 frames.
zh1109M0009 关掉 灯 
LOG (lattice-best-path[5.3.76~1-26df3]:main():lattice-best-path.cc:124) Overall cost per frame is 6.42774 = 0.083868 [graph] + 6.34387 [acoustic] over 47448 frames.
LOG (lattice-best-path[5.3.76~1-26df3]:main():lattice-best-path.cc:128) Done 162 lattices, failed for 0
# Accounting: time=1 threads=1
# Ended (code 0) at Sun Apr  1 16:30:30 CST 2018, elapsed time 1 seconds
