# gunzip -c exp_FG/mono/decode/depth_stats_tmp.*.gz | steps/diagnostic/analyze_lattice_depth_stats.py exp_FG/mono/graph 
# Started at Sun Apr  1 16:30:27 CST 2018
#
The total amount of data analyzed assuming 100 frames per second is 0.1 hours
Nonsilence phones as a group account for 100.0% of frames, with lattice depth (10,50,90-percentile)=(1,1,2) and mean=1.2
Overall, lattice depth (10,50,90-percentile)=(1,1,2) and mean=1.2
Phone ao4_E accounts for 12.0% of frames, with lattice depth (10,50,90-percentile)=(1,1,2) and mean=1.1
Phone iang1_E accounts for 8.4% of frames, with lattice depth (10,50,90-percentile)=(1,1,2) and mean=1.2
Phone ang2_E accounts for 5.8% of frames, with lattice depth (10,50,90-percentile)=(1,1,2) and mean=1.2
Phone uan1_I accounts for 4.1% of frames, with lattice depth (10,50,90-percentile)=(1,1,2) and mean=1.2
Phone h_B accounts for 4.1% of frames, with lattice depth (10,50,90-percentile)=(1,1,1) and mean=1.0
Phone eng1_E accounts for 3.7% of frames, with lattice depth (10,50,90-percentile)=(1,2,3) and mean=2.2
Phone in2_I accounts for 3.6% of frames, with lattice depth (10,50,90-percentile)=(1,1,1) and mean=1.0
Phone n_B accounts for 3.6% of frames, with lattice depth (10,50,90-percentile)=(1,1,1) and mean=1.0
Phone ao3_E accounts for 3.5% of frames, with lattice depth (10,50,90-percentile)=(1,1,1) and mean=1.0
Phone iu2_I accounts for 3.5% of frames, with lattice depth (10,50,90-percentile)=(1,1,1) and mean=1.1
Phone iao2_E accounts for 3.4% of frames, with lattice depth (10,50,90-percentile)=(1,1,1) and mean=1.0
Phone ai3_E accounts for 3.0% of frames, with lattice depth (10,50,90-percentile)=(1,1,1) and mean=1.1
Phone y_B accounts for 2.9% of frames, with lattice depth (10,50,90-percentile)=(1,1,1) and mean=1.0
Phone j_B accounts for 2.6% of frames, with lattice depth (10,50,90-percentile)=(1,1,2) and mean=1.2
Phone en2_E accounts for 2.5% of frames, with lattice depth (10,50,90-percentile)=(1,1,2) and mean=1.2
Phone q_I accounts for 2.4% of frames, with lattice depth (10,50,90-percentile)=(1,1,1) and mean=1.0
Phone k_B accounts for 2.2% of frames, with lattice depth (10,50,90-percentile)=(1,1,1) and mean=1.0
Phone eng4_E accounts for 2.0% of frames, with lattice depth (10,50,90-percentile)=(1,1,1) and mean=1.0
Phone x_B accounts for 2.0% of frames, with lattice depth (10,50,90-percentile)=(1,1,3) and mean=1.3
Phone e2_I accounts for 1.7% of frames, with lattice depth (10,50,90-percentile)=(1,1,1) and mean=1.0
Phone d_B accounts for 1.6% of frames, with lattice depth (10,50,90-percentile)=(2,2,3) and mean=2.2
Phone ai1_E accounts for 1.4% of frames, with lattice depth (10,50,90-percentile)=(2,2,2) and mean=2.0
Phone iao4_E accounts for 1.4% of frames, with lattice depth (10,50,90-percentile)=(1,1,2) and mean=1.3
Phone sh_B accounts for 1.3% of frames, with lattice depth (10,50,90-percentile)=(1,1,1) and mean=1.0
Phone n_I accounts for 1.2% of frames, with lattice depth (10,50,90-percentile)=(1,1,1) and mean=1.1
Phone i4_E accounts for 1.0% of frames, with lattice depth (10,50,90-percentile)=(1,1,2) and mean=1.5
Phone a2_I accounts for 1.0% of frames, with lattice depth (10,50,90-percentile)=(1,1,1) and mean=1.0
Phone u4_E accounts for 1.0% of frames, with lattice depth (10,50,90-percentile)=(1,1,2) and mean=1.2
Phone b_B accounts for 1.0% of frames, with lattice depth (10,50,90-percentile)=(1,1,4) and mean=1.5
Phone ong2_I accounts for 1.0% of frames, with lattice depth (10,50,90-percentile)=(1,1,1) and mean=1.0
Phone a3_I accounts for 0.9% of frames, with lattice depth (10,50,90-percentile)=(2,2,2) and mean=2.0
Phone t_I accounts for 0.9% of frames, with lattice depth (10,50,90-percentile)=(1,1,2) and mean=1.1
Phone ia1_I accounts for 0.9% of frames, with lattice depth (10,50,90-percentile)=(1,1,2) and mean=1.2
Phone ian2_E accounts for 0.8% of frames, with lattice depth (10,50,90-percentile)=(1,3,3) and mean=2.5
Phone f_B accounts for 0.8% of frames, with lattice depth (10,50,90-percentile)=(1,1,1) and mean=1.0
Phone l_I accounts for 0.7% of frames, with lattice depth (10,50,90-percentile)=(1,3,3) and mean=2.5
Phone i3_E accounts for 0.7% of frames, with lattice depth (10,50,90-percentile)=(1,1,3) and mean=1.4
Phone sh_I accounts for 0.6% of frames, with lattice depth (10,50,90-percentile)=(1,1,1) and mean=1.0
Phone ua1_I accounts for 0.6% of frames, with lattice depth (10,50,90-percentile)=(1,1,1) and mean=1.0
Phone uang1_I accounts for 0.6% of frames, with lattice depth (10,50,90-percentile)=(1,3,3) and mean=2.5
Phone z_I accounts for 0.6% of frames, with lattice depth (10,50,90-percentile)=(1,1,1) and mean=1.0
Phone uo1_E accounts for 0.6% of frames, with lattice depth (10,50,90-percentile)=(2,2,2) and mean=2.0
Phone ao2_E accounts for 0.5% of frames, with lattice depth (10,50,90-percentile)=(1,1,1) and mean=1.0
# Accounting: time=0 threads=1
# Ended (code 0) at Sun Apr  1 16:30:27 CST 2018, elapsed time 0 seconds
