# lattice-scale --inv-acoustic-scale=13 "ark:gunzip -c exp_FG/DNN_tri_8_2000_aligned_layer3_nodes256/decode/lat.*.gz|" ark:- | lattice-add-penalty --word-ins-penalty=0.0 ark:- ark:- | lattice-best-path --word-symbol-table=exp_FG/tri_8_2000/graph/words.txt ark:- ark,t:exp_FG/DNN_tri_8_2000_aligned_layer3_nodes256/decode/scoring/13.tra 
# Started at Sun Apr  1 16:43:03 CST 2018
#
lattice-best-path --word-symbol-table=exp_FG/tri_8_2000/graph/words.txt ark:- ark,t:exp_FG/DNN_tri_8_2000_aligned_layer3_nodes256/decode/scoring/13.tra 
lattice-scale --inv-acoustic-scale=13 'ark:gunzip -c exp_FG/DNN_tri_8_2000_aligned_layer3_nodes256/decode/lat.*.gz|' ark:- 
lattice-add-penalty --word-ins-penalty=0.0 ark:- ark:- 
LOG (lattice-best-path[5.3.76~1-26df3]:main():lattice-best-path.cc:99) For utterance zh1101M0001, best cost 25.2841 + -85.8437 = -60.5596 over 343 frames.
zh1101M0001 要 一 箱 银桥 核桃 牛奶 多 加糖 
LOG (lattice-best-path[5.3.76~1-26df3]:main():lattice-best-path.cc:99) For utterance zh1101M0002, best cost 26.0587 + -86.6688 = -60.6101 over 381 frames.
zh1101M0002 要 四 箱 银桥 花生 牛奶 少 加糖 
LOG (lattice-best-path[5.3.76~1-26df3]:main():lattice-best-path.cc:99) For utterance zh1101M0003, best cost 26.0479 + -88.9538 = -62.9058 over 362 frames.
zh1101M0003 要 四 箱 银桥 红枣 牛奶 不 加糖 
LOG (lattice-best-path[5.3.76~1-26df3]:main():lattice-best-path.cc:99) For utterance zh1101M0004, best cost 26.2019 + -105.978 = -79.776 over 410 frames.
zh1101M0004 要 一 箱 银桥 黑谷 牛奶 多 加糖 
LOG (lattice-best-path[5.3.76~1-26df3]:main():lattice-best-path.cc:99) For utterance zh1101M0005, best cost 27.4142 + -95.7476 = -68.3334 over 372 frames.
zh1101M0005 要 一 箱 银桥 核桃 牛奶 少 加糖 
LOG (lattice-best-path[5.3.76~1-26df3]:main():lattice-best-path.cc:99) For utterance zh1101M0006, best cost 9.35965 + -11.0137 = -1.65402 over 180 frames.
zh1101M0006 打开 泵 
LOG (lattice-best-path[5.3.76~1-26df3]:main():lattice-best-path.cc:99) For utterance zh1101M0007, best cost 11.2357 + -40.3133 = -29.0775 over 209 frames.
zh1101M0007 关闭 阀门 
LOG (lattice-best-path[5.3.76~1-26df3]:main():lattice-best-path.cc:99) For utterance zh1101M0008, best cost 11.2708 + -54.0359 = -42.765 over 199 frames.
zh1101M0008 开启 窗帘 
LOG (lattice-best-path[5.3.76~1-26df3]:main():lattice-best-path.cc:99) For utterance zh1101M0009, best cost 9.34687 + -17.6655 = -8.31861 over 180 frames.
zh1101M0009 关掉 灯 
LOG (lattice-best-path[5.3.76~1-26df3]:main():lattice-best-path.cc:99) For utterance zh1110M0001, best cost 25.0747 + -84.8261 = -59.7514 over 343 frames.
zh1110M0001 要 一 箱 银桥 核桃 牛奶 多 加糖 
LOG (lattice-best-path[5.3.76~1-26df3]:main():lattice-best-path.cc:99) For utterance zh1110M0002, best cost 26.8951 + -90.2089 = -63.3139 over 381 frames.
zh1110M0002 要 四 箱 银桥 花生 牛奶 少 加糖 
LOG (lattice-best-path[5.3.76~1-26df3]:main():lattice-best-path.cc:99) For utterance zh1110M0003, best cost 26.0441 + -90.3391 = -64.295 over 362 frames.
zh1110M0003 要 四 箱 银桥 红枣 牛奶 不 加糖 
LOG (lattice-best-path[5.3.76~1-26df3]:main():lattice-best-path.cc:99) For utterance zh1110M0004, best cost 26.6561 + -107.924 = -81.2676 over 410 frames.
zh1110M0004 要 一 箱 银桥 黑谷 牛奶 多 加糖 
LOG (lattice-best-path[5.3.76~1-26df3]:main():lattice-best-path.cc:99) For utterance zh1110M0005, best cost 27.0756 + -97.983 = -70.9074 over 372 frames.
zh1110M0005 要 一 箱 银桥 核桃 牛奶 少 加糖 
LOG (lattice-best-path[5.3.76~1-26df3]:main():lattice-best-path.cc:99) For utterance zh1110M0006, best cost 9.28357 + -13.426 = -4.1424 over 180 frames.
zh1110M0006 打开 泵 
LOG (lattice-best-path[5.3.76~1-26df3]:main():lattice-best-path.cc:99) For utterance zh1110M0007, best cost 12.5571 + -41.8957 = -29.3387 over 209 frames.
zh1110M0007 关闭 阀门 
LOG (lattice-best-path[5.3.76~1-26df3]:main():lattice-best-path.cc:99) For utterance zh1110M0008, best cost 11.2646 + -53.5147 = -42.2501 over 199 frames.
zh1110M0008 开启 窗帘 
LOG (lattice-best-path[5.3.76~1-26df3]:main():lattice-best-path.cc:99) For utterance zh1110M0009, best cost 9.34687 + -18.7634 = -9.41653 over 180 frames.
zh1110M0009 关掉 灯 
LOG (lattice-best-path[5.3.76~1-26df3]:main():lattice-best-path.cc:99) For utterance zh1111M0001, best cost 25.1038 + -85.1273 = -60.0235 over 343 frames.
zh1111M0001 要 一 箱 银桥 核桃 牛奶 多 加糖 
LOG (lattice-best-path[5.3.76~1-26df3]:main():lattice-best-path.cc:99) For utterance zh1111M0002, best cost 26.0711 + -87.5782 = -61.5071 over 381 frames.
zh1111M0002 要 四 箱 银桥 花生 牛奶 少 加糖 
LOG (lattice-best-path[5.3.76~1-26df3]:main():lattice-best-path.cc:99) For utterance zh1111M0003, best cost 26.0699 + -89.0462 = -62.9762 over 362 frames.
zh1111M0003 要 四 箱 银桥 红枣 牛奶 不 加糖 
LOG (lattice-best-path[5.3.76~1-26df3]:main():lattice-best-path.cc:99) For utterance zh1111M0004, best cost 26.2247 + -106.604 = -80.3794 over 410 frames.
zh1111M0004 要 一 箱 银桥 黑谷 牛奶 多 加糖 
LOG (lattice-best-path[5.3.76~1-26df3]:main():lattice-best-path.cc:99) For utterance zh1111M0005, best cost 27.274 + -95.4905 = -68.2165 over 372 frames.
zh1111M0005 要 一 箱 银桥 核桃 牛奶 少 加糖 
LOG (lattice-best-path[5.3.76~1-26df3]:main():lattice-best-path.cc:99) For utterance zh1111M0006, best cost 9.25313 + -10.9396 = -1.68644 over 180 frames.
zh1111M0006 打开 泵 
LOG (lattice-best-path[5.3.76~1-26df3]:main():lattice-best-path.cc:99) For utterance zh1111M0007, best cost 12.3567 + -39.1459 = -26.7892 over 209 frames.
zh1111M0007 关闭 阀门 
LOG (lattice-best-path[5.3.76~1-26df3]:main():lattice-best-path.cc:99) For utterance zh1111M0008, best cost 11.2692 + -54.7382 = -43.469 over 199 frames.
zh1111M0008 开启 窗帘 
LOG (lattice-best-path[5.3.76~1-26df3]:main():lattice-best-path.cc:99) For utterance zh1111M0009, best cost 9.5062 + -17.8116 = -8.30537 over 180 frames.
zh1111M0009 关掉 灯 
LOG (lattice-best-path[5.3.76~1-26df3]:main():lattice-best-path.cc:99) For utterance zh1112M0001, best cost 25.2152 + -85.0882 = -59.873 over 343 frames.
zh1112M0001 要 一 箱 银桥 核桃 牛奶 多 加糖 
LOG (lattice-best-path[5.3.76~1-26df3]:main():lattice-best-path.cc:99) For utterance zh1112M0002, best cost 26.7193 + -88.295 = -61.5757 over 381 frames.
zh1112M0002 要 四 箱 银桥 花生 牛奶 少 加糖 
LOG (lattice-best-path[5.3.76~1-26df3]:main():lattice-best-path.cc:99) For utterance zh1112M0003, best cost 26.0427 + -90.4493 = -64.4065 over 362 frames.
zh1112M0003 要 四 箱 银桥 红枣 牛奶 不 加糖 
LOG (lattice-best-path[5.3.76~1-26df3]:main():lattice-best-path.cc:99) For utterance zh1112M0004, best cost 26.2276 + -107.876 = -81.6487 over 410 frames.
zh1112M0004 要 一 箱 银桥 黑谷 牛奶 多 加糖 
LOG (lattice-best-path[5.3.76~1-26df3]:main():lattice-best-path.cc:99) For utterance zh1112M0005, best cost 27.2714 + -96.7654 = -69.494 over 372 frames.
zh1112M0005 要 一 箱 银桥 核桃 牛奶 少 加糖 
LOG (lattice-best-path[5.3.76~1-26df3]:main():lattice-best-path.cc:99) For utterance zh1112M0006, best cost 9.28357 + -11.2908 = -2.00726 over 180 frames.
zh1112M0006 打开 泵 
LOG (lattice-best-path[5.3.76~1-26df3]:main():lattice-best-path.cc:99) For utterance zh1112M0007, best cost 12.7303 + -42.7738 = -30.0435 over 209 frames.
zh1112M0007 关闭 阀门 
LOG (lattice-best-path[5.3.76~1-26df3]:main():lattice-best-path.cc:99) For utterance zh1112M0008, best cost 11.2708 + -53.4117 = -42.1409 over 199 frames.
zh1112M0008 开启 窗帘 
LOG (lattice-best-path[5.3.76~1-26df3]:main():lattice-best-path.cc:99) For utterance zh1112M0009, best cost 9.35013 + -15.1004 = -5.75026 over 180 frames.
zh1112M0009 关掉 灯 
LOG (lattice-best-path[5.3.76~1-26df3]:main():lattice-best-path.cc:99) For utterance zh1113M0001, best cost 25.1187 + -84.3237 = -59.2049 over 343 frames.
zh1113M0001 要 一 箱 银桥 核桃 牛奶 多 加糖 
LOG (lattice-best-path[5.3.76~1-26df3]:main():lattice-best-path.cc:99) For utterance zh1113M0002, best cost 26.8332 + -90.3269 = -63.4937 over 381 frames.
zh1113M0002 要 四 箱 银桥 花生 牛奶 少 加糖 
LOG (lattice-best-path[5.3.76~1-26df3]:main():lattice-best-path.cc:99) For utterance zh1113M0003, best cost 26.0723 + -89.1467 = -63.0744 over 362 frames.
zh1113M0003 要 四 箱 银桥 红枣 牛奶 不 加糖 
LOG (lattice-best-path[5.3.76~1-26df3]:main():lattice-best-path.cc:99) For utterance zh1113M0004, best cost 26.1938 + -105.947 = -79.7531 over 410 frames.
zh1113M0004 要 一 箱 银桥 黑谷 牛奶 多 加糖 
LOG (lattice-best-path[5.3.76~1-26df3]:main():lattice-best-path.cc:99) For utterance zh1113M0005, best cost 27.3243 + -95.9411 = -68.6168 over 372 frames.
zh1113M0005 要 一 箱 银桥 核桃 牛奶 少 加糖 
LOG (lattice-best-path[5.3.76~1-26df3]:main():lattice-best-path.cc:99) For utterance zh1113M0006, best cost 9.28357 + -12.9254 = -3.64181 over 180 frames.
zh1113M0006 打开 泵 
LOG (lattice-best-path[5.3.76~1-26df3]:main():lattice-best-path.cc:99) For utterance zh1113M0007, best cost 12.6844 + -42.2382 = -29.5539 over 209 frames.
zh1113M0007 关闭 阀门 
LOG (lattice-best-path[5.3.76~1-26df3]:main():lattice-best-path.cc:99) For utterance zh1113M0008, best cost 11.2646 + -53.4535 = -42.1889 over 199 frames.
zh1113M0008 开启 窗帘 
LOG (lattice-best-path[5.3.76~1-26df3]:main():lattice-best-path.cc:99) For utterance zh1113M0009, best cost 9.34687 + -15.8057 = -6.45879 over 180 frames.
zh1113M0009 关掉 灯 
LOG (lattice-best-path[5.3.76~1-26df3]:main():lattice-best-path.cc:99) For utterance zh1114M0001, best cost 25.1121 + -84.4111 = -59.299 over 343 frames.
zh1114M0001 要 一 箱 银桥 核桃 牛奶 多 加糖 
LOG (lattice-best-path[5.3.76~1-26df3]:main():lattice-best-path.cc:99) For utterance zh1114M0002, best cost 27.2145 + -91.1261 = -63.9117 over 381 frames.
zh1114M0002 要 四 箱 银桥 花生 牛奶 少 加糖 
LOG (lattice-best-path[5.3.76~1-26df3]:main():lattice-best-path.cc:99) For utterance zh1114M0003, best cost 26.0707 + -88.087 = -62.0163 over 362 frames.
zh1114M0003 要 四 箱 银桥 红枣 牛奶 不 加糖 
LOG (lattice-best-path[5.3.76~1-26df3]:main():lattice-best-path.cc:99) For utterance zh1114M0004, best cost 26.1996 + -107.517 = -81.317 over 410 frames.
zh1114M0004 要 一 箱 银桥 黑谷 牛奶 多 加糖 
LOG (lattice-best-path[5.3.76~1-26df3]:main():lattice-best-path.cc:99) For utterance zh1114M0005, best cost 27.3822 + -97.2624 = -69.8801 over 372 frames.
zh1114M0005 要 一 箱 银桥 核桃 牛奶 少 加糖 
LOG (lattice-best-path[5.3.76~1-26df3]:main():lattice-best-path.cc:99) For utterance zh1114M0006, best cost 9.28357 + -10.8947 = -1.6111 over 180 frames.
zh1114M0006 打开 泵 
LOG (lattice-best-path[5.3.76~1-26df3]:main():lattice-best-path.cc:99) For utterance zh1114M0007, best cost 11.1883 + -36.9564 = -25.7681 over 209 frames.
zh1114M0007 关闭 阀门 
LOG (lattice-best-path[5.3.76~1-26df3]:main():lattice-best-path.cc:99) For utterance zh1114M0008, best cost 11.4138 + -53.1686 = -41.7548 over 199 frames.
zh1114M0008 开启 窗帘 
LOG (lattice-best-path[5.3.76~1-26df3]:main():lattice-best-path.cc:99) For utterance zh1114M0009, best cost 9.69407 + -15.5574 = -5.8633 over 180 frames.
zh1114M0009 关掉 灯 
LOG (lattice-best-path[5.3.76~1-26df3]:main():lattice-best-path.cc:99) For utterance zh1115M0001, best cost 25.0102 + -84.5798 = -59.5696 over 343 frames.
zh1115M0001 要 一 箱 银桥 核桃 牛奶 多 加糖 
LOG (lattice-best-path[5.3.76~1-26df3]:main():lattice-best-path.cc:99) For utterance zh1115M0002, best cost 26.1359 + -87.7182 = -61.5823 over 381 frames.
zh1115M0002 要 四 箱 银桥 花生 牛奶 少 加糖 
LOG (lattice-best-path[5.3.76~1-26df3]:main():lattice-best-path.cc:99) For utterance zh1115M0003, best cost 26.0738 + -89.0526 = -62.9789 over 362 frames.
zh1115M0003 要 四 箱 银桥 红枣 牛奶 不 加糖 
LOG (lattice-best-path[5.3.76~1-26df3]:main():lattice-best-path.cc:99) For utterance zh1115M0004, best cost 26.2276 + -108.41 = -82.1826 over 410 frames.
zh1115M0004 要 一 箱 银桥 黑谷 牛奶 多 加糖 
LOG (lattice-best-path[5.3.76~1-26df3]:main():lattice-best-path.cc:99) For utterance zh1115M0005, best cost 27.2783 + -98.1878 = -70.9096 over 372 frames.
zh1115M0005 要 一 箱 银桥 核桃 牛奶 少 加糖 
LOG (lattice-best-path[5.3.76~1-26df3]:main():lattice-best-path.cc:99) For utterance zh1115M0006, best cost 9.35965 + -8.71153 = 0.648121 over 180 frames.
zh1115M0006 打开 泵 
LOG (lattice-best-path[5.3.76~1-26df3]:main():lattice-best-path.cc:99) For utterance zh1115M0007, best cost 10.5954 + -35.6935 = -25.0981 over 209 frames.
zh1115M0007 关闭 阀门 
LOG (lattice-best-path[5.3.76~1-26df3]:main():lattice-best-path.cc:99) For utterance zh1115M0008, best cost 11.3125 + -54.3636 = -43.0511 over 199 frames.
zh1115M0008 开启 窗帘 
LOG (lattice-best-path[5.3.76~1-26df3]:main():lattice-best-path.cc:99) For utterance zh1115M0009, best cost 9.1908 + -17.9526 = -8.7618 over 180 frames.
zh1115M0009 关掉 灯 
LOG (lattice-best-path[5.3.76~1-26df3]:main():lattice-best-path.cc:99) For utterance zh1116M0001, best cost 25.2233 + -83.7227 = -58.4995 over 343 frames.
zh1116M0001 要 一 箱 银桥 核桃 牛奶 多 加糖 
LOG (lattice-best-path[5.3.76~1-26df3]:main():lattice-best-path.cc:99) For utterance zh1116M0002, best cost 26.2042 + -89.1061 = -62.9019 over 381 frames.
zh1116M0002 要 四 箱 银桥 花生 牛奶 少 加糖 
LOG (lattice-best-path[5.3.76~1-26df3]:main():lattice-best-path.cc:99) For utterance zh1116M0003, best cost 26.0831 + -87.7063 = -61.6232 over 362 frames.
zh1116M0003 要 四 箱 银桥 红枣 牛奶 不 加糖 
LOG (lattice-best-path[5.3.76~1-26df3]:main():lattice-best-path.cc:99) For utterance zh1116M0004, best cost 26.1867 + -107.685 = -81.4983 over 410 frames.
zh1116M0004 要 一 箱 银桥 黑谷 牛奶 多 加糖 
LOG (lattice-best-path[5.3.76~1-26df3]:main():lattice-best-path.cc:99) For utterance zh1116M0005, best cost 27.5288 + -95.7373 = -68.2084 over 372 frames.
zh1116M0005 要 一 箱 银桥 核桃 牛奶 少 加糖 
LOG (lattice-best-path[5.3.76~1-26df3]:main():lattice-best-path.cc:99) For utterance zh1116M0006, best cost 9.29878 + -9.49045 = -0.191668 over 180 frames.
zh1116M0006 打开 泵 
LOG (lattice-best-path[5.3.76~1-26df3]:main():lattice-best-path.cc:99) For utterance zh1116M0007, best cost 11.5744 + -42.8319 = -31.2575 over 209 frames.
zh1116M0007 关闭 阀门 
LOG (lattice-best-path[5.3.76~1-26df3]:main():lattice-best-path.cc:99) For utterance zh1116M0008, best cost 11.2755 + -53.1845 = -41.909 over 199 frames.
zh1116M0008 开启 窗帘 
LOG (lattice-best-path[5.3.76~1-26df3]:main():lattice-best-path.cc:99) For utterance zh1116M0009, best cost 9.5062 + -14.8123 = -5.3061 over 180 frames.
zh1116M0009 关掉 灯 
LOG (lattice-best-path[5.3.76~1-26df3]:main():lattice-best-path.cc:99) For utterance zh1117M0001, best cost 25.0697 + -85.025 = -59.9553 over 343 frames.
zh1117M0001 要 一 箱 银桥 核桃 牛奶 多 加糖 
LOG (lattice-best-path[5.3.76~1-26df3]:main():lattice-best-path.cc:99) For utterance zh1117M0002, best cost 27.1998 + -90.9468 = -63.747 over 381 frames.
zh1117M0002 要 四 箱 银桥 花生 牛奶 少 加糖 
LOG (lattice-best-path[5.3.76~1-26df3]:main():lattice-best-path.cc:99) For utterance zh1117M0003, best cost 26.0699 + -90.1631 = -64.0932 over 362 frames.
zh1117M0003 要 四 箱 银桥 红枣 牛奶 不 加糖 
LOG (lattice-best-path[5.3.76~1-26df3]:main():lattice-best-path.cc:99) For utterance zh1117M0004, best cost 26.6796 + -108.001 = -81.3215 over 410 frames.
zh1117M0004 要 一 箱 银桥 黑谷 牛奶 多 加糖 
LOG (lattice-best-path[5.3.76~1-26df3]:main():lattice-best-path.cc:99) For utterance zh1117M0005, best cost 27.3496 + -93.8317 = -66.4821 over 372 frames.
zh1117M0005 要 一 箱 银桥 核桃 牛奶 少 加糖 
LOG (lattice-best-path[5.3.76~1-26df3]:main():lattice-best-path.cc:99) For utterance zh1117M0006, best cost 9.02488 + -10.9877 = -1.96286 over 180 frames.
zh1117M0006 打开 泵 
LOG (lattice-best-path[5.3.76~1-26df3]:main():lattice-best-path.cc:99) For utterance zh1117M0007, best cost 10.5818 + -38.7205 = -28.1386 over 209 frames.
zh1117M0007 关闭 阀门 
LOG (lattice-best-path[5.3.76~1-26df3]:main():lattice-best-path.cc:99) For utterance zh1117M0008, best cost 11.2646 + -54.4833 = -43.2187 over 199 frames.
zh1117M0008 开启 窗帘 
LOG (lattice-best-path[5.3.76~1-26df3]:main():lattice-best-path.cc:99) For utterance zh1117M0009, best cost 10.3213 + -16.2049 = -5.88359 over 180 frames.
zh1117M0009 关掉 灯 
LOG (lattice-best-path[5.3.76~1-26df3]:main():lattice-best-path.cc:99) For utterance zh1118M0001, best cost 25.1755 + -84.5593 = -59.3837 over 343 frames.
zh1118M0001 要 一 箱 银桥 核桃 牛奶 多 加糖 
LOG (lattice-best-path[5.3.76~1-26df3]:main():lattice-best-path.cc:99) For utterance zh1118M0002, best cost 26.2294 + -88.4326 = -62.2032 over 381 frames.
zh1118M0002 要 四 箱 银桥 花生 牛奶 少 加糖 
LOG (lattice-best-path[5.3.76~1-26df3]:main():lattice-best-path.cc:99) For utterance zh1118M0003, best cost 26.0767 + -89.9073 = -63.8306 over 362 frames.
zh1118M0003 要 四 箱 银桥 红枣 牛奶 不 加糖 
LOG (lattice-best-path[5.3.76~1-26df3]:main():lattice-best-path.cc:99) For utterance zh1118M0004, best cost 26.2019 + -108.208 = -82.0064 over 410 frames.
zh1118M0004 要 一 箱 银桥 黑谷 牛奶 多 加糖 
LOG (lattice-best-path[5.3.76~1-26df3]:main():lattice-best-path.cc:99) For utterance zh1118M0005, best cost 27.4943 + -95.7095 = -68.2153 over 372 frames.
zh1118M0005 要 一 箱 银桥 核桃 牛奶 少 加糖 
LOG (lattice-best-path[5.3.76~1-26df3]:main():lattice-best-path.cc:99) For utterance zh1118M0006, best cost 9.35965 + -10.1473 = -0.787685 over 180 frames.
zh1118M0006 打开 泵 
LOG (lattice-best-path[5.3.76~1-26df3]:main():lattice-best-path.cc:99) For utterance zh1118M0007, best cost 11.3531 + -38.5909 = -27.2377 over 209 frames.
zh1118M0007 关闭 阀门 
LOG (lattice-best-path[5.3.76~1-26df3]:main():lattice-best-path.cc:99) For utterance zh1118M0008, best cost 11.2544 + -54.4048 = -43.1504 over 199 frames.
zh1118M0008 开启 窗帘 
LOG (lattice-best-path[5.3.76~1-26df3]:main():lattice-best-path.cc:99) For utterance zh1118M0009, best cost 9.35013 + -14.8089 = -5.45881 over 180 frames.
zh1118M0009 关掉 灯 
LOG (lattice-best-path[5.3.76~1-26df3]:main():lattice-best-path.cc:99) For utterance zh1102M0001, best cost 24.8391 + -85.3896 = -60.5506 over 343 frames.
zh1102M0001 要 二 箱 银桥 核桃 牛奶 多 加糖 
LOG (lattice-best-path[5.3.76~1-26df3]:main():lattice-best-path.cc:99) For utterance zh1102M0002, best cost 27.0537 + -90.4933 = -63.4396 over 381 frames.
zh1102M0002 要 四 箱 银桥 花生 牛奶 少 加糖 
LOG (lattice-best-path[5.3.76~1-26df3]:main():lattice-best-path.cc:99) For utterance zh1102M0003, best cost 26.0706 + -90.6797 = -64.6091 over 362 frames.
zh1102M0003 要 四 箱 银桥 红枣 牛奶 不 加糖 
LOG (lattice-best-path[5.3.76~1-26df3]:main():lattice-best-path.cc:99) For utterance zh1102M0004, best cost 26.2147 + -107.505 = -81.2905 over 410 frames.
zh1102M0004 要 一 箱 银桥 黑谷 牛奶 多 加糖 
LOG (lattice-best-path[5.3.76~1-26df3]:main():lattice-best-path.cc:99) For utterance zh1102M0005, best cost 27.2756 + -93.9464 = -66.6708 over 372 frames.
zh1102M0005 要 一 箱 银桥 核桃 牛奶 少 加糖 
LOG (lattice-best-path[5.3.76~1-26df3]:main():lattice-best-path.cc:99) For utterance zh1102M0006, best cost 9.28357 + -9.85469 = -0.571127 over 180 frames.
zh1102M0006 打开 泵 
LOG (lattice-best-path[5.3.76~1-26df3]:main():lattice-best-path.cc:99) For utterance zh1102M0007, best cost 12.3217 + -40.7136 = -28.392 over 209 frames.
zh1102M0007 关闭 阀门 
LOG (lattice-best-path[5.3.76~1-26df3]:main():lattice-best-path.cc:99) For utterance zh1102M0008, best cost 11.2646 + -54.501 = -43.2364 over 199 frames.
zh1102M0008 开启 窗帘 
LOG (lattice-best-path[5.3.76~1-26df3]:main():lattice-best-path.cc:99) For utterance zh1102M0009, best cost 9.5062 + -17.7302 = -8.22398 over 180 frames.
zh1102M0009 关掉 灯 
LOG (lattice-best-path[5.3.76~1-26df3]:main():lattice-best-path.cc:99) For utterance zh1103M0001, best cost 25.2152 + -85.0882 = -59.873 over 343 frames.
zh1103M0001 要 一 箱 银桥 核桃 牛奶 多 加糖 
LOG (lattice-best-path[5.3.76~1-26df3]:main():lattice-best-path.cc:99) For utterance zh1103M0002, best cost 26.7193 + -88.295 = -61.5757 over 381 frames.
zh1103M0002 要 四 箱 银桥 花生 牛奶 少 加糖 
LOG (lattice-best-path[5.3.76~1-26df3]:main():lattice-best-path.cc:99) For utterance zh1103M0003, best cost 26.0427 + -90.4493 = -64.4065 over 362 frames.
zh1103M0003 要 四 箱 银桥 红枣 牛奶 不 加糖 
LOG (lattice-best-path[5.3.76~1-26df3]:main():lattice-best-path.cc:99) For utterance zh1103M0004, best cost 26.2276 + -107.876 = -81.6487 over 410 frames.
zh1103M0004 要 一 箱 银桥 黑谷 牛奶 多 加糖 
LOG (lattice-best-path[5.3.76~1-26df3]:main():lattice-best-path.cc:99) For utterance zh1103M0005, best cost 27.2714 + -96.7654 = -69.494 over 372 frames.
zh1103M0005 要 一 箱 银桥 核桃 牛奶 少 加糖 
LOG (lattice-best-path[5.3.76~1-26df3]:main():lattice-best-path.cc:99) For utterance zh1103M0006, best cost 9.28357 + -11.2908 = -2.00726 over 180 frames.
zh1103M0006 打开 泵 
LOG (lattice-best-path[5.3.76~1-26df3]:main():lattice-best-path.cc:99) For utterance zh1103M0007, best cost 12.7303 + -42.7738 = -30.0435 over 209 frames.
zh1103M0007 关闭 阀门 
LOG (lattice-best-path[5.3.76~1-26df3]:main():lattice-best-path.cc:99) For utterance zh1103M0008, best cost 11.2708 + -53.4117 = -42.1409 over 199 frames.
zh1103M0008 开启 窗帘 
LOG (lattice-best-path[5.3.76~1-26df3]:main():lattice-best-path.cc:99) For utterance zh1103M0009, best cost 9.35013 + -15.1004 = -5.75026 over 180 frames.
zh1103M0009 关掉 灯 
LOG (lattice-best-path[5.3.76~1-26df3]:main():lattice-best-path.cc:99) For utterance zh1104M0001, best cost 25.1187 + -84.3273 = -59.2085 over 343 frames.
zh1104M0001 要 一 箱 银桥 核桃 牛奶 多 加糖 
LOG (lattice-best-path[5.3.76~1-26df3]:main():lattice-best-path.cc:99) For utterance zh1104M0002, best cost 26.8332 + -90.3875 = -63.5543 over 381 frames.
zh1104M0002 要 四 箱 银桥 花生 牛奶 少 加糖 
LOG (lattice-best-path[5.3.76~1-26df3]:main():lattice-best-path.cc:99) For utterance zh1104M0003, best cost 26.0723 + -89.1832 = -63.1109 over 362 frames.
zh1104M0003 要 四 箱 银桥 红枣 牛奶 不 加糖 
LOG (lattice-best-path[5.3.76~1-26df3]:main():lattice-best-path.cc:99) For utterance zh1104M0004, best cost 26.1938 + -105.977 = -79.783 over 410 frames.
zh1104M0004 要 一 箱 银桥 黑谷 牛奶 多 加糖 
LOG (lattice-best-path[5.3.76~1-26df3]:main():lattice-best-path.cc:99) For utterance zh1104M0005, best cost 27.3243 + -96.0393 = -68.715 over 372 frames.
zh1104M0005 要 一 箱 银桥 核桃 牛奶 少 加糖 
LOG (lattice-best-path[5.3.76~1-26df3]:main():lattice-best-path.cc:99) For utterance zh1104M0006, best cost 9.28357 + -12.8848 = -3.60121 over 180 frames.
zh1104M0006 打开 泵 
LOG (lattice-best-path[5.3.76~1-26df3]:main():lattice-best-path.cc:99) For utterance zh1104M0007, best cost 12.5571 + -38.6261 = -26.069 over 209 frames.
zh1104M0007 关闭 阀门 
LOG (lattice-best-path[5.3.76~1-26df3]:main():lattice-best-path.cc:99) For utterance zh1104M0008, best cost 11.2646 + -53.262 = -41.9975 over 199 frames.
zh1104M0008 开启 窗帘 
LOG (lattice-best-path[5.3.76~1-26df3]:main():lattice-best-path.cc:99) For utterance zh1104M0009, best cost 9.03474 + -17.4957 = -8.461 over 180 frames.
zh1104M0009 关掉 灯 
LOG (lattice-best-path[5.3.76~1-26df3]:main():lattice-best-path.cc:99) For utterance zh1105M0001, best cost 25.0198 + -84.7969 = -59.7771 over 343 frames.
zh1105M0001 要 一 箱 银桥 核桃 牛奶 多 加糖 
LOG (lattice-best-path[5.3.76~1-26df3]:main():lattice-best-path.cc:99) For utterance zh1105M0002, best cost 26.7241 + -89.6829 = -62.9588 over 381 frames.
zh1105M0002 要 四 箱 银桥 花生 牛奶 少 加糖 
LOG (lattice-best-path[5.3.76~1-26df3]:main():lattice-best-path.cc:99) For utterance zh1105M0003, best cost 26.0683 + -88.7089 = -62.6406 over 362 frames.
zh1105M0003 要 四 箱 银桥 红枣 牛奶 不 加糖 
LOG (lattice-best-path[5.3.76~1-26df3]:main():lattice-best-path.cc:99) For utterance zh1105M0004, best cost 26.6411 + -106.002 = -79.3605 over 410 frames.
zh1105M0004 要 五 箱 银桥 黑谷 牛奶 多 加糖 
LOG (lattice-scale[5.3.76~1-26df3]:main():lattice-scale.cc:90) Done 162 lattices.
LOG (lattice-best-path[5.3.76~1-26df3]:main():lattice-best-path.cc:99) For utterance zh1105M0005, best cost 27.2783 + -96.325 = -69.0467 over 372 frames.
zh1105M0005 要 一 箱 银桥 核桃 牛奶 少 加糖 
LOG (lattice-best-path[5.3.76~1-26df3]:main():lattice-best-path.cc:99) For utterance zh1105M0006, best cost 9.02488 + -10.1962 = -1.17135 over 180 frames.
zh1105M0006 打开 泵 
LOG (lattice-best-path[5.3.76~1-26df3]:main():lattice-best-path.cc:99) For utterance zh1105M0007, best cost 11.2357 + -39.9481 = -28.7124 over 209 frames.
zh1105M0007 关闭 阀门 
LOG (lattice-best-path[5.3.76~1-26df3]:main():lattice-best-path.cc:99) For utterance zh1105M0008, best cost 11.2856 + -54.2273 = -42.9417 over 199 frames.
zh1105M0008 开启 窗帘 
LOG (lattice-best-path[5.3.76~1-26df3]:main():lattice-best-path.cc:99) For utterance zh1105M0009, best cost 9.1908 + -16.9937 = -7.80295 over 180 frames.
zh1105M0009 关掉 灯 
LOG (lattice-best-path[5.3.76~1-26df3]:main():lattice-best-path.cc:99) For utterance zh1106M0001, best cost 25.0553 + -85.1735 = -60.1182 over 343 frames.
zh1106M0001 要 一 箱 银桥 核桃 牛奶 多 加糖 
LOG (lattice-best-path[5.3.76~1-26df3]:main():lattice-best-path.cc:99) For utterance zh1106M0002, best cost 26.1134 + -88.2258 = -62.1124 over 381 frames.
zh1106M0002 要 四 箱 银桥 花生 牛奶 少 加糖 
LOG (lattice-best-path[5.3.76~1-26df3]:main():lattice-best-path.cc:99) For utterance zh1106M0003, best cost 26.0479 + -89.2853 = -63.2374 over 362 frames.
zh1106M0003 要 四 箱 银桥 红枣 牛奶 不 加糖 
LOG (lattice-best-path[5.3.76~1-26df3]:main():lattice-best-path.cc:99) For utterance zh1106M0004, best cost 26.2193 + -108.557 = -82.3376 over 410 frames.
zh1106M0004 要 一 箱 银桥 黑谷 牛奶 多 加糖 
LOG (lattice-best-path[5.3.76~1-26df3]:main():lattice-best-path.cc:99) For utterance zh1106M0005, best cost 27.3979 + -94.5735 = -67.1757 over 372 frames.
zh1106M0005 要 一 箱 银桥 核桃 牛奶 少 加糖 
LOG (lattice-best-path[5.3.76~1-26df3]:main():lattice-best-path.cc:99) For utterance zh1106M0006, best cost 9.28357 + -9.57202 = -0.288458 over 180 frames.
zh1106M0006 打开 泵 
LOG (lattice-best-path[5.3.76~1-26df3]:main():lattice-best-path.cc:99) For utterance zh1106M0007, best cost 10.5954 + -39.7693 = -29.1739 over 209 frames.
zh1106M0007 关闭 阀门 
LOG (lattice-best-path[5.3.76~1-26df3]:main():lattice-best-path.cc:99) For utterance zh1106M0008, best cost 11.3339 + -54.291 = -42.9571 over 199 frames.
zh1106M0008 开启 窗帘 
LOG (lattice-best-path[5.3.76~1-26df3]:main():lattice-best-path.cc:99) For utterance zh1106M0009, best cost 9.34687 + -18.1442 = -8.79732 over 180 frames.
zh1106M0009 关掉 灯 
LOG (lattice-best-path[5.3.76~1-26df3]:main():lattice-best-path.cc:99) For utterance zh1107M0001, best cost 25.0082 + -86.2047 = -61.1965 over 343 frames.
zh1107M0001 要 一 箱 银桥 核桃 牛奶 多 加糖 
LOG (lattice-best-path[5.3.76~1-26df3]:main():lattice-best-path.cc:99) For utterance zh1107M0002, best cost 26.6442 + -88.509 = -61.8648 over 381 frames.
zh1107M0002 要 四 箱 银桥 花生 牛奶 少 加糖 
LOG (lattice-best-path[5.3.76~1-26df3]:main():lattice-best-path.cc:99) For utterance zh1107M0003, best cost 26.017 + -89.7151 = -63.6981 over 362 frames.
zh1107M0003 要 四 箱 银桥 红枣 牛奶 不 加糖 
LOG (lattice-best-path[5.3.76~1-26df3]:main():lattice-best-path.cc:99) For utterance zh1107M0004, best cost 26.5304 + -106.819 = -80.2888 over 410 frames.
zh1107M0004 要 五 箱 银桥 黑谷 牛奶 多 加糖 
LOG (lattice-best-path[5.3.76~1-26df3]:main():lattice-best-path.cc:99) For utterance zh1107M0005, best cost 27.2868 + -95.9142 = -68.6274 over 372 frames.
zh1107M0005 要 一 箱 银桥 核桃 牛奶 少 加糖 
LOG (lattice-best-path[5.3.76~1-26df3]:main():lattice-best-path.cc:99) For utterance zh1107M0006, best cost 8.97923 + -10.9345 = -1.95526 over 180 frames.
zh1107M0006 打开 泵 
LOG (lattice-best-path[5.3.76~1-26df3]:main():lattice-best-path.cc:99) For utterance zh1107M0007, best cost 11.3531 + -40.2669 = -28.9137 over 209 frames.
zh1107M0007 关闭 阀门 
LOG (lattice-best-path[5.3.76~1-26df3]:main():lattice-best-path.cc:99) For utterance zh1107M0008, best cost 11.2692 + -53.3736 = -42.1044 over 199 frames.
zh1107M0008 开启 窗帘 
LOG (lattice-add-penalty[5.3.76~1-26df3]:main():lattice-add-penalty.cc:62) Done adding word insertion penalty to 162 lattices.
LOG (lattice-best-path[5.3.76~1-26df3]:main():lattice-best-path.cc:99) For utterance zh1107M0009, best cost 9.34687 + -19.1507 = -9.80381 over 180 frames.
zh1107M0009 关掉 灯 
LOG (lattice-best-path[5.3.76~1-26df3]:main():lattice-best-path.cc:99) For utterance zh1108M0001, best cost 25.0002 + -84.9976 = -59.9974 over 343 frames.
zh1108M0001 要 一 箱 银桥 核桃 牛奶 多 加糖 
LOG (lattice-best-path[5.3.76~1-26df3]:main():lattice-best-path.cc:99) For utterance zh1108M0002, best cost 26.7245 + -89.6216 = -62.8972 over 381 frames.
zh1108M0002 要 四 箱 银桥 花生 牛奶 少 加糖 
LOG (lattice-best-path[5.3.76~1-26df3]:main():lattice-best-path.cc:99) For utterance zh1108M0003, best cost 26.0699 + -88.6607 = -62.5908 over 362 frames.
zh1108M0003 要 四 箱 银桥 红枣 牛奶 不 加糖 
LOG (lattice-best-path[5.3.76~1-26df3]:main():lattice-best-path.cc:99) For utterance zh1108M0004, best cost 26.4714 + -107.011 = -80.5394 over 410 frames.
zh1108M0004 要 五 箱 银桥 黑谷 牛奶 多 加糖 
LOG (lattice-best-path[5.3.76~1-26df3]:main():lattice-best-path.cc:99) For utterance zh1108M0005, best cost 27.276 + -96.2719 = -68.9958 over 372 frames.
zh1108M0005 要 一 箱 银桥 核桃 牛奶 少 加糖 
LOG (lattice-best-path[5.3.76~1-26df3]:main():lattice-best-path.cc:99) For utterance zh1108M0006, best cost 9.02488 + -10.1916 = -1.16674 over 180 frames.
zh1108M0006 打开 泵 
LOG (lattice-best-path[5.3.76~1-26df3]:main():lattice-best-path.cc:99) For utterance zh1108M0007, best cost 12.4151 + -41.193 = -28.7779 over 209 frames.
zh1108M0007 关闭 阀门 
LOG (lattice-best-path[5.3.76~1-26df3]:main():lattice-best-path.cc:99) For utterance zh1108M0008, best cost 11.2528 + -53.8917 = -42.6389 over 199 frames.
zh1108M0008 开启 窗帘 
LOG (lattice-best-path[5.3.76~1-26df3]:main():lattice-best-path.cc:99) For utterance zh1108M0009, best cost 9.35013 + -14.5827 = -5.23255 over 180 frames.
zh1108M0009 关掉 灯 
LOG (lattice-best-path[5.3.76~1-26df3]:main():lattice-best-path.cc:99) For utterance zh1109M0001, best cost 25.2172 + -84.4472 = -59.23 over 343 frames.
zh1109M0001 要 一 箱 银桥 核桃 牛奶 多 加糖 
LOG (lattice-best-path[5.3.76~1-26df3]:main():lattice-best-path.cc:99) For utterance zh1109M0002, best cost 26.7876 + -89.9829 = -63.1953 over 381 frames.
zh1109M0002 要 四 箱 银桥 花生 牛奶 少 加糖 
LOG (lattice-best-path[5.3.76~1-26df3]:main():lattice-best-path.cc:99) For utterance zh1109M0003, best cost 26.07 + -88.3357 = -62.2657 over 362 frames.
zh1109M0003 要 四 箱 银桥 红枣 牛奶 不 加糖 
LOG (lattice-best-path[5.3.76~1-26df3]:main():lattice-best-path.cc:99) For utterance zh1109M0004, best cost 26.1996 + -106.055 = -79.855 over 410 frames.
zh1109M0004 要 一 箱 银桥 黑谷 牛奶 多 加糖 
LOG (lattice-best-path[5.3.76~1-26df3]:main():lattice-best-path.cc:99) For utterance zh1109M0005, best cost 27.4943 + -95.6663 = -68.1721 over 372 frames.
zh1109M0005 要 一 箱 银桥 核桃 牛奶 少 加糖 
LOG (lattice-best-path[5.3.76~1-26df3]:main():lattice-best-path.cc:99) For utterance zh1109M0006, best cost 9.35965 + -9.84852 = -0.488869 over 180 frames.
zh1109M0006 打开 泵 
LOG (lattice-best-path[5.3.76~1-26df3]:main():lattice-best-path.cc:99) For utterance zh1109M0007, best cost 10.5954 + -39.8485 = -29.253 over 209 frames.
zh1109M0007 关闭 阀门 
LOG (lattice-best-path[5.3.76~1-26df3]:main():lattice-best-path.cc:99) For utterance zh1109M0008, best cost 11.2816 + -55.5588 = -44.2772 over 199 frames.
zh1109M0008 开启 窗帘 
LOG (lattice-best-path[5.3.76~1-26df3]:main():lattice-best-path.cc:99) For utterance zh1109M0009, best cost 9.38194 + -16.787 = -7.40505 over 180 frames.
zh1109M0009 关掉 灯 
LOG (lattice-best-path[5.3.76~1-26df3]:main():lattice-best-path.cc:124) Overall cost per frame is -0.157495 = 0.0656582 [graph] + -0.223153 [acoustic] over 47448 frames.
LOG (lattice-best-path[5.3.76~1-26df3]:main():lattice-best-path.cc:128) Done 162 lattices, failed for 0
# Accounting: time=0 threads=1
# Ended (code 0) at Sun Apr  1 16:43:03 CST 2018, elapsed time 0 seconds
