# lattice-scale --inv-acoustic-scale=3 "ark:gunzip -c exp_FG/DNN_tri_8_2000_aligned_layer3_nodes256/decode/lat.*.gz|" ark:- | lattice-add-penalty --word-ins-penalty=0.0 ark:- ark:- | lattice-best-path --word-symbol-table=exp_FG/tri_8_2000/graph/words.txt ark:- ark,t:exp_FG/DNN_tri_8_2000_aligned_layer3_nodes256/decode/scoring/3.tra 
# Started at Sun Apr  1 16:43:02 CST 2018
#
lattice-add-penalty --word-ins-penalty=0.0 ark:- ark:- 
lattice-best-path --word-symbol-table=exp_FG/tri_8_2000/graph/words.txt ark:- ark,t:exp_FG/DNN_tri_8_2000_aligned_layer3_nodes256/decode/scoring/3.tra 
lattice-scale --inv-acoustic-scale=3 'ark:gunzip -c exp_FG/DNN_tri_8_2000_aligned_layer3_nodes256/decode/lat.*.gz|' ark:- 
LOG (lattice-best-path[5.3.76~1-26df3]:main():lattice-best-path.cc:99) For utterance zh1101M0001, best cost 25.2841 + -371.989 = -346.705 over 343 frames.
zh1101M0001 要 一 箱 银桥 核桃 牛奶 多 加糖 
LOG (lattice-best-path[5.3.76~1-26df3]:main():lattice-best-path.cc:99) For utterance zh1101M0002, best cost 36.5403 + -392.347 = -355.806 over 381 frames.
zh1101M0002 要 一 要 四 箱 银桥 花生 牛奶 少 加糖 
LOG (lattice-best-path[5.3.76~1-26df3]:main():lattice-best-path.cc:99) For utterance zh1101M0003, best cost 35.6936 + -415.543 = -379.85 over 362 frames.
zh1101M0003 要 四 箱 银桥 红枣 牛奶 不 少 加糖 
LOG (lattice-best-path[5.3.76~1-26df3]:main():lattice-best-path.cc:99) For utterance zh1101M0004, best cost 26.2019 + -459.238 = -433.036 over 410 frames.
zh1101M0004 要 一 箱 银桥 黑谷 牛奶 多 加糖 
LOG (lattice-best-path[5.3.76~1-26df3]:main():lattice-best-path.cc:99) For utterance zh1101M0005, best cost 37.4216 + -431.652 = -394.231 over 372 frames.
zh1101M0005 要 一 箱 银桥 核桃 牛奶 少 多 加糖 
LOG (lattice-best-path[5.3.76~1-26df3]:main():lattice-best-path.cc:99) For utterance zh1101M0006, best cost 20.6473 + -72.1363 = -51.4891 over 180 frames.
zh1101M0006 要 五 打开 泵 
LOG (lattice-best-path[5.3.76~1-26df3]:main():lattice-best-path.cc:99) For utterance zh1101M0007, best cost 19.2016 + -185.901 = -166.699 over 209 frames.
zh1101M0007 要 关闭 阀门 
LOG (lattice-best-path[5.3.76~1-26df3]:main():lattice-best-path.cc:99) For utterance zh1101M0008, best cost 11.2708 + -234.155 = -222.885 over 199 frames.
zh1101M0008 开启 窗帘 
LOG (lattice-best-path[5.3.76~1-26df3]:main():lattice-best-path.cc:99) For utterance zh1101M0009, best cost 23.2917 + -99.9499 = -76.6582 over 180 frames.
zh1101M0009 关掉 五 灯 
LOG (lattice-best-path[5.3.76~1-26df3]:main():lattice-best-path.cc:99) For utterance zh1110M0001, best cost 25.0747 + -367.58 = -342.505 over 343 frames.
zh1110M0001 要 一 箱 银桥 核桃 牛奶 多 加糖 
LOG (lattice-best-path[5.3.76~1-26df3]:main():lattice-best-path.cc:99) For utterance zh1110M0002, best cost 36.6219 + -402.599 = -365.977 over 381 frames.
zh1110M0002 要 一 要 四 箱 银桥 花生 牛奶 少 加糖 
LOG (lattice-best-path[5.3.76~1-26df3]:main():lattice-best-path.cc:99) For utterance zh1110M0003, best cost 35.6897 + -422.068 = -386.378 over 362 frames.
zh1110M0003 要 四 箱 银桥 红枣 牛奶 不 少 加糖 
LOG (lattice-best-path[5.3.76~1-26df3]:main():lattice-best-path.cc:99) For utterance zh1110M0004, best cost 26.6561 + -467.669 = -441.013 over 410 frames.
zh1110M0004 要 一 箱 银桥 黑谷 牛奶 多 加糖 
LOG (lattice-best-path[5.3.76~1-26df3]:main():lattice-best-path.cc:99) For utterance zh1110M0005, best cost 37.0829 + -442.275 = -405.193 over 372 frames.
zh1110M0005 要 一 箱 银桥 核桃 牛奶 少 多 加糖 
LOG (lattice-best-path[5.3.76~1-26df3]:main():lattice-best-path.cc:99) For utterance zh1110M0006, best cost 9.28357 + -58.1792 = -48.8956 over 180 frames.
zh1110M0006 打开 泵 
LOG (lattice-best-path[5.3.76~1-26df3]:main():lattice-best-path.cc:99) For utterance zh1110M0007, best cost 19.4153 + -190.261 = -170.846 over 209 frames.
zh1110M0007 要 关闭 阀门 
LOG (lattice-best-path[5.3.76~1-26df3]:main():lattice-best-path.cc:99) For utterance zh1110M0008, best cost 11.2646 + -231.897 = -220.633 over 199 frames.
zh1110M0008 开启 窗帘 
LOG (lattice-best-path[5.3.76~1-26df3]:main():lattice-best-path.cc:99) For utterance zh1110M0009, best cost 23.2917 + -104.557 = -81.2655 over 180 frames.
zh1110M0009 关掉 五 灯 
LOG (lattice-best-path[5.3.76~1-26df3]:main():lattice-best-path.cc:99) For utterance zh1111M0001, best cost 25.1038 + -368.885 = -343.781 over 343 frames.
zh1111M0001 要 一 箱 银桥 核桃 牛奶 多 加糖 
LOG (lattice-best-path[5.3.76~1-26df3]:main():lattice-best-path.cc:99) For utterance zh1111M0002, best cost 36.6048 + -401.113 = -364.508 over 381 frames.
zh1111M0002 要 一 要 四 箱 银桥 花生 牛奶 少 加糖 
LOG (lattice-best-path[5.3.76~1-26df3]:main():lattice-best-path.cc:99) For utterance zh1111M0003, best cost 35.6897 + -415.422 = -379.732 over 362 frames.
zh1111M0003 要 四 箱 银桥 红枣 牛奶 不 少 加糖 
LOG (lattice-best-path[5.3.76~1-26df3]:main():lattice-best-path.cc:99) For utterance zh1111M0004, best cost 26.2247 + -461.951 = -435.726 over 410 frames.
zh1111M0004 要 一 箱 银桥 黑谷 牛奶 多 加糖 
LOG (lattice-best-path[5.3.76~1-26df3]:main():lattice-best-path.cc:99) For utterance zh1111M0005, best cost 37.3047 + -431.047 = -393.742 over 372 frames.
zh1111M0005 要 一 箱 银桥 核桃 牛奶 少 多 加糖 
LOG (lattice-best-path[5.3.76~1-26df3]:main():lattice-best-path.cc:99) For utterance zh1111M0006, best cost 9.25313 + -47.4048 = -38.1517 over 180 frames.
zh1111M0006 打开 泵 
LOG (lattice-best-path[5.3.76~1-26df3]:main():lattice-best-path.cc:99) For utterance zh1111M0007, best cost 19.1082 + -178.007 = -158.899 over 209 frames.
zh1111M0007 要 关闭 阀门 
LOG (lattice-best-path[5.3.76~1-26df3]:main():lattice-best-path.cc:99) For utterance zh1111M0008, best cost 11.2692 + -237.199 = -225.93 over 199 frames.
zh1111M0008 开启 窗帘 
LOG (lattice-best-path[5.3.76~1-26df3]:main():lattice-best-path.cc:99) For utterance zh1111M0009, best cost 23.4586 + -98.8084 = -75.3498 over 180 frames.
zh1111M0009 关掉 五 灯 
LOG (lattice-best-path[5.3.76~1-26df3]:main():lattice-best-path.cc:99) For utterance zh1112M0001, best cost 25.2152 + -368.716 = -343.5 over 343 frames.
zh1112M0001 要 一 箱 银桥 核桃 牛奶 多 加糖 
LOG (lattice-best-path[5.3.76~1-26df3]:main():lattice-best-path.cc:99) For utterance zh1112M0002, best cost 34.7676 + -393.621 = -358.853 over 381 frames.
zh1112M0002 要 要 四 箱 银桥 花生 牛奶 少 加糖 
LOG (lattice-best-path[5.3.76~1-26df3]:main():lattice-best-path.cc:99) For utterance zh1112M0003, best cost 35.6884 + -421.637 = -385.949 over 362 frames.
zh1112M0003 要 四 箱 银桥 红枣 牛奶 不 少 加糖 
LOG (lattice-best-path[5.3.76~1-26df3]:main():lattice-best-path.cc:99) For utterance zh1112M0004, best cost 26.2276 + -467.464 = -441.236 over 410 frames.
zh1112M0004 要 一 箱 银桥 黑谷 牛奶 多 加糖 
LOG (lattice-best-path[5.3.76~1-26df3]:main():lattice-best-path.cc:99) For utterance zh1112M0005, best cost 37.2788 + -436.417 = -399.139 over 372 frames.
zh1112M0005 要 一 箱 银桥 核桃 牛奶 少 多 加糖 
LOG (lattice-best-path[5.3.76~1-26df3]:main():lattice-best-path.cc:99) For utterance zh1112M0006, best cost 20.7127 + -60.8957 = -40.183 over 180 frames.
zh1112M0006 要 五 打开 泵 
LOG (lattice-best-path[5.3.76~1-26df3]:main():lattice-best-path.cc:99) For utterance zh1112M0007, best cost 19.4818 + -193.469 = -173.987 over 209 frames.
zh1112M0007 要 关闭 阀门 
LOG (lattice-best-path[5.3.76~1-26df3]:main():lattice-best-path.cc:99) For utterance zh1112M0008, best cost 11.2708 + -231.451 = -220.18 over 199 frames.
zh1112M0008 开启 窗帘 
LOG (lattice-best-path[5.3.76~1-26df3]:main():lattice-best-path.cc:99) For utterance zh1112M0009, best cost 23.451 + -88.4645 = -65.0134 over 180 frames.
zh1112M0009 关掉 五 灯 
LOG (lattice-best-path[5.3.76~1-26df3]:main():lattice-best-path.cc:99) For utterance zh1113M0001, best cost 25.1187 + -365.403 = -340.284 over 343 frames.
zh1113M0001 要 一 箱 银桥 核桃 牛奶 多 加糖 
LOG (lattice-best-path[5.3.76~1-26df3]:main():lattice-best-path.cc:99) For utterance zh1113M0002, best cost 36.7177 + -406.82 = -370.103 over 381 frames.
zh1113M0002 要 一 要 四 箱 银桥 花生 牛奶 少 加糖 
LOG (lattice-best-path[5.3.76~1-26df3]:main():lattice-best-path.cc:99) For utterance zh1113M0003, best cost 35.6921 + -416.937 = -381.244 over 362 frames.
zh1113M0003 要 四 箱 银桥 红枣 牛奶 不 少 加糖 
LOG (lattice-best-path[5.3.76~1-26df3]:main():lattice-best-path.cc:99) For utterance zh1113M0004, best cost 26.6831 + -459.74 = -433.056 over 410 frames.
zh1113M0004 要 五 箱 银桥 黑谷 牛奶 多 加糖 
LOG (lattice-best-path[5.3.76~1-26df3]:main():lattice-best-path.cc:99) For utterance zh1113M0005, best cost 37.3375 + -432.978 = -395.64 over 372 frames.
zh1113M0005 要 一 箱 银桥 核桃 牛奶 少 多 加糖 
LOG (lattice-best-path[5.3.76~1-26df3]:main():lattice-best-path.cc:99) For utterance zh1113M0006, best cost 9.28357 + -56.01 = -46.7264 over 180 frames.
zh1113M0006 打开 泵 
LOG (lattice-best-path[5.3.76~1-26df3]:main():lattice-best-path.cc:99) For utterance zh1113M0007, best cost 19.756 + -192.507 = -172.751 over 209 frames.
zh1113M0007 要 关闭 阀门 
LOG (lattice-best-path[5.3.76~1-26df3]:main():lattice-best-path.cc:99) For utterance zh1113M0008, best cost 11.2646 + -231.632 = -220.367 over 199 frames.
zh1113M0008 开启 窗帘 
LOG (lattice-best-path[5.3.76~1-26df3]:main():lattice-best-path.cc:99) For utterance zh1113M0009, best cost 23.2735 + -92.0253 = -68.7518 over 180 frames.
zh1113M0009 关掉 五 灯 
LOG (lattice-best-path[5.3.76~1-26df3]:main():lattice-best-path.cc:99) For utterance zh1114M0001, best cost 25.1121 + -365.781 = -340.669 over 343 frames.
zh1114M0001 要 一 箱 银桥 核桃 牛奶 多 加糖 
LOG (lattice-best-path[5.3.76~1-26df3]:main():lattice-best-path.cc:99) For utterance zh1114M0002, best cost 36.6732 + -411.333 = -374.66 over 381 frames.
zh1114M0002 要 一 要 四 箱 银桥 花生 牛奶 少 加糖 
LOG (lattice-best-path[5.3.76~1-26df3]:main():lattice-best-path.cc:99) For utterance zh1114M0003, best cost 35.683 + -411.622 = -375.939 over 362 frames.
zh1114M0003 要 四 箱 银桥 红枣 牛奶 不 少 加糖 
LOG (lattice-best-path[5.3.76~1-26df3]:main():lattice-best-path.cc:99) For utterance zh1114M0004, best cost 30.5646 + -471.975 = -441.41 over 410 frames.
zh1114M0004 要 三 箱 银桥 黑谷 牛奶 多 加糖 
LOG (lattice-best-path[5.3.76~1-26df3]:main():lattice-best-path.cc:99) For utterance zh1114M0005, best cost 37.3896 + -439.088 = -401.698 over 372 frames.
zh1114M0005 要 一 箱 银桥 核桃 牛奶 少 多 加糖 
LOG (lattice-best-path[5.3.76~1-26df3]:main():lattice-best-path.cc:99) For utterance zh1114M0006, best cost 20.2225 + -67.1528 = -46.9304 over 180 frames.
zh1114M0006 要 五 打开 泵 
LOG (lattice-best-path[5.3.76~1-26df3]:main():lattice-best-path.cc:99) For utterance zh1114M0007, best cost 18.7663 + -175.194 = -156.428 over 209 frames.
zh1114M0007 要 关闭 阀门 
LOG (lattice-best-path[5.3.76~1-26df3]:main():lattice-best-path.cc:99) For utterance zh1114M0008, best cost 11.4138 + -230.397 = -218.984 over 199 frames.
zh1114M0008 开启 窗帘 
LOG (lattice-best-path[5.3.76~1-26df3]:main():lattice-best-path.cc:99) For utterance zh1114M0009, best cost 23.6389 + -91.2495 = -67.6105 over 180 frames.
zh1114M0009 关掉 五 灯 
LOG (lattice-best-path[5.3.76~1-26df3]:main():lattice-best-path.cc:99) For utterance zh1115M0001, best cost 25.0102 + -366.513 = -341.502 over 343 frames.
zh1115M0001 要 一 箱 银桥 核桃 牛奶 多 加糖 
LOG (lattice-best-path[5.3.76~1-26df3]:main():lattice-best-path.cc:99) For utterance zh1115M0002, best cost 36.663 + -401.783 = -365.12 over 381 frames.
zh1115M0002 要 一 要 四 箱 银桥 花生 牛奶 少 加糖 
LOG (lattice-best-path[5.3.76~1-26df3]:main():lattice-best-path.cc:99) For utterance zh1115M0003, best cost 35.6936 + -415.353 = -379.659 over 362 frames.
zh1115M0003 要 四 箱 银桥 红枣 牛奶 不 少 加糖 
LOG (lattice-best-path[5.3.76~1-26df3]:main():lattice-best-path.cc:99) For utterance zh1115M0004, best cost 26.2276 + -469.777 = -443.55 over 410 frames.
zh1115M0004 要 一 箱 银桥 黑谷 牛奶 多 加糖 
LOG (lattice-best-path[5.3.76~1-26df3]:main():lattice-best-path.cc:99) For utterance zh1115M0005, best cost 37.309 + -442.338 = -405.029 over 372 frames.
zh1115M0005 要 一 箱 银桥 核桃 牛奶 少 多 加糖 
LOG (lattice-best-path[5.3.76~1-26df3]:main():lattice-best-path.cc:99) For utterance zh1115M0006, best cost 25.5084 + -73.3333 = -47.825 over 180 frames.
zh1115M0006 灯 打开 泵 
LOG (lattice-best-path[5.3.76~1-26df3]:main():lattice-best-path.cc:99) For utterance zh1115M0007, best cost 19.3086 + -169.387 = -150.079 over 209 frames.
zh1115M0007 要 关闭 阀门 
LOG (lattice-best-path[5.3.76~1-26df3]:main():lattice-best-path.cc:99) For utterance zh1115M0008, best cost 11.3125 + -235.575 = -224.263 over 199 frames.
zh1115M0008 开启 窗帘 
LOG (lattice-best-path[5.3.76~1-26df3]:main():lattice-best-path.cc:99) For utterance zh1115M0009, best cost 23.2917 + -101.399 = -78.1071 over 180 frames.
zh1115M0009 关掉 五 灯 
LOG (lattice-best-path[5.3.76~1-26df3]:main():lattice-best-path.cc:99) For utterance zh1116M0001, best cost 25.2233 + -362.798 = -337.575 over 343 frames.
zh1116M0001 要 一 箱 银桥 核桃 牛奶 多 加糖 
LOG (lattice-best-path[5.3.76~1-26df3]:main():lattice-best-path.cc:99) For utterance zh1116M0002, best cost 26.2042 + -386.126 = -359.922 over 381 frames.
zh1116M0002 要 四 箱 银桥 花生 牛奶 少 加糖 
LOG (lattice-best-path[5.3.76~1-26df3]:main():lattice-best-path.cc:99) For utterance zh1116M0003, best cost 35.7287 + -409.851 = -374.122 over 362 frames.
zh1116M0003 要 四 箱 银桥 红枣 牛奶 不 少 加糖 
LOG (lattice-best-path[5.3.76~1-26df3]:main():lattice-best-path.cc:99) For utterance zh1116M0004, best cost 26.1867 + -466.635 = -440.448 over 410 frames.
zh1116M0004 要 一 箱 银桥 黑谷 牛奶 多 加糖 
LOG (lattice-best-path[5.3.76~1-26df3]:main():lattice-best-path.cc:99) For utterance zh1116M0005, best cost 37.5049 + -432.774 = -395.269 over 372 frames.
zh1116M0005 要 一 箱 银桥 核桃 牛奶 少 多 加糖 
LOG (lattice-best-path[5.3.76~1-26df3]:main():lattice-best-path.cc:99) For utterance zh1116M0006, best cost 20.236 + -53.1761 = -32.9401 over 180 frames.
zh1116M0006 要 五 打开 泵 
LOG (lattice-best-path[5.3.76~1-26df3]:main():lattice-best-path.cc:99) For utterance zh1116M0007, best cost 19.0865 + -194.457 = -175.371 over 209 frames.
zh1116M0007 要 关闭 阀门 
LOG (lattice-best-path[5.3.76~1-26df3]:main():lattice-best-path.cc:99) For utterance zh1116M0008, best cost 11.2755 + -230.466 = -219.191 over 199 frames.
zh1116M0008 开启 窗帘 
LOG (lattice-best-path[5.3.76~1-26df3]:main():lattice-best-path.cc:99) For utterance zh1116M0009, best cost 23.451 + -87.5036 = -64.0526 over 180 frames.
zh1116M0009 关掉 五 灯 
LOG (lattice-best-path[5.3.76~1-26df3]:main():lattice-best-path.cc:99) For utterance zh1117M0001, best cost 25.0697 + -368.442 = -343.372 over 343 frames.
zh1117M0001 要 一 箱 银桥 核桃 牛奶 多 加糖 
LOG (lattice-best-path[5.3.76~1-26df3]:main():lattice-best-path.cc:99) For utterance zh1117M0002, best cost 36.6076 + -406.008 = -369.4 over 381 frames.
zh1117M0002 要 一 要 四 箱 银桥 花生 牛奶 少 加糖 
LOG (lattice-best-path[5.3.76~1-26df3]:main():lattice-best-path.cc:99) For utterance zh1117M0003, best cost 35.6897 + -420.194 = -384.504 over 362 frames.
zh1117M0003 要 四 箱 银桥 红枣 牛奶 不 少 加糖 
LOG (lattice-best-path[5.3.76~1-26df3]:main():lattice-best-path.cc:99) For utterance zh1117M0004, best cost 26.6796 + -468.005 = -441.325 over 410 frames.
zh1117M0004 要 一 箱 银桥 黑谷 牛奶 多 加糖 
LOG (lattice-best-path[5.3.76~1-26df3]:main():lattice-best-path.cc:99) For utterance zh1117M0005, best cost 37.349 + -423.998 = -386.649 over 372 frames.
zh1117M0005 要 一 箱 银桥 核桃 牛奶 少 多 加糖 
LOG (lattice-best-path[5.3.76~1-26df3]:main():lattice-best-path.cc:99) For utterance zh1117M0006, best cost 20.1601 + -60.9086 = -40.7484 over 180 frames.
zh1117M0006 要 五 打开 泵 
LOG (lattice-best-path[5.3.76~1-26df3]:main():lattice-best-path.cc:99) For utterance zh1117M0007, best cost 19.295 + -177.44 = -158.145 over 209 frames.
zh1117M0007 要 关闭 阀门 
LOG (lattice-best-path[5.3.76~1-26df3]:main():lattice-best-path.cc:99) For utterance zh1117M0008, best cost 11.2646 + -236.094 = -224.83 over 199 frames.
zh1117M0008 开启 窗帘 
LOG (lattice-best-path[5.3.76~1-26df3]:main():lattice-best-path.cc:99) For utterance zh1117M0009, best cost 24.5677 + -95.8053 = -71.2377 over 180 frames.
zh1117M0009 关掉 五 灯 
LOG (lattice-best-path[5.3.76~1-26df3]:main():lattice-best-path.cc:99) For utterance zh1118M0001, best cost 25.1755 + -366.423 = -341.248 over 343 frames.
zh1118M0001 要 一 箱 银桥 核桃 牛奶 多 加糖 
LOG (lattice-best-path[5.3.76~1-26df3]:main():lattice-best-path.cc:99) For utterance zh1118M0002, best cost 36.7546 + -395.394 = -358.639 over 381 frames.
zh1118M0002 要 一 要 四 箱 银桥 花生 牛奶 少 加糖 
LOG (lattice-best-path[5.3.76~1-26df3]:main():lattice-best-path.cc:99) For utterance zh1118M0003, best cost 35.6965 + -419.555 = -383.859 over 362 frames.
zh1118M0003 要 四 箱 银桥 红枣 牛奶 不 少 加糖 
LOG (lattice-best-path[5.3.76~1-26df3]:main():lattice-best-path.cc:99) For utterance zh1118M0004, best cost 26.2019 + -468.903 = -442.701 over 410 frames.
zh1118M0004 要 一 箱 银桥 黑谷 牛奶 多 加糖 
LOG (lattice-best-path[5.3.76~1-26df3]:main():lattice-best-path.cc:99) For utterance zh1118M0005, best cost 37.5016 + -431.904 = -394.402 over 372 frames.
zh1118M0005 要 一 箱 银桥 核桃 牛奶 少 多 加糖 
LOG (lattice-best-path[5.3.76~1-26df3]:main():lattice-best-path.cc:99) For utterance zh1118M0006, best cost 9.35965 + -43.9718 = -34.6121 over 180 frames.
zh1118M0006 打开 泵 
LOG (lattice-best-path[5.3.76~1-26df3]:main():lattice-best-path.cc:99) For utterance zh1118M0007, best cost 19.2343 + -183.219 = -163.984 over 209 frames.
zh1118M0007 要 关闭 阀门 
LOG (lattice-best-path[5.3.76~1-26df3]:main():lattice-best-path.cc:99) For utterance zh1118M0008, best cost 11.2544 + -235.754 = -224.5 over 199 frames.
zh1118M0008 开启 窗帘 
LOG (lattice-best-path[5.3.76~1-26df3]:main():lattice-best-path.cc:99) For utterance zh1118M0009, best cost 23.451 + -86.9273 = -63.4762 over 180 frames.
zh1118M0009 关掉 五 灯 
LOG (lattice-best-path[5.3.76~1-26df3]:main():lattice-best-path.cc:99) For utterance zh1102M0001, best cost 24.8391 + -370.022 = -345.183 over 343 frames.
zh1102M0001 要 二 箱 银桥 核桃 牛奶 多 加糖 
LOG (lattice-best-path[5.3.76~1-26df3]:main():lattice-best-path.cc:99) For utterance zh1102M0002, best cost 36.5653 + -402.612 = -366.047 over 381 frames.
zh1102M0002 要 一 要 四 箱 银桥 花生 牛奶 少 加糖 
LOG (lattice-best-path[5.3.76~1-26df3]:main():lattice-best-path.cc:99) For utterance zh1102M0003, best cost 35.6928 + -423.259 = -387.566 over 362 frames.
zh1102M0003 要 四 箱 银桥 红枣 牛奶 不 少 加糖 
LOG (lattice-best-path[5.3.76~1-26df3]:main():lattice-best-path.cc:99) For utterance zh1102M0004, best cost 26.2147 + -465.856 = -439.641 over 410 frames.
zh1102M0004 要 一 箱 银桥 黑谷 牛奶 多 加糖 
LOG (lattice-best-path[5.3.76~1-26df3]:main():lattice-best-path.cc:99) For utterance zh1102M0005, best cost 37.3063 + -425.91 = -388.604 over 372 frames.
zh1102M0005 要 一 箱 银桥 核桃 牛奶 少 多 加糖 
LOG (lattice-best-path[5.3.76~1-26df3]:main():lattice-best-path.cc:99) For utterance zh1102M0006, best cost 25.4323 + -70.7749 = -45.3426 over 180 frames.
zh1102M0006 灯 打开 泵 
LOG (lattice-best-path[5.3.76~1-26df3]:main():lattice-best-path.cc:99) For utterance zh1102M0007, best cost 19.1609 + -185.562 = -166.401 over 209 frames.
zh1102M0007 要 关闭 阀门 
LOG (lattice-best-path[5.3.76~1-26df3]:main():lattice-best-path.cc:99) For utterance zh1102M0008, best cost 11.2646 + -236.171 = -224.906 over 199 frames.
zh1102M0008 开启 窗帘 
LOG (lattice-best-path[5.3.76~1-26df3]:main():lattice-best-path.cc:99) For utterance zh1102M0009, best cost 23.451 + -98.7054 = -75.2544 over 180 frames.
zh1102M0009 关掉 五 灯 
LOG (lattice-best-path[5.3.76~1-26df3]:main():lattice-best-path.cc:99) For utterance zh1103M0001, best cost 25.2152 + -368.716 = -343.5 over 343 frames.
zh1103M0001 要 一 箱 银桥 核桃 牛奶 多 加糖 
LOG (lattice-best-path[5.3.76~1-26df3]:main():lattice-best-path.cc:99) For utterance zh1103M0002, best cost 34.7676 + -393.621 = -358.853 over 381 frames.
zh1103M0002 要 要 四 箱 银桥 花生 牛奶 少 加糖 
LOG (lattice-best-path[5.3.76~1-26df3]:main():lattice-best-path.cc:99) For utterance zh1103M0003, best cost 35.6884 + -421.637 = -385.949 over 362 frames.
zh1103M0003 要 四 箱 银桥 红枣 牛奶 不 少 加糖 
LOG (lattice-best-path[5.3.76~1-26df3]:main():lattice-best-path.cc:99) For utterance zh1103M0004, best cost 26.2276 + -467.464 = -441.236 over 410 frames.
zh1103M0004 要 一 箱 银桥 黑谷 牛奶 多 加糖 
LOG (lattice-best-path[5.3.76~1-26df3]:main():lattice-best-path.cc:99) For utterance zh1103M0005, best cost 37.2788 + -436.417 = -399.139 over 372 frames.
zh1103M0005 要 一 箱 银桥 核桃 牛奶 少 多 加糖 
LOG (lattice-best-path[5.3.76~1-26df3]:main():lattice-best-path.cc:99) For utterance zh1103M0006, best cost 20.7127 + -60.8957 = -40.183 over 180 frames.
zh1103M0006 要 五 打开 泵 
LOG (lattice-best-path[5.3.76~1-26df3]:main():lattice-best-path.cc:99) For utterance zh1103M0007, best cost 19.4818 + -193.469 = -173.987 over 209 frames.
zh1103M0007 要 关闭 阀门 
LOG (lattice-best-path[5.3.76~1-26df3]:main():lattice-best-path.cc:99) For utterance zh1103M0008, best cost 11.2708 + -231.451 = -220.18 over 199 frames.
zh1103M0008 开启 窗帘 
LOG (lattice-best-path[5.3.76~1-26df3]:main():lattice-best-path.cc:99) For utterance zh1103M0009, best cost 23.451 + -88.4645 = -65.0134 over 180 frames.
zh1103M0009 关掉 五 灯 
LOG (lattice-best-path[5.3.76~1-26df3]:main():lattice-best-path.cc:99) For utterance zh1104M0001, best cost 25.1187 + -365.418 = -340.299 over 343 frames.
zh1104M0001 要 一 箱 银桥 核桃 牛奶 多 加糖 
LOG (lattice-best-path[5.3.76~1-26df3]:main():lattice-best-path.cc:99) For utterance zh1104M0002, best cost 36.7177 + -407.071 = -370.354 over 381 frames.
zh1104M0002 要 一 要 四 箱 银桥 花生 牛奶 少 加糖 
LOG (lattice-best-path[5.3.76~1-26df3]:main():lattice-best-path.cc:99) For utterance zh1104M0003, best cost 35.6921 + -417.072 = -381.379 over 362 frames.
zh1104M0003 要 四 箱 银桥 红枣 牛奶 不 少 加糖 
LOG (lattice-best-path[5.3.76~1-26df3]:main():lattice-best-path.cc:99) For utterance zh1104M0004, best cost 26.1938 + -459.233 = -433.039 over 410 frames.
zh1104M0004 要 一 箱 银桥 黑谷 牛奶 多 加糖 
LOG (lattice-best-path[5.3.76~1-26df3]:main():lattice-best-path.cc:99) For utterance zh1104M0005, best cost 37.3375 + -433.465 = -396.127 over 372 frames.
zh1104M0005 要 一 箱 银桥 核桃 牛奶 少 多 加糖 
LOG (lattice-best-path[5.3.76~1-26df3]:main():lattice-best-path.cc:99) For utterance zh1104M0006, best cost 9.28357 + -55.834 = -46.5505 over 180 frames.
zh1104M0006 打开 泵 
LOG (lattice-best-path[5.3.76~1-26df3]:main():lattice-best-path.cc:99) For utterance zh1104M0007, best cost 19.3086 + -175.369 = -156.06 over 209 frames.
zh1104M0007 要 关闭 阀门 
LOG (lattice-best-path[5.3.76~1-26df3]:main():lattice-best-path.cc:99) For utterance zh1104M0008, best cost 11.2646 + -230.802 = -219.538 over 199 frames.
zh1104M0008 开启 窗帘 
LOG (lattice-best-path[5.3.76~1-26df3]:main():lattice-best-path.cc:99) For utterance zh1104M0009, best cost 23.2917 + -99.5431 = -76.2514 over 180 frames.
zh1104M0009 关掉 五 灯 
LOG (lattice-best-path[5.3.76~1-26df3]:main():lattice-best-path.cc:99) For utterance zh1105M0001, best cost 25.0198 + -367.453 = -342.434 over 343 frames.
zh1105M0001 要 一 箱 银桥 核桃 牛奶 多 加糖 
LOG (lattice-best-path[5.3.76~1-26df3]:main():lattice-best-path.cc:99) For utterance zh1105M0002, best cost 26.7241 + -388.626 = -361.902 over 381 frames.
zh1105M0002 要 四 箱 银桥 花生 牛奶 少 加糖 
LOG (lattice-best-path[5.3.76~1-26df3]:main():lattice-best-path.cc:99) For utterance zh1105M0003, best cost 35.6906 + -414.48 = -378.789 over 362 frames.
zh1105M0003 要 四 箱 银桥 红枣 牛奶 不 少 加糖 
LOG (lattice-best-path[5.3.76~1-26df3]:main():lattice-best-path.cc:99) For utterance zh1105M0004, best cost 35.5934 + -468.331 = -432.738 over 410 frames.
zh1105M0004 要 五 三 箱 银桥 黑谷 牛奶 多 加糖 
LOG (lattice-scale[5.3.76~1-26df3]:main():lattice-scale.cc:90) Done 162 lattices.
LOG (lattice-best-path[5.3.76~1-26df3]:main():lattice-best-path.cc:99) For utterance zh1105M0005, best cost 37.2856 + -433.586 = -396.301 over 372 frames.
zh1105M0005 要 一 箱 银桥 核桃 牛奶 少 多 加糖 
LOG (lattice-best-path[5.3.76~1-26df3]:main():lattice-best-path.cc:99) For utterance zh1105M0006, best cost 19.9621 + -61.1897 = -41.2276 over 180 frames.
zh1105M0006 要 五 打开 泵 
LOG (lattice-best-path[5.3.76~1-26df3]:main():lattice-best-path.cc:99) For utterance zh1105M0007, best cost 18.9261 + -188.855 = -169.929 over 209 frames.
zh1105M0007 要 关闭 阀门 
LOG (lattice-best-path[5.3.76~1-26df3]:main():lattice-best-path.cc:99) For utterance zh1105M0008, best cost 11.2856 + -234.985 = -223.699 over 199 frames.
zh1105M0008 开启 窗帘 
LOG (lattice-best-path[5.3.76~1-26df3]:main():lattice-best-path.cc:99) For utterance zh1105M0009, best cost 23.2993 + -97.3915 = -74.0922 over 180 frames.
zh1105M0009 关掉 五 灯 
LOG (lattice-best-path[5.3.76~1-26df3]:main():lattice-best-path.cc:99) For utterance zh1106M0001, best cost 25.0553 + -369.085 = -344.03 over 343 frames.
zh1106M0001 要 一 箱 银桥 核桃 牛奶 多 加糖 
LOG (lattice-best-path[5.3.76~1-26df3]:main():lattice-best-path.cc:99) For utterance zh1106M0002, best cost 36.6444 + -394.914 = -358.269 over 381 frames.
zh1106M0002 要 一 要 四 箱 银桥 花生 牛奶 少 加糖 
LOG (lattice-best-path[5.3.76~1-26df3]:main():lattice-best-path.cc:99) For utterance zh1106M0003, best cost 35.6936 + -416.044 = -380.351 over 362 frames.
zh1106M0003 要 四 箱 银桥 红枣 牛奶 不 少 加糖 
LOG (lattice-best-path[5.3.76~1-26df3]:main():lattice-best-path.cc:99) For utterance zh1106M0004, best cost 26.2193 + -470.413 = -444.194 over 410 frames.
zh1106M0004 要 一 箱 银桥 黑谷 牛奶 多 加糖 
LOG (lattice-best-path[5.3.76~1-26df3]:main():lattice-best-path.cc:99) For utterance zh1106M0005, best cost 37.411 + -425.922 = -388.511 over 372 frames.
zh1106M0005 要 一 箱 银桥 核桃 牛奶 少 多 加糖 
LOG (lattice-best-path[5.3.76~1-26df3]:main():lattice-best-path.cc:99) For utterance zh1106M0006, best cost 9.28357 + -41.4788 = -32.1952 over 180 frames.
zh1106M0006 打开 泵 
LOG (lattice-best-path[5.3.76~1-26df3]:main():lattice-best-path.cc:99) For utterance zh1106M0007, best cost 19.1218 + -181.085 = -161.963 over 209 frames.
zh1106M0007 要 关闭 阀门 
LOG (lattice-best-path[5.3.76~1-26df3]:main():lattice-best-path.cc:99) For utterance zh1106M0008, best cost 11.3339 + -235.261 = -223.927 over 199 frames.
zh1106M0008 开启 窗帘 
LOG (lattice-best-path[5.3.76~1-26df3]:main():lattice-best-path.cc:99) For utterance zh1106M0009, best cost 23.2735 + -100.283 = -77.0097 over 180 frames.
zh1106M0009 关掉 五 灯 
LOG (lattice-best-path[5.3.76~1-26df3]:main():lattice-best-path.cc:99) For utterance zh1107M0001, best cost 25.0082 + -373.554 = -348.545 over 343 frames.
zh1107M0001 要 一 箱 银桥 核桃 牛奶 多 加糖 
LOG (lattice-best-path[5.3.76~1-26df3]:main():lattice-best-path.cc:99) For utterance zh1107M0002, best cost 36.5796 + -399.931 = -363.352 over 381 frames.
zh1107M0002 要 一 要 四 箱 银桥 花生 牛奶 少 加糖 
LOG (lattice-best-path[5.3.76~1-26df3]:main():lattice-best-path.cc:99) For utterance zh1107M0003, best cost 35.6626 + -418.313 = -382.65 over 362 frames.
zh1107M0003 要 四 箱 银桥 红枣 牛奶 不 少 加糖 
LOG (lattice-best-path[5.3.76~1-26df3]:main():lattice-best-path.cc:99) For utterance zh1107M0004, best cost 35.5808 + -473.111 = -437.53 over 410 frames.
zh1107M0004 要 五 三 箱 银桥 黑谷 牛奶 多 加糖 
LOG (lattice-best-path[5.3.76~1-26df3]:main():lattice-best-path.cc:99) For utterance zh1107M0005, best cost 37.2804 + -432.714 = -395.434 over 372 frames.
zh1107M0005 要 一 箱 银桥 核桃 牛奶 少 多 加糖 
LOG (lattice-best-path[5.3.76~1-26df3]:main():lattice-best-path.cc:99) For utterance zh1107M0006, best cost 20.1161 + -59.4656 = -39.3495 over 180 frames.
zh1107M0006 要 五 打开 泵 
LOG (lattice-best-path[5.3.76~1-26df3]:main():lattice-best-path.cc:99) For utterance zh1107M0007, best cost 18.9587 + -182.671 = -163.712 over 209 frames.
zh1107M0007 要 关闭 阀门 
LOG (lattice-best-path[5.3.76~1-26df3]:main():lattice-best-path.cc:99) For utterance zh1107M0008, best cost 11.2692 + -231.285 = -220.016 over 199 frames.
zh1107M0008 开启 窗帘 
LOG (lattice-add-penalty[5.3.76~1-26df3]:main():lattice-add-penalty.cc:62) Done adding word insertion penalty to 162 lattices.
LOG (lattice-best-path[5.3.76~1-26df3]:main():lattice-best-path.cc:99) For utterance zh1107M0009, best cost 23.2993 + -105.683 = -82.3836 over 180 frames.
zh1107M0009 关掉 五 灯 
LOG (lattice-best-path[5.3.76~1-26df3]:main():lattice-best-path.cc:99) For utterance zh1108M0001, best cost 25.0002 + -368.323 = -343.323 over 343 frames.
zh1108M0001 要 一 箱 银桥 核桃 牛奶 多 加糖 
LOG (lattice-best-path[5.3.76~1-26df3]:main():lattice-best-path.cc:99) For utterance zh1108M0002, best cost 26.7245 + -388.36 = -361.636 over 381 frames.
zh1108M0002 要 四 箱 银桥 花生 牛奶 少 加糖 
LOG (lattice-best-path[5.3.76~1-26df3]:main():lattice-best-path.cc:99) For utterance zh1108M0003, best cost 35.6897 + -413.907 = -378.217 over 362 frames.
zh1108M0003 要 四 箱 银桥 红枣 牛奶 不 少 加糖 
LOG (lattice-best-path[5.3.76~1-26df3]:main():lattice-best-path.cc:99) For utterance zh1108M0004, best cost 30.3829 + -467.735 = -437.352 over 410 frames.
zh1108M0004 要 三 箱 银桥 黑谷 牛奶 多 加糖 
LOG (lattice-best-path[5.3.76~1-26df3]:main():lattice-best-path.cc:99) For utterance zh1108M0005, best cost 37.2834 + -434.299 = -397.015 over 372 frames.
zh1108M0005 要 一 箱 银桥 核桃 牛奶 少 多 加糖 
LOG (lattice-best-path[5.3.76~1-26df3]:main():lattice-best-path.cc:99) For utterance zh1108M0006, best cost 9.02488 + -44.1637 = -35.1388 over 180 frames.
zh1108M0006 打开 泵 
LOG (lattice-best-path[5.3.76~1-26df3]:main():lattice-best-path.cc:99) For utterance zh1108M0007, best cost 12.4151 + -178.503 = -166.088 over 209 frames.
zh1108M0007 关闭 阀门 
LOG (lattice-best-path[5.3.76~1-26df3]:main():lattice-best-path.cc:99) For utterance zh1108M0008, best cost 11.2528 + -233.531 = -222.278 over 199 frames.
zh1108M0008 开启 窗帘 
LOG (lattice-best-path[5.3.76~1-26df3]:main():lattice-best-path.cc:99) For utterance zh1108M0009, best cost 23.451 + -85.6773 = -62.2262 over 180 frames.
zh1108M0009 关掉 五 灯 
LOG (lattice-best-path[5.3.76~1-26df3]:main():lattice-best-path.cc:99) For utterance zh1109M0001, best cost 25.2172 + -365.938 = -340.721 over 343 frames.
zh1109M0001 要 一 箱 银桥 核桃 牛奶 多 加糖 
LOG (lattice-best-path[5.3.76~1-26df3]:main():lattice-best-path.cc:99) For utterance zh1109M0002, best cost 36.6701 + -405.495 = -368.825 over 381 frames.
zh1109M0002 要 一 要 四 箱 银桥 花生 牛奶 少 加糖 
LOG (lattice-best-path[5.3.76~1-26df3]:main():lattice-best-path.cc:99) For utterance zh1109M0003, best cost 35.6898 + -413.056 = -377.366 over 362 frames.
zh1109M0003 要 四 箱 银桥 红枣 牛奶 不 少 加糖 
LOG (lattice-best-path[5.3.76~1-26df3]:main():lattice-best-path.cc:99) For utterance zh1109M0004, best cost 26.1996 + -459.57 = -433.37 over 410 frames.
zh1109M0004 要 一 箱 银桥 黑谷 牛奶 多 加糖 
LOG (lattice-best-path[5.3.76~1-26df3]:main():lattice-best-path.cc:99) For utterance zh1109M0005, best cost 37.5016 + -431.585 = -394.084 over 372 frames.
zh1109M0005 要 一 箱 银桥 核桃 牛奶 少 多 加糖 
LOG (lattice-best-path[5.3.76~1-26df3]:main():lattice-best-path.cc:99) For utterance zh1109M0006, best cost 9.35965 + -42.6769 = -33.3173 over 180 frames.
zh1109M0006 打开 泵 
LOG (lattice-best-path[5.3.76~1-26df3]:main():lattice-best-path.cc:99) For utterance zh1109M0007, best cost 10.5954 + -172.677 = -162.081 over 209 frames.
zh1109M0007 关闭 阀门 
LOG (lattice-best-path[5.3.76~1-26df3]:main():lattice-best-path.cc:99) For utterance zh1109M0008, best cost 11.2816 + -240.755 = -229.473 over 199 frames.
zh1109M0008 开启 窗帘 
LOG (lattice-best-path[5.3.76~1-26df3]:main():lattice-best-path.cc:99) For utterance zh1109M0009, best cost 23.6389 + -96.3042 = -72.6653 over 180 frames.
zh1109M0009 关掉 五 灯 
LOG (lattice-best-path[5.3.76~1-26df3]:main():lattice-best-path.cc:124) Overall cost per frame is -0.91922 = 0.0871766 [graph] + -1.0064 [acoustic] over 47448 frames.
LOG (lattice-best-path[5.3.76~1-26df3]:main():lattice-best-path.cc:128) Done 162 lattices, failed for 0
# Accounting: time=0 threads=1
# Ended (code 0) at Sun Apr  1 16:43:02 CST 2018, elapsed time 0 seconds
